INFO [2020-11-02 19:53:56] Initialising estimates for: Alabama
ERROR [2020-11-02 19:53:56] Alabama: NA/NaN/Inf in 'y' - lm.fit, x, y, offset, singular.ok, ...
INFO [2020-11-02 19:53:56] Initialising estimates for: Alaska
ERROR [2020-11-02 19:53:56] Alaska: NA/NaN/Inf in 'y' - lm.fit, x, y, offset, singular.ok, ...
INFO [2020-11-02 19:53:56] Initialising estimates for: Arizona
ERROR [2020-11-02 19:53:56] Arizona: NA/NaN/Inf in 'y' - lm.fit, x, y, offset, singular.ok, ...
INFO [2020-11-02 19:53:57] Initialising estimates for: Arkansas
INFO [2020-11-02 19:53:57] Initialising estimates for: California
INFO [2020-11-02 19:53:58] Initialising estimates for: Colorado
ERROR [2020-11-02 19:53:58] Colorado: NA/NaN/Inf in 'y' - lm.fit, x, y, offset, singular.ok, ...
INFO [2020-11-02 19:53:59] Initialising estimates for: Connecticut
ERROR [2020-11-02 19:53:59] Connecticut: NA/NaN/Inf in 'y' - lm.fit, x, y, offset, singular.ok, ...
INFO [2020-11-02 19:54:00] Initialising estimates for: Delaware
ERROR [2020-11-02 19:54:00] Delaware: NA/NaN/Inf in 'y' - lm.fit, x, y, offset, singular.ok, ...
INFO [2020-11-02 19:54:02] Initialising estimates for: District of Columbia
ERROR [2020-11-02 19:54:02] District of Columbia: NA/NaN/Inf in 'y' - lm.fit, x, y, offset, singular.ok, ...
INFO [2020-11-02 19:54:03] Initialising estimates for: Florida
INFO [2020-11-02 19:54:04] Initialising estimates for: Georgia
INFO [2020-11-02 19:54:06] Initialising estimates for: Guam
ERROR [2020-11-02 19:54:06] Guam: NA/NaN/Inf in 'y' - lm.fit, x, y, offset, singular.ok, ...
INFO [2020-11-02 19:54:08] Initialising estimates for: Hawaii
INFO [2020-11-02 19:54:10] Initialising estimates for: Idaho
ERROR [2020-11-02 19:54:10] Idaho: NA/NaN/Inf in 'y' - lm.fit, x, y, offset, singular.ok, ...
INFO [2020-11-02 19:54:13] Initialising estimates for: Illinois
INFO [2020-11-02 19:54:16] Initialising estimates for: Indiana
INFO [2020-11-02 19:54:19] Initialising estimates for: Iowa
WARN [2020-11-02 19:54:20] Iowa (chain: 1): some chains had errors; consider specifying chains = 1 to debug - .local, object, ...
ERROR [2020-11-02 19:54:20] Iowa: $ operator is invalid for atomic vectors - 
INFO [2020-11-02 19:54:23] Initialising estimates for: Kansas
INFO [2020-11-02 19:54:26] Initialising estimates for: Kentucky
ERROR [2020-11-02 19:54:26] Kentucky: NA/NaN/Inf in 'y' - lm.fit, x, y, offset, singular.ok, ...
INFO [2020-11-02 19:54:31] Initialising estimates for: Louisiana
ERROR [2020-11-02 19:54:31] Louisiana: NA/NaN/Inf in 'y' - lm.fit, x, y, offset, singular.ok, ...
INFO [2020-11-02 19:54:36] Initialising estimates for: Maryland
INFO [2020-11-02 19:54:40] Initialising estimates for: Massachusetts
INFO [2020-11-02 19:54:44] Initialising estimates for: Michigan
ERROR [2020-11-02 19:54:44] Michigan: NA/NaN/Inf in 'y' - lm.fit, x, y, offset, singular.ok, ...
INFO [2020-11-02 19:54:50] Initialising estimates for: Minnesota
INFO [2020-11-02 19:54:55] Initialising estimates for: Mississippi
ERROR [2020-11-02 19:54:55] Mississippi: NA/NaN/Inf in 'y' - lm.fit, x, y, offset, singular.ok, ...
INFO [2020-11-02 19:55:01] Initialising estimates for: Missouri
INFO [2020-11-02 19:55:06] Initialising estimates for: Montana
INFO [2020-11-02 19:55:11] Initialising estimates for: Nebraska
ERROR [2020-11-02 19:55:12] Nebraska: NA/NaN/Inf in 'y' - lm.fit, x, y, offset, singular.ok, ...
INFO [2020-11-02 19:55:19] Initialising estimates for: Nevada
ERROR [2020-11-02 19:55:19] Nevada: NA/NaN/Inf in 'y' - lm.fit, x, y, offset, singular.ok, ...
WARN [2020-11-02 19:55:26] Arkansas (chain: 1): There were 21 divergent transitions after warmup. See
http://mc-stan.org/misc/warnings.html#divergent-transitions-after-warmup
to find out why this is a problem and how to eliminate them. - 
WARN [2020-11-02 19:55:26] Arkansas (chain: 1): Examine the pairs() plot to diagnose sampling problems
 - 
WARN [2020-11-02 19:55:27] Georgia (chain: 1): There were 11 divergent transitions after warmup. See
http://mc-stan.org/misc/warnings.html#divergent-transitions-after-warmup
to find out why this is a problem and how to eliminate them. - 
WARN [2020-11-02 19:55:27] Georgia (chain: 1): Examine the pairs() plot to diagnose sampling problems
 - 
INFO [2020-11-02 19:55:27] Initialising estimates for: New Hampshire
ERROR [2020-11-02 19:55:27] New Hampshire: NA/NaN/Inf in 'y' - lm.fit, x, y, offset, singular.ok, ...
WARN [2020-11-02 19:55:29] Hawaii (chain: 1): There were 8 divergent transitions after warmup. See
http://mc-stan.org/misc/warnings.html#divergent-transitions-after-warmup
to find out why this is a problem and how to eliminate them. - 
WARN [2020-11-02 19:55:29] Hawaii (chain: 1): Examine the pairs() plot to diagnose sampling problems
 - 
INFO [2020-11-02 19:55:31] Completed estimates for: Arkansas
INFO [2020-11-02 19:55:33] Completed estimates for: Georgia
INFO [2020-11-02 19:55:35] Completed estimates for: Hawaii
WARN [2020-11-02 19:55:35] Illinois (chain: 1): some chains had errors; consider specifying chains = 1 to debug - .local, object, ...
WARN [2020-11-02 19:55:35] Illinois (chain: 1): There were 16 divergent transitions after warmup. See
http://mc-stan.org/misc/warnings.html#divergent-transitions-after-warmup
to find out why this is a problem and how to eliminate them. - 
WARN [2020-11-02 19:55:35] Illinois (chain: 1): Examine the pairs() plot to diagnose sampling problems
 - 
INFO [2020-11-02 19:55:38] Completed estimates for: Illinois
INFO [2020-11-02 19:55:44] Initialising estimates for: New Jersey
WARN [2020-11-02 19:55:47] Indiana (chain: 1): There were 5 divergent transitions after warmup. See
http://mc-stan.org/misc/warnings.html#divergent-transitions-after-warmup
to find out why this is a problem and how to eliminate them. - 
WARN [2020-11-02 19:55:47] Indiana (chain: 1): Examine the pairs() plot to diagnose sampling problems
 - 
INFO [2020-11-02 19:55:48] Initialising estimates for: New Mexico
ERROR [2020-11-02 19:55:48] New Mexico: NA/NaN/Inf in 'y' - lm.fit, x, y, offset, singular.ok, ...
INFO [2020-11-02 19:55:52] Completed estimates for: Indiana
INFO [2020-11-02 19:55:56] Initialising estimates for: New York
ERROR [2020-11-02 19:55:56] New York: NA/NaN/Inf in 'y' - lm.fit, x, y, offset, singular.ok, ...
INFO [2020-11-02 19:56:01] Initialising estimates for: North Carolina
INFO [2020-11-02 19:56:05] Initialising estimates for: North Dakota
ERROR [2020-11-02 19:56:05] North Dakota: NA/NaN/Inf in 'y' - lm.fit, x, y, offset, singular.ok, ...
WARN [2020-11-02 19:56:10] Missouri (chain: 1): some chains had errors; consider specifying chains = 1 to debug - .local, object, ...
WARN [2020-11-02 19:56:10] Missouri (chain: 1): There were 18 divergent transitions after warmup. See
http://mc-stan.org/misc/warnings.html#divergent-transitions-after-warmup
to find out why this is a problem and how to eliminate them. - 
WARN [2020-11-02 19:56:10] Missouri (chain: 1): Examine the pairs() plot to diagnose sampling problems
 - 
INFO [2020-11-02 19:56:11] Initialising estimates for: Ohio
WARN [2020-11-02 19:56:12] California (chain: 1): There were 1 divergent transitions after warmup. See
http://mc-stan.org/misc/warnings.html#divergent-transitions-after-warmup
to find out why this is a problem and how to eliminate them. - 
WARN [2020-11-02 19:56:12] California (chain: 1): Examine the pairs() plot to diagnose sampling problems
 - 
WARN [2020-11-02 19:56:13] Missouri (chain: 1): Tail Effective Samples Size (ESS) is too low, indicating posterior variances and tail quantiles may be unreliable.
Running the chains for more iterations may help. See
http://mc-stan.org/misc/warnings.html#tail-ess - 
INFO [2020-11-02 19:56:14] Completed estimates for: Missouri
WARN [2020-11-02 19:56:16] Kansas (chain: 1): There were 2 divergent transitions after warmup. See
http://mc-stan.org/misc/warnings.html#divergent-transitions-after-warmup
to find out why this is a problem and how to eliminate them. - 
WARN [2020-11-02 19:56:16] Kansas (chain: 1): Examine the pairs() plot to diagnose sampling problems
 - 
INFO [2020-11-02 19:56:17] Completed estimates for: California
INFO [2020-11-02 19:56:18] Initialising estimates for: Oklahoma
ERROR [2020-11-02 19:56:18] Oklahoma: NA/NaN/Inf in 'y' - lm.fit, x, y, offset, singular.ok, ...
WARN [2020-11-02 19:56:19] Florida (chain: 1): There were 24 divergent transitions after warmup. See
http://mc-stan.org/misc/warnings.html#divergent-transitions-after-warmup
to find out why this is a problem and how to eliminate them. - 
WARN [2020-11-02 19:56:19] Florida (chain: 1): Examine the pairs() plot to diagnose sampling problems
 - 
INFO [2020-11-02 19:56:20] Completed estimates for: Kansas
WARN [2020-11-02 19:56:22] Florida (chain: 1): Tail Effective Samples Size (ESS) is too low, indicating posterior variances and tail quantiles may be unreliable.
Running the chains for more iterations may help. See
http://mc-stan.org/misc/warnings.html#tail-ess - 
INFO [2020-11-02 19:56:24] Completed estimates for: Florida
INFO [2020-11-02 19:56:29] Initialising estimates for: Oregon
INFO [2020-11-02 19:56:32] Initialising estimates for: Pennsylvania
ERROR [2020-11-02 19:56:32] Pennsylvania: NA/NaN/Inf in 'y' - lm.fit, x, y, offset, singular.ok, ...
INFO [2020-11-02 19:56:37] Initialising estimates for: Puerto Rico
ERROR [2020-11-02 19:56:37] Puerto Rico: NA/NaN/Inf in 'y' - lm.fit, x, y, offset, singular.ok, ...
INFO [2020-11-02 19:56:42] Initialising estimates for: Rhode Island
ERROR [2020-11-02 19:56:42] Rhode Island: NA/NaN/Inf in 'y' - lm.fit, x, y, offset, singular.ok, ...
INFO [2020-11-02 19:56:45] Completed estimates for: Massachusetts
INFO [2020-11-02 19:56:47] Initialising estimates for: South Carolina
INFO [2020-11-02 19:56:51] Completed estimates for: Minnesota
INFO [2020-11-02 19:56:52] Initialising estimates for: South Dakota
ERROR [2020-11-02 19:56:52] South Dakota: NA/NaN/Inf in 'y' - lm.fit, x, y, offset, singular.ok, ...
INFO [2020-11-02 19:56:58] Initialising estimates for: Tennessee
INFO [2020-11-02 19:57:01] Initialising estimates for: Texas
INFO [2020-11-02 19:57:02] Completed estimates for: Montana
WARN [2020-11-02 19:57:02] Texas (chain: 1): some chains had errors; consider specifying chains = 1 to debug - .local, object, ...
ERROR [2020-11-02 19:57:02] Texas: $ operator is invalid for atomic vectors - 
INFO [2020-11-02 19:57:07] Initialising estimates for: Utah
INFO [2020-11-02 19:57:10] Initialising estimates for: Virginia
INFO [2020-11-02 19:57:14] Initialising estimates for: Washington
ERROR [2020-11-02 19:57:14] Washington: NA/NaN/Inf in 'y' - lm.fit, x, y, offset, singular.ok, ...
INFO [2020-11-02 19:57:20] Initialising estimates for: West Virginia
ERROR [2020-11-02 19:57:20] West Virginia: NA/NaN/Inf in 'y' - lm.fit, x, y, offset, singular.ok, ...
INFO [2020-11-02 19:57:25] Completed estimates for: Maryland
INFO [2020-11-02 19:57:25] Initialising estimates for: Wisconsin
ERROR [2020-11-02 19:57:25] Wisconsin: NA/NaN/Inf in 'y' - lm.fit, x, y, offset, singular.ok, ...
WARN [2020-11-02 19:57:28] New Jersey (chain: 1): There were 3 divergent transitions after warmup. See
http://mc-stan.org/misc/warnings.html#divergent-transitions-after-warmup
to find out why this is a problem and how to eliminate them. - 
WARN [2020-11-02 19:57:28] New Jersey (chain: 1): Examine the pairs() plot to diagnose sampling problems
 - 
WARN [2020-11-02 19:57:30] New Jersey (chain: 1): Bulk Effective Samples Size (ESS) is too low, indicating posterior means and medians may be unreliable.
Running the chains for more iterations may help. See
http://mc-stan.org/misc/warnings.html#bulk-ess - 
WARN [2020-11-02 19:57:31] New Jersey (chain: 1): Tail Effective Samples Size (ESS) is too low, indicating posterior variances and tail quantiles may be unreliable.
Running the chains for more iterations may help. See
http://mc-stan.org/misc/warnings.html#tail-ess - 
INFO [2020-11-02 19:57:32] Initialising estimates for: US
INFO [2020-11-02 19:57:33] Completed estimates for: New Jersey
INFO [2020-11-02 19:57:37] Completed estimates for: Ohio
WARN [2020-11-02 19:57:40] North Carolina (chain: 1): There were 2 divergent transitions after warmup. See
http://mc-stan.org/misc/warnings.html#divergent-transitions-after-warmup
to find out why this is a problem and how to eliminate them. - 
WARN [2020-11-02 19:57:40] North Carolina (chain: 1): Examine the pairs() plot to diagnose sampling problems
 - 
INFO [2020-11-02 19:57:44] Completed estimates for: Oregon
INFO [2020-11-02 19:57:46] Completed estimates for: North Carolina
WARN [2020-11-02 19:58:08] Tennessee (chain: 1): some chains had errors; consider specifying chains = 1 to debug - .local, object, ...
WARN [2020-11-02 19:58:08] Tennessee (chain: 1): There were 20 divergent transitions after warmup. See
http://mc-stan.org/misc/warnings.html#divergent-transitions-after-warmup
to find out why this is a problem and how to eliminate them. - 
WARN [2020-11-02 19:58:08] Tennessee (chain: 1): Examine the pairs() plot to diagnose sampling problems
 - 
WARN [2020-11-02 19:58:09] Tennessee (chain: 1): Bulk Effective Samples Size (ESS) is too low, indicating posterior means and medians may be unreliable.
Running the chains for more iterations may help. See
http://mc-stan.org/misc/warnings.html#bulk-ess - 
WARN [2020-11-02 19:58:10] Tennessee (chain: 1): Tail Effective Samples Size (ESS) is too low, indicating posterior variances and tail quantiles may be unreliable.
Running the chains for more iterations may help. See
http://mc-stan.org/misc/warnings.html#tail-ess - 
INFO [2020-11-02 19:58:11] Completed estimates for: Tennessee
WARN [2020-11-02 19:58:34] South Carolina (chain: 1): some chains had errors; consider specifying chains = 1 to debug - .local, object, ...
WARN [2020-11-02 19:58:34] South Carolina (chain: 1): There were 1 divergent transitions after warmup. See
http://mc-stan.org/misc/warnings.html#divergent-transitions-after-warmup
to find out why this is a problem and how to eliminate them. - 
WARN [2020-11-02 19:58:34] South Carolina (chain: 1): Examine the pairs() plot to diagnose sampling problems
 - 
INFO [2020-11-02 19:58:37] Completed estimates for: South Carolina
WARN [2020-11-02 19:58:46] Utah (chain: 1): There were 4 divergent transitions after warmup. See
http://mc-stan.org/misc/warnings.html#divergent-transitions-after-warmup
to find out why this is a problem and how to eliminate them. - 
WARN [2020-11-02 19:58:46] Utah (chain: 1): Examine the pairs() plot to diagnose sampling problems
 - 
INFO [2020-11-02 19:58:50] Completed estimates for: Utah
WARN [2020-11-02 19:59:25] US (chain: 1): There were 52 divergent transitions after warmup. See
http://mc-stan.org/misc/warnings.html#divergent-transitions-after-warmup
to find out why this is a problem and how to eliminate them. - 
WARN [2020-11-02 19:59:25] US (chain: 1): Examine the pairs() plot to diagnose sampling problems
 - 
INFO [2020-11-02 19:59:29] Completed estimates for: Virginia
INFO [2020-11-02 19:59:30] Completed estimates for: US
INFO [2020-11-02 19:59:30] Runtime error in Alabama : Alabama: NA/NaN/Inf in 'y' - lm.fit, x, y, offset, singular.ok, ...
INFO [2020-11-02 19:59:30] Runtime error in Alaska : Alaska: NA/NaN/Inf in 'y' - lm.fit, x, y, offset, singular.ok, ...
INFO [2020-11-02 19:59:30] Runtime error in Arizona : Arizona: NA/NaN/Inf in 'y' - lm.fit, x, y, offset, singular.ok, ...
INFO [2020-11-02 19:59:30] Runtime error in Colorado : Colorado: NA/NaN/Inf in 'y' - lm.fit, x, y, offset, singular.ok, ...
INFO [2020-11-02 19:59:30] Runtime error in Connecticut : Connecticut: NA/NaN/Inf in 'y' - lm.fit, x, y, offset, singular.ok, ...
INFO [2020-11-02 19:59:30] Runtime error in Delaware : Delaware: NA/NaN/Inf in 'y' - lm.fit, x, y, offset, singular.ok, ...
INFO [2020-11-02 19:59:30] Runtime error in District of Columbia : District of Columbia: NA/NaN/Inf in 'y' - lm.fit, x, y, offset, singular.ok, ...
INFO [2020-11-02 19:59:30] Runtime error in Guam : Guam: NA/NaN/Inf in 'y' - lm.fit, x, y, offset, singular.ok, ...
INFO [2020-11-02 19:59:30] Runtime error in Idaho : Idaho: NA/NaN/Inf in 'y' - lm.fit, x, y, offset, singular.ok, ...
INFO [2020-11-02 19:59:30] Runtime error in Iowa : Iowa: $ operator is invalid for atomic vectors - 
INFO [2020-11-02 19:59:30] Runtime error in Kentucky : Kentucky: NA/NaN/Inf in 'y' - lm.fit, x, y, offset, singular.ok, ...
INFO [2020-11-02 19:59:30] Runtime error in Louisiana : Louisiana: NA/NaN/Inf in 'y' - lm.fit, x, y, offset, singular.ok, ...
INFO [2020-11-02 19:59:30] Runtime error in Michigan : Michigan: NA/NaN/Inf in 'y' - lm.fit, x, y, offset, singular.ok, ...
INFO [2020-11-02 19:59:30] Runtime error in Mississippi : Mississippi: NA/NaN/Inf in 'y' - lm.fit, x, y, offset, singular.ok, ...
INFO [2020-11-02 19:59:30] Runtime error in Nebraska : Nebraska: NA/NaN/Inf in 'y' - lm.fit, x, y, offset, singular.ok, ...
INFO [2020-11-02 19:59:30] Runtime error in Nevada : Nevada: NA/NaN/Inf in 'y' - lm.fit, x, y, offset, singular.ok, ...
INFO [2020-11-02 19:59:30] Runtime error in New Hampshire : New Hampshire: NA/NaN/Inf in 'y' - lm.fit, x, y, offset, singular.ok, ...
INFO [2020-11-02 19:59:30] Runtime error in New Mexico : New Mexico: NA/NaN/Inf in 'y' - lm.fit, x, y, offset, singular.ok, ...
INFO [2020-11-02 19:59:30] Runtime error in New York : New York: NA/NaN/Inf in 'y' - lm.fit, x, y, offset, singular.ok, ...
INFO [2020-11-02 19:59:30] Runtime error in North Dakota : North Dakota: NA/NaN/Inf in 'y' - lm.fit, x, y, offset, singular.ok, ...
INFO [2020-11-02 19:59:30] Runtime error in Oklahoma : Oklahoma: NA/NaN/Inf in 'y' - lm.fit, x, y, offset, singular.ok, ...
INFO [2020-11-02 19:59:30] Runtime error in Pennsylvania : Pennsylvania: NA/NaN/Inf in 'y' - lm.fit, x, y, offset, singular.ok, ...
INFO [2020-11-02 19:59:30] Runtime error in Puerto Rico : Puerto Rico: NA/NaN/Inf in 'y' - lm.fit, x, y, offset, singular.ok, ...
INFO [2020-11-02 19:59:30] Runtime error in Rhode Island : Rhode Island: NA/NaN/Inf in 'y' - lm.fit, x, y, offset, singular.ok, ...
INFO [2020-11-02 19:59:30] Runtime error in South Dakota : South Dakota: NA/NaN/Inf in 'y' - lm.fit, x, y, offset, singular.ok, ...
INFO [2020-11-02 19:59:30] Runtime error in Texas : Texas: $ operator is invalid for atomic vectors - 
INFO [2020-11-02 19:59:30] Runtime error in Washington : Washington: NA/NaN/Inf in 'y' - lm.fit, x, y, offset, singular.ok, ...
INFO [2020-11-02 19:59:30] Runtime error in West Virginia : West Virginia: NA/NaN/Inf in 'y' - lm.fit, x, y, offset, singular.ok, ...
INFO [2020-11-02 19:59:30] Runtime error in Wisconsin : Wisconsin: NA/NaN/Inf in 'y' - lm.fit, x, y, offset, singular.ok, ...
