INFO [2020-11-16 15:59:44] Initialising estimates for: Alabama
INFO [2020-11-16 15:59:45] Initialising estimates for: Alaska
INFO [2020-11-16 15:59:46] Initialising estimates for: Arizona
INFO [2020-11-16 15:59:47] Initialising estimates for: Arkansas
INFO [2020-11-16 15:59:49] Initialising estimates for: California
INFO [2020-11-16 15:59:51] Initialising estimates for: Colorado
INFO [2020-11-16 15:59:53] Initialising estimates for: Connecticut
INFO [2020-11-16 15:59:56] Initialising estimates for: Delaware
INFO [2020-11-16 16:00:00] Initialising estimates for: District of Columbia
INFO [2020-11-16 16:00:03] Initialising estimates for: Florida
INFO [2020-11-16 16:00:07] Initialising estimates for: Georgia
INFO [2020-11-16 16:00:12] Initialising estimates for: Guam
INFO [2020-11-16 16:00:17] Initialising estimates for: Hawaii
INFO [2020-11-16 16:00:22] Initialising estimates for: Idaho
WARN [2020-11-16 16:00:27] Alaska (chain: 1): There were 1 divergent transitions after warmup. See
http://mc-stan.org/misc/warnings.html#divergent-transitions-after-warmup
to find out why this is a problem and how to eliminate them. - 
WARN [2020-11-16 16:00:27] Alaska (chain: 1): Examine the pairs() plot to diagnose sampling problems
 - 
INFO [2020-11-16 16:00:28] Initialising estimates for: Illinois
INFO [2020-11-16 16:00:34] Initialising estimates for: Indiana
INFO [2020-11-16 16:00:37] Completed estimates for: Alaska
INFO [2020-11-16 16:00:44] Initialising estimates for: Iowa
WARN [2020-11-16 16:00:44] Alabama (chain: 1): There were 1 divergent transitions after warmup. See
http://mc-stan.org/misc/warnings.html#divergent-transitions-after-warmup
to find out why this is a problem and how to eliminate them. - 
WARN [2020-11-16 16:00:44] Alabama (chain: 1): Examine the pairs() plot to diagnose sampling problems
 - 
INFO [2020-11-16 16:00:50] Initialising estimates for: Kansas
INFO [2020-11-16 16:00:54] Completed estimates for: Alabama
WARN [2020-11-16 16:00:58] Arkansas (chain: 1): There were 2 divergent transitions after warmup. See
http://mc-stan.org/misc/warnings.html#divergent-transitions-after-warmup
to find out why this is a problem and how to eliminate them. - 
WARN [2020-11-16 16:00:58] Arkansas (chain: 1): Examine the pairs() plot to diagnose sampling problems
 - 
INFO [2020-11-16 16:01:01] Completed estimates for: District of Columbia
INFO [2020-11-16 16:01:01] Initialising estimates for: Kentucky
WARN [2020-11-16 16:01:02] Delaware (chain: 1): There were 2 divergent transitions after warmup. See
http://mc-stan.org/misc/warnings.html#divergent-transitions-after-warmup
to find out why this is a problem and how to eliminate them. - 
WARN [2020-11-16 16:01:02] Delaware (chain: 1): Examine the pairs() plot to diagnose sampling problems
 - 
INFO [2020-11-16 16:01:05] Completed estimates for: Arkansas
WARN [2020-11-16 16:01:06] Delaware (chain: 1): Tail Effective Samples Size (ESS) is too low, indicating posterior variances and tail quantiles may be unreliable.
Running the chains for more iterations may help. See
http://mc-stan.org/misc/warnings.html#tail-ess - 
WARN [2020-11-16 16:01:08] Colorado (chain: 1): There were 1 divergent transitions after warmup. See
http://mc-stan.org/misc/warnings.html#divergent-transitions-after-warmup
to find out why this is a problem and how to eliminate them. - 
WARN [2020-11-16 16:01:08] Colorado (chain: 1): Examine the pairs() plot to diagnose sampling problems
 - 
INFO [2020-11-16 16:01:11] Completed estimates for: Delaware
WARN [2020-11-16 16:01:13] Connecticut (chain: 1): There were 7 divergent transitions after warmup. See
http://mc-stan.org/misc/warnings.html#divergent-transitions-after-warmup
to find out why this is a problem and how to eliminate them. - 
WARN [2020-11-16 16:01:13] Connecticut (chain: 1): Examine the pairs() plot to diagnose sampling problems
 - 
WARN [2020-11-16 16:01:15] California (chain: 1): There were 42 divergent transitions after warmup. See
http://mc-stan.org/misc/warnings.html#divergent-transitions-after-warmup
to find out why this is a problem and how to eliminate them. - 
WARN [2020-11-16 16:01:15] California (chain: 1): Examine the pairs() plot to diagnose sampling problems
 - 
INFO [2020-11-16 16:01:17] Completed estimates for: Colorado
WARN [2020-11-16 16:01:17] California (chain: 1): Bulk Effective Samples Size (ESS) is too low, indicating posterior means and medians may be unreliable.
Running the chains for more iterations may help. See
http://mc-stan.org/misc/warnings.html#bulk-ess - 
WARN [2020-11-16 16:01:18] California (chain: 1): Tail Effective Samples Size (ESS) is too low, indicating posterior variances and tail quantiles may be unreliable.
Running the chains for more iterations may help. See
http://mc-stan.org/misc/warnings.html#tail-ess - 
INFO [2020-11-16 16:01:18] Initialising estimates for: Louisiana
INFO [2020-11-16 16:01:20] Completed estimates for: Connecticut
INFO [2020-11-16 16:01:22] Completed estimates for: California
WARN [2020-11-16 16:01:26] Guam (chain: 1): There were 3 divergent transitions after warmup. See
http://mc-stan.org/misc/warnings.html#divergent-transitions-after-warmup
to find out why this is a problem and how to eliminate them. - 
WARN [2020-11-16 16:01:26] Guam (chain: 1): Examine the pairs() plot to diagnose sampling problems
 - 
WARN [2020-11-16 16:01:26] Florida (chain: 1): There were 1 divergent transitions after warmup. See
http://mc-stan.org/misc/warnings.html#divergent-transitions-after-warmup
to find out why this is a problem and how to eliminate them. - 
WARN [2020-11-16 16:01:26] Florida (chain: 1): Examine the pairs() plot to diagnose sampling problems
 - 
WARN [2020-11-16 16:01:26] Idaho (chain: 1): There were 1 divergent transitions after warmup. See
http://mc-stan.org/misc/warnings.html#divergent-transitions-after-warmup
to find out why this is a problem and how to eliminate them. - 
WARN [2020-11-16 16:01:26] Idaho (chain: 1): Examine the pairs() plot to diagnose sampling problems
 - 
WARN [2020-11-16 16:01:28] Idaho (chain: 1): Bulk Effective Samples Size (ESS) is too low, indicating posterior means and medians may be unreliable.
Running the chains for more iterations may help. See
http://mc-stan.org/misc/warnings.html#bulk-ess - 
INFO [2020-11-16 16:01:32] Initialising estimates for: Maine
INFO [2020-11-16 16:01:32] Completed estimates for: Guam
INFO [2020-11-16 16:01:33] Completed estimates for: Idaho
INFO [2020-11-16 16:01:33] Completed estimates for: Florida
INFO [2020-11-16 16:01:34] Completed estimates for: Arizona
INFO [2020-11-16 16:01:38] Completed estimates for: Hawaii
INFO [2020-11-16 16:01:47] Initialising estimates for: Maryland
INFO [2020-11-16 16:01:50] Initialising estimates for: Massachusetts
WARN [2020-11-16 16:01:53] Illinois (chain: 1): There were 2 divergent transitions after warmup. See
http://mc-stan.org/misc/warnings.html#divergent-transitions-after-warmup
to find out why this is a problem and how to eliminate them. - 
WARN [2020-11-16 16:01:53] Illinois (chain: 1): Examine the pairs() plot to diagnose sampling problems
 - 
WARN [2020-11-16 16:01:53] Iowa (chain: 1): There were 3 divergent transitions after warmup. See
http://mc-stan.org/misc/warnings.html#divergent-transitions-after-warmup
to find out why this is a problem and how to eliminate them. - 
WARN [2020-11-16 16:01:53] Iowa (chain: 1): Examine the pairs() plot to diagnose sampling problems
 - 
WARN [2020-11-16 16:01:54] Indiana (chain: 1): There were 199 divergent transitions after warmup. See
http://mc-stan.org/misc/warnings.html#divergent-transitions-after-warmup
to find out why this is a problem and how to eliminate them. - 
WARN [2020-11-16 16:01:54] Indiana (chain: 1): Examine the pairs() plot to diagnose sampling problems
 - 
INFO [2020-11-16 16:01:54] Initialising estimates for: Michigan
WARN [2020-11-16 16:01:55] Indiana (chain: 1): The largest R-hat is 1.31, indicating chains have not mixed.
Running the chains for more iterations may help. See
http://mc-stan.org/misc/warnings.html#r-hat - 
WARN [2020-11-16 16:01:56] Indiana (chain: 1): Bulk Effective Samples Size (ESS) is too low, indicating posterior means and medians may be unreliable.
Running the chains for more iterations may help. See
http://mc-stan.org/misc/warnings.html#bulk-ess - 
WARN [2020-11-16 16:01:57] Indiana (chain: 1): Tail Effective Samples Size (ESS) is too low, indicating posterior variances and tail quantiles may be unreliable.
Running the chains for more iterations may help. See
http://mc-stan.org/misc/warnings.html#tail-ess - 
INFO [2020-11-16 16:01:59] Initialising estimates for: Minnesota
INFO [2020-11-16 16:01:59] Completed estimates for: Iowa
INFO [2020-11-16 16:01:59] Completed estimates for: Illinois
INFO [2020-11-16 16:02:01] Completed estimates for: Indiana
INFO [2020-11-16 16:02:10] Initialising estimates for: Mississippi
WARN [2020-11-16 16:02:12] Kansas (chain: 1): There were 2 divergent transitions after warmup. See
http://mc-stan.org/misc/warnings.html#divergent-transitions-after-warmup
to find out why this is a problem and how to eliminate them. - 
WARN [2020-11-16 16:02:12] Kansas (chain: 1): Examine the pairs() plot to diagnose sampling problems
 - 
WARN [2020-11-16 16:02:13] Louisiana (chain: 1): There were 1 divergent transitions after warmup. See
http://mc-stan.org/misc/warnings.html#divergent-transitions-after-warmup
to find out why this is a problem and how to eliminate them. - 
WARN [2020-11-16 16:02:13] Louisiana (chain: 1): Examine the pairs() plot to diagnose sampling problems
 - 
INFO [2020-11-16 16:02:14] Initialising estimates for: Missouri
WARN [2020-11-16 16:02:18] Kentucky (chain: 1): There were 36 divergent transitions after warmup. See
http://mc-stan.org/misc/warnings.html#divergent-transitions-after-warmup
to find out why this is a problem and how to eliminate them. - 
WARN [2020-11-16 16:02:18] Kentucky (chain: 1): Examine the pairs() plot to diagnose sampling problems
 - 
INFO [2020-11-16 16:02:18] Completed estimates for: Kansas
INFO [2020-11-16 16:02:18] Initialising estimates for: Montana
WARN [2020-11-16 16:02:19] Kentucky (chain: 1): Bulk Effective Samples Size (ESS) is too low, indicating posterior means and medians may be unreliable.
Running the chains for more iterations may help. See
http://mc-stan.org/misc/warnings.html#bulk-ess - 
INFO [2020-11-16 16:02:20] Completed estimates for: Louisiana
WARN [2020-11-16 16:02:20] Kentucky (chain: 1): Tail Effective Samples Size (ESS) is too low, indicating posterior variances and tail quantiles may be unreliable.
Running the chains for more iterations may help. See
http://mc-stan.org/misc/warnings.html#tail-ess - 
WARN [2020-11-16 16:02:22] Maine (chain: 1): Bulk Effective Samples Size (ESS) is too low, indicating posterior means and medians may be unreliable.
Running the chains for more iterations may help. See
http://mc-stan.org/misc/warnings.html#bulk-ess - 
WARN [2020-11-16 16:02:23] Maine (chain: 1): Tail Effective Samples Size (ESS) is too low, indicating posterior variances and tail quantiles may be unreliable.
Running the chains for more iterations may help. See
http://mc-stan.org/misc/warnings.html#tail-ess - 
INFO [2020-11-16 16:02:24] Completed estimates for: Kentucky
INFO [2020-11-16 16:02:25] Completed estimates for: Georgia
INFO [2020-11-16 16:02:27] Completed estimates for: Maine
INFO [2020-11-16 16:02:32] Initialising estimates for: Nebraska
INFO [2020-11-16 16:02:35] Initialising estimates for: Nevada
INFO [2020-11-16 16:02:39] Initialising estimates for: New Hampshire
INFO [2020-11-16 16:02:43] Initialising estimates for: New Jersey
INFO [2020-11-16 16:02:48] Initialising estimates for: New Mexico
WARN [2020-11-16 16:02:50] Massachusetts (chain: 1): There were 5 divergent transitions after warmup. See
http://mc-stan.org/misc/warnings.html#divergent-transitions-after-warmup
to find out why this is a problem and how to eliminate them. - 
WARN [2020-11-16 16:02:50] Massachusetts (chain: 1): Examine the pairs() plot to diagnose sampling problems
 - 
INFO [2020-11-16 16:02:53] Initialising estimates for: New York
INFO [2020-11-16 16:02:57] Completed estimates for: Massachusetts
INFO [2020-11-16 16:02:58] Initialising estimates for: North Carolina
WARN [2020-11-16 16:02:59] Missouri (chain: 1): There were 2 divergent transitions after warmup. See
http://mc-stan.org/misc/warnings.html#divergent-transitions-after-warmup
to find out why this is a problem and how to eliminate them. - 
WARN [2020-11-16 16:02:59] Missouri (chain: 1): Examine the pairs() plot to diagnose sampling problems
 - 
WARN [2020-11-16 16:03:00] Maryland (chain: 1): There were 4 divergent transitions after warmup. See
http://mc-stan.org/misc/warnings.html#divergent-transitions-after-warmup
to find out why this is a problem and how to eliminate them. - 
WARN [2020-11-16 16:03:00] Maryland (chain: 1): Examine the pairs() plot to diagnose sampling problems
 - 
INFO [2020-11-16 16:03:06] Initialising estimates for: North Dakota
INFO [2020-11-16 16:03:08] Completed estimates for: Missouri
INFO [2020-11-16 16:03:08] Completed estimates for: Maryland
WARN [2020-11-16 16:03:08] Minnesota (chain: 1): There were 6 divergent transitions after warmup. See
http://mc-stan.org/misc/warnings.html#divergent-transitions-after-warmup
to find out why this is a problem and how to eliminate them. - 
WARN [2020-11-16 16:03:08] Minnesota (chain: 1): Examine the pairs() plot to diagnose sampling problems
 - 
INFO [2020-11-16 16:03:15] Completed estimates for: Minnesota
WARN [2020-11-16 16:03:17] Michigan (chain: 1): There were 3 divergent transitions after warmup. See
http://mc-stan.org/misc/warnings.html#divergent-transitions-after-warmup
to find out why this is a problem and how to eliminate them. - 
WARN [2020-11-16 16:03:17] Michigan (chain: 1): Examine the pairs() plot to diagnose sampling problems
 - 
INFO [2020-11-16 16:03:17] Completed estimates for: Montana
INFO [2020-11-16 16:03:22] Initialising estimates for: Ohio
INFO [2020-11-16 16:03:23] Completed estimates for: Michigan
WARN [2020-11-16 16:03:26] Nevada (chain: 1): There were 1 divergent transitions after warmup. See
http://mc-stan.org/misc/warnings.html#divergent-transitions-after-warmup
to find out why this is a problem and how to eliminate them. - 
WARN [2020-11-16 16:03:26] Nevada (chain: 1): Examine the pairs() plot to diagnose sampling problems
 - 
INFO [2020-11-16 16:03:28] Completed estimates for: Nebraska
INFO [2020-11-16 16:03:29] Initialising estimates for: Oklahoma
INFO [2020-11-16 16:03:32] Completed estimates for: Nevada
INFO [2020-11-16 16:03:32] Completed estimates for: New Hampshire
INFO [2020-11-16 16:03:39] Initialising estimates for: Oregon
WARN [2020-11-16 16:03:42] New York (chain: 1): There were 3 divergent transitions after warmup. See
http://mc-stan.org/misc/warnings.html#divergent-transitions-after-warmup
to find out why this is a problem and how to eliminate them. - 
WARN [2020-11-16 16:03:42] New York (chain: 1): Examine the pairs() plot to diagnose sampling problems
 - 
INFO [2020-11-16 16:03:42] Initialising estimates for: Pennsylvania
INFO [2020-11-16 16:03:46] Initialising estimates for: Puerto Rico
INFO [2020-11-16 16:03:48] Completed estimates for: New York
INFO [2020-11-16 16:03:53] Initialising estimates for: Rhode Island
INFO [2020-11-16 16:03:58] Initialising estimates for: South Carolina
WARN [2020-11-16 16:04:02] New Jersey (chain: 1): There were 9 divergent transitions after warmup. See
http://mc-stan.org/misc/warnings.html#divergent-transitions-after-warmup
to find out why this is a problem and how to eliminate them. - 
WARN [2020-11-16 16:04:02] New Jersey (chain: 1): Examine the pairs() plot to diagnose sampling problems
 - 
INFO [2020-11-16 16:04:03] Initialising estimates for: South Dakota
WARN [2020-11-16 16:04:03] New Jersey (chain: 1): Bulk Effective Samples Size (ESS) is too low, indicating posterior means and medians may be unreliable.
Running the chains for more iterations may help. See
http://mc-stan.org/misc/warnings.html#bulk-ess - 
INFO [2020-11-16 16:04:08] Initialising estimates for: Tennessee
INFO [2020-11-16 16:04:09] Completed estimates for: New Jersey
INFO [2020-11-16 16:04:16] Initialising estimates for: Texas
INFO [2020-11-16 16:04:17] Completed estimates for: New Mexico
WARN [2020-11-16 16:04:24] North Carolina (chain: 1): There were 6 divergent transitions after warmup. See
http://mc-stan.org/misc/warnings.html#divergent-transitions-after-warmup
to find out why this is a problem and how to eliminate them. - 
WARN [2020-11-16 16:04:24] North Carolina (chain: 1): Examine the pairs() plot to diagnose sampling problems
 - 
INFO [2020-11-16 16:04:25] Initialising estimates for: Utah
INFO [2020-11-16 16:04:30] Completed estimates for: North Carolina
INFO [2020-11-16 16:04:31] Initialising estimates for: Virginia
WARN [2020-11-16 16:04:31] Oregon (chain: 1): There were 2 divergent transitions after warmup. See
http://mc-stan.org/misc/warnings.html#divergent-transitions-after-warmup
to find out why this is a problem and how to eliminate them. - 
WARN [2020-11-16 16:04:31] Oregon (chain: 1): Examine the pairs() plot to diagnose sampling problems
 - 
INFO [2020-11-16 16:04:32] Completed estimates for: Ohio
INFO [2020-11-16 16:04:39] Completed estimates for: Oregon
WARN [2020-11-16 16:04:40] Puerto Rico (chain: 1): There were 1 divergent transitions after warmup. See
http://mc-stan.org/misc/warnings.html#divergent-transitions-after-warmup
to find out why this is a problem and how to eliminate them. - 
WARN [2020-11-16 16:04:40] Puerto Rico (chain: 1): Examine the pairs() plot to diagnose sampling problems
 - 
INFO [2020-11-16 16:04:41] Completed estimates for: North Dakota
INFO [2020-11-16 16:04:45] Initialising estimates for: Washington
WARN [2020-11-16 16:04:45] Pennsylvania (chain: 1): There were 3 divergent transitions after warmup. See
http://mc-stan.org/misc/warnings.html#divergent-transitions-after-warmup
to find out why this is a problem and how to eliminate them. - 
WARN [2020-11-16 16:04:45] Pennsylvania (chain: 1): Examine the pairs() plot to diagnose sampling problems
 - 
INFO [2020-11-16 16:04:46] Completed estimates for: Puerto Rico
WARN [2020-11-16 16:04:48] Oklahoma (chain: 1): There were 5 divergent transitions after warmup. See
http://mc-stan.org/misc/warnings.html#divergent-transitions-after-warmup
to find out why this is a problem and how to eliminate them. - 
WARN [2020-11-16 16:04:48] Oklahoma (chain: 1): Examine the pairs() plot to diagnose sampling problems
 - 
WARN [2020-11-16 16:04:51] Rhode Island (chain: 1): There were 3 divergent transitions after warmup. See
http://mc-stan.org/misc/warnings.html#divergent-transitions-after-warmup
to find out why this is a problem and how to eliminate them. - 
WARN [2020-11-16 16:04:51] Rhode Island (chain: 1): Examine the pairs() plot to diagnose sampling problems
 - 
INFO [2020-11-16 16:04:52] Completed estimates for: Pennsylvania
WARN [2020-11-16 16:04:53] South Dakota (chain: 1): There were 3 divergent transitions after warmup. See
http://mc-stan.org/misc/warnings.html#divergent-transitions-after-warmup
to find out why this is a problem and how to eliminate them. - 
WARN [2020-11-16 16:04:53] South Dakota (chain: 1): Examine the pairs() plot to diagnose sampling problems
 - 
INFO [2020-11-16 16:04:54] Completed estimates for: Oklahoma
INFO [2020-11-16 16:04:57] Initialising estimates for: West Virginia
INFO [2020-11-16 16:04:58] Completed estimates for: Rhode Island
INFO [2020-11-16 16:04:59] Completed estimates for: South Dakota
INFO [2020-11-16 16:05:06] Initialising estimates for: Wisconsin
WARN [2020-11-16 16:05:07] Tennessee (chain: 1): There were 1 divergent transitions after warmup. See
http://mc-stan.org/misc/warnings.html#divergent-transitions-after-warmup
to find out why this is a problem and how to eliminate them. - 
WARN [2020-11-16 16:05:07] Tennessee (chain: 1): Examine the pairs() plot to diagnose sampling problems
 - 
INFO [2020-11-16 16:05:10] Initialising estimates for: US
INFO [2020-11-16 16:05:13] Completed estimates for: Tennessee
WARN [2020-11-16 16:05:16] Utah (chain: 1): There were 1 divergent transitions after warmup. See
http://mc-stan.org/misc/warnings.html#divergent-transitions-after-warmup
to find out why this is a problem and how to eliminate them. - 
WARN [2020-11-16 16:05:16] Utah (chain: 1): Examine the pairs() plot to diagnose sampling problems
 - 
WARN [2020-11-16 16:05:22] South Carolina (chain: 1): There were 1 divergent transitions after warmup. See
http://mc-stan.org/misc/warnings.html#divergent-transitions-after-warmup
to find out why this is a problem and how to eliminate them. - 
WARN [2020-11-16 16:05:22] South Carolina (chain: 1): Examine the pairs() plot to diagnose sampling problems
 - 
INFO [2020-11-16 16:05:22] Completed estimates for: Utah
INFO [2020-11-16 16:05:28] Completed estimates for: South Carolina
INFO [2020-11-16 16:05:31] Completed estimates for: Virginia
WARN [2020-11-16 16:05:33] Washington (chain: 1): There were 1 divergent transitions after warmup. See
http://mc-stan.org/misc/warnings.html#divergent-transitions-after-warmup
to find out why this is a problem and how to eliminate them. - 
WARN [2020-11-16 16:05:33] Washington (chain: 1): Examine the pairs() plot to diagnose sampling problems
 - 
INFO [2020-11-16 16:05:39] Completed estimates for: Washington
WARN [2020-11-16 16:06:05] Texas (chain: 1): There were 1 divergent transitions after warmup. See
http://mc-stan.org/misc/warnings.html#divergent-transitions-after-warmup
to find out why this is a problem and how to eliminate them. - 
WARN [2020-11-16 16:06:05] Texas (chain: 1): Examine the pairs() plot to diagnose sampling problems
 - 
INFO [2020-11-16 16:06:06] Completed estimates for: West Virginia
INFO [2020-11-16 16:06:11] Completed estimates for: Texas
WARN [2020-11-16 16:06:49] Wisconsin (chain: 1): There were 1 divergent transitions after warmup. See
http://mc-stan.org/misc/warnings.html#divergent-transitions-after-warmup
to find out why this is a problem and how to eliminate them. - 
WARN [2020-11-16 16:06:49] Wisconsin (chain: 1): Examine the pairs() plot to diagnose sampling problems
 - 
INFO [2020-11-16 16:06:55] Completed estimates for: Wisconsin
WARN [2020-11-16 16:07:19] US (chain: 1): There were 16 divergent transitions after warmup. See
http://mc-stan.org/misc/warnings.html#divergent-transitions-after-warmup
to find out why this is a problem and how to eliminate them. - 
WARN [2020-11-16 16:07:19] US (chain: 1): Examine the pairs() plot to diagnose sampling problems
 - 
INFO [2020-11-16 16:07:24] Completed estimates for: US
WARN [2020-11-16 16:18:48] Mississippi (chain: 1): There were 3 divergent transitions after warmup. See
http://mc-stan.org/misc/warnings.html#divergent-transitions-after-warmup
to find out why this is a problem and how to eliminate them. - 
WARN [2020-11-16 16:18:48] Mississippi (chain: 1): Examine the pairs() plot to diagnose sampling problems
 - 
INFO [2020-11-16 16:18:54] Completed estimates for: Mississippi
