INFO [2020-11-30 11:00:57] Initialising estimates for: Alabama
INFO [2020-11-30 11:00:58] Initialising estimates for: Alaska
INFO [2020-11-30 11:00:59] Initialising estimates for: Arizona
INFO [2020-11-30 11:01:00] Initialising estimates for: Arkansas
INFO [2020-11-30 11:01:02] Initialising estimates for: California
INFO [2020-11-30 11:01:04] Initialising estimates for: Colorado
INFO [2020-11-30 11:01:06] Initialising estimates for: Connecticut
INFO [2020-11-30 11:01:09] Initialising estimates for: Delaware
INFO [2020-11-30 11:01:12] Initialising estimates for: District of Columbia
INFO [2020-11-30 11:01:16] Initialising estimates for: Florida
INFO [2020-11-30 11:01:20] Initialising estimates for: Georgia
INFO [2020-11-30 11:01:25] Initialising estimates for: Guam
INFO [2020-11-30 11:01:30] Initialising estimates for: Hawaii
INFO [2020-11-30 11:01:35] Initialising estimates for: Idaho
WARN [2020-11-30 11:01:35] Alabama (chain: 1): There were 1 divergent transitions after warmup. See
http://mc-stan.org/misc/warnings.html#divergent-transitions-after-warmup
to find out why this is a problem and how to eliminate them. - 
WARN [2020-11-30 11:01:35] Alabama (chain: 1): Examine the pairs() plot to diagnose sampling problems
 - 
INFO [2020-11-30 11:01:41] Initialising estimates for: Illinois
WARN [2020-11-30 11:01:44] Arizona (chain: 1): There were 1 divergent transitions after warmup. See
http://mc-stan.org/misc/warnings.html#divergent-transitions-after-warmup
to find out why this is a problem and how to eliminate them. - 
WARN [2020-11-30 11:01:44] Arizona (chain: 1): Examine the pairs() plot to diagnose sampling problems
 - 
INFO [2020-11-30 11:01:45] Completed estimates for: Alaska
INFO [2020-11-30 11:01:47] Completed estimates for: Alabama
INFO [2020-11-30 11:01:47] Initialising estimates for: Indiana
INFO [2020-11-30 11:01:55] Completed estimates for: Arizona
WARN [2020-11-30 11:01:59] California (chain: 1): There were 2 divergent transitions after warmup. See
http://mc-stan.org/misc/warnings.html#divergent-transitions-after-warmup
to find out why this is a problem and how to eliminate them. - 
WARN [2020-11-30 11:01:59] California (chain: 1): Examine the pairs() plot to diagnose sampling problems
 - 
INFO [2020-11-30 11:01:59] Completed estimates for: District of Columbia
INFO [2020-11-30 11:02:01] Completed estimates for: Delaware
WARN [2020-11-30 11:02:03] Connecticut (chain: 1): There were 1 divergent transitions after warmup. See
http://mc-stan.org/misc/warnings.html#divergent-transitions-after-warmup
to find out why this is a problem and how to eliminate them. - 
WARN [2020-11-30 11:02:03] Connecticut (chain: 1): Examine the pairs() plot to diagnose sampling problems
 - 
WARN [2020-11-30 11:02:06] Arkansas (chain: 1): There were 1 divergent transitions after warmup. See
http://mc-stan.org/misc/warnings.html#divergent-transitions-after-warmup
to find out why this is a problem and how to eliminate them. - 
WARN [2020-11-30 11:02:06] Arkansas (chain: 1): Examine the pairs() plot to diagnose sampling problems
 - 
INFO [2020-11-30 11:02:07] Completed estimates for: California
INFO [2020-11-30 11:02:08] Initialising estimates for: Iowa
INFO [2020-11-30 11:02:10] Completed estimates for: Connecticut
INFO [2020-11-30 11:02:13] Completed estimates for: Arkansas
INFO [2020-11-30 11:02:19] Initialising estimates for: Kansas
INFO [2020-11-30 11:02:19] Completed estimates for: Hawaii
INFO [2020-11-30 11:02:19] Completed estimates for: Colorado
INFO [2020-11-30 11:02:20] Completed estimates for: Guam
WARN [2020-11-30 11:02:24] Florida (chain: 1): There were 13 divergent transitions after warmup. See
http://mc-stan.org/misc/warnings.html#divergent-transitions-after-warmup
to find out why this is a problem and how to eliminate them. - 
WARN [2020-11-30 11:02:24] Florida (chain: 1): Examine the pairs() plot to diagnose sampling problems
 - 
WARN [2020-11-30 11:02:26] Georgia (chain: 1): There were 2 divergent transitions after warmup. See
http://mc-stan.org/misc/warnings.html#divergent-transitions-after-warmup
to find out why this is a problem and how to eliminate them. - 
WARN [2020-11-30 11:02:26] Georgia (chain: 1): Examine the pairs() plot to diagnose sampling problems
 - 
INFO [2020-11-30 11:02:27] Initialising estimates for: Kentucky
INFO [2020-11-30 11:02:31] Initialising estimates for: Louisiana
INFO [2020-11-30 11:02:31] Completed estimates for: Florida
INFO [2020-11-30 11:02:32] Completed estimates for: Georgia
INFO [2020-11-30 11:02:37] Completed estimates for: Idaho
INFO [2020-11-30 11:02:38] Initialising estimates for: Maine
INFO [2020-11-30 11:02:42] Initialising estimates for: Maryland
INFO [2020-11-30 11:02:46] Initialising estimates for: Massachusetts
INFO [2020-11-30 11:02:49] Initialising estimates for: Michigan
INFO [2020-11-30 11:02:53] Initialising estimates for: Minnesota
INFO [2020-11-30 11:02:58] Initialising estimates for: Mississippi
INFO [2020-11-30 11:03:03] Initialising estimates for: Missouri
WARN [2020-11-30 11:03:08] Iowa (chain: 1): There were 1 divergent transitions after warmup. See
http://mc-stan.org/misc/warnings.html#divergent-transitions-after-warmup
to find out why this is a problem and how to eliminate them. - 
WARN [2020-11-30 11:03:08] Iowa (chain: 1): Examine the pairs() plot to diagnose sampling problems
 - 
INFO [2020-11-30 11:03:09] Initialising estimates for: Montana
INFO [2020-11-30 11:03:12] Completed estimates for: Kansas
INFO [2020-11-30 11:03:14] Initialising estimates for: Nebraska
INFO [2020-11-30 11:03:20] Completed estimates for: Iowa
WARN [2020-11-30 11:03:20] Illinois (chain: 1): There were 1 divergent transitions after warmup. See
http://mc-stan.org/misc/warnings.html#divergent-transitions-after-warmup
to find out why this is a problem and how to eliminate them. - 
WARN [2020-11-30 11:03:20] Illinois (chain: 1): Examine the pairs() plot to diagnose sampling problems
 - 
WARN [2020-11-30 11:03:24] Louisiana (chain: 1): There were 3 divergent transitions after warmup. See
http://mc-stan.org/misc/warnings.html#divergent-transitions-after-warmup
to find out why this is a problem and how to eliminate them. - 
WARN [2020-11-30 11:03:24] Louisiana (chain: 1): Examine the pairs() plot to diagnose sampling problems
 - 
INFO [2020-11-30 11:03:26] Initialising estimates for: Nevada
INFO [2020-11-30 11:03:26] Completed estimates for: Maine
INFO [2020-11-30 11:03:29] Completed estimates for: Illinois
INFO [2020-11-30 11:03:31] Completed estimates for: Louisiana
WARN [2020-11-30 11:03:37] Michigan (chain: 1): There were 3 divergent transitions after warmup. See
http://mc-stan.org/misc/warnings.html#divergent-transitions-after-warmup
to find out why this is a problem and how to eliminate them. - 
WARN [2020-11-30 11:03:37] Michigan (chain: 1): Examine the pairs() plot to diagnose sampling problems
 - 
INFO [2020-11-30 11:03:40] Initialising estimates for: New Hampshire
INFO [2020-11-30 11:03:40] Completed estimates for: Indiana
INFO [2020-11-30 11:03:45] Completed estimates for: Michigan
INFO [2020-11-30 11:03:49] Initialising estimates for: New Jersey
WARN [2020-11-30 11:03:50] Mississippi (chain: 1): There were 1 divergent transitions after warmup. See
http://mc-stan.org/misc/warnings.html#divergent-transitions-after-warmup
to find out why this is a problem and how to eliminate them. - 
WARN [2020-11-30 11:03:50] Mississippi (chain: 1): Examine the pairs() plot to diagnose sampling problems
 - 
WARN [2020-11-30 11:03:52] Mississippi (chain: 1): Tail Effective Samples Size (ESS) is too low, indicating posterior variances and tail quantiles may be unreliable.
Running the chains for more iterations may help. See
http://mc-stan.org/misc/warnings.html#tail-ess - 
INFO [2020-11-30 11:03:54] Initialising estimates for: New Mexico
INFO [2020-11-30 11:03:56] Completed estimates for: Kentucky
INFO [2020-11-30 11:03:56] Completed estimates for: Mississippi
WARN [2020-11-30 11:04:01] Nebraska (chain: 1): There were 1 divergent transitions after warmup. See
http://mc-stan.org/misc/warnings.html#divergent-transitions-after-warmup
to find out why this is a problem and how to eliminate them. - 
WARN [2020-11-30 11:04:01] Nebraska (chain: 1): Examine the pairs() plot to diagnose sampling problems
 - 
INFO [2020-11-30 11:04:03] Initialising estimates for: New York
WARN [2020-11-30 11:04:05] Massachusetts (chain: 1): There were 2 divergent transitions after warmup. See
http://mc-stan.org/misc/warnings.html#divergent-transitions-after-warmup
to find out why this is a problem and how to eliminate them. - 
WARN [2020-11-30 11:04:05] Massachusetts (chain: 1): Examine the pairs() plot to diagnose sampling problems
 - 
INFO [2020-11-30 11:04:07] Initialising estimates for: North Carolina
INFO [2020-11-30 11:04:08] Completed estimates for: Nebraska
INFO [2020-11-30 11:04:12] Completed estimates for: Massachusetts
INFO [2020-11-30 11:04:17] Initialising estimates for: North Dakota
INFO [2020-11-30 11:04:17] Completed estimates for: Montana
WARN [2020-11-30 11:04:20] Maryland (chain: 1): There were 5 divergent transitions after warmup. See
http://mc-stan.org/misc/warnings.html#divergent-transitions-after-warmup
to find out why this is a problem and how to eliminate them. - 
WARN [2020-11-30 11:04:20] Maryland (chain: 1): Examine the pairs() plot to diagnose sampling problems
 - 
INFO [2020-11-30 11:04:23] Completed estimates for: Nevada
INFO [2020-11-30 11:04:23] Initialising estimates for: Ohio
INFO [2020-11-30 11:04:26] Completed estimates for: Maryland
INFO [2020-11-30 11:04:32] Initialising estimates for: Oklahoma
INFO [2020-11-30 11:04:33] Completed estimates for: New Hampshire
WARN [2020-11-30 11:04:38] Missouri (chain: 1): There were 52 divergent transitions after warmup. See
http://mc-stan.org/misc/warnings.html#divergent-transitions-after-warmup
to find out why this is a problem and how to eliminate them. - 
WARN [2020-11-30 11:04:38] Missouri (chain: 1): Examine the pairs() plot to diagnose sampling problems
 - 
INFO [2020-11-30 11:04:38] Initialising estimates for: Oregon
WARN [2020-11-30 11:04:39] Missouri (chain: 1): Bulk Effective Samples Size (ESS) is too low, indicating posterior means and medians may be unreliable.
Running the chains for more iterations may help. See
http://mc-stan.org/misc/warnings.html#bulk-ess - 
WARN [2020-11-30 11:04:40] Missouri (chain: 1): Tail Effective Samples Size (ESS) is too low, indicating posterior variances and tail quantiles may be unreliable.
Running the chains for more iterations may help. See
http://mc-stan.org/misc/warnings.html#tail-ess - 
INFO [2020-11-30 11:04:42] Initialising estimates for: Pennsylvania
INFO [2020-11-30 11:04:44] Completed estimates for: Missouri
INFO [2020-11-30 11:04:47] Initialising estimates for: Puerto Rico
WARN [2020-11-30 11:04:51] North Carolina (chain: 1): There were 6 divergent transitions after warmup. See
http://mc-stan.org/misc/warnings.html#divergent-transitions-after-warmup
to find out why this is a problem and how to eliminate them. - 
WARN [2020-11-30 11:04:51] North Carolina (chain: 1): Examine the pairs() plot to diagnose sampling problems
 - 
INFO [2020-11-30 11:04:54] Initialising estimates for: Rhode Island
INFO [2020-11-30 11:04:58] Completed estimates for: North Carolina
INFO [2020-11-30 11:04:59] Initialising estimates for: South Carolina
INFO [2020-11-30 11:05:07] Initialising estimates for: South Dakota
WARN [2020-11-30 11:05:12] Minnesota (chain: 1): There were 3 divergent transitions after warmup. See
http://mc-stan.org/misc/warnings.html#divergent-transitions-after-warmup
to find out why this is a problem and how to eliminate them. - 
WARN [2020-11-30 11:05:12] Minnesota (chain: 1): Examine the pairs() plot to diagnose sampling problems
 - 
INFO [2020-11-30 11:05:12] Initialising estimates for: Tennessee
INFO [2020-11-30 11:05:18] Completed estimates for: New Mexico
INFO [2020-11-30 11:05:18] Initialising estimates for: Texas
INFO [2020-11-30 11:05:20] Completed estimates for: Minnesota
WARN [2020-11-30 11:05:22] New York (chain: 1): There were 1 divergent transitions after warmup. See
http://mc-stan.org/misc/warnings.html#divergent-transitions-after-warmup
to find out why this is a problem and how to eliminate them. - 
WARN [2020-11-30 11:05:22] New York (chain: 1): Examine the pairs() plot to diagnose sampling problems
 - 
WARN [2020-11-30 11:05:27] Oregon (chain: 1): There were 1 divergent transitions after warmup. See
http://mc-stan.org/misc/warnings.html#divergent-transitions-after-warmup
to find out why this is a problem and how to eliminate them. - 
WARN [2020-11-30 11:05:27] Oregon (chain: 1): Examine the pairs() plot to diagnose sampling problems
 - 
WARN [2020-11-30 11:05:28] Ohio (chain: 1): There were 13 divergent transitions after warmup. See
http://mc-stan.org/misc/warnings.html#divergent-transitions-after-warmup
to find out why this is a problem and how to eliminate them. - 
WARN [2020-11-30 11:05:28] Ohio (chain: 1): Examine the pairs() plot to diagnose sampling problems
 - 
WARN [2020-11-30 11:05:29] Pennsylvania (chain: 1): There were 8 divergent transitions after warmup. See
http://mc-stan.org/misc/warnings.html#divergent-transitions-after-warmup
to find out why this is a problem and how to eliminate them. - 
WARN [2020-11-30 11:05:29] Pennsylvania (chain: 1): Examine the pairs() plot to diagnose sampling problems
 - 
INFO [2020-11-30 11:05:29] Completed estimates for: New York
INFO [2020-11-30 11:05:30] Initialising estimates for: Utah
INFO [2020-11-30 11:05:34] Completed estimates for: Oregon
INFO [2020-11-30 11:05:35] Completed estimates for: Ohio
INFO [2020-11-30 11:05:36] Completed estimates for: Pennsylvania
WARN [2020-11-30 11:05:38] Oklahoma (chain: 1): There were 1 divergent transitions after warmup. See
http://mc-stan.org/misc/warnings.html#divergent-transitions-after-warmup
to find out why this is a problem and how to eliminate them. - 
WARN [2020-11-30 11:05:38] Oklahoma (chain: 1): Examine the pairs() plot to diagnose sampling problems
 - 
WARN [2020-11-30 11:05:43] Rhode Island (chain: 1): There were 1 divergent transitions after warmup. See
http://mc-stan.org/misc/warnings.html#divergent-transitions-after-warmup
to find out why this is a problem and how to eliminate them. - 
WARN [2020-11-30 11:05:43] Rhode Island (chain: 1): Examine the pairs() plot to diagnose sampling problems
 - 
INFO [2020-11-30 11:05:45] Initialising estimates for: Virginia
INFO [2020-11-30 11:05:45] Completed estimates for: Oklahoma
WARN [2020-11-30 11:05:45] South Carolina (chain: 1): There were 2 divergent transitions after warmup. See
http://mc-stan.org/misc/warnings.html#divergent-transitions-after-warmup
to find out why this is a problem and how to eliminate them. - 
WARN [2020-11-30 11:05:45] South Carolina (chain: 1): Examine the pairs() plot to diagnose sampling problems
 - 
WARN [2020-11-30 11:05:47] New Jersey (chain: 1): There were 19 divergent transitions after warmup. See
http://mc-stan.org/misc/warnings.html#divergent-transitions-after-warmup
to find out why this is a problem and how to eliminate them. - 
WARN [2020-11-30 11:05:47] New Jersey (chain: 1): Examine the pairs() plot to diagnose sampling problems
 - 
WARN [2020-11-30 11:05:49] New Jersey (chain: 1): Bulk Effective Samples Size (ESS) is too low, indicating posterior means and medians may be unreliable.
Running the chains for more iterations may help. See
http://mc-stan.org/misc/warnings.html#bulk-ess - 
INFO [2020-11-30 11:05:50] Completed estimates for: Rhode Island
INFO [2020-11-30 11:05:51] Initialising estimates for: Washington
INFO [2020-11-30 11:05:52] Completed estimates for: South Carolina
INFO [2020-11-30 11:05:55] Completed estimates for: New Jersey
WARN [2020-11-30 11:05:57] Puerto Rico (chain: 1): There were 1 divergent transitions after warmup. See
http://mc-stan.org/misc/warnings.html#divergent-transitions-after-warmup
to find out why this is a problem and how to eliminate them. - 
WARN [2020-11-30 11:05:57] Puerto Rico (chain: 1): Examine the pairs() plot to diagnose sampling problems
 - 
WARN [2020-11-30 11:05:59] North Dakota (chain: 1): There were 1 divergent transitions after warmup. See
http://mc-stan.org/misc/warnings.html#divergent-transitions-after-warmup
to find out why this is a problem and how to eliminate them. - 
WARN [2020-11-30 11:05:59] North Dakota (chain: 1): Examine the pairs() plot to diagnose sampling problems
 - 
INFO [2020-11-30 11:06:01] Initialising estimates for: West Virginia
INFO [2020-11-30 11:06:04] Initialising estimates for: Wisconsin
INFO [2020-11-30 11:06:05] Completed estimates for: Puerto Rico
INFO [2020-11-30 11:06:07] Completed estimates for: North Dakota
INFO [2020-11-30 11:06:12] Initialising estimates for: Wyoming
INFO [2020-11-30 11:06:16] Initialising estimates for: US
INFO [2020-11-30 11:06:18] Completed estimates for: Tennessee
INFO [2020-11-30 11:06:37] Completed estimates for: Utah
INFO [2020-11-30 11:06:43] Completed estimates for: Washington
WARN [2020-11-30 11:06:47] Virginia (chain: 1): There were 1 divergent transitions after warmup. See
http://mc-stan.org/misc/warnings.html#divergent-transitions-after-warmup
to find out why this is a problem and how to eliminate them. - 
WARN [2020-11-30 11:06:47] Virginia (chain: 1): Examine the pairs() plot to diagnose sampling problems
 - 
WARN [2020-11-30 11:06:48] Virginia (chain: 1): Bulk Effective Samples Size (ESS) is too low, indicating posterior means and medians may be unreliable.
Running the chains for more iterations may help. See
http://mc-stan.org/misc/warnings.html#bulk-ess - 
INFO [2020-11-30 11:06:54] Completed estimates for: Virginia
INFO [2020-11-30 11:06:57] Completed estimates for: Wyoming
WARN [2020-11-30 11:06:59] Texas (chain: 1): There were 1 divergent transitions after warmup. See
http://mc-stan.org/misc/warnings.html#divergent-transitions-after-warmup
to find out why this is a problem and how to eliminate them. - 
WARN [2020-11-30 11:06:59] Texas (chain: 1): Examine the pairs() plot to diagnose sampling problems
 - 
WARN [2020-11-30 11:07:00] Wisconsin (chain: 1): There were 3 divergent transitions after warmup. See
http://mc-stan.org/misc/warnings.html#divergent-transitions-after-warmup
to find out why this is a problem and how to eliminate them. - 
WARN [2020-11-30 11:07:00] Wisconsin (chain: 1): Examine the pairs() plot to diagnose sampling problems
 - 
WARN [2020-11-30 11:07:01] Texas (chain: 1): Bulk Effective Samples Size (ESS) is too low, indicating posterior means and medians may be unreliable.
Running the chains for more iterations may help. See
http://mc-stan.org/misc/warnings.html#bulk-ess - 
INFO [2020-11-30 11:07:06] Completed estimates for: Texas
INFO [2020-11-30 11:07:08] Completed estimates for: Wisconsin
WARN [2020-11-30 11:07:16] South Dakota (chain: 1): There were 1 divergent transitions after warmup. See
http://mc-stan.org/misc/warnings.html#divergent-transitions-after-warmup
to find out why this is a problem and how to eliminate them. - 
WARN [2020-11-30 11:07:16] South Dakota (chain: 1): Examine the pairs() plot to diagnose sampling problems
 - 
INFO [2020-11-30 11:07:18] Completed estimates for: West Virginia
INFO [2020-11-30 11:07:23] Completed estimates for: South Dakota
WARN [2020-11-30 11:08:59] US (chain: 1): There were 4 divergent transitions after warmup. See
http://mc-stan.org/misc/warnings.html#divergent-transitions-after-warmup
to find out why this is a problem and how to eliminate them. - 
WARN [2020-11-30 11:08:59] US (chain: 1): Examine the pairs() plot to diagnose sampling problems
 - 
WARN [2020-11-30 11:09:01] US (chain: 1): Bulk Effective Samples Size (ESS) is too low, indicating posterior means and medians may be unreliable.
Running the chains for more iterations may help. See
http://mc-stan.org/misc/warnings.html#bulk-ess - 
WARN [2020-11-30 11:09:02] US (chain: 1): Tail Effective Samples Size (ESS) is too low, indicating posterior variances and tail quantiles may be unreliable.
Running the chains for more iterations may help. See
http://mc-stan.org/misc/warnings.html#tail-ess - 
INFO [2020-11-30 11:09:05] Completed estimates for: US
