INFO [2020-11-23 14:06:55] Initialising estimates for: Alabama
INFO [2020-11-23 14:06:55] Initialising estimates for: Alaska
INFO [2020-11-23 14:06:56] Initialising estimates for: Arizona
INFO [2020-11-23 14:06:57] Initialising estimates for: Arkansas
INFO [2020-11-23 14:06:59] Initialising estimates for: California
INFO [2020-11-23 14:07:01] Initialising estimates for: Colorado
INFO [2020-11-23 14:07:04] Initialising estimates for: Connecticut
INFO [2020-11-23 14:07:06] Initialising estimates for: Delaware
INFO [2020-11-23 14:07:10] Initialising estimates for: District of Columbia
INFO [2020-11-23 14:07:13] Initialising estimates for: Florida
INFO [2020-11-23 14:07:18] Initialising estimates for: Georgia
INFO [2020-11-23 14:07:22] Initialising estimates for: Guam
INFO [2020-11-23 14:07:27] Initialising estimates for: Hawaii
INFO [2020-11-23 14:07:32] Initialising estimates for: Idaho
INFO [2020-11-23 14:07:38] Initialising estimates for: Illinois
WARN [2020-11-23 14:07:39] Alabama (chain: 1): There were 4 divergent transitions after warmup. See
http://mc-stan.org/misc/warnings.html#divergent-transitions-after-warmup
to find out why this is a problem and how to eliminate them. - 
WARN [2020-11-23 14:07:39] Alabama (chain: 1): Examine the pairs() plot to diagnose sampling problems
 - 
WARN [2020-11-23 14:07:43] Delaware (chain: 1): There were 1 divergent transitions after warmup. See
http://mc-stan.org/misc/warnings.html#divergent-transitions-after-warmup
to find out why this is a problem and how to eliminate them. - 
WARN [2020-11-23 14:07:43] Delaware (chain: 1): Examine the pairs() plot to diagnose sampling problems
 - 
INFO [2020-11-23 14:07:44] Initialising estimates for: Indiana
INFO [2020-11-23 14:07:46] Completed estimates for: Alabama
INFO [2020-11-23 14:07:49] Completed estimates for: Alaska
WARN [2020-11-23 14:07:51] Colorado (chain: 1): There were 2 divergent transitions after warmup. See
http://mc-stan.org/misc/warnings.html#divergent-transitions-after-warmup
to find out why this is a problem and how to eliminate them. - 
WARN [2020-11-23 14:07:51] Colorado (chain: 1): Examine the pairs() plot to diagnose sampling problems
 - 
INFO [2020-11-23 14:07:51] Completed estimates for: Delaware
INFO [2020-11-23 14:07:53] Completed estimates for: Arizona
INFO [2020-11-23 14:07:58] Completed estimates for: Colorado
INFO [2020-11-23 14:08:03] Completed estimates for: District of Columbia
INFO [2020-11-23 14:08:05] Initialising estimates for: Iowa
WARN [2020-11-23 14:08:06] California (chain: 1): There were 5 divergent transitions after warmup. See
http://mc-stan.org/misc/warnings.html#divergent-transitions-after-warmup
to find out why this is a problem and how to eliminate them. - 
WARN [2020-11-23 14:08:06] California (chain: 1): Examine the pairs() plot to diagnose sampling problems
 - 
INFO [2020-11-23 14:08:10] Completed estimates for: Guam
INFO [2020-11-23 14:08:12] Completed estimates for: California
INFO [2020-11-23 14:08:14] Initialising estimates for: Kansas
WARN [2020-11-23 14:08:16] Arkansas (chain: 1): There were 4 divergent transitions after warmup. See
http://mc-stan.org/misc/warnings.html#divergent-transitions-after-warmup
to find out why this is a problem and how to eliminate them. - 
WARN [2020-11-23 14:08:16] Arkansas (chain: 1): Examine the pairs() plot to diagnose sampling problems
 - 
WARN [2020-11-23 14:08:20] Hawaii (chain: 1): Tail Effective Samples Size (ESS) is too low, indicating posterior variances and tail quantiles may be unreliable.
Running the chains for more iterations may help. See
http://mc-stan.org/misc/warnings.html#tail-ess - 
INFO [2020-11-23 14:08:20] Initialising estimates for: Kentucky
WARN [2020-11-23 14:08:21] Connecticut (chain: 1): There were 3 divergent transitions after warmup. See
http://mc-stan.org/misc/warnings.html#divergent-transitions-after-warmup
to find out why this is a problem and how to eliminate them. - 
WARN [2020-11-23 14:08:21] Connecticut (chain: 1): Examine the pairs() plot to diagnose sampling problems
 - 
INFO [2020-11-23 14:08:23] Completed estimates for: Arkansas
INFO [2020-11-23 14:08:24] Completed estimates for: Hawaii
INFO [2020-11-23 14:08:25] Initialising estimates for: Louisiana
INFO [2020-11-23 14:08:28] Completed estimates for: Connecticut
WARN [2020-11-23 14:08:32] Florida (chain: 1): There were 1 divergent transitions after warmup. See
http://mc-stan.org/misc/warnings.html#divergent-transitions-after-warmup
to find out why this is a problem and how to eliminate them. - 
WARN [2020-11-23 14:08:32] Florida (chain: 1): Examine the pairs() plot to diagnose sampling problems
 - 
INFO [2020-11-23 14:08:35] Initialising estimates for: Maine
INFO [2020-11-23 14:08:39] Completed estimates for: Florida
INFO [2020-11-23 14:08:39] Initialising estimates for: Maryland
INFO [2020-11-23 14:08:39] Completed estimates for: Georgia
INFO [2020-11-23 14:08:44] Completed estimates for: Idaho
WARN [2020-11-23 14:08:44] Indiana (chain: 1): There were 18 divergent transitions after warmup. See
http://mc-stan.org/misc/warnings.html#divergent-transitions-after-warmup
to find out why this is a problem and how to eliminate them. - 
WARN [2020-11-23 14:08:44] Indiana (chain: 1): Examine the pairs() plot to diagnose sampling problems
 - 
INFO [2020-11-23 14:08:49] Initialising estimates for: Massachusetts
WARN [2020-11-23 14:08:50] Illinois (chain: 1): There were 12 divergent transitions after warmup. See
http://mc-stan.org/misc/warnings.html#divergent-transitions-after-warmup
to find out why this is a problem and how to eliminate them. - 
WARN [2020-11-23 14:08:50] Illinois (chain: 1): Examine the pairs() plot to diagnose sampling problems
 - 
INFO [2020-11-23 14:08:50] Completed estimates for: Indiana
INFO [2020-11-23 14:08:54] Initialising estimates for: Michigan
INFO [2020-11-23 14:08:56] Completed estimates for: Illinois
INFO [2020-11-23 14:08:58] Initialising estimates for: Minnesota
WARN [2020-11-23 14:09:02] Louisiana (chain: 1): There were 4 divergent transitions after warmup. See
http://mc-stan.org/misc/warnings.html#divergent-transitions-after-warmup
to find out why this is a problem and how to eliminate them. - 
WARN [2020-11-23 14:09:02] Louisiana (chain: 1): Examine the pairs() plot to diagnose sampling problems
 - 
INFO [2020-11-23 14:09:04] Initialising estimates for: Mississippi
WARN [2020-11-23 14:09:04] Louisiana (chain: 1): Bulk Effective Samples Size (ESS) is too low, indicating posterior means and medians may be unreliable.
Running the chains for more iterations may help. See
http://mc-stan.org/misc/warnings.html#bulk-ess - 
WARN [2020-11-23 14:09:05] Louisiana (chain: 1): Tail Effective Samples Size (ESS) is too low, indicating posterior variances and tail quantiles may be unreliable.
Running the chains for more iterations may help. See
http://mc-stan.org/misc/warnings.html#tail-ess - 
WARN [2020-11-23 14:09:08] Iowa (chain: 1): There were 4 divergent transitions after warmup. See
http://mc-stan.org/misc/warnings.html#divergent-transitions-after-warmup
to find out why this is a problem and how to eliminate them. - 
INFO [2020-11-23 14:09:08] Initialising estimates for: Missouri
WARN [2020-11-23 14:09:08] Iowa (chain: 1): Examine the pairs() plot to diagnose sampling problems
 - 
INFO [2020-11-23 14:09:09] Completed estimates for: Louisiana
WARN [2020-11-23 14:09:11] Iowa (chain: 1): Tail Effective Samples Size (ESS) is too low, indicating posterior variances and tail quantiles may be unreliable.
Running the chains for more iterations may help. See
http://mc-stan.org/misc/warnings.html#tail-ess - 
INFO [2020-11-23 14:09:15] Completed estimates for: Iowa
INFO [2020-11-23 14:09:15] Initialising estimates for: Montana
WARN [2020-11-23 14:09:16] Kentucky (chain: 1): There were 17 divergent transitions after warmup. See
http://mc-stan.org/misc/warnings.html#divergent-transitions-after-warmup
to find out why this is a problem and how to eliminate them. - 
WARN [2020-11-23 14:09:16] Kentucky (chain: 1): Examine the pairs() plot to diagnose sampling problems
 - 
WARN [2020-11-23 14:09:18] Maine (chain: 1): There were 3 divergent transitions after warmup. See
http://mc-stan.org/misc/warnings.html#divergent-transitions-after-warmup
to find out why this is a problem and how to eliminate them. - 
WARN [2020-11-23 14:09:18] Maine (chain: 1): Examine the pairs() plot to diagnose sampling problems
 - 
INFO [2020-11-23 14:09:21] Initialising estimates for: Nebraska
INFO [2020-11-23 14:09:23] Completed estimates for: Kansas
INFO [2020-11-23 14:09:23] Completed estimates for: Kentucky
INFO [2020-11-23 14:09:25] Completed estimates for: Maine
INFO [2020-11-23 14:09:31] Initialising estimates for: Nevada
INFO [2020-11-23 14:09:35] Initialising estimates for: New Hampshire
WARN [2020-11-23 14:09:38] Michigan (chain: 1): There were 6 divergent transitions after warmup. See
http://mc-stan.org/misc/warnings.html#divergent-transitions-after-warmup
to find out why this is a problem and how to eliminate them. - 
WARN [2020-11-23 14:09:38] Michigan (chain: 1): Examine the pairs() plot to diagnose sampling problems
 - 
INFO [2020-11-23 14:09:39] Initialising estimates for: New Jersey
WARN [2020-11-23 14:09:40] Massachusetts (chain: 1): There were 3 divergent transitions after warmup. See
http://mc-stan.org/misc/warnings.html#divergent-transitions-after-warmup
to find out why this is a problem and how to eliminate them. - 
WARN [2020-11-23 14:09:40] Massachusetts (chain: 1): Examine the pairs() plot to diagnose sampling problems
 - 
WARN [2020-11-23 14:09:43] Missouri (chain: 1): There were 1 divergent transitions after warmup. See
http://mc-stan.org/misc/warnings.html#divergent-transitions-after-warmup
to find out why this is a problem and how to eliminate them. - 
WARN [2020-11-23 14:09:43] Missouri (chain: 1): Examine the pairs() plot to diagnose sampling problems
 - 
INFO [2020-11-23 14:09:44] Initialising estimates for: New Mexico
INFO [2020-11-23 14:09:45] Completed estimates for: Michigan
INFO [2020-11-23 14:09:47] Completed estimates for: Massachusetts
WARN [2020-11-23 14:09:49] Maryland (chain: 1): There were 3 divergent transitions after warmup. See
http://mc-stan.org/misc/warnings.html#divergent-transitions-after-warmup
to find out why this is a problem and how to eliminate them. - 
WARN [2020-11-23 14:09:49] Maryland (chain: 1): Examine the pairs() plot to diagnose sampling problems
 - 
INFO [2020-11-23 14:09:50] Completed estimates for: Missouri
INFO [2020-11-23 14:09:55] Completed estimates for: Mississippi
INFO [2020-11-23 14:09:55] Initialising estimates for: New York
INFO [2020-11-23 14:09:55] Completed estimates for: Maryland
INFO [2020-11-23 14:10:00] Completed estimates for: Montana
INFO [2020-11-23 14:10:04] Initialising estimates for: North Carolina
INFO [2020-11-23 14:10:07] Initialising estimates for: North Dakota
INFO [2020-11-23 14:10:11] Initialising estimates for: Ohio
INFO [2020-11-23 14:10:15] Initialising estimates for: Oklahoma
INFO [2020-11-23 14:10:19] Initialising estimates for: Oregon
INFO [2020-11-23 14:10:22] Completed estimates for: Nevada
INFO [2020-11-23 14:10:24] Initialising estimates for: Pennsylvania
WARN [2020-11-23 14:10:27] Minnesota (chain: 1): There were 5 divergent transitions after warmup. See
http://mc-stan.org/misc/warnings.html#divergent-transitions-after-warmup
to find out why this is a problem and how to eliminate them. - 
WARN [2020-11-23 14:10:27] Minnesota (chain: 1): Examine the pairs() plot to diagnose sampling problems
 - 
INFO [2020-11-23 14:10:30] Completed estimates for: Nebraska
INFO [2020-11-23 14:10:32] Initialising estimates for: Puerto Rico
INFO [2020-11-23 14:10:33] Completed estimates for: New Hampshire
INFO [2020-11-23 14:10:34] Completed estimates for: Minnesota
INFO [2020-11-23 14:10:44] Initialising estimates for: Rhode Island
INFO [2020-11-23 14:10:49] Initialising estimates for: South Carolina
WARN [2020-11-23 14:10:50] New Mexico (chain: 1): There were 6 divergent transitions after warmup. See
http://mc-stan.org/misc/warnings.html#divergent-transitions-after-warmup
to find out why this is a problem and how to eliminate them. - 
WARN [2020-11-23 14:10:50] New Mexico (chain: 1): Examine the pairs() plot to diagnose sampling problems
 - 
WARN [2020-11-23 14:10:52] New York (chain: 1): There were 1 divergent transitions after warmup. See
http://mc-stan.org/misc/warnings.html#divergent-transitions-after-warmup
to find out why this is a problem and how to eliminate them. - 
WARN [2020-11-23 14:10:52] New York (chain: 1): Examine the pairs() plot to diagnose sampling problems
 - 
WARN [2020-11-23 14:10:54] New Jersey (chain: 1): There were 12 divergent transitions after warmup. See
http://mc-stan.org/misc/warnings.html#divergent-transitions-after-warmup
to find out why this is a problem and how to eliminate them. - 
WARN [2020-11-23 14:10:54] New Jersey (chain: 1): Examine the pairs() plot to diagnose sampling problems
 - 
INFO [2020-11-23 14:10:54] Initialising estimates for: South Dakota
INFO [2020-11-23 14:10:57] Completed estimates for: New Mexico
WARN [2020-11-23 14:10:59] Ohio (chain: 1): There were 2 divergent transitions after warmup. See
http://mc-stan.org/misc/warnings.html#divergent-transitions-after-warmup
to find out why this is a problem and how to eliminate them. - 
WARN [2020-11-23 14:10:59] Ohio (chain: 1): Examine the pairs() plot to diagnose sampling problems
 - 
INFO [2020-11-23 14:10:59] Completed estimates for: New York
INFO [2020-11-23 14:10:59] Initialising estimates for: Tennessee
INFO [2020-11-23 14:11:00] Completed estimates for: New Jersey
WARN [2020-11-23 14:11:04] North Carolina (chain: 1): There were 5 divergent transitions after warmup. See
http://mc-stan.org/misc/warnings.html#divergent-transitions-after-warmup
to find out why this is a problem and how to eliminate them. - 
WARN [2020-11-23 14:11:04] North Carolina (chain: 1): Examine the pairs() plot to diagnose sampling problems
 - 
INFO [2020-11-23 14:11:05] Completed estimates for: Ohio
WARN [2020-11-23 14:11:05] North Carolina (chain: 1): Bulk Effective Samples Size (ESS) is too low, indicating posterior means and medians may be unreliable.
Running the chains for more iterations may help. See
http://mc-stan.org/misc/warnings.html#bulk-ess - 
WARN [2020-11-23 14:11:07] Oregon (chain: 1): There were 2 divergent transitions after warmup. See
http://mc-stan.org/misc/warnings.html#divergent-transitions-after-warmup
to find out why this is a problem and how to eliminate them. - 
WARN [2020-11-23 14:11:07] Oregon (chain: 1): Examine the pairs() plot to diagnose sampling problems
 - 
WARN [2020-11-23 14:11:08] Oregon (chain: 1): Bulk Effective Samples Size (ESS) is too low, indicating posterior means and medians may be unreliable.
Running the chains for more iterations may help. See
http://mc-stan.org/misc/warnings.html#bulk-ess - 
WARN [2020-11-23 14:11:10] Oregon (chain: 1): Tail Effective Samples Size (ESS) is too low, indicating posterior variances and tail quantiles may be unreliable.
Running the chains for more iterations may help. See
http://mc-stan.org/misc/warnings.html#tail-ess - 
INFO [2020-11-23 14:11:11] Completed estimates for: North Carolina
INFO [2020-11-23 14:11:14] Completed estimates for: Oregon
WARN [2020-11-23 14:11:15] North Dakota (chain: 1): There were 9 divergent transitions after warmup. See
http://mc-stan.org/misc/warnings.html#divergent-transitions-after-warmup
to find out why this is a problem and how to eliminate them. - 
WARN [2020-11-23 14:11:15] North Dakota (chain: 1): Examine the pairs() plot to diagnose sampling problems
 - 
INFO [2020-11-23 14:11:15] Initialising estimates for: Texas
INFO [2020-11-23 14:11:21] Initialising estimates for: Utah
INFO [2020-11-23 14:11:21] Completed estimates for: North Dakota
WARN [2020-11-23 14:11:27] Pennsylvania (chain: 1): There were 441 divergent transitions after warmup. See
http://mc-stan.org/misc/warnings.html#divergent-transitions-after-warmup
to find out why this is a problem and how to eliminate them. - 
WARN [2020-11-23 14:11:27] Pennsylvania (chain: 1): Examine the pairs() plot to diagnose sampling problems
 - 
INFO [2020-11-23 14:11:27] Initialising estimates for: Virginia
WARN [2020-11-23 14:11:28] Pennsylvania (chain: 1): The largest R-hat is 1.6, indicating chains have not mixed.
Running the chains for more iterations may help. See
http://mc-stan.org/misc/warnings.html#r-hat - 
WARN [2020-11-23 14:11:29] Pennsylvania (chain: 1): Bulk Effective Samples Size (ESS) is too low, indicating posterior means and medians may be unreliable.
Running the chains for more iterations may help. See
http://mc-stan.org/misc/warnings.html#bulk-ess - 
WARN [2020-11-23 14:11:30] Pennsylvania (chain: 1): Tail Effective Samples Size (ESS) is too low, indicating posterior variances and tail quantiles may be unreliable.
Running the chains for more iterations may help. See
http://mc-stan.org/misc/warnings.html#tail-ess - 
INFO [2020-11-23 14:11:31] Initialising estimates for: Washington
WARN [2020-11-23 14:11:33] Oklahoma (chain: 1): There were 3 divergent transitions after warmup. See
http://mc-stan.org/misc/warnings.html#divergent-transitions-after-warmup
to find out why this is a problem and how to eliminate them. - 
WARN [2020-11-23 14:11:33] Oklahoma (chain: 1): Examine the pairs() plot to diagnose sampling problems
 - 
WARN [2020-11-23 14:11:33] South Dakota (chain: 1): There were 1 divergent transitions after warmup. See
http://mc-stan.org/misc/warnings.html#divergent-transitions-after-warmup
to find out why this is a problem and how to eliminate them. - 
WARN [2020-11-23 14:11:33] South Dakota (chain: 1): Examine the pairs() plot to diagnose sampling problems
 - 
INFO [2020-11-23 14:11:33] Completed estimates for: Rhode Island
INFO [2020-11-23 14:11:34] Completed estimates for: Pennsylvania
WARN [2020-11-23 14:11:35] Oklahoma (chain: 1): Tail Effective Samples Size (ESS) is too low, indicating posterior variances and tail quantiles may be unreliable.
Running the chains for more iterations may help. See
http://mc-stan.org/misc/warnings.html#tail-ess - 
WARN [2020-11-23 14:11:39] South Carolina (chain: 1): There were 3 divergent transitions after warmup. See
http://mc-stan.org/misc/warnings.html#divergent-transitions-after-warmup
to find out why this is a problem and how to eliminate them. - 
WARN [2020-11-23 14:11:39] South Carolina (chain: 1): Examine the pairs() plot to diagnose sampling problems
 - 
INFO [2020-11-23 14:11:39] Completed estimates for: South Dakota
INFO [2020-11-23 14:11:39] Completed estimates for: Oklahoma
INFO [2020-11-23 14:11:40] Initialising estimates for: West Virginia
WARN [2020-11-23 14:11:43] Tennessee (chain: 1): There were 1 divergent transitions after warmup. See
http://mc-stan.org/misc/warnings.html#divergent-transitions-after-warmup
to find out why this is a problem and how to eliminate them. - 
WARN [2020-11-23 14:11:43] Tennessee (chain: 1): Examine the pairs() plot to diagnose sampling problems
 - 
INFO [2020-11-23 14:11:45] Completed estimates for: South Carolina
INFO [2020-11-23 14:11:47] Initialising estimates for: Wisconsin
INFO [2020-11-23 14:11:50] Completed estimates for: Tennessee
INFO [2020-11-23 14:11:53] Initialising estimates for: Wyoming
INFO [2020-11-23 14:11:57] Initialising estimates for: US
INFO [2020-11-23 14:12:01] Completed estimates for: Puerto Rico
WARN [2020-11-23 14:12:08] Utah (chain: 1): There were 5 divergent transitions after warmup. See
http://mc-stan.org/misc/warnings.html#divergent-transitions-after-warmup
to find out why this is a problem and how to eliminate them. - 
WARN [2020-11-23 14:12:08] Utah (chain: 1): Examine the pairs() plot to diagnose sampling problems
 - 
INFO [2020-11-23 14:12:14] Completed estimates for: Utah
INFO [2020-11-23 14:12:22] Completed estimates for: Virginia
WARN [2020-11-23 14:12:24] Texas (chain: 1): There were 5 divergent transitions after warmup. See
http://mc-stan.org/misc/warnings.html#divergent-transitions-after-warmup
to find out why this is a problem and how to eliminate them. - 
WARN [2020-11-23 14:12:24] Texas (chain: 1): Examine the pairs() plot to diagnose sampling problems
 - 
INFO [2020-11-23 14:12:29] Completed estimates for: Washington
INFO [2020-11-23 14:12:31] Completed estimates for: Texas
INFO [2020-11-23 14:12:38] Completed estimates for: Wyoming
INFO [2020-11-23 14:12:47] Completed estimates for: West Virginia
WARN [2020-11-23 14:12:56] Wisconsin (chain: 1): Bulk Effective Samples Size (ESS) is too low, indicating posterior means and medians may be unreliable.
Running the chains for more iterations may help. See
http://mc-stan.org/misc/warnings.html#bulk-ess - 
INFO [2020-11-23 14:13:00] Completed estimates for: Wisconsin
WARN [2020-11-23 14:15:06] US (chain: 1): There were 17 divergent transitions after warmup. See
http://mc-stan.org/misc/warnings.html#divergent-transitions-after-warmup
to find out why this is a problem and how to eliminate them. - 
WARN [2020-11-23 14:15:06] US (chain: 1): Examine the pairs() plot to diagnose sampling problems
 - 
INFO [2020-11-23 14:15:12] Completed estimates for: US
