INFO [2020-11-09 15:48:08] Initialising estimates for: Alabama
ERROR [2020-11-09 15:48:08] Alabama: unused arguments (burn_in = 14, future_rt = "estimate") - estimate_infections, reported_cases, generation_time, CrIs, delays, samples, horizon, output["fit"], verbose, id, ...
INFO [2020-11-09 15:48:08] Initialising estimates for: Alaska
ERROR [2020-11-09 15:48:08] Alaska: unused arguments (burn_in = 14, future_rt = "estimate") - estimate_infections, reported_cases, generation_time, CrIs, delays, samples, horizon, output["fit"], verbose, id, ...
INFO [2020-11-09 15:48:08] Initialising estimates for: Arizona
ERROR [2020-11-09 15:48:08] Arizona: unused arguments (burn_in = 14, future_rt = "estimate") - estimate_infections, reported_cases, generation_time, CrIs, delays, samples, horizon, output["fit"], verbose, id, ...
INFO [2020-11-09 15:48:08] Initialising estimates for: Arkansas
ERROR [2020-11-09 15:48:08] Arkansas: unused arguments (burn_in = 14, future_rt = "estimate") - estimate_infections, reported_cases, generation_time, CrIs, delays, samples, horizon, output["fit"], verbose, id, ...
INFO [2020-11-09 15:48:09] Initialising estimates for: California
ERROR [2020-11-09 15:48:09] California: unused arguments (burn_in = 14, future_rt = "estimate") - estimate_infections, reported_cases, generation_time, CrIs, delays, samples, horizon, output["fit"], verbose, id, ...
INFO [2020-11-09 15:48:09] Initialising estimates for: Colorado
ERROR [2020-11-09 15:48:09] Colorado: unused arguments (burn_in = 14, future_rt = "estimate") - estimate_infections, reported_cases, generation_time, CrIs, delays, samples, horizon, output["fit"], verbose, id, ...
INFO [2020-11-09 15:48:09] Initialising estimates for: Connecticut
ERROR [2020-11-09 15:48:09] Connecticut: unused arguments (burn_in = 14, future_rt = "estimate") - estimate_infections, reported_cases, generation_time, CrIs, delays, samples, horizon, output["fit"], verbose, id, ...
INFO [2020-11-09 15:48:09] Initialising estimates for: Delaware
ERROR [2020-11-09 15:48:09] Delaware: unused arguments (burn_in = 14, future_rt = "estimate") - estimate_infections, reported_cases, generation_time, CrIs, delays, samples, horizon, output["fit"], verbose, id, ...
INFO [2020-11-09 15:48:09] Initialising estimates for: District of Columbia
ERROR [2020-11-09 15:48:09] District of Columbia: unused arguments (burn_in = 14, future_rt = "estimate") - estimate_infections, reported_cases, generation_time, CrIs, delays, samples, horizon, output["fit"], verbose, id, ...
INFO [2020-11-09 15:48:09] Initialising estimates for: Florida
ERROR [2020-11-09 15:48:10] Florida: unused arguments (burn_in = 14, future_rt = "estimate") - estimate_infections, reported_cases, generation_time, CrIs, delays, samples, horizon, output["fit"], verbose, id, ...
INFO [2020-11-09 15:48:10] Initialising estimates for: Georgia
ERROR [2020-11-09 15:48:10] Georgia: unused arguments (burn_in = 14, future_rt = "estimate") - estimate_infections, reported_cases, generation_time, CrIs, delays, samples, horizon, output["fit"], verbose, id, ...
INFO [2020-11-09 15:48:10] Initialising estimates for: Guam
ERROR [2020-11-09 15:48:10] Guam: unused arguments (burn_in = 14, future_rt = "estimate") - estimate_infections, reported_cases, generation_time, CrIs, delays, samples, horizon, output["fit"], verbose, id, ...
INFO [2020-11-09 15:48:10] Initialising estimates for: Hawaii
ERROR [2020-11-09 15:48:10] Hawaii: unused arguments (burn_in = 14, future_rt = "estimate") - estimate_infections, reported_cases, generation_time, CrIs, delays, samples, horizon, output["fit"], verbose, id, ...
INFO [2020-11-09 15:48:10] Initialising estimates for: Idaho
ERROR [2020-11-09 15:48:10] Idaho: unused arguments (burn_in = 14, future_rt = "estimate") - estimate_infections, reported_cases, generation_time, CrIs, delays, samples, horizon, output["fit"], verbose, id, ...
INFO [2020-11-09 15:48:10] Initialising estimates for: Illinois
ERROR [2020-11-09 15:48:10] Illinois: unused arguments (burn_in = 14, future_rt = "estimate") - estimate_infections, reported_cases, generation_time, CrIs, delays, samples, horizon, output["fit"], verbose, id, ...
INFO [2020-11-09 15:48:11] Initialising estimates for: Indiana
ERROR [2020-11-09 15:48:11] Indiana: unused arguments (burn_in = 14, future_rt = "estimate") - estimate_infections, reported_cases, generation_time, CrIs, delays, samples, horizon, output["fit"], verbose, id, ...
INFO [2020-11-09 15:48:11] Initialising estimates for: Iowa
ERROR [2020-11-09 15:48:11] Iowa: unused arguments (burn_in = 14, future_rt = "estimate") - estimate_infections, reported_cases, generation_time, CrIs, delays, samples, horizon, output["fit"], verbose, id, ...
INFO [2020-11-09 15:48:11] Initialising estimates for: Kansas
ERROR [2020-11-09 15:48:11] Kansas: unused arguments (burn_in = 14, future_rt = "estimate") - estimate_infections, reported_cases, generation_time, CrIs, delays, samples, horizon, output["fit"], verbose, id, ...
INFO [2020-11-09 15:48:11] Initialising estimates for: Kentucky
ERROR [2020-11-09 15:48:11] Kentucky: unused arguments (burn_in = 14, future_rt = "estimate") - estimate_infections, reported_cases, generation_time, CrIs, delays, samples, horizon, output["fit"], verbose, id, ...
INFO [2020-11-09 15:48:11] Initialising estimates for: Louisiana
ERROR [2020-11-09 15:48:11] Louisiana: unused arguments (burn_in = 14, future_rt = "estimate") - estimate_infections, reported_cases, generation_time, CrIs, delays, samples, horizon, output["fit"], verbose, id, ...
INFO [2020-11-09 15:48:11] Initialising estimates for: Maine
ERROR [2020-11-09 15:48:11] Maine: unused arguments (burn_in = 14, future_rt = "estimate") - estimate_infections, reported_cases, generation_time, CrIs, delays, samples, horizon, output["fit"], verbose, id, ...
INFO [2020-11-09 15:48:11] Initialising estimates for: Maryland
ERROR [2020-11-09 15:48:11] Maryland: unused arguments (burn_in = 14, future_rt = "estimate") - estimate_infections, reported_cases, generation_time, CrIs, delays, samples, horizon, output["fit"], verbose, id, ...
INFO [2020-11-09 15:48:11] Initialising estimates for: Massachusetts
ERROR [2020-11-09 15:48:11] Massachusetts: unused arguments (burn_in = 14, future_rt = "estimate") - estimate_infections, reported_cases, generation_time, CrIs, delays, samples, horizon, output["fit"], verbose, id, ...
INFO [2020-11-09 15:48:11] Initialising estimates for: Michigan
ERROR [2020-11-09 15:48:11] Michigan: unused arguments (burn_in = 14, future_rt = "estimate") - estimate_infections, reported_cases, generation_time, CrIs, delays, samples, horizon, output["fit"], verbose, id, ...
INFO [2020-11-09 15:48:12] Initialising estimates for: Minnesota
ERROR [2020-11-09 15:48:12] Minnesota: unused arguments (burn_in = 14, future_rt = "estimate") - estimate_infections, reported_cases, generation_time, CrIs, delays, samples, horizon, output["fit"], verbose, id, ...
INFO [2020-11-09 15:48:12] Initialising estimates for: Mississippi
ERROR [2020-11-09 15:48:12] Mississippi: unused arguments (burn_in = 14, future_rt = "estimate") - estimate_infections, reported_cases, generation_time, CrIs, delays, samples, horizon, output["fit"], verbose, id, ...
INFO [2020-11-09 15:48:12] Initialising estimates for: Missouri
ERROR [2020-11-09 15:48:12] Missouri: unused arguments (burn_in = 14, future_rt = "estimate") - estimate_infections, reported_cases, generation_time, CrIs, delays, samples, horizon, output["fit"], verbose, id, ...
INFO [2020-11-09 15:48:12] Initialising estimates for: Montana
ERROR [2020-11-09 15:48:12] Montana: unused arguments (burn_in = 14, future_rt = "estimate") - estimate_infections, reported_cases, generation_time, CrIs, delays, samples, horizon, output["fit"], verbose, id, ...
INFO [2020-11-09 15:48:12] Initialising estimates for: Nebraska
ERROR [2020-11-09 15:48:12] Nebraska: unused arguments (burn_in = 14, future_rt = "estimate") - estimate_infections, reported_cases, generation_time, CrIs, delays, samples, horizon, output["fit"], verbose, id, ...
INFO [2020-11-09 15:48:12] Initialising estimates for: Nevada
ERROR [2020-11-09 15:48:12] Nevada: unused arguments (burn_in = 14, future_rt = "estimate") - estimate_infections, reported_cases, generation_time, CrIs, delays, samples, horizon, output["fit"], verbose, id, ...
INFO [2020-11-09 15:48:12] Initialising estimates for: New Hampshire
ERROR [2020-11-09 15:48:12] New Hampshire: unused arguments (burn_in = 14, future_rt = "estimate") - estimate_infections, reported_cases, generation_time, CrIs, delays, samples, horizon, output["fit"], verbose, id, ...
INFO [2020-11-09 15:48:12] Initialising estimates for: New Jersey
ERROR [2020-11-09 15:48:12] New Jersey: unused arguments (burn_in = 14, future_rt = "estimate") - estimate_infections, reported_cases, generation_time, CrIs, delays, samples, horizon, output["fit"], verbose, id, ...
INFO [2020-11-09 15:48:12] Initialising estimates for: New Mexico
ERROR [2020-11-09 15:48:12] New Mexico: unused arguments (burn_in = 14, future_rt = "estimate") - estimate_infections, reported_cases, generation_time, CrIs, delays, samples, horizon, output["fit"], verbose, id, ...
INFO [2020-11-09 15:48:12] Initialising estimates for: New York
ERROR [2020-11-09 15:48:13] New York: unused arguments (burn_in = 14, future_rt = "estimate") - estimate_infections, reported_cases, generation_time, CrIs, delays, samples, horizon, output["fit"], verbose, id, ...
INFO [2020-11-09 15:48:13] Initialising estimates for: North Carolina
ERROR [2020-11-09 15:48:13] North Carolina: unused arguments (burn_in = 14, future_rt = "estimate") - estimate_infections, reported_cases, generation_time, CrIs, delays, samples, horizon, output["fit"], verbose, id, ...
INFO [2020-11-09 15:48:13] Initialising estimates for: North Dakota
ERROR [2020-11-09 15:48:13] North Dakota: unused arguments (burn_in = 14, future_rt = "estimate") - estimate_infections, reported_cases, generation_time, CrIs, delays, samples, horizon, output["fit"], verbose, id, ...
INFO [2020-11-09 15:48:13] Initialising estimates for: Ohio
ERROR [2020-11-09 15:48:13] Ohio: unused arguments (burn_in = 14, future_rt = "estimate") - estimate_infections, reported_cases, generation_time, CrIs, delays, samples, horizon, output["fit"], verbose, id, ...
INFO [2020-11-09 15:48:13] Initialising estimates for: Oklahoma
ERROR [2020-11-09 15:48:13] Oklahoma: unused arguments (burn_in = 14, future_rt = "estimate") - estimate_infections, reported_cases, generation_time, CrIs, delays, samples, horizon, output["fit"], verbose, id, ...
INFO [2020-11-09 15:48:13] Initialising estimates for: Oregon
ERROR [2020-11-09 15:48:13] Oregon: unused arguments (burn_in = 14, future_rt = "estimate") - estimate_infections, reported_cases, generation_time, CrIs, delays, samples, horizon, output["fit"], verbose, id, ...
INFO [2020-11-09 15:48:13] Initialising estimates for: Pennsylvania
ERROR [2020-11-09 15:48:13] Pennsylvania: unused arguments (burn_in = 14, future_rt = "estimate") - estimate_infections, reported_cases, generation_time, CrIs, delays, samples, horizon, output["fit"], verbose, id, ...
INFO [2020-11-09 15:48:14] Initialising estimates for: Puerto Rico
ERROR [2020-11-09 15:48:14] Puerto Rico: unused arguments (burn_in = 14, future_rt = "estimate") - estimate_infections, reported_cases, generation_time, CrIs, delays, samples, horizon, output["fit"], verbose, id, ...
INFO [2020-11-09 15:48:14] Initialising estimates for: Rhode Island
ERROR [2020-11-09 15:48:14] Rhode Island: unused arguments (burn_in = 14, future_rt = "estimate") - estimate_infections, reported_cases, generation_time, CrIs, delays, samples, horizon, output["fit"], verbose, id, ...
INFO [2020-11-09 15:48:14] Initialising estimates for: South Carolina
ERROR [2020-11-09 15:48:14] South Carolina: unused arguments (burn_in = 14, future_rt = "estimate") - estimate_infections, reported_cases, generation_time, CrIs, delays, samples, horizon, output["fit"], verbose, id, ...
INFO [2020-11-09 15:48:14] Initialising estimates for: South Dakota
ERROR [2020-11-09 15:48:14] South Dakota: unused arguments (burn_in = 14, future_rt = "estimate") - estimate_infections, reported_cases, generation_time, CrIs, delays, samples, horizon, output["fit"], verbose, id, ...
INFO [2020-11-09 15:48:14] Initialising estimates for: Tennessee
ERROR [2020-11-09 15:48:14] Tennessee: unused arguments (burn_in = 14, future_rt = "estimate") - estimate_infections, reported_cases, generation_time, CrIs, delays, samples, horizon, output["fit"], verbose, id, ...
INFO [2020-11-09 15:48:14] Initialising estimates for: Texas
ERROR [2020-11-09 15:48:14] Texas: unused arguments (burn_in = 14, future_rt = "estimate") - estimate_infections, reported_cases, generation_time, CrIs, delays, samples, horizon, output["fit"], verbose, id, ...
INFO [2020-11-09 15:48:14] Initialising estimates for: Utah
ERROR [2020-11-09 15:48:14] Utah: unused arguments (burn_in = 14, future_rt = "estimate") - estimate_infections, reported_cases, generation_time, CrIs, delays, samples, horizon, output["fit"], verbose, id, ...
INFO [2020-11-09 15:48:14] Initialising estimates for: Virginia
ERROR [2020-11-09 15:48:14] Virginia: unused arguments (burn_in = 14, future_rt = "estimate") - estimate_infections, reported_cases, generation_time, CrIs, delays, samples, horizon, output["fit"], verbose, id, ...
INFO [2020-11-09 15:48:14] Initialising estimates for: Washington
ERROR [2020-11-09 15:48:14] Washington: unused arguments (burn_in = 14, future_rt = "estimate") - estimate_infections, reported_cases, generation_time, CrIs, delays, samples, horizon, output["fit"], verbose, id, ...
INFO [2020-11-09 15:48:14] Initialising estimates for: West Virginia
ERROR [2020-11-09 15:48:15] West Virginia: unused arguments (burn_in = 14, future_rt = "estimate") - estimate_infections, reported_cases, generation_time, CrIs, delays, samples, horizon, output["fit"], verbose, id, ...
INFO [2020-11-09 15:48:15] Initialising estimates for: Wisconsin
ERROR [2020-11-09 15:48:15] Wisconsin: unused arguments (burn_in = 14, future_rt = "estimate") - estimate_infections, reported_cases, generation_time, CrIs, delays, samples, horizon, output["fit"], verbose, id, ...
INFO [2020-11-09 15:48:15] Initialising estimates for: US
ERROR [2020-11-09 15:48:15] US: unused arguments (burn_in = 14, future_rt = "estimate") - estimate_infections, reported_cases, generation_time, CrIs, delays, samples, horizon, output["fit"], verbose, id, ...
INFO [2020-11-09 15:48:15] Runtime error in Alabama : Alabama: unused arguments (burn_in = 14, future_rt = "estimate") - estimate_infections, reported_cases, generation_time, CrIs, delays, samples, horizon, output["fit"], verbose, id, ...
INFO [2020-11-09 15:48:15] Runtime error in Alaska : Alaska: unused arguments (burn_in = 14, future_rt = "estimate") - estimate_infections, reported_cases, generation_time, CrIs, delays, samples, horizon, output["fit"], verbose, id, ...
INFO [2020-11-09 15:48:15] Runtime error in Arizona : Arizona: unused arguments (burn_in = 14, future_rt = "estimate") - estimate_infections, reported_cases, generation_time, CrIs, delays, samples, horizon, output["fit"], verbose, id, ...
INFO [2020-11-09 15:48:15] Runtime error in Arkansas : Arkansas: unused arguments (burn_in = 14, future_rt = "estimate") - estimate_infections, reported_cases, generation_time, CrIs, delays, samples, horizon, output["fit"], verbose, id, ...
INFO [2020-11-09 15:48:15] Runtime error in California : California: unused arguments (burn_in = 14, future_rt = "estimate") - estimate_infections, reported_cases, generation_time, CrIs, delays, samples, horizon, output["fit"], verbose, id, ...
INFO [2020-11-09 15:48:15] Runtime error in Colorado : Colorado: unused arguments (burn_in = 14, future_rt = "estimate") - estimate_infections, reported_cases, generation_time, CrIs, delays, samples, horizon, output["fit"], verbose, id, ...
INFO [2020-11-09 15:48:15] Runtime error in Connecticut : Connecticut: unused arguments (burn_in = 14, future_rt = "estimate") - estimate_infections, reported_cases, generation_time, CrIs, delays, samples, horizon, output["fit"], verbose, id, ...
INFO [2020-11-09 15:48:15] Runtime error in Delaware : Delaware: unused arguments (burn_in = 14, future_rt = "estimate") - estimate_infections, reported_cases, generation_time, CrIs, delays, samples, horizon, output["fit"], verbose, id, ...
INFO [2020-11-09 15:48:15] Runtime error in District of Columbia : District of Columbia: unused arguments (burn_in = 14, future_rt = "estimate") - estimate_infections, reported_cases, generation_time, CrIs, delays, samples, horizon, output["fit"], verbose, id, ...
INFO [2020-11-09 15:48:15] Runtime error in Florida : Florida: unused arguments (burn_in = 14, future_rt = "estimate") - estimate_infections, reported_cases, generation_time, CrIs, delays, samples, horizon, output["fit"], verbose, id, ...
INFO [2020-11-09 15:48:15] Runtime error in Georgia : Georgia: unused arguments (burn_in = 14, future_rt = "estimate") - estimate_infections, reported_cases, generation_time, CrIs, delays, samples, horizon, output["fit"], verbose, id, ...
INFO [2020-11-09 15:48:15] Runtime error in Guam : Guam: unused arguments (burn_in = 14, future_rt = "estimate") - estimate_infections, reported_cases, generation_time, CrIs, delays, samples, horizon, output["fit"], verbose, id, ...
INFO [2020-11-09 15:48:15] Runtime error in Hawaii : Hawaii: unused arguments (burn_in = 14, future_rt = "estimate") - estimate_infections, reported_cases, generation_time, CrIs, delays, samples, horizon, output["fit"], verbose, id, ...
INFO [2020-11-09 15:48:15] Runtime error in Idaho : Idaho: unused arguments (burn_in = 14, future_rt = "estimate") - estimate_infections, reported_cases, generation_time, CrIs, delays, samples, horizon, output["fit"], verbose, id, ...
INFO [2020-11-09 15:48:15] Runtime error in Illinois : Illinois: unused arguments (burn_in = 14, future_rt = "estimate") - estimate_infections, reported_cases, generation_time, CrIs, delays, samples, horizon, output["fit"], verbose, id, ...
INFO [2020-11-09 15:48:15] Runtime error in Indiana : Indiana: unused arguments (burn_in = 14, future_rt = "estimate") - estimate_infections, reported_cases, generation_time, CrIs, delays, samples, horizon, output["fit"], verbose, id, ...
INFO [2020-11-09 15:48:15] Runtime error in Iowa : Iowa: unused arguments (burn_in = 14, future_rt = "estimate") - estimate_infections, reported_cases, generation_time, CrIs, delays, samples, horizon, output["fit"], verbose, id, ...
INFO [2020-11-09 15:48:15] Runtime error in Kansas : Kansas: unused arguments (burn_in = 14, future_rt = "estimate") - estimate_infections, reported_cases, generation_time, CrIs, delays, samples, horizon, output["fit"], verbose, id, ...
INFO [2020-11-09 15:48:15] Runtime error in Kentucky : Kentucky: unused arguments (burn_in = 14, future_rt = "estimate") - estimate_infections, reported_cases, generation_time, CrIs, delays, samples, horizon, output["fit"], verbose, id, ...
INFO [2020-11-09 15:48:15] Runtime error in Louisiana : Louisiana: unused arguments (burn_in = 14, future_rt = "estimate") - estimate_infections, reported_cases, generation_time, CrIs, delays, samples, horizon, output["fit"], verbose, id, ...
INFO [2020-11-09 15:48:15] Runtime error in Maine : Maine: unused arguments (burn_in = 14, future_rt = "estimate") - estimate_infections, reported_cases, generation_time, CrIs, delays, samples, horizon, output["fit"], verbose, id, ...
INFO [2020-11-09 15:48:15] Runtime error in Maryland : Maryland: unused arguments (burn_in = 14, future_rt = "estimate") - estimate_infections, reported_cases, generation_time, CrIs, delays, samples, horizon, output["fit"], verbose, id, ...
INFO [2020-11-09 15:48:15] Runtime error in Massachusetts : Massachusetts: unused arguments (burn_in = 14, future_rt = "estimate") - estimate_infections, reported_cases, generation_time, CrIs, delays, samples, horizon, output["fit"], verbose, id, ...
INFO [2020-11-09 15:48:15] Runtime error in Michigan : Michigan: unused arguments (burn_in = 14, future_rt = "estimate") - estimate_infections, reported_cases, generation_time, CrIs, delays, samples, horizon, output["fit"], verbose, id, ...
INFO [2020-11-09 15:48:15] Runtime error in Minnesota : Minnesota: unused arguments (burn_in = 14, future_rt = "estimate") - estimate_infections, reported_cases, generation_time, CrIs, delays, samples, horizon, output["fit"], verbose, id, ...
INFO [2020-11-09 15:48:15] Runtime error in Mississippi : Mississippi: unused arguments (burn_in = 14, future_rt = "estimate") - estimate_infections, reported_cases, generation_time, CrIs, delays, samples, horizon, output["fit"], verbose, id, ...
INFO [2020-11-09 15:48:15] Runtime error in Missouri : Missouri: unused arguments (burn_in = 14, future_rt = "estimate") - estimate_infections, reported_cases, generation_time, CrIs, delays, samples, horizon, output["fit"], verbose, id, ...
INFO [2020-11-09 15:48:15] Runtime error in Montana : Montana: unused arguments (burn_in = 14, future_rt = "estimate") - estimate_infections, reported_cases, generation_time, CrIs, delays, samples, horizon, output["fit"], verbose, id, ...
INFO [2020-11-09 15:48:15] Runtime error in Nebraska : Nebraska: unused arguments (burn_in = 14, future_rt = "estimate") - estimate_infections, reported_cases, generation_time, CrIs, delays, samples, horizon, output["fit"], verbose, id, ...
INFO [2020-11-09 15:48:15] Runtime error in Nevada : Nevada: unused arguments (burn_in = 14, future_rt = "estimate") - estimate_infections, reported_cases, generation_time, CrIs, delays, samples, horizon, output["fit"], verbose, id, ...
INFO [2020-11-09 15:48:15] Runtime error in New Hampshire : New Hampshire: unused arguments (burn_in = 14, future_rt = "estimate") - estimate_infections, reported_cases, generation_time, CrIs, delays, samples, horizon, output["fit"], verbose, id, ...
INFO [2020-11-09 15:48:15] Runtime error in New Jersey : New Jersey: unused arguments (burn_in = 14, future_rt = "estimate") - estimate_infections, reported_cases, generation_time, CrIs, delays, samples, horizon, output["fit"], verbose, id, ...
INFO [2020-11-09 15:48:15] Runtime error in New Mexico : New Mexico: unused arguments (burn_in = 14, future_rt = "estimate") - estimate_infections, reported_cases, generation_time, CrIs, delays, samples, horizon, output["fit"], verbose, id, ...
INFO [2020-11-09 15:48:15] Runtime error in New York : New York: unused arguments (burn_in = 14, future_rt = "estimate") - estimate_infections, reported_cases, generation_time, CrIs, delays, samples, horizon, output["fit"], verbose, id, ...
INFO [2020-11-09 15:48:15] Runtime error in North Carolina : North Carolina: unused arguments (burn_in = 14, future_rt = "estimate") - estimate_infections, reported_cases, generation_time, CrIs, delays, samples, horizon, output["fit"], verbose, id, ...
INFO [2020-11-09 15:48:15] Runtime error in North Dakota : North Dakota: unused arguments (burn_in = 14, future_rt = "estimate") - estimate_infections, reported_cases, generation_time, CrIs, delays, samples, horizon, output["fit"], verbose, id, ...
INFO [2020-11-09 15:48:15] Runtime error in Ohio : Ohio: unused arguments (burn_in = 14, future_rt = "estimate") - estimate_infections, reported_cases, generation_time, CrIs, delays, samples, horizon, output["fit"], verbose, id, ...
INFO [2020-11-09 15:48:15] Runtime error in Oklahoma : Oklahoma: unused arguments (burn_in = 14, future_rt = "estimate") - estimate_infections, reported_cases, generation_time, CrIs, delays, samples, horizon, output["fit"], verbose, id, ...
INFO [2020-11-09 15:48:15] Runtime error in Oregon : Oregon: unused arguments (burn_in = 14, future_rt = "estimate") - estimate_infections, reported_cases, generation_time, CrIs, delays, samples, horizon, output["fit"], verbose, id, ...
INFO [2020-11-09 15:48:15] Runtime error in Pennsylvania : Pennsylvania: unused arguments (burn_in = 14, future_rt = "estimate") - estimate_infections, reported_cases, generation_time, CrIs, delays, samples, horizon, output["fit"], verbose, id, ...
INFO [2020-11-09 15:48:15] Runtime error in Puerto Rico : Puerto Rico: unused arguments (burn_in = 14, future_rt = "estimate") - estimate_infections, reported_cases, generation_time, CrIs, delays, samples, horizon, output["fit"], verbose, id, ...
INFO [2020-11-09 15:48:15] Runtime error in Rhode Island : Rhode Island: unused arguments (burn_in = 14, future_rt = "estimate") - estimate_infections, reported_cases, generation_time, CrIs, delays, samples, horizon, output["fit"], verbose, id, ...
INFO [2020-11-09 15:48:15] Runtime error in South Carolina : South Carolina: unused arguments (burn_in = 14, future_rt = "estimate") - estimate_infections, reported_cases, generation_time, CrIs, delays, samples, horizon, output["fit"], verbose, id, ...
INFO [2020-11-09 15:48:15] Runtime error in South Dakota : South Dakota: unused arguments (burn_in = 14, future_rt = "estimate") - estimate_infections, reported_cases, generation_time, CrIs, delays, samples, horizon, output["fit"], verbose, id, ...
INFO [2020-11-09 15:48:15] Runtime error in Tennessee : Tennessee: unused arguments (burn_in = 14, future_rt = "estimate") - estimate_infections, reported_cases, generation_time, CrIs, delays, samples, horizon, output["fit"], verbose, id, ...
INFO [2020-11-09 15:48:15] Runtime error in Texas : Texas: unused arguments (burn_in = 14, future_rt = "estimate") - estimate_infections, reported_cases, generation_time, CrIs, delays, samples, horizon, output["fit"], verbose, id, ...
INFO [2020-11-09 15:48:15] Runtime error in Utah : Utah: unused arguments (burn_in = 14, future_rt = "estimate") - estimate_infections, reported_cases, generation_time, CrIs, delays, samples, horizon, output["fit"], verbose, id, ...
INFO [2020-11-09 15:48:15] Runtime error in Virginia : Virginia: unused arguments (burn_in = 14, future_rt = "estimate") - estimate_infections, reported_cases, generation_time, CrIs, delays, samples, horizon, output["fit"], verbose, id, ...
INFO [2020-11-09 15:48:15] Runtime error in Washington : Washington: unused arguments (burn_in = 14, future_rt = "estimate") - estimate_infections, reported_cases, generation_time, CrIs, delays, samples, horizon, output["fit"], verbose, id, ...
INFO [2020-11-09 15:48:15] Runtime error in West Virginia : West Virginia: unused arguments (burn_in = 14, future_rt = "estimate") - estimate_infections, reported_cases, generation_time, CrIs, delays, samples, horizon, output["fit"], verbose, id, ...
INFO [2020-11-09 15:48:15] Runtime error in Wisconsin : Wisconsin: unused arguments (burn_in = 14, future_rt = "estimate") - estimate_infections, reported_cases, generation_time, CrIs, delays, samples, horizon, output["fit"], verbose, id, ...
INFO [2020-11-09 15:48:15] Runtime error in US : US: unused arguments (burn_in = 14, future_rt = "estimate") - estimate_infections, reported_cases, generation_time, CrIs, delays, samples, horizon, output["fit"], verbose, id, ...
INFO [2020-11-09 15:59:13] Initialising estimates for: Alabama
ERROR [2020-11-09 15:59:13] Alabama: unused arguments (burn_in = 14, future_rt = "estimate") - estimate_infections, reported_cases, generation_time, CrIs, delays, samples, horizon, output["fit"], verbose, id, ...
INFO [2020-11-09 15:59:13] Initialising estimates for: Alaska
ERROR [2020-11-09 15:59:13] Alaska: unused arguments (burn_in = 14, future_rt = "estimate") - estimate_infections, reported_cases, generation_time, CrIs, delays, samples, horizon, output["fit"], verbose, id, ...
INFO [2020-11-09 15:59:13] Initialising estimates for: Arizona
ERROR [2020-11-09 15:59:13] Arizona: unused arguments (burn_in = 14, future_rt = "estimate") - estimate_infections, reported_cases, generation_time, CrIs, delays, samples, horizon, output["fit"], verbose, id, ...
INFO [2020-11-09 15:59:13] Initialising estimates for: Arkansas
ERROR [2020-11-09 15:59:13] Arkansas: unused arguments (burn_in = 14, future_rt = "estimate") - estimate_infections, reported_cases, generation_time, CrIs, delays, samples, horizon, output["fit"], verbose, id, ...
INFO [2020-11-09 15:59:14] Initialising estimates for: California
ERROR [2020-11-09 15:59:14] California: unused arguments (burn_in = 14, future_rt = "estimate") - estimate_infections, reported_cases, generation_time, CrIs, delays, samples, horizon, output["fit"], verbose, id, ...
INFO [2020-11-09 15:59:14] Initialising estimates for: Colorado
ERROR [2020-11-09 15:59:14] Colorado: unused arguments (burn_in = 14, future_rt = "estimate") - estimate_infections, reported_cases, generation_time, CrIs, delays, samples, horizon, output["fit"], verbose, id, ...
INFO [2020-11-09 15:59:14] Initialising estimates for: Connecticut
ERROR [2020-11-09 15:59:14] Connecticut: unused arguments (burn_in = 14, future_rt = "estimate") - estimate_infections, reported_cases, generation_time, CrIs, delays, samples, horizon, output["fit"], verbose, id, ...
INFO [2020-11-09 15:59:14] Initialising estimates for: Delaware
ERROR [2020-11-09 15:59:14] Delaware: unused arguments (burn_in = 14, future_rt = "estimate") - estimate_infections, reported_cases, generation_time, CrIs, delays, samples, horizon, output["fit"], verbose, id, ...
INFO [2020-11-09 15:59:14] Initialising estimates for: District of Columbia
ERROR [2020-11-09 15:59:14] District of Columbia: unused arguments (burn_in = 14, future_rt = "estimate") - estimate_infections, reported_cases, generation_time, CrIs, delays, samples, horizon, output["fit"], verbose, id, ...
INFO [2020-11-09 15:59:14] Initialising estimates for: Florida
ERROR [2020-11-09 15:59:15] Florida: unused arguments (burn_in = 14, future_rt = "estimate") - estimate_infections, reported_cases, generation_time, CrIs, delays, samples, horizon, output["fit"], verbose, id, ...
INFO [2020-11-09 15:59:15] Initialising estimates for: Georgia
ERROR [2020-11-09 15:59:15] Georgia: unused arguments (burn_in = 14, future_rt = "estimate") - estimate_infections, reported_cases, generation_time, CrIs, delays, samples, horizon, output["fit"], verbose, id, ...
INFO [2020-11-09 15:59:15] Initialising estimates for: Guam
ERROR [2020-11-09 15:59:15] Guam: unused arguments (burn_in = 14, future_rt = "estimate") - estimate_infections, reported_cases, generation_time, CrIs, delays, samples, horizon, output["fit"], verbose, id, ...
INFO [2020-11-09 15:59:15] Initialising estimates for: Hawaii
ERROR [2020-11-09 15:59:15] Hawaii: unused arguments (burn_in = 14, future_rt = "estimate") - estimate_infections, reported_cases, generation_time, CrIs, delays, samples, horizon, output["fit"], verbose, id, ...
INFO [2020-11-09 15:59:15] Initialising estimates for: Idaho
ERROR [2020-11-09 15:59:15] Idaho: unused arguments (burn_in = 14, future_rt = "estimate") - estimate_infections, reported_cases, generation_time, CrIs, delays, samples, horizon, output["fit"], verbose, id, ...
INFO [2020-11-09 15:59:15] Initialising estimates for: Illinois
ERROR [2020-11-09 15:59:15] Illinois: unused arguments (burn_in = 14, future_rt = "estimate") - estimate_infections, reported_cases, generation_time, CrIs, delays, samples, horizon, output["fit"], verbose, id, ...
INFO [2020-11-09 15:59:15] Initialising estimates for: Indiana
ERROR [2020-11-09 15:59:15] Indiana: unused arguments (burn_in = 14, future_rt = "estimate") - estimate_infections, reported_cases, generation_time, CrIs, delays, samples, horizon, output["fit"], verbose, id, ...
INFO [2020-11-09 15:59:15] Initialising estimates for: Iowa
ERROR [2020-11-09 15:59:15] Iowa: unused arguments (burn_in = 14, future_rt = "estimate") - estimate_infections, reported_cases, generation_time, CrIs, delays, samples, horizon, output["fit"], verbose, id, ...
INFO [2020-11-09 15:59:16] Initialising estimates for: Kansas
ERROR [2020-11-09 15:59:16] Kansas: unused arguments (burn_in = 14, future_rt = "estimate") - estimate_infections, reported_cases, generation_time, CrIs, delays, samples, horizon, output["fit"], verbose, id, ...
INFO [2020-11-09 15:59:16] Initialising estimates for: Kentucky
ERROR [2020-11-09 15:59:16] Kentucky: unused arguments (burn_in = 14, future_rt = "estimate") - estimate_infections, reported_cases, generation_time, CrIs, delays, samples, horizon, output["fit"], verbose, id, ...
INFO [2020-11-09 15:59:16] Initialising estimates for: Louisiana
ERROR [2020-11-09 15:59:16] Louisiana: unused arguments (burn_in = 14, future_rt = "estimate") - estimate_infections, reported_cases, generation_time, CrIs, delays, samples, horizon, output["fit"], verbose, id, ...
INFO [2020-11-09 15:59:16] Initialising estimates for: Maine
ERROR [2020-11-09 15:59:16] Maine: unused arguments (burn_in = 14, future_rt = "estimate") - estimate_infections, reported_cases, generation_time, CrIs, delays, samples, horizon, output["fit"], verbose, id, ...
INFO [2020-11-09 15:59:16] Initialising estimates for: Maryland
ERROR [2020-11-09 15:59:16] Maryland: unused arguments (burn_in = 14, future_rt = "estimate") - estimate_infections, reported_cases, generation_time, CrIs, delays, samples, horizon, output["fit"], verbose, id, ...
INFO [2020-11-09 15:59:16] Initialising estimates for: Massachusetts
ERROR [2020-11-09 15:59:16] Massachusetts: unused arguments (burn_in = 14, future_rt = "estimate") - estimate_infections, reported_cases, generation_time, CrIs, delays, samples, horizon, output["fit"], verbose, id, ...
INFO [2020-11-09 15:59:16] Initialising estimates for: Michigan
ERROR [2020-11-09 15:59:16] Michigan: unused arguments (burn_in = 14, future_rt = "estimate") - estimate_infections, reported_cases, generation_time, CrIs, delays, samples, horizon, output["fit"], verbose, id, ...
INFO [2020-11-09 15:59:16] Initialising estimates for: Minnesota
ERROR [2020-11-09 15:59:16] Minnesota: unused arguments (burn_in = 14, future_rt = "estimate") - estimate_infections, reported_cases, generation_time, CrIs, delays, samples, horizon, output["fit"], verbose, id, ...
INFO [2020-11-09 15:59:16] Initialising estimates for: Mississippi
ERROR [2020-11-09 15:59:16] Mississippi: unused arguments (burn_in = 14, future_rt = "estimate") - estimate_infections, reported_cases, generation_time, CrIs, delays, samples, horizon, output["fit"], verbose, id, ...
INFO [2020-11-09 15:59:16] Initialising estimates for: Missouri
ERROR [2020-11-09 15:59:16] Missouri: unused arguments (burn_in = 14, future_rt = "estimate") - estimate_infections, reported_cases, generation_time, CrIs, delays, samples, horizon, output["fit"], verbose, id, ...
INFO [2020-11-09 15:59:17] Initialising estimates for: Montana
ERROR [2020-11-09 15:59:17] Montana: unused arguments (burn_in = 14, future_rt = "estimate") - estimate_infections, reported_cases, generation_time, CrIs, delays, samples, horizon, output["fit"], verbose, id, ...
INFO [2020-11-09 15:59:17] Initialising estimates for: Nebraska
ERROR [2020-11-09 15:59:17] Nebraska: unused arguments (burn_in = 14, future_rt = "estimate") - estimate_infections, reported_cases, generation_time, CrIs, delays, samples, horizon, output["fit"], verbose, id, ...
INFO [2020-11-09 15:59:17] Initialising estimates for: Nevada
ERROR [2020-11-09 15:59:17] Nevada: unused arguments (burn_in = 14, future_rt = "estimate") - estimate_infections, reported_cases, generation_time, CrIs, delays, samples, horizon, output["fit"], verbose, id, ...
INFO [2020-11-09 15:59:17] Initialising estimates for: New Hampshire
ERROR [2020-11-09 15:59:17] New Hampshire: unused arguments (burn_in = 14, future_rt = "estimate") - estimate_infections, reported_cases, generation_time, CrIs, delays, samples, horizon, output["fit"], verbose, id, ...
INFO [2020-11-09 15:59:17] Initialising estimates for: New Jersey
ERROR [2020-11-09 15:59:17] New Jersey: unused arguments (burn_in = 14, future_rt = "estimate") - estimate_infections, reported_cases, generation_time, CrIs, delays, samples, horizon, output["fit"], verbose, id, ...
INFO [2020-11-09 15:59:17] Initialising estimates for: New Mexico
ERROR [2020-11-09 15:59:17] New Mexico: unused arguments (burn_in = 14, future_rt = "estimate") - estimate_infections, reported_cases, generation_time, CrIs, delays, samples, horizon, output["fit"], verbose, id, ...
INFO [2020-11-09 15:59:17] Initialising estimates for: New York
ERROR [2020-11-09 15:59:17] New York: unused arguments (burn_in = 14, future_rt = "estimate") - estimate_infections, reported_cases, generation_time, CrIs, delays, samples, horizon, output["fit"], verbose, id, ...
INFO [2020-11-09 15:59:17] Initialising estimates for: North Carolina
ERROR [2020-11-09 15:59:17] North Carolina: unused arguments (burn_in = 14, future_rt = "estimate") - estimate_infections, reported_cases, generation_time, CrIs, delays, samples, horizon, output["fit"], verbose, id, ...
INFO [2020-11-09 15:59:17] Initialising estimates for: North Dakota
ERROR [2020-11-09 15:59:18] North Dakota: unused arguments (burn_in = 14, future_rt = "estimate") - estimate_infections, reported_cases, generation_time, CrIs, delays, samples, horizon, output["fit"], verbose, id, ...
INFO [2020-11-09 15:59:18] Initialising estimates for: Ohio
ERROR [2020-11-09 15:59:18] Ohio: unused arguments (burn_in = 14, future_rt = "estimate") - estimate_infections, reported_cases, generation_time, CrIs, delays, samples, horizon, output["fit"], verbose, id, ...
INFO [2020-11-09 15:59:18] Initialising estimates for: Oklahoma
ERROR [2020-11-09 15:59:18] Oklahoma: unused arguments (burn_in = 14, future_rt = "estimate") - estimate_infections, reported_cases, generation_time, CrIs, delays, samples, horizon, output["fit"], verbose, id, ...
INFO [2020-11-09 15:59:18] Initialising estimates for: Oregon
ERROR [2020-11-09 15:59:18] Oregon: unused arguments (burn_in = 14, future_rt = "estimate") - estimate_infections, reported_cases, generation_time, CrIs, delays, samples, horizon, output["fit"], verbose, id, ...
INFO [2020-11-09 15:59:18] Initialising estimates for: Pennsylvania
ERROR [2020-11-09 15:59:18] Pennsylvania: unused arguments (burn_in = 14, future_rt = "estimate") - estimate_infections, reported_cases, generation_time, CrIs, delays, samples, horizon, output["fit"], verbose, id, ...
INFO [2020-11-09 15:59:18] Initialising estimates for: Puerto Rico
ERROR [2020-11-09 15:59:18] Puerto Rico: unused arguments (burn_in = 14, future_rt = "estimate") - estimate_infections, reported_cases, generation_time, CrIs, delays, samples, horizon, output["fit"], verbose, id, ...
INFO [2020-11-09 15:59:18] Initialising estimates for: Rhode Island
ERROR [2020-11-09 15:59:18] Rhode Island: unused arguments (burn_in = 14, future_rt = "estimate") - estimate_infections, reported_cases, generation_time, CrIs, delays, samples, horizon, output["fit"], verbose, id, ...
INFO [2020-11-09 15:59:18] Initialising estimates for: South Carolina
ERROR [2020-11-09 15:59:18] South Carolina: unused arguments (burn_in = 14, future_rt = "estimate") - estimate_infections, reported_cases, generation_time, CrIs, delays, samples, horizon, output["fit"], verbose, id, ...
INFO [2020-11-09 15:59:18] Initialising estimates for: South Dakota
ERROR [2020-11-09 15:59:18] South Dakota: unused arguments (burn_in = 14, future_rt = "estimate") - estimate_infections, reported_cases, generation_time, CrIs, delays, samples, horizon, output["fit"], verbose, id, ...
INFO [2020-11-09 15:59:19] Initialising estimates for: Tennessee
ERROR [2020-11-09 15:59:19] Tennessee: unused arguments (burn_in = 14, future_rt = "estimate") - estimate_infections, reported_cases, generation_time, CrIs, delays, samples, horizon, output["fit"], verbose, id, ...
INFO [2020-11-09 15:59:19] Initialising estimates for: Texas
ERROR [2020-11-09 15:59:19] Texas: unused arguments (burn_in = 14, future_rt = "estimate") - estimate_infections, reported_cases, generation_time, CrIs, delays, samples, horizon, output["fit"], verbose, id, ...
INFO [2020-11-09 15:59:19] Initialising estimates for: Utah
ERROR [2020-11-09 15:59:19] Utah: unused arguments (burn_in = 14, future_rt = "estimate") - estimate_infections, reported_cases, generation_time, CrIs, delays, samples, horizon, output["fit"], verbose, id, ...
INFO [2020-11-09 15:59:19] Initialising estimates for: Virginia
ERROR [2020-11-09 15:59:19] Virginia: unused arguments (burn_in = 14, future_rt = "estimate") - estimate_infections, reported_cases, generation_time, CrIs, delays, samples, horizon, output["fit"], verbose, id, ...
INFO [2020-11-09 15:59:19] Initialising estimates for: Washington
ERROR [2020-11-09 15:59:19] Washington: unused arguments (burn_in = 14, future_rt = "estimate") - estimate_infections, reported_cases, generation_time, CrIs, delays, samples, horizon, output["fit"], verbose, id, ...
INFO [2020-11-09 15:59:19] Initialising estimates for: West Virginia
ERROR [2020-11-09 15:59:19] West Virginia: unused arguments (burn_in = 14, future_rt = "estimate") - estimate_infections, reported_cases, generation_time, CrIs, delays, samples, horizon, output["fit"], verbose, id, ...
INFO [2020-11-09 15:59:19] Initialising estimates for: Wisconsin
ERROR [2020-11-09 15:59:19] Wisconsin: unused arguments (burn_in = 14, future_rt = "estimate") - estimate_infections, reported_cases, generation_time, CrIs, delays, samples, horizon, output["fit"], verbose, id, ...
INFO [2020-11-09 15:59:19] Initialising estimates for: US
ERROR [2020-11-09 15:59:19] US: unused arguments (burn_in = 14, future_rt = "estimate") - estimate_infections, reported_cases, generation_time, CrIs, delays, samples, horizon, output["fit"], verbose, id, ...
INFO [2020-11-09 15:59:19] Runtime error in Alabama : Alabama: unused arguments (burn_in = 14, future_rt = "estimate") - estimate_infections, reported_cases, generation_time, CrIs, delays, samples, horizon, output["fit"], verbose, id, ...
INFO [2020-11-09 15:59:19] Runtime error in Alaska : Alaska: unused arguments (burn_in = 14, future_rt = "estimate") - estimate_infections, reported_cases, generation_time, CrIs, delays, samples, horizon, output["fit"], verbose, id, ...
INFO [2020-11-09 15:59:19] Runtime error in Arizona : Arizona: unused arguments (burn_in = 14, future_rt = "estimate") - estimate_infections, reported_cases, generation_time, CrIs, delays, samples, horizon, output["fit"], verbose, id, ...
INFO [2020-11-09 15:59:19] Runtime error in Arkansas : Arkansas: unused arguments (burn_in = 14, future_rt = "estimate") - estimate_infections, reported_cases, generation_time, CrIs, delays, samples, horizon, output["fit"], verbose, id, ...
INFO [2020-11-09 15:59:19] Runtime error in California : California: unused arguments (burn_in = 14, future_rt = "estimate") - estimate_infections, reported_cases, generation_time, CrIs, delays, samples, horizon, output["fit"], verbose, id, ...
INFO [2020-11-09 15:59:19] Runtime error in Colorado : Colorado: unused arguments (burn_in = 14, future_rt = "estimate") - estimate_infections, reported_cases, generation_time, CrIs, delays, samples, horizon, output["fit"], verbose, id, ...
INFO [2020-11-09 15:59:19] Runtime error in Connecticut : Connecticut: unused arguments (burn_in = 14, future_rt = "estimate") - estimate_infections, reported_cases, generation_time, CrIs, delays, samples, horizon, output["fit"], verbose, id, ...
INFO [2020-11-09 15:59:19] Runtime error in Delaware : Delaware: unused arguments (burn_in = 14, future_rt = "estimate") - estimate_infections, reported_cases, generation_time, CrIs, delays, samples, horizon, output["fit"], verbose, id, ...
INFO [2020-11-09 15:59:19] Runtime error in District of Columbia : District of Columbia: unused arguments (burn_in = 14, future_rt = "estimate") - estimate_infections, reported_cases, generation_time, CrIs, delays, samples, horizon, output["fit"], verbose, id, ...
INFO [2020-11-09 15:59:19] Runtime error in Florida : Florida: unused arguments (burn_in = 14, future_rt = "estimate") - estimate_infections, reported_cases, generation_time, CrIs, delays, samples, horizon, output["fit"], verbose, id, ...
INFO [2020-11-09 15:59:19] Runtime error in Georgia : Georgia: unused arguments (burn_in = 14, future_rt = "estimate") - estimate_infections, reported_cases, generation_time, CrIs, delays, samples, horizon, output["fit"], verbose, id, ...
INFO [2020-11-09 15:59:19] Runtime error in Guam : Guam: unused arguments (burn_in = 14, future_rt = "estimate") - estimate_infections, reported_cases, generation_time, CrIs, delays, samples, horizon, output["fit"], verbose, id, ...
INFO [2020-11-09 15:59:19] Runtime error in Hawaii : Hawaii: unused arguments (burn_in = 14, future_rt = "estimate") - estimate_infections, reported_cases, generation_time, CrIs, delays, samples, horizon, output["fit"], verbose, id, ...
INFO [2020-11-09 15:59:19] Runtime error in Idaho : Idaho: unused arguments (burn_in = 14, future_rt = "estimate") - estimate_infections, reported_cases, generation_time, CrIs, delays, samples, horizon, output["fit"], verbose, id, ...
INFO [2020-11-09 15:59:19] Runtime error in Illinois : Illinois: unused arguments (burn_in = 14, future_rt = "estimate") - estimate_infections, reported_cases, generation_time, CrIs, delays, samples, horizon, output["fit"], verbose, id, ...
INFO [2020-11-09 15:59:20] Runtime error in Indiana : Indiana: unused arguments (burn_in = 14, future_rt = "estimate") - estimate_infections, reported_cases, generation_time, CrIs, delays, samples, horizon, output["fit"], verbose, id, ...
INFO [2020-11-09 15:59:20] Runtime error in Iowa : Iowa: unused arguments (burn_in = 14, future_rt = "estimate") - estimate_infections, reported_cases, generation_time, CrIs, delays, samples, horizon, output["fit"], verbose, id, ...
INFO [2020-11-09 15:59:20] Runtime error in Kansas : Kansas: unused arguments (burn_in = 14, future_rt = "estimate") - estimate_infections, reported_cases, generation_time, CrIs, delays, samples, horizon, output["fit"], verbose, id, ...
INFO [2020-11-09 15:59:20] Runtime error in Kentucky : Kentucky: unused arguments (burn_in = 14, future_rt = "estimate") - estimate_infections, reported_cases, generation_time, CrIs, delays, samples, horizon, output["fit"], verbose, id, ...
INFO [2020-11-09 15:59:20] Runtime error in Louisiana : Louisiana: unused arguments (burn_in = 14, future_rt = "estimate") - estimate_infections, reported_cases, generation_time, CrIs, delays, samples, horizon, output["fit"], verbose, id, ...
INFO [2020-11-09 15:59:20] Runtime error in Maine : Maine: unused arguments (burn_in = 14, future_rt = "estimate") - estimate_infections, reported_cases, generation_time, CrIs, delays, samples, horizon, output["fit"], verbose, id, ...
INFO [2020-11-09 15:59:20] Runtime error in Maryland : Maryland: unused arguments (burn_in = 14, future_rt = "estimate") - estimate_infections, reported_cases, generation_time, CrIs, delays, samples, horizon, output["fit"], verbose, id, ...
INFO [2020-11-09 15:59:20] Runtime error in Massachusetts : Massachusetts: unused arguments (burn_in = 14, future_rt = "estimate") - estimate_infections, reported_cases, generation_time, CrIs, delays, samples, horizon, output["fit"], verbose, id, ...
INFO [2020-11-09 15:59:20] Runtime error in Michigan : Michigan: unused arguments (burn_in = 14, future_rt = "estimate") - estimate_infections, reported_cases, generation_time, CrIs, delays, samples, horizon, output["fit"], verbose, id, ...
INFO [2020-11-09 15:59:20] Runtime error in Minnesota : Minnesota: unused arguments (burn_in = 14, future_rt = "estimate") - estimate_infections, reported_cases, generation_time, CrIs, delays, samples, horizon, output["fit"], verbose, id, ...
INFO [2020-11-09 15:59:20] Runtime error in Mississippi : Mississippi: unused arguments (burn_in = 14, future_rt = "estimate") - estimate_infections, reported_cases, generation_time, CrIs, delays, samples, horizon, output["fit"], verbose, id, ...
INFO [2020-11-09 15:59:20] Runtime error in Missouri : Missouri: unused arguments (burn_in = 14, future_rt = "estimate") - estimate_infections, reported_cases, generation_time, CrIs, delays, samples, horizon, output["fit"], verbose, id, ...
INFO [2020-11-09 15:59:20] Runtime error in Montana : Montana: unused arguments (burn_in = 14, future_rt = "estimate") - estimate_infections, reported_cases, generation_time, CrIs, delays, samples, horizon, output["fit"], verbose, id, ...
INFO [2020-11-09 15:59:20] Runtime error in Nebraska : Nebraska: unused arguments (burn_in = 14, future_rt = "estimate") - estimate_infections, reported_cases, generation_time, CrIs, delays, samples, horizon, output["fit"], verbose, id, ...
INFO [2020-11-09 15:59:20] Runtime error in Nevada : Nevada: unused arguments (burn_in = 14, future_rt = "estimate") - estimate_infections, reported_cases, generation_time, CrIs, delays, samples, horizon, output["fit"], verbose, id, ...
INFO [2020-11-09 15:59:20] Runtime error in New Hampshire : New Hampshire: unused arguments (burn_in = 14, future_rt = "estimate") - estimate_infections, reported_cases, generation_time, CrIs, delays, samples, horizon, output["fit"], verbose, id, ...
INFO [2020-11-09 15:59:20] Runtime error in New Jersey : New Jersey: unused arguments (burn_in = 14, future_rt = "estimate") - estimate_infections, reported_cases, generation_time, CrIs, delays, samples, horizon, output["fit"], verbose, id, ...
INFO [2020-11-09 15:59:20] Runtime error in New Mexico : New Mexico: unused arguments (burn_in = 14, future_rt = "estimate") - estimate_infections, reported_cases, generation_time, CrIs, delays, samples, horizon, output["fit"], verbose, id, ...
INFO [2020-11-09 15:59:20] Runtime error in New York : New York: unused arguments (burn_in = 14, future_rt = "estimate") - estimate_infections, reported_cases, generation_time, CrIs, delays, samples, horizon, output["fit"], verbose, id, ...
INFO [2020-11-09 15:59:20] Runtime error in North Carolina : North Carolina: unused arguments (burn_in = 14, future_rt = "estimate") - estimate_infections, reported_cases, generation_time, CrIs, delays, samples, horizon, output["fit"], verbose, id, ...
INFO [2020-11-09 15:59:20] Runtime error in North Dakota : North Dakota: unused arguments (burn_in = 14, future_rt = "estimate") - estimate_infections, reported_cases, generation_time, CrIs, delays, samples, horizon, output["fit"], verbose, id, ...
INFO [2020-11-09 15:59:20] Runtime error in Ohio : Ohio: unused arguments (burn_in = 14, future_rt = "estimate") - estimate_infections, reported_cases, generation_time, CrIs, delays, samples, horizon, output["fit"], verbose, id, ...
INFO [2020-11-09 15:59:20] Runtime error in Oklahoma : Oklahoma: unused arguments (burn_in = 14, future_rt = "estimate") - estimate_infections, reported_cases, generation_time, CrIs, delays, samples, horizon, output["fit"], verbose, id, ...
INFO [2020-11-09 15:59:20] Runtime error in Oregon : Oregon: unused arguments (burn_in = 14, future_rt = "estimate") - estimate_infections, reported_cases, generation_time, CrIs, delays, samples, horizon, output["fit"], verbose, id, ...
INFO [2020-11-09 15:59:20] Runtime error in Pennsylvania : Pennsylvania: unused arguments (burn_in = 14, future_rt = "estimate") - estimate_infections, reported_cases, generation_time, CrIs, delays, samples, horizon, output["fit"], verbose, id, ...
INFO [2020-11-09 15:59:20] Runtime error in Puerto Rico : Puerto Rico: unused arguments (burn_in = 14, future_rt = "estimate") - estimate_infections, reported_cases, generation_time, CrIs, delays, samples, horizon, output["fit"], verbose, id, ...
INFO [2020-11-09 15:59:20] Runtime error in Rhode Island : Rhode Island: unused arguments (burn_in = 14, future_rt = "estimate") - estimate_infections, reported_cases, generation_time, CrIs, delays, samples, horizon, output["fit"], verbose, id, ...
INFO [2020-11-09 15:59:20] Runtime error in South Carolina : South Carolina: unused arguments (burn_in = 14, future_rt = "estimate") - estimate_infections, reported_cases, generation_time, CrIs, delays, samples, horizon, output["fit"], verbose, id, ...
INFO [2020-11-09 15:59:20] Runtime error in South Dakota : South Dakota: unused arguments (burn_in = 14, future_rt = "estimate") - estimate_infections, reported_cases, generation_time, CrIs, delays, samples, horizon, output["fit"], verbose, id, ...
INFO [2020-11-09 15:59:20] Runtime error in Tennessee : Tennessee: unused arguments (burn_in = 14, future_rt = "estimate") - estimate_infections, reported_cases, generation_time, CrIs, delays, samples, horizon, output["fit"], verbose, id, ...
INFO [2020-11-09 15:59:20] Runtime error in Texas : Texas: unused arguments (burn_in = 14, future_rt = "estimate") - estimate_infections, reported_cases, generation_time, CrIs, delays, samples, horizon, output["fit"], verbose, id, ...
INFO [2020-11-09 15:59:20] Runtime error in Utah : Utah: unused arguments (burn_in = 14, future_rt = "estimate") - estimate_infections, reported_cases, generation_time, CrIs, delays, samples, horizon, output["fit"], verbose, id, ...
INFO [2020-11-09 15:59:20] Runtime error in Virginia : Virginia: unused arguments (burn_in = 14, future_rt = "estimate") - estimate_infections, reported_cases, generation_time, CrIs, delays, samples, horizon, output["fit"], verbose, id, ...
INFO [2020-11-09 15:59:20] Runtime error in Washington : Washington: unused arguments (burn_in = 14, future_rt = "estimate") - estimate_infections, reported_cases, generation_time, CrIs, delays, samples, horizon, output["fit"], verbose, id, ...
INFO [2020-11-09 15:59:20] Runtime error in West Virginia : West Virginia: unused arguments (burn_in = 14, future_rt = "estimate") - estimate_infections, reported_cases, generation_time, CrIs, delays, samples, horizon, output["fit"], verbose, id, ...
INFO [2020-11-09 15:59:20] Runtime error in Wisconsin : Wisconsin: unused arguments (burn_in = 14, future_rt = "estimate") - estimate_infections, reported_cases, generation_time, CrIs, delays, samples, horizon, output["fit"], verbose, id, ...
INFO [2020-11-09 15:59:20] Runtime error in US : US: unused arguments (burn_in = 14, future_rt = "estimate") - estimate_infections, reported_cases, generation_time, CrIs, delays, samples, horizon, output["fit"], verbose, id, ...
INFO [2020-11-09 17:35:11] Initialising estimates for: Alabama
INFO [2020-11-09 17:35:11] Initialising estimates for: Alaska
INFO [2020-11-09 17:35:12] Initialising estimates for: Arizona
INFO [2020-11-09 17:35:13] Initialising estimates for: Arkansas
INFO [2020-11-09 17:35:15] Initialising estimates for: California
INFO [2020-11-09 17:35:17] Initialising estimates for: Colorado
INFO [2020-11-09 17:35:20] Initialising estimates for: Connecticut
INFO [2020-11-09 17:35:23] Initialising estimates for: Delaware
INFO [2020-11-09 17:35:26] Initialising estimates for: District of Columbia
INFO [2020-11-09 17:35:30] Initialising estimates for: Florida
INFO [2020-11-09 17:35:34] Initialising estimates for: Georgia
INFO [2020-11-09 17:35:38] Initialising estimates for: Guam
INFO [2020-11-09 17:35:43] Initialising estimates for: Hawaii
INFO [2020-11-09 17:35:49] Initialising estimates for: Idaho
INFO [2020-11-09 17:35:54] Initialising estimates for: Illinois
INFO [2020-11-09 17:36:00] Initialising estimates for: Indiana
INFO [2020-11-09 17:36:07] Initialising estimates for: Iowa
INFO [2020-11-09 17:36:14] Initialising estimates for: Kansas
WARN [2020-11-09 17:36:49] Alaska: There were 1 divergent transitions after warmup. See
http://mc-stan.org/misc/warnings.html#divergent-transitions-after-warmup
to find out why this is a problem and how to eliminate them. - 
WARN [2020-11-09 17:36:49] Alaska: Examine the pairs() plot to diagnose sampling problems
 - 
WARN [2020-11-09 17:36:53] Alaska: Tail Effective Samples Size (ESS) is too low, indicating posterior variances and tail quantiles may be unreliable.
Running the chains for more iterations may help. See
http://mc-stan.org/misc/warnings.html#tail-ess - 
INFO [2020-11-09 17:36:56] Completed estimates for: Alaska
INFO [2020-11-09 17:37:19] Initialising estimates for: Kentucky
WARN [2020-11-09 17:37:31] Arkansas: There were 99 divergent transitions after warmup. See
http://mc-stan.org/misc/warnings.html#divergent-transitions-after-warmup
to find out why this is a problem and how to eliminate them. - 
WARN [2020-11-09 17:37:31] Arkansas: Examine the pairs() plot to diagnose sampling problems
 - 
WARN [2020-11-09 17:37:32] Arkansas: The largest R-hat is 1.08, indicating chains have not mixed.
Running the chains for more iterations may help. See
http://mc-stan.org/misc/warnings.html#r-hat - 
WARN [2020-11-09 17:37:33] Arkansas: Bulk Effective Samples Size (ESS) is too low, indicating posterior means and medians may be unreliable.
Running the chains for more iterations may help. See
http://mc-stan.org/misc/warnings.html#bulk-ess - 
WARN [2020-11-09 17:37:34] Arkansas: Tail Effective Samples Size (ESS) is too low, indicating posterior variances and tail quantiles may be unreliable.
Running the chains for more iterations may help. See
http://mc-stan.org/misc/warnings.html#tail-ess - 
WARN [2020-11-09 17:37:35] Alabama: There were 2 divergent transitions after warmup. See
http://mc-stan.org/misc/warnings.html#divergent-transitions-after-warmup
to find out why this is a problem and how to eliminate them. - 
WARN [2020-11-09 17:37:35] Alabama: Examine the pairs() plot to diagnose sampling problems
 - 
INFO [2020-11-09 17:37:36] Completed estimates for: Arkansas
INFO [2020-11-09 17:37:39] Completed estimates for: Alabama
WARN [2020-11-09 17:37:47] District of Columbia: There were 2 divergent transitions after warmup. See
http://mc-stan.org/misc/warnings.html#divergent-transitions-after-warmup
to find out why this is a problem and how to eliminate them. - 
WARN [2020-11-09 17:37:47] District of Columbia: Examine the pairs() plot to diagnose sampling problems
 - 
INFO [2020-11-09 17:37:54] Completed estimates for: District of Columbia
INFO [2020-11-09 17:37:55] Initialising estimates for: Louisiana
WARN [2020-11-09 17:37:56] Guam: There were 1 divergent transitions after warmup. See
http://mc-stan.org/misc/warnings.html#divergent-transitions-after-warmup
to find out why this is a problem and how to eliminate them. - 
WARN [2020-11-09 17:37:56] Guam: Examine the pairs() plot to diagnose sampling problems
 - 
WARN [2020-11-09 17:37:59] Delaware: There were 4 divergent transitions after warmup. See
http://mc-stan.org/misc/warnings.html#divergent-transitions-after-warmup
to find out why this is a problem and how to eliminate them. - 
WARN [2020-11-09 17:37:59] Delaware: Examine the pairs() plot to diagnose sampling problems
 - 
WARN [2020-11-09 17:37:59] Connecticut: There were 15 divergent transitions after warmup. See
http://mc-stan.org/misc/warnings.html#divergent-transitions-after-warmup
to find out why this is a problem and how to eliminate them. - 
WARN [2020-11-09 17:37:59] Connecticut: Examine the pairs() plot to diagnose sampling problems
 - 
INFO [2020-11-09 17:38:01] Completed estimates for: Guam
WARN [2020-11-09 17:38:02] Colorado: There were 1 divergent transitions after warmup. See
http://mc-stan.org/misc/warnings.html#divergent-transitions-after-warmup
to find out why this is a problem and how to eliminate them. - 
WARN [2020-11-09 17:38:02] Colorado: Examine the pairs() plot to diagnose sampling problems
 - 
INFO [2020-11-09 17:38:03] Completed estimates for: Connecticut
INFO [2020-11-09 17:38:05] Completed estimates for: Delaware
WARN [2020-11-09 17:38:06] Hawaii: There were 17 divergent transitions after warmup. See
http://mc-stan.org/misc/warnings.html#divergent-transitions-after-warmup
to find out why this is a problem and how to eliminate them. - 
WARN [2020-11-09 17:38:06] Hawaii: Examine the pairs() plot to diagnose sampling problems
 - 
INFO [2020-11-09 17:38:07] Completed estimates for: Colorado
WARN [2020-11-09 17:38:08] Hawaii: Bulk Effective Samples Size (ESS) is too low, indicating posterior means and medians may be unreliable.
Running the chains for more iterations may help. See
http://mc-stan.org/misc/warnings.html#bulk-ess - 
WARN [2020-11-09 17:38:09] Hawaii: Tail Effective Samples Size (ESS) is too low, indicating posterior variances and tail quantiles may be unreliable.
Running the chains for more iterations may help. See
http://mc-stan.org/misc/warnings.html#tail-ess - 
WARN [2020-11-09 17:38:10] Georgia: There were 20 divergent transitions after warmup. See
http://mc-stan.org/misc/warnings.html#divergent-transitions-after-warmup
to find out why this is a problem and how to eliminate them. - 
WARN [2020-11-09 17:38:10] Georgia: Examine the pairs() plot to diagnose sampling problems
 - 
INFO [2020-11-09 17:38:11] Completed estimates for: Hawaii
INFO [2020-11-09 17:38:14] Completed estimates for: Georgia
INFO [2020-11-09 17:38:20] Initialising estimates for: Maine
WARN [2020-11-09 17:38:23] Idaho: There were 10 divergent transitions after warmup. See
http://mc-stan.org/misc/warnings.html#divergent-transitions-after-warmup
to find out why this is a problem and how to eliminate them. - 
WARN [2020-11-09 17:38:23] Idaho: Examine the pairs() plot to diagnose sampling problems
 - 
WARN [2020-11-09 17:38:24] California: There were 19 divergent transitions after warmup. See
http://mc-stan.org/misc/warnings.html#divergent-transitions-after-warmup
to find out why this is a problem and how to eliminate them. - 
WARN [2020-11-09 17:38:24] California: Examine the pairs() plot to diagnose sampling problems
 - 
INFO [2020-11-09 17:38:25] Initialising estimates for: Maryland
WARN [2020-11-09 17:38:26] Idaho: Tail Effective Samples Size (ESS) is too low, indicating posterior variances and tail quantiles may be unreliable.
Running the chains for more iterations may help. See
http://mc-stan.org/misc/warnings.html#tail-ess - 
INFO [2020-11-09 17:38:27] Completed estimates for: Idaho
INFO [2020-11-09 17:38:29] Completed estimates for: California
INFO [2020-11-09 17:38:32] Initialising estimates for: Massachusetts
INFO [2020-11-09 17:38:39] Initialising estimates for: Michigan
INFO [2020-11-09 17:38:42] Completed estimates for: Arizona
INFO [2020-11-09 17:38:44] Initialising estimates for: Minnesota
INFO [2020-11-09 17:38:51] Initialising estimates for: Mississippi
WARN [2020-11-09 17:38:51] Iowa: There were 46 divergent transitions after warmup. See
http://mc-stan.org/misc/warnings.html#divergent-transitions-after-warmup
to find out why this is a problem and how to eliminate them. - 
WARN [2020-11-09 17:38:51] Iowa: Examine the pairs() plot to diagnose sampling problems
 - 
WARN [2020-11-09 17:38:53] Florida: There were 4 divergent transitions after warmup. See
http://mc-stan.org/misc/warnings.html#divergent-transitions-after-warmup
to find out why this is a problem and how to eliminate them. - 
WARN [2020-11-09 17:38:53] Florida: Examine the pairs() plot to diagnose sampling problems
 - 
WARN [2020-11-09 17:38:53] Iowa: Bulk Effective Samples Size (ESS) is too low, indicating posterior means and medians may be unreliable.
Running the chains for more iterations may help. See
http://mc-stan.org/misc/warnings.html#bulk-ess - 
WARN [2020-11-09 17:38:53] Indiana: There were 139 divergent transitions after warmup. See
http://mc-stan.org/misc/warnings.html#divergent-transitions-after-warmup
to find out why this is a problem and how to eliminate them. - 
WARN [2020-11-09 17:38:53] Indiana: Examine the pairs() plot to diagnose sampling problems
 - 
WARN [2020-11-09 17:38:54] Iowa: Tail Effective Samples Size (ESS) is too low, indicating posterior variances and tail quantiles may be unreliable.
Running the chains for more iterations may help. See
http://mc-stan.org/misc/warnings.html#tail-ess - 
WARN [2020-11-09 17:38:54] Kansas: There were 3 divergent transitions after warmup. See
http://mc-stan.org/misc/warnings.html#divergent-transitions-after-warmup
to find out why this is a problem and how to eliminate them. - 
WARN [2020-11-09 17:38:54] Kansas: Examine the pairs() plot to diagnose sampling problems
 - 
WARN [2020-11-09 17:38:55] Indiana: The largest R-hat is 1.09, indicating chains have not mixed.
Running the chains for more iterations may help. See
http://mc-stan.org/misc/warnings.html#r-hat - 
INFO [2020-11-09 17:38:56] Completed estimates for: Iowa
WARN [2020-11-09 17:38:56] Indiana: Bulk Effective Samples Size (ESS) is too low, indicating posterior means and medians may be unreliable.
Running the chains for more iterations may help. See
http://mc-stan.org/misc/warnings.html#bulk-ess - 
INFO [2020-11-09 17:38:57] Initialising estimates for: Missouri
WARN [2020-11-09 17:38:58] Indiana: Tail Effective Samples Size (ESS) is too low, indicating posterior variances and tail quantiles may be unreliable.
Running the chains for more iterations may help. See
http://mc-stan.org/misc/warnings.html#tail-ess - 
INFO [2020-11-09 17:38:59] Completed estimates for: Kansas
INFO [2020-11-09 17:38:59] Completed estimates for: Florida
INFO [2020-11-09 17:39:01] Completed estimates for: Indiana
INFO [2020-11-09 17:39:11] Initialising estimates for: Montana
INFO [2020-11-09 17:39:16] Initialising estimates for: Nebraska
INFO [2020-11-09 17:39:21] Initialising estimates for: Nevada
INFO [2020-11-09 17:39:26] Initialising estimates for: New Hampshire
INFO [2020-11-09 17:39:32] Initialising estimates for: New Jersey
WARN [2020-11-09 17:39:37] Louisiana: There were 35 divergent transitions after warmup. See
http://mc-stan.org/misc/warnings.html#divergent-transitions-after-warmup
to find out why this is a problem and how to eliminate them. - 
WARN [2020-11-09 17:39:37] Louisiana: Examine the pairs() plot to diagnose sampling problems
 - 
INFO [2020-11-09 17:39:38] Initialising estimates for: New Mexico
WARN [2020-11-09 17:39:41] Louisiana: Tail Effective Samples Size (ESS) is too low, indicating posterior variances and tail quantiles may be unreliable.
Running the chains for more iterations may help. See
http://mc-stan.org/misc/warnings.html#tail-ess - 
INFO [2020-11-09 17:39:44] Completed estimates for: Louisiana
INFO [2020-11-09 17:39:45] Initialising estimates for: New York
WARN [2020-11-09 17:39:54] Kentucky: There were 19 divergent transitions after warmup. See
http://mc-stan.org/misc/warnings.html#divergent-transitions-after-warmup
to find out why this is a problem and how to eliminate them. - 
WARN [2020-11-09 17:39:54] Kentucky: Examine the pairs() plot to diagnose sampling problems
 - 
INFO [2020-11-09 17:39:55] Initialising estimates for: North Carolina
INFO [2020-11-09 17:40:01] Completed estimates for: Kentucky
INFO [2020-11-09 17:40:02] Initialising estimates for: North Dakota
WARN [2020-11-09 17:40:15] Massachusetts: There were 24 divergent transitions after warmup. See
http://mc-stan.org/misc/warnings.html#divergent-transitions-after-warmup
to find out why this is a problem and how to eliminate them. - 
WARN [2020-11-09 17:40:15] Massachusetts: Examine the pairs() plot to diagnose sampling problems
 - 
WARN [2020-11-09 17:40:18] Massachusetts: Bulk Effective Samples Size (ESS) is too low, indicating posterior means and medians may be unreliable.
Running the chains for more iterations may help. See
http://mc-stan.org/misc/warnings.html#bulk-ess - 
WARN [2020-11-09 17:40:19] Massachusetts: Tail Effective Samples Size (ESS) is too low, indicating posterior variances and tail quantiles may be unreliable.
Running the chains for more iterations may help. See
http://mc-stan.org/misc/warnings.html#tail-ess - 
INFO [2020-11-09 17:40:23] Initialising estimates for: Ohio
INFO [2020-11-09 17:40:23] Completed estimates for: Massachusetts
WARN [2020-11-09 17:40:24] Maryland: There were 152 divergent transitions after warmup. See
http://mc-stan.org/misc/warnings.html#divergent-transitions-after-warmup
to find out why this is a problem and how to eliminate them. - 
WARN [2020-11-09 17:40:24] Maryland: Examine the pairs() plot to diagnose sampling problems
 - 
WARN [2020-11-09 17:40:26] Maryland: The largest R-hat is 1.32, indicating chains have not mixed.
Running the chains for more iterations may help. See
http://mc-stan.org/misc/warnings.html#r-hat - 
WARN [2020-11-09 17:40:27] Maryland: Bulk Effective Samples Size (ESS) is too low, indicating posterior means and medians may be unreliable.
Running the chains for more iterations may help. See
http://mc-stan.org/misc/warnings.html#bulk-ess - 
WARN [2020-11-09 17:40:29] Maryland: Tail Effective Samples Size (ESS) is too low, indicating posterior variances and tail quantiles may be unreliable.
Running the chains for more iterations may help. See
http://mc-stan.org/misc/warnings.html#tail-ess - 
INFO [2020-11-09 17:40:32] Completed estimates for: Maryland
INFO [2020-11-09 17:40:47] Initialising estimates for: Oklahoma
WARN [2020-11-09 17:40:51] Michigan: There were 28 divergent transitions after warmup. See
http://mc-stan.org/misc/warnings.html#divergent-transitions-after-warmup
to find out why this is a problem and how to eliminate them. - 
WARN [2020-11-09 17:40:51] Michigan: Examine the pairs() plot to diagnose sampling problems
 - 
INFO [2020-11-09 17:40:54] Initialising estimates for: Oregon
WARN [2020-11-09 17:40:57] Maine: There were 4 divergent transitions after warmup. See
http://mc-stan.org/misc/warnings.html#divergent-transitions-after-warmup
to find out why this is a problem and how to eliminate them. - 
WARN [2020-11-09 17:40:57] Maine: Examine the pairs() plot to diagnose sampling problems
 - 
WARN [2020-11-09 17:40:57] Minnesota: There were 10 divergent transitions after warmup. See
http://mc-stan.org/misc/warnings.html#divergent-transitions-after-warmup
to find out why this is a problem and how to eliminate them. - 
WARN [2020-11-09 17:40:57] Minnesota: Examine the pairs() plot to diagnose sampling problems
 - 
INFO [2020-11-09 17:40:58] Completed estimates for: Michigan
WARN [2020-11-09 17:40:59] Maine: Bulk Effective Samples Size (ESS) is too low, indicating posterior means and medians may be unreliable.
Running the chains for more iterations may help. See
http://mc-stan.org/misc/warnings.html#bulk-ess - 
WARN [2020-11-09 17:41:01] Maine: Tail Effective Samples Size (ESS) is too low, indicating posterior variances and tail quantiles may be unreliable.
Running the chains for more iterations may help. See
http://mc-stan.org/misc/warnings.html#tail-ess - 
INFO [2020-11-09 17:41:04] Completed estimates for: Maine
INFO [2020-11-09 17:41:04] Completed estimates for: Minnesota
INFO [2020-11-09 17:41:21] Initialising estimates for: Pennsylvania
INFO [2020-11-09 17:41:28] Initialising estimates for: Puerto Rico
INFO [2020-11-09 17:41:35] Initialising estimates for: Rhode Island
WARN [2020-11-09 17:41:44] Missouri: There were 7 divergent transitions after warmup. See
http://mc-stan.org/misc/warnings.html#divergent-transitions-after-warmup
to find out why this is a problem and how to eliminate them. - 
WARN [2020-11-09 17:41:44] Missouri: Examine the pairs() plot to diagnose sampling problems
 - 
WARN [2020-11-09 17:41:44] Mississippi: There were 1 divergent transitions after warmup. See
http://mc-stan.org/misc/warnings.html#divergent-transitions-after-warmup
to find out why this is a problem and how to eliminate them. - 
WARN [2020-11-09 17:41:44] Mississippi: Examine the pairs() plot to diagnose sampling problems
 - 
INFO [2020-11-09 17:41:51] Completed estimates for: Missouri
INFO [2020-11-09 17:41:52] Completed estimates for: Mississippi
WARN [2020-11-09 17:41:52] Nebraska: There were 126 divergent transitions after warmup. See
http://mc-stan.org/misc/warnings.html#divergent-transitions-after-warmup
to find out why this is a problem and how to eliminate them. - 
WARN [2020-11-09 17:41:52] Nebraska: Examine the pairs() plot to diagnose sampling problems
 - 
WARN [2020-11-09 17:41:53] Nebraska: The largest R-hat is 1.58, indicating chains have not mixed.
Running the chains for more iterations may help. See
http://mc-stan.org/misc/warnings.html#r-hat - 
WARN [2020-11-09 17:41:55] Nebraska: Bulk Effective Samples Size (ESS) is too low, indicating posterior means and medians may be unreliable.
Running the chains for more iterations may help. See
http://mc-stan.org/misc/warnings.html#bulk-ess - 
WARN [2020-11-09 17:41:56] Nebraska: Tail Effective Samples Size (ESS) is too low, indicating posterior variances and tail quantiles may be unreliable.
Running the chains for more iterations may help. See
http://mc-stan.org/misc/warnings.html#tail-ess - 
INFO [2020-11-09 17:41:59] Completed estimates for: Nebraska
WARN [2020-11-09 17:42:01] Montana: Bulk Effective Samples Size (ESS) is too low, indicating posterior means and medians may be unreliable.
Running the chains for more iterations may help. See
http://mc-stan.org/misc/warnings.html#bulk-ess - 
WARN [2020-11-09 17:42:01] New York: There were 16 divergent transitions after warmup. See
http://mc-stan.org/misc/warnings.html#divergent-transitions-after-warmup
to find out why this is a problem and how to eliminate them. - 
WARN [2020-11-09 17:42:01] New York: Examine the pairs() plot to diagnose sampling problems
 - 
WARN [2020-11-09 17:42:02] New Hampshire: There were 1 divergent transitions after warmup. See
http://mc-stan.org/misc/warnings.html#divergent-transitions-after-warmup
to find out why this is a problem and how to eliminate them. - 
WARN [2020-11-09 17:42:02] New Hampshire: Examine the pairs() plot to diagnose sampling problems
 - 
WARN [2020-11-09 17:42:02] Montana: Tail Effective Samples Size (ESS) is too low, indicating posterior variances and tail quantiles may be unreliable.
Running the chains for more iterations may help. See
http://mc-stan.org/misc/warnings.html#tail-ess - 
INFO [2020-11-09 17:42:05] Completed estimates for: Montana
INFO [2020-11-09 17:42:06] Completed estimates for: New York
INFO [2020-11-09 17:42:07] Completed estimates for: New Hampshire
WARN [2020-11-09 17:42:08] Nevada: There were 3 divergent transitions after warmup. See
http://mc-stan.org/misc/warnings.html#divergent-transitions-after-warmup
to find out why this is a problem and how to eliminate them. - 
WARN [2020-11-09 17:42:08] Nevada: Examine the pairs() plot to diagnose sampling problems
 - 
WARN [2020-11-09 17:42:10] Nevada: Bulk Effective Samples Size (ESS) is too low, indicating posterior means and medians may be unreliable.
Running the chains for more iterations may help. See
http://mc-stan.org/misc/warnings.html#bulk-ess - 
WARN [2020-11-09 17:42:11] Nevada: Tail Effective Samples Size (ESS) is too low, indicating posterior variances and tail quantiles may be unreliable.
Running the chains for more iterations may help. See
http://mc-stan.org/misc/warnings.html#tail-ess - 
INFO [2020-11-09 17:42:13] Completed estimates for: Nevada
INFO [2020-11-09 17:42:22] Initialising estimates for: South Carolina
INFO [2020-11-09 17:42:27] Initialising estimates for: South Dakota
INFO [2020-11-09 17:42:32] Initialising estimates for: Tennessee
WARN [2020-11-09 17:42:32] North Dakota: There were 11 divergent transitions after warmup. See
http://mc-stan.org/misc/warnings.html#divergent-transitions-after-warmup
to find out why this is a problem and how to eliminate them. - 
WARN [2020-11-09 17:42:32] North Dakota: Examine the pairs() plot to diagnose sampling problems
 - 
WARN [2020-11-09 17:42:35] North Dakota: Bulk Effective Samples Size (ESS) is too low, indicating posterior means and medians may be unreliable.
Running the chains for more iterations may help. See
http://mc-stan.org/misc/warnings.html#bulk-ess - 
INFO [2020-11-09 17:42:38] Initialising estimates for: Texas
INFO [2020-11-09 17:42:39] Completed estimates for: North Dakota
WARN [2020-11-09 17:42:42] New Jersey: There were 18 divergent transitions after warmup. See
http://mc-stan.org/misc/warnings.html#divergent-transitions-after-warmup
to find out why this is a problem and how to eliminate them. - 
WARN [2020-11-09 17:42:42] New Jersey: Examine the pairs() plot to diagnose sampling problems
 - 
WARN [2020-11-09 17:42:44] New Jersey: Bulk Effective Samples Size (ESS) is too low, indicating posterior means and medians may be unreliable.
Running the chains for more iterations may help. See
http://mc-stan.org/misc/warnings.html#bulk-ess - 
WARN [2020-11-09 17:42:45] New Jersey: Tail Effective Samples Size (ESS) is too low, indicating posterior variances and tail quantiles may be unreliable.
Running the chains for more iterations may help. See
http://mc-stan.org/misc/warnings.html#tail-ess - 
INFO [2020-11-09 17:42:47] Initialising estimates for: Utah
INFO [2020-11-09 17:42:49] Completed estimates for: New Jersey
WARN [2020-11-09 17:42:50] New Mexico: There were 1 divergent transitions after warmup. See
http://mc-stan.org/misc/warnings.html#divergent-transitions-after-warmup
to find out why this is a problem and how to eliminate them. - 
WARN [2020-11-09 17:42:50] New Mexico: Examine the pairs() plot to diagnose sampling problems
 - 
WARN [2020-11-09 17:42:56] Oregon: There were 3 divergent transitions after warmup. See
http://mc-stan.org/misc/warnings.html#divergent-transitions-after-warmup
to find out why this is a problem and how to eliminate them. - 
WARN [2020-11-09 17:42:56] Oregon: Examine the pairs() plot to diagnose sampling problems
 - 
INFO [2020-11-09 17:42:57] Completed estimates for: New Mexico
INFO [2020-11-09 17:42:58] Initialising estimates for: Virginia
WARN [2020-11-09 17:43:00] Ohio: There were 1 divergent transitions after warmup. See
http://mc-stan.org/misc/warnings.html#divergent-transitions-after-warmup
to find out why this is a problem and how to eliminate them. - 
WARN [2020-11-09 17:43:00] Ohio: Examine the pairs() plot to diagnose sampling problems
 - 
INFO [2020-11-09 17:43:03] Completed estimates for: Oregon
INFO [2020-11-09 17:43:07] Completed estimates for: Ohio
INFO [2020-11-09 17:43:10] Initialising estimates for: Washington
WARN [2020-11-09 17:43:14] Pennsylvania: There were 11 divergent transitions after warmup. See
http://mc-stan.org/misc/warnings.html#divergent-transitions-after-warmup
to find out why this is a problem and how to eliminate them. - 
WARN [2020-11-09 17:43:14] Pennsylvania: Examine the pairs() plot to diagnose sampling problems
 - 
WARN [2020-11-09 17:43:17] Pennsylvania: Tail Effective Samples Size (ESS) is too low, indicating posterior variances and tail quantiles may be unreliable.
Running the chains for more iterations may help. See
http://mc-stan.org/misc/warnings.html#tail-ess - 
INFO [2020-11-09 17:43:18] Initialising estimates for: West Virginia
INFO [2020-11-09 17:43:20] Completed estimates for: Pennsylvania
WARN [2020-11-09 17:43:22] Puerto Rico: There were 3 divergent transitions after warmup. See
http://mc-stan.org/misc/warnings.html#divergent-transitions-after-warmup
to find out why this is a problem and how to eliminate them. - 
WARN [2020-11-09 17:43:22] Puerto Rico: Examine the pairs() plot to diagnose sampling problems
 - 
INFO [2020-11-09 17:43:27] Initialising estimates for: Wisconsin
INFO [2020-11-09 17:43:30] Completed estimates for: Puerto Rico
INFO [2020-11-09 17:43:36] Initialising estimates for: US
WARN [2020-11-09 17:43:45] Oklahoma: There were 3 divergent transitions after warmup. See
http://mc-stan.org/misc/warnings.html#divergent-transitions-after-warmup
to find out why this is a problem and how to eliminate them. - 
WARN [2020-11-09 17:43:45] Oklahoma: Examine the pairs() plot to diagnose sampling problems
 - 
WARN [2020-11-09 17:43:48] Oklahoma: Bulk Effective Samples Size (ESS) is too low, indicating posterior means and medians may be unreliable.
Running the chains for more iterations may help. See
http://mc-stan.org/misc/warnings.html#bulk-ess - 
INFO [2020-11-09 17:43:52] Completed estimates for: Oklahoma
INFO [2020-11-09 17:44:02] Completed estimates for: North Carolina
WARN [2020-11-09 17:44:04] Rhode Island: There were 22 divergent transitions after warmup. See
http://mc-stan.org/misc/warnings.html#divergent-transitions-after-warmup
to find out why this is a problem and how to eliminate them. - 
WARN [2020-11-09 17:44:04] Rhode Island: Examine the pairs() plot to diagnose sampling problems
 - 
INFO [2020-11-09 17:44:10] Completed estimates for: Rhode Island
WARN [2020-11-09 17:44:18] South Carolina: There were 8 divergent transitions after warmup. See
http://mc-stan.org/misc/warnings.html#divergent-transitions-after-warmup
to find out why this is a problem and how to eliminate them. - 
WARN [2020-11-09 17:44:18] South Carolina: Examine the pairs() plot to diagnose sampling problems
 - 
INFO [2020-11-09 17:44:22] Completed estimates for: South Carolina
INFO [2020-11-09 17:44:30] Completed estimates for: South Dakota
WARN [2020-11-09 17:44:42] Utah: some chains had errors; consider specifying chains = 1 to debug - .local, object, ...
INFO [2020-11-09 17:44:46] Completed estimates for: Utah
WARN [2020-11-09 17:45:03] Tennessee: There were 94 divergent transitions after warmup. See
http://mc-stan.org/misc/warnings.html#divergent-transitions-after-warmup
to find out why this is a problem and how to eliminate them. - 
WARN [2020-11-09 17:45:03] Tennessee: Examine the pairs() plot to diagnose sampling problems
 - 
WARN [2020-11-09 17:45:03] Washington: There were 9 divergent transitions after warmup. See
http://mc-stan.org/misc/warnings.html#divergent-transitions-after-warmup
to find out why this is a problem and how to eliminate them. - 
WARN [2020-11-09 17:45:03] Washington: Examine the pairs() plot to diagnose sampling problems
 - 
WARN [2020-11-09 17:45:04] Tennessee: The largest R-hat is 1.08, indicating chains have not mixed.
Running the chains for more iterations may help. See
http://mc-stan.org/misc/warnings.html#r-hat - 
WARN [2020-11-09 17:45:05] Tennessee: Bulk Effective Samples Size (ESS) is too low, indicating posterior means and medians may be unreliable.
Running the chains for more iterations may help. See
http://mc-stan.org/misc/warnings.html#bulk-ess - 
WARN [2020-11-09 17:45:06] Tennessee: Tail Effective Samples Size (ESS) is too low, indicating posterior variances and tail quantiles may be unreliable.
Running the chains for more iterations may help. See
http://mc-stan.org/misc/warnings.html#tail-ess - 
INFO [2020-11-09 17:45:07] Completed estimates for: Tennessee
INFO [2020-11-09 17:45:08] Completed estimates for: Washington
WARN [2020-11-09 17:45:18] Texas: There were 23 divergent transitions after warmup. See
http://mc-stan.org/misc/warnings.html#divergent-transitions-after-warmup
to find out why this is a problem and how to eliminate them. - 
WARN [2020-11-09 17:45:18] Texas: Examine the pairs() plot to diagnose sampling problems
 - 
WARN [2020-11-09 17:45:19] Texas: Bulk Effective Samples Size (ESS) is too low, indicating posterior means and medians may be unreliable.
Running the chains for more iterations may help. See
http://mc-stan.org/misc/warnings.html#bulk-ess - 
INFO [2020-11-09 17:45:22] Completed estimates for: Texas
WARN [2020-11-09 17:45:26] US: There were 49 divergent transitions after warmup. See
http://mc-stan.org/misc/warnings.html#divergent-transitions-after-warmup
to find out why this is a problem and how to eliminate them. - 
WARN [2020-11-09 17:45:26] US: Examine the pairs() plot to diagnose sampling problems
 - 
WARN [2020-11-09 17:45:28] US: Tail Effective Samples Size (ESS) is too low, indicating posterior variances and tail quantiles may be unreliable.
Running the chains for more iterations may help. See
http://mc-stan.org/misc/warnings.html#tail-ess - 
WARN [2020-11-09 17:45:29] Wisconsin: There were 13 divergent transitions after warmup. See
http://mc-stan.org/misc/warnings.html#divergent-transitions-after-warmup
to find out why this is a problem and how to eliminate them. - 
WARN [2020-11-09 17:45:29] Wisconsin: Examine the pairs() plot to diagnose sampling problems
 - 
INFO [2020-11-09 17:45:30] Completed estimates for: US
INFO [2020-11-09 17:45:33] Completed estimates for: Wisconsin
INFO [2020-11-09 17:45:44] Completed estimates for: West Virginia
INFO [2020-11-09 17:45:46] Completed estimates for: Virginia
