INFO [2020-11-14 15:44:04] Runtime error in Alabama : Alabama: argument is of length zero - if, args$method == "sampling", {
    fit <- fit_model_with_nuts(args, future = args$future, max_execution_time = args$max_execution_time, verbose = verbose, id = id)
}, if (args$method == "vb") {
    fit <- fit_model_with_vb(args, verbose = verbose, id = id)
}
INFO [2020-11-14 15:44:04] Runtime error in Alaska : Alaska: argument is of length zero - if, args$method == "sampling", {
    fit <- fit_model_with_nuts(args, future = args$future, max_execution_time = args$max_execution_time, verbose = verbose, id = id)
}, if (args$method == "vb") {
    fit <- fit_model_with_vb(args, verbose = verbose, id = id)
}
INFO [2020-11-14 15:44:04] Runtime error in Arizona : Arizona: argument is of length zero - if, args$method == "sampling", {
    fit <- fit_model_with_nuts(args, future = args$future, max_execution_time = args$max_execution_time, verbose = verbose, id = id)
}, if (args$method == "vb") {
    fit <- fit_model_with_vb(args, verbose = verbose, id = id)
}
INFO [2020-11-14 15:44:04] Runtime error in Arkansas : Arkansas: argument is of length zero - if, args$method == "sampling", {
    fit <- fit_model_with_nuts(args, future = args$future, max_execution_time = args$max_execution_time, verbose = verbose, id = id)
}, if (args$method == "vb") {
    fit <- fit_model_with_vb(args, verbose = verbose, id = id)
}
INFO [2020-11-14 15:44:04] Runtime error in California : California: argument is of length zero - if, args$method == "sampling", {
    fit <- fit_model_with_nuts(args, future = args$future, max_execution_time = args$max_execution_time, verbose = verbose, id = id)
}, if (args$method == "vb") {
    fit <- fit_model_with_vb(args, verbose = verbose, id = id)
}
INFO [2020-11-14 15:44:04] Runtime error in Colorado : Colorado: argument is of length zero - if, args$method == "sampling", {
    fit <- fit_model_with_nuts(args, future = args$future, max_execution_time = args$max_execution_time, verbose = verbose, id = id)
}, if (args$method == "vb") {
    fit <- fit_model_with_vb(args, verbose = verbose, id = id)
}
INFO [2020-11-14 15:44:04] Runtime error in Connecticut : Connecticut: argument is of length zero - if, args$method == "sampling", {
    fit <- fit_model_with_nuts(args, future = args$future, max_execution_time = args$max_execution_time, verbose = verbose, id = id)
}, if (args$method == "vb") {
    fit <- fit_model_with_vb(args, verbose = verbose, id = id)
}
INFO [2020-11-14 15:44:04] Runtime error in Delaware : Delaware: argument is of length zero - if, args$method == "sampling", {
    fit <- fit_model_with_nuts(args, future = args$future, max_execution_time = args$max_execution_time, verbose = verbose, id = id)
}, if (args$method == "vb") {
    fit <- fit_model_with_vb(args, verbose = verbose, id = id)
}
INFO [2020-11-14 15:44:04] Runtime error in District of Columbia : District of Columbia: argument is of length zero - if, args$method == "sampling", {
    fit <- fit_model_with_nuts(args, future = args$future, max_execution_time = args$max_execution_time, verbose = verbose, id = id)
}, if (args$method == "vb") {
    fit <- fit_model_with_vb(args, verbose = verbose, id = id)
}
INFO [2020-11-14 15:44:06] Runtime error in Florida : Florida: argument is of length zero - if, args$method == "sampling", {
    fit <- fit_model_with_nuts(args, future = args$future, max_execution_time = args$max_execution_time, verbose = verbose, id = id)
}, if (args$method == "vb") {
    fit <- fit_model_with_vb(args, verbose = verbose, id = id)
}
INFO [2020-11-14 15:44:06] Runtime error in Georgia : Georgia: argument is of length zero - if, args$method == "sampling", {
    fit <- fit_model_with_nuts(args, future = args$future, max_execution_time = args$max_execution_time, verbose = verbose, id = id)
}, if (args$method == "vb") {
    fit <- fit_model_with_vb(args, verbose = verbose, id = id)
}
INFO [2020-11-14 15:44:06] Runtime error in Guam : Guam: argument is of length zero - if, args$method == "sampling", {
    fit <- fit_model_with_nuts(args, future = args$future, max_execution_time = args$max_execution_time, verbose = verbose, id = id)
}, if (args$method == "vb") {
    fit <- fit_model_with_vb(args, verbose = verbose, id = id)
}
INFO [2020-11-14 15:44:06] Runtime error in Hawaii : Hawaii: argument is of length zero - if, args$method == "sampling", {
    fit <- fit_model_with_nuts(args, future = args$future, max_execution_time = args$max_execution_time, verbose = verbose, id = id)
}, if (args$method == "vb") {
    fit <- fit_model_with_vb(args, verbose = verbose, id = id)
}
INFO [2020-11-14 15:44:06] Runtime error in Idaho : Idaho: argument is of length zero - if, args$method == "sampling", {
    fit <- fit_model_with_nuts(args, future = args$future, max_execution_time = args$max_execution_time, verbose = verbose, id = id)
}, if (args$method == "vb") {
    fit <- fit_model_with_vb(args, verbose = verbose, id = id)
}
INFO [2020-11-14 15:44:06] Runtime error in Illinois : Illinois: argument is of length zero - if, args$method == "sampling", {
    fit <- fit_model_with_nuts(args, future = args$future, max_execution_time = args$max_execution_time, verbose = verbose, id = id)
}, if (args$method == "vb") {
    fit <- fit_model_with_vb(args, verbose = verbose, id = id)
}
INFO [2020-11-14 15:44:06] Runtime error in Indiana : Indiana: argument is of length zero - if, args$method == "sampling", {
    fit <- fit_model_with_nuts(args, future = args$future, max_execution_time = args$max_execution_time, verbose = verbose, id = id)
}, if (args$method == "vb") {
    fit <- fit_model_with_vb(args, verbose = verbose, id = id)
}
INFO [2020-11-14 15:44:06] Runtime error in Iowa : Iowa: argument is of length zero - if, args$method == "sampling", {
    fit <- fit_model_with_nuts(args, future = args$future, max_execution_time = args$max_execution_time, verbose = verbose, id = id)
}, if (args$method == "vb") {
    fit <- fit_model_with_vb(args, verbose = verbose, id = id)
}
INFO [2020-11-14 15:44:06] Runtime error in Kansas : Kansas: argument is of length zero - if, args$method == "sampling", {
    fit <- fit_model_with_nuts(args, future = args$future, max_execution_time = args$max_execution_time, verbose = verbose, id = id)
}, if (args$method == "vb") {
    fit <- fit_model_with_vb(args, verbose = verbose, id = id)
}
INFO [2020-11-14 15:44:06] Runtime error in Kentucky : Kentucky: argument is of length zero - if, args$method == "sampling", {
    fit <- fit_model_with_nuts(args, future = args$future, max_execution_time = args$max_execution_time, verbose = verbose, id = id)
}, if (args$method == "vb") {
    fit <- fit_model_with_vb(args, verbose = verbose, id = id)
}
INFO [2020-11-14 15:44:06] Runtime error in Louisiana : Louisiana: argument is of length zero - if, args$method == "sampling", {
    fit <- fit_model_with_nuts(args, future = args$future, max_execution_time = args$max_execution_time, verbose = verbose, id = id)
}, if (args$method == "vb") {
    fit <- fit_model_with_vb(args, verbose = verbose, id = id)
}
INFO [2020-11-14 15:44:06] Runtime error in Maine : Maine: argument is of length zero - if, args$method == "sampling", {
    fit <- fit_model_with_nuts(args, future = args$future, max_execution_time = args$max_execution_time, verbose = verbose, id = id)
}, if (args$method == "vb") {
    fit <- fit_model_with_vb(args, verbose = verbose, id = id)
}
INFO [2020-11-14 15:44:06] Runtime error in Maryland : Maryland: argument is of length zero - if, args$method == "sampling", {
    fit <- fit_model_with_nuts(args, future = args$future, max_execution_time = args$max_execution_time, verbose = verbose, id = id)
}, if (args$method == "vb") {
    fit <- fit_model_with_vb(args, verbose = verbose, id = id)
}
INFO [2020-11-14 15:44:06] Runtime error in Massachusetts : Massachusetts: argument is of length zero - if, args$method == "sampling", {
    fit <- fit_model_with_nuts(args, future = args$future, max_execution_time = args$max_execution_time, verbose = verbose, id = id)
}, if (args$method == "vb") {
    fit <- fit_model_with_vb(args, verbose = verbose, id = id)
}
INFO [2020-11-14 15:44:06] Runtime error in Michigan : Michigan: argument is of length zero - if, args$method == "sampling", {
    fit <- fit_model_with_nuts(args, future = args$future, max_execution_time = args$max_execution_time, verbose = verbose, id = id)
}, if (args$method == "vb") {
    fit <- fit_model_with_vb(args, verbose = verbose, id = id)
}
INFO [2020-11-14 15:44:06] Runtime error in Minnesota : Minnesota: argument is of length zero - if, args$method == "sampling", {
    fit <- fit_model_with_nuts(args, future = args$future, max_execution_time = args$max_execution_time, verbose = verbose, id = id)
}, if (args$method == "vb") {
    fit <- fit_model_with_vb(args, verbose = verbose, id = id)
}
INFO [2020-11-14 15:44:06] Runtime error in Mississippi : Mississippi: argument is of length zero - if, args$method == "sampling", {
    fit <- fit_model_with_nuts(args, future = args$future, max_execution_time = args$max_execution_time, verbose = verbose, id = id)
}, if (args$method == "vb") {
    fit <- fit_model_with_vb(args, verbose = verbose, id = id)
}
INFO [2020-11-14 15:44:06] Runtime error in Missouri : Missouri: argument is of length zero - if, args$method == "sampling", {
    fit <- fit_model_with_nuts(args, future = args$future, max_execution_time = args$max_execution_time, verbose = verbose, id = id)
}, if (args$method == "vb") {
    fit <- fit_model_with_vb(args, verbose = verbose, id = id)
}
INFO [2020-11-14 15:44:06] Runtime error in Montana : Montana: argument is of length zero - if, args$method == "sampling", {
    fit <- fit_model_with_nuts(args, future = args$future, max_execution_time = args$max_execution_time, verbose = verbose, id = id)
}, if (args$method == "vb") {
    fit <- fit_model_with_vb(args, verbose = verbose, id = id)
}
INFO [2020-11-14 15:44:06] Runtime error in Nebraska : Nebraska: argument is of length zero - if, args$method == "sampling", {
    fit <- fit_model_with_nuts(args, future = args$future, max_execution_time = args$max_execution_time, verbose = verbose, id = id)
}, if (args$method == "vb") {
    fit <- fit_model_with_vb(args, verbose = verbose, id = id)
}
INFO [2020-11-14 15:44:06] Runtime error in Nevada : Nevada: argument is of length zero - if, args$method == "sampling", {
    fit <- fit_model_with_nuts(args, future = args$future, max_execution_time = args$max_execution_time, verbose = verbose, id = id)
}, if (args$method == "vb") {
    fit <- fit_model_with_vb(args, verbose = verbose, id = id)
}
INFO [2020-11-14 15:44:06] Runtime error in New Hampshire : New Hampshire: argument is of length zero - if, args$method == "sampling", {
    fit <- fit_model_with_nuts(args, future = args$future, max_execution_time = args$max_execution_time, verbose = verbose, id = id)
}, if (args$method == "vb") {
    fit <- fit_model_with_vb(args, verbose = verbose, id = id)
}
INFO [2020-11-14 15:44:06] Runtime error in New Jersey : New Jersey: argument is of length zero - if, args$method == "sampling", {
    fit <- fit_model_with_nuts(args, future = args$future, max_execution_time = args$max_execution_time, verbose = verbose, id = id)
}, if (args$method == "vb") {
    fit <- fit_model_with_vb(args, verbose = verbose, id = id)
}
INFO [2020-11-14 15:44:06] Runtime error in New Mexico : New Mexico: argument is of length zero - if, args$method == "sampling", {
    fit <- fit_model_with_nuts(args, future = args$future, max_execution_time = args$max_execution_time, verbose = verbose, id = id)
}, if (args$method == "vb") {
    fit <- fit_model_with_vb(args, verbose = verbose, id = id)
}
INFO [2020-11-14 15:44:06] Runtime error in New York : New York: argument is of length zero - if, args$method == "sampling", {
    fit <- fit_model_with_nuts(args, future = args$future, max_execution_time = args$max_execution_time, verbose = verbose, id = id)
}, if (args$method == "vb") {
    fit <- fit_model_with_vb(args, verbose = verbose, id = id)
}
INFO [2020-11-14 15:44:06] Runtime error in North Carolina : North Carolina: argument is of length zero - if, args$method == "sampling", {
    fit <- fit_model_with_nuts(args, future = args$future, max_execution_time = args$max_execution_time, verbose = verbose, id = id)
}, if (args$method == "vb") {
    fit <- fit_model_with_vb(args, verbose = verbose, id = id)
}
INFO [2020-11-14 15:44:06] Runtime error in North Dakota : North Dakota: argument is of length zero - if, args$method == "sampling", {
    fit <- fit_model_with_nuts(args, future = args$future, max_execution_time = args$max_execution_time, verbose = verbose, id = id)
}, if (args$method == "vb") {
    fit <- fit_model_with_vb(args, verbose = verbose, id = id)
}
INFO [2020-11-14 15:44:06] Runtime error in Ohio : Ohio: argument is of length zero - if, args$method == "sampling", {
    fit <- fit_model_with_nuts(args, future = args$future, max_execution_time = args$max_execution_time, verbose = verbose, id = id)
}, if (args$method == "vb") {
    fit <- fit_model_with_vb(args, verbose = verbose, id = id)
}
INFO [2020-11-14 15:44:06] Runtime error in Oklahoma : Oklahoma: argument is of length zero - if, args$method == "sampling", {
    fit <- fit_model_with_nuts(args, future = args$future, max_execution_time = args$max_execution_time, verbose = verbose, id = id)
}, if (args$method == "vb") {
    fit <- fit_model_with_vb(args, verbose = verbose, id = id)
}
INFO [2020-11-14 15:44:06] Runtime error in Oregon : Oregon: argument is of length zero - if, args$method == "sampling", {
    fit <- fit_model_with_nuts(args, future = args$future, max_execution_time = args$max_execution_time, verbose = verbose, id = id)
}, if (args$method == "vb") {
    fit <- fit_model_with_vb(args, verbose = verbose, id = id)
}
INFO [2020-11-14 15:44:06] Runtime error in Pennsylvania : Pennsylvania: argument is of length zero - if, args$method == "sampling", {
    fit <- fit_model_with_nuts(args, future = args$future, max_execution_time = args$max_execution_time, verbose = verbose, id = id)
}, if (args$method == "vb") {
    fit <- fit_model_with_vb(args, verbose = verbose, id = id)
}
INFO [2020-11-14 15:44:07] Runtime error in Puerto Rico : Puerto Rico: argument is of length zero - if, args$method == "sampling", {
    fit <- fit_model_with_nuts(args, future = args$future, max_execution_time = args$max_execution_time, verbose = verbose, id = id)
}, if (args$method == "vb") {
    fit <- fit_model_with_vb(args, verbose = verbose, id = id)
}
INFO [2020-11-14 15:44:07] Runtime error in Rhode Island : Rhode Island: argument is of length zero - if, args$method == "sampling", {
    fit <- fit_model_with_nuts(args, future = args$future, max_execution_time = args$max_execution_time, verbose = verbose, id = id)
}, if (args$method == "vb") {
    fit <- fit_model_with_vb(args, verbose = verbose, id = id)
}
INFO [2020-11-14 15:44:07] Runtime error in South Carolina : South Carolina: argument is of length zero - if, args$method == "sampling", {
    fit <- fit_model_with_nuts(args, future = args$future, max_execution_time = args$max_execution_time, verbose = verbose, id = id)
}, if (args$method == "vb") {
    fit <- fit_model_with_vb(args, verbose = verbose, id = id)
}
INFO [2020-11-14 15:44:07] Runtime error in South Dakota : South Dakota: argument is of length zero - if, args$method == "sampling", {
    fit <- fit_model_with_nuts(args, future = args$future, max_execution_time = args$max_execution_time, verbose = verbose, id = id)
}, if (args$method == "vb") {
    fit <- fit_model_with_vb(args, verbose = verbose, id = id)
}
INFO [2020-11-14 15:44:07] Runtime error in Tennessee : Tennessee: argument is of length zero - if, args$method == "sampling", {
    fit <- fit_model_with_nuts(args, future = args$future, max_execution_time = args$max_execution_time, verbose = verbose, id = id)
}, if (args$method == "vb") {
    fit <- fit_model_with_vb(args, verbose = verbose, id = id)
}
INFO [2020-11-14 15:44:07] Runtime error in Texas : Texas: argument is of length zero - if, args$method == "sampling", {
    fit <- fit_model_with_nuts(args, future = args$future, max_execution_time = args$max_execution_time, verbose = verbose, id = id)
}, if (args$method == "vb") {
    fit <- fit_model_with_vb(args, verbose = verbose, id = id)
}
INFO [2020-11-14 15:44:07] Runtime error in Utah : Utah: argument is of length zero - if, args$method == "sampling", {
    fit <- fit_model_with_nuts(args, future = args$future, max_execution_time = args$max_execution_time, verbose = verbose, id = id)
}, if (args$method == "vb") {
    fit <- fit_model_with_vb(args, verbose = verbose, id = id)
}
INFO [2020-11-14 15:44:07] Runtime error in Virginia : Virginia: argument is of length zero - if, args$method == "sampling", {
    fit <- fit_model_with_nuts(args, future = args$future, max_execution_time = args$max_execution_time, verbose = verbose, id = id)
}, if (args$method == "vb") {
    fit <- fit_model_with_vb(args, verbose = verbose, id = id)
}
INFO [2020-11-14 15:44:07] Runtime error in Washington : Washington: argument is of length zero - if, args$method == "sampling", {
    fit <- fit_model_with_nuts(args, future = args$future, max_execution_time = args$max_execution_time, verbose = verbose, id = id)
}, if (args$method == "vb") {
    fit <- fit_model_with_vb(args, verbose = verbose, id = id)
}
INFO [2020-11-14 15:44:07] Runtime error in West Virginia : West Virginia: argument is of length zero - if, args$method == "sampling", {
    fit <- fit_model_with_nuts(args, future = args$future, max_execution_time = args$max_execution_time, verbose = verbose, id = id)
}, if (args$method == "vb") {
    fit <- fit_model_with_vb(args, verbose = verbose, id = id)
}
INFO [2020-11-14 15:44:07] Runtime error in Wisconsin : Wisconsin: argument is of length zero - if, args$method == "sampling", {
    fit <- fit_model_with_nuts(args, future = args$future, max_execution_time = args$max_execution_time, verbose = verbose, id = id)
}, if (args$method == "vb") {
    fit <- fit_model_with_vb(args, verbose = verbose, id = id)
}
INFO [2020-11-14 15:44:07] Runtime error in US : US: argument is of length zero - if, args$method == "sampling", {
    fit <- fit_model_with_nuts(args, future = args$future, max_execution_time = args$max_execution_time, verbose = verbose, id = id)
}, if (args$method == "vb") {
    fit <- fit_model_with_vb(args, verbose = verbose, id = id)
}
