INFO [2020-11-23 14:22:37] Initialising estimates for: Alabama
INFO [2020-11-23 14:22:37] Initialising estimates for: Alaska
INFO [2020-11-23 14:22:38] Initialising estimates for: Arizona
INFO [2020-11-23 14:22:39] Initialising estimates for: Arkansas
INFO [2020-11-23 14:22:41] Initialising estimates for: California
INFO [2020-11-23 14:22:43] Initialising estimates for: Colorado
INFO [2020-11-23 14:22:46] Initialising estimates for: Connecticut
INFO [2020-11-23 14:22:48] Initialising estimates for: Delaware
INFO [2020-11-23 14:22:52] Initialising estimates for: District of Columbia
INFO [2020-11-23 14:22:55] Initialising estimates for: Florida
INFO [2020-11-23 14:23:00] Completed estimates for: Alabama
INFO [2020-11-23 14:23:00] Initialising estimates for: Georgia
INFO [2020-11-23 14:23:00] Completed estimates for: Alaska
INFO [2020-11-23 14:23:02] Completed estimates for: Arizona
INFO [2020-11-23 14:23:04] Completed estimates for: Arkansas
INFO [2020-11-23 14:23:05] Completed estimates for: California
INFO [2020-11-23 14:23:08] Completed estimates for: Colorado
INFO [2020-11-23 14:23:10] Completed estimates for: Connecticut
INFO [2020-11-23 14:23:12] Completed estimates for: Delaware
INFO [2020-11-23 14:23:13] Initialising estimates for: Guam
INFO [2020-11-23 14:23:16] Completed estimates for: District of Columbia
INFO [2020-11-23 14:23:16] Initialising estimates for: Hawaii
INFO [2020-11-23 14:23:19] Initialising estimates for: Idaho
INFO [2020-11-23 14:23:21] Initialising estimates for: Illinois
INFO [2020-11-23 14:23:22] Completed estimates for: Florida
INFO [2020-11-23 14:23:24] Initialising estimates for: Indiana
INFO [2020-11-23 14:23:24] Completed estimates for: Georgia
INFO [2020-11-23 14:23:28] Initialising estimates for: Iowa
INFO [2020-11-23 14:23:31] Initialising estimates for: Kansas
INFO [2020-11-23 14:23:34] Initialising estimates for: Kentucky
INFO [2020-11-23 14:23:36] Completed estimates for: Guam
INFO [2020-11-23 14:23:37] Initialising estimates for: Louisiana
INFO [2020-11-23 14:23:41] Completed estimates for: Hawaii
INFO [2020-11-23 14:23:42] Initialising estimates for: Maine
INFO [2020-11-23 14:23:44] Completed estimates for: Idaho
INFO [2020-11-23 14:23:46] Completed estimates for: Illinois
INFO [2020-11-23 14:23:48] Completed estimates for: Indiana
INFO [2020-11-23 14:23:51] Initialising estimates for: Maryland
INFO [2020-11-23 14:23:54] Initialising estimates for: Massachusetts
INFO [2020-11-23 14:23:54] Completed estimates for: Iowa
INFO [2020-11-23 14:23:56] Completed estimates for: Kansas
INFO [2020-11-23 14:23:59] Completed estimates for: Kentucky
INFO [2020-11-23 14:23:59] Initialising estimates for: Michigan
INFO [2020-11-23 14:24:01] Completed estimates for: Louisiana
INFO [2020-11-23 14:24:04] Initialising estimates for: Minnesota
INFO [2020-11-23 14:24:06] Completed estimates for: Maine
INFO [2020-11-23 14:24:06] Initialising estimates for: Mississippi
INFO [2020-11-23 14:24:09] Initialising estimates for: Missouri
INFO [2020-11-23 14:24:12] Initialising estimates for: Montana
INFO [2020-11-23 14:24:15] Initialising estimates for: Nebraska
INFO [2020-11-23 14:24:16] Completed estimates for: Maryland
INFO [2020-11-23 14:24:19] Completed estimates for: Massachusetts
INFO [2020-11-23 14:24:20] Initialising estimates for: Nevada
INFO [2020-11-23 14:24:23] Completed estimates for: Michigan
INFO [2020-11-23 14:24:24] Initialising estimates for: New Hampshire
INFO [2020-11-23 14:24:29] Initialising estimates for: New Jersey
INFO [2020-11-23 14:24:29] Completed estimates for: Minnesota
INFO [2020-11-23 14:24:30] Completed estimates for: Mississippi
INFO [2020-11-23 14:24:33] Completed estimates for: Missouri
INFO [2020-11-23 14:24:36] Initialising estimates for: New Mexico
INFO [2020-11-23 14:24:36] Completed estimates for: Montana
INFO [2020-11-23 14:24:39] Completed estimates for: Nebraska
INFO [2020-11-23 14:24:39] Initialising estimates for: New York
INFO [2020-11-23 14:24:43] Initialising estimates for: North Carolina
INFO [2020-11-23 14:24:43] Completed estimates for: Nevada
INFO [2020-11-23 14:24:46] Initialising estimates for: North Dakota
INFO [2020-11-23 14:24:47] Completed estimates for: New Hampshire
INFO [2020-11-23 14:24:50] Initialising estimates for: Ohio
INFO [2020-11-23 14:24:53] Initialising estimates for: Oklahoma
INFO [2020-11-23 14:24:54] Completed estimates for: New Jersey
INFO [2020-11-23 14:24:56] Initialising estimates for: Oregon
INFO [2020-11-23 14:25:00] Initialising estimates for: Pennsylvania
INFO [2020-11-23 14:25:00] Completed estimates for: New Mexico
INFO [2020-11-23 14:25:04] Completed estimates for: New York
INFO [2020-11-23 14:25:05] Initialising estimates for: Puerto Rico
INFO [2020-11-23 14:25:07] Completed estimates for: North Carolina
INFO [2020-11-23 14:25:11] Initialising estimates for: Rhode Island
INFO [2020-11-23 14:25:11] Completed estimates for: North Dakota
INFO [2020-11-23 14:25:14] Completed estimates for: Ohio
INFO [2020-11-23 14:25:15] Initialising estimates for: South Carolina
INFO [2020-11-23 14:25:17] Completed estimates for: Oklahoma
INFO [2020-11-23 14:25:20] Completed estimates for: Oregon
INFO [2020-11-23 14:25:20] Initialising estimates for: South Dakota
INFO [2020-11-23 14:25:24] Initialising estimates for: Tennessee
INFO [2020-11-23 14:25:25] Completed estimates for: Pennsylvania
INFO [2020-11-23 14:25:26] Initialising estimates for: Texas
INFO [2020-11-23 14:25:29] Completed estimates for: Puerto Rico
INFO [2020-11-23 14:25:30] Initialising estimates for: Utah
INFO [2020-11-23 14:25:34] Initialising estimates for: Virginia
INFO [2020-11-23 14:25:36] Completed estimates for: Rhode Island
INFO [2020-11-23 14:25:37] Initialising estimates for: Washington
INFO [2020-11-23 14:25:40] Completed estimates for: South Carolina
INFO [2020-11-23 14:25:43] Initialising estimates for: West Virginia
INFO [2020-11-23 14:25:44] Completed estimates for: South Dakota
INFO [2020-11-23 14:25:46] Initialising estimates for: Wisconsin
INFO [2020-11-23 14:25:49] Completed estimates for: Tennessee
INFO [2020-11-23 14:25:51] Completed estimates for: Texas
INFO [2020-11-23 14:25:52] Initialising estimates for: Wyoming
INFO [2020-11-23 14:25:54] Completed estimates for: Utah
INFO [2020-11-23 14:25:57] Initialising estimates for: US
INFO [2020-11-23 14:25:59] Completed estimates for: Virginia
INFO [2020-11-23 14:26:01] Completed estimates for: Washington
INFO [2020-11-23 14:26:07] Completed estimates for: West Virginia
INFO [2020-11-23 14:26:11] Completed estimates for: Wisconsin
INFO [2020-11-23 14:26:14] Completed estimates for: Wyoming
INFO [2020-11-23 14:26:22] Completed estimates for: US
