INFO [2020-11-09 15:47:55] Initialising estimates for: Alabama
ERROR [2020-11-09 15:47:55] Alabama: unused argument (burn_in = 14) - estimate_infections, reported_cases, generation_time, CrIs, delays, samples, horizon, output["fit"], verbose, id, ...
INFO [2020-11-09 15:47:55] Initialising estimates for: Alaska
ERROR [2020-11-09 15:47:55] Alaska: unused argument (burn_in = 14) - estimate_infections, reported_cases, generation_time, CrIs, delays, samples, horizon, output["fit"], verbose, id, ...
INFO [2020-11-09 15:47:56] Initialising estimates for: Arizona
ERROR [2020-11-09 15:47:56] Arizona: unused argument (burn_in = 14) - estimate_infections, reported_cases, generation_time, CrIs, delays, samples, horizon, output["fit"], verbose, id, ...
INFO [2020-11-09 15:47:56] Initialising estimates for: Arkansas
ERROR [2020-11-09 15:47:56] Arkansas: unused argument (burn_in = 14) - estimate_infections, reported_cases, generation_time, CrIs, delays, samples, horizon, output["fit"], verbose, id, ...
INFO [2020-11-09 15:47:56] Initialising estimates for: California
ERROR [2020-11-09 15:47:56] California: unused argument (burn_in = 14) - estimate_infections, reported_cases, generation_time, CrIs, delays, samples, horizon, output["fit"], verbose, id, ...
INFO [2020-11-09 15:47:56] Initialising estimates for: Colorado
ERROR [2020-11-09 15:47:56] Colorado: unused argument (burn_in = 14) - estimate_infections, reported_cases, generation_time, CrIs, delays, samples, horizon, output["fit"], verbose, id, ...
INFO [2020-11-09 15:47:56] Initialising estimates for: Connecticut
ERROR [2020-11-09 15:47:56] Connecticut: unused argument (burn_in = 14) - estimate_infections, reported_cases, generation_time, CrIs, delays, samples, horizon, output["fit"], verbose, id, ...
INFO [2020-11-09 15:47:56] Initialising estimates for: Delaware
ERROR [2020-11-09 15:47:56] Delaware: unused argument (burn_in = 14) - estimate_infections, reported_cases, generation_time, CrIs, delays, samples, horizon, output["fit"], verbose, id, ...
INFO [2020-11-09 15:47:56] Initialising estimates for: District of Columbia
ERROR [2020-11-09 15:47:56] District of Columbia: unused argument (burn_in = 14) - estimate_infections, reported_cases, generation_time, CrIs, delays, samples, horizon, output["fit"], verbose, id, ...
INFO [2020-11-09 15:47:56] Initialising estimates for: Florida
ERROR [2020-11-09 15:47:56] Florida: unused argument (burn_in = 14) - estimate_infections, reported_cases, generation_time, CrIs, delays, samples, horizon, output["fit"], verbose, id, ...
INFO [2020-11-09 15:47:56] Initialising estimates for: Georgia
ERROR [2020-11-09 15:47:56] Georgia: unused argument (burn_in = 14) - estimate_infections, reported_cases, generation_time, CrIs, delays, samples, horizon, output["fit"], verbose, id, ...
INFO [2020-11-09 15:47:56] Initialising estimates for: Guam
ERROR [2020-11-09 15:47:56] Guam: unused argument (burn_in = 14) - estimate_infections, reported_cases, generation_time, CrIs, delays, samples, horizon, output["fit"], verbose, id, ...
INFO [2020-11-09 15:47:57] Initialising estimates for: Hawaii
ERROR [2020-11-09 15:47:57] Hawaii: unused argument (burn_in = 14) - estimate_infections, reported_cases, generation_time, CrIs, delays, samples, horizon, output["fit"], verbose, id, ...
INFO [2020-11-09 15:47:57] Initialising estimates for: Idaho
ERROR [2020-11-09 15:47:57] Idaho: unused argument (burn_in = 14) - estimate_infections, reported_cases, generation_time, CrIs, delays, samples, horizon, output["fit"], verbose, id, ...
INFO [2020-11-09 15:47:57] Initialising estimates for: Illinois
ERROR [2020-11-09 15:47:57] Illinois: unused argument (burn_in = 14) - estimate_infections, reported_cases, generation_time, CrIs, delays, samples, horizon, output["fit"], verbose, id, ...
INFO [2020-11-09 15:47:57] Initialising estimates for: Indiana
ERROR [2020-11-09 15:47:57] Indiana: unused argument (burn_in = 14) - estimate_infections, reported_cases, generation_time, CrIs, delays, samples, horizon, output["fit"], verbose, id, ...
INFO [2020-11-09 15:47:57] Initialising estimates for: Iowa
ERROR [2020-11-09 15:47:57] Iowa: unused argument (burn_in = 14) - estimate_infections, reported_cases, generation_time, CrIs, delays, samples, horizon, output["fit"], verbose, id, ...
INFO [2020-11-09 15:47:58] Initialising estimates for: Kansas
ERROR [2020-11-09 15:47:58] Kansas: unused argument (burn_in = 14) - estimate_infections, reported_cases, generation_time, CrIs, delays, samples, horizon, output["fit"], verbose, id, ...
INFO [2020-11-09 15:47:58] Initialising estimates for: Kentucky
ERROR [2020-11-09 15:47:58] Kentucky: unused argument (burn_in = 14) - estimate_infections, reported_cases, generation_time, CrIs, delays, samples, horizon, output["fit"], verbose, id, ...
INFO [2020-11-09 15:47:58] Initialising estimates for: Louisiana
ERROR [2020-11-09 15:47:58] Louisiana: unused argument (burn_in = 14) - estimate_infections, reported_cases, generation_time, CrIs, delays, samples, horizon, output["fit"], verbose, id, ...
INFO [2020-11-09 15:47:58] Initialising estimates for: Maine
ERROR [2020-11-09 15:47:58] Maine: unused argument (burn_in = 14) - estimate_infections, reported_cases, generation_time, CrIs, delays, samples, horizon, output["fit"], verbose, id, ...
INFO [2020-11-09 15:47:58] Initialising estimates for: Maryland
ERROR [2020-11-09 15:47:58] Maryland: unused argument (burn_in = 14) - estimate_infections, reported_cases, generation_time, CrIs, delays, samples, horizon, output["fit"], verbose, id, ...
INFO [2020-11-09 15:47:58] Initialising estimates for: Massachusetts
ERROR [2020-11-09 15:47:58] Massachusetts: unused argument (burn_in = 14) - estimate_infections, reported_cases, generation_time, CrIs, delays, samples, horizon, output["fit"], verbose, id, ...
INFO [2020-11-09 15:47:58] Initialising estimates for: Michigan
ERROR [2020-11-09 15:47:58] Michigan: unused argument (burn_in = 14) - estimate_infections, reported_cases, generation_time, CrIs, delays, samples, horizon, output["fit"], verbose, id, ...
INFO [2020-11-09 15:47:58] Initialising estimates for: Minnesota
ERROR [2020-11-09 15:47:58] Minnesota: unused argument (burn_in = 14) - estimate_infections, reported_cases, generation_time, CrIs, delays, samples, horizon, output["fit"], verbose, id, ...
INFO [2020-11-09 15:47:58] Initialising estimates for: Mississippi
ERROR [2020-11-09 15:47:58] Mississippi: unused argument (burn_in = 14) - estimate_infections, reported_cases, generation_time, CrIs, delays, samples, horizon, output["fit"], verbose, id, ...
INFO [2020-11-09 15:47:58] Initialising estimates for: Missouri
ERROR [2020-11-09 15:47:58] Missouri: unused argument (burn_in = 14) - estimate_infections, reported_cases, generation_time, CrIs, delays, samples, horizon, output["fit"], verbose, id, ...
INFO [2020-11-09 15:47:58] Initialising estimates for: Montana
ERROR [2020-11-09 15:47:58] Montana: unused argument (burn_in = 14) - estimate_infections, reported_cases, generation_time, CrIs, delays, samples, horizon, output["fit"], verbose, id, ...
INFO [2020-11-09 15:47:59] Initialising estimates for: Nebraska
ERROR [2020-11-09 15:47:59] Nebraska: unused argument (burn_in = 14) - estimate_infections, reported_cases, generation_time, CrIs, delays, samples, horizon, output["fit"], verbose, id, ...
INFO [2020-11-09 15:47:59] Initialising estimates for: Nevada
ERROR [2020-11-09 15:47:59] Nevada: unused argument (burn_in = 14) - estimate_infections, reported_cases, generation_time, CrIs, delays, samples, horizon, output["fit"], verbose, id, ...
INFO [2020-11-09 15:47:59] Initialising estimates for: New Hampshire
ERROR [2020-11-09 15:47:59] New Hampshire: unused argument (burn_in = 14) - estimate_infections, reported_cases, generation_time, CrIs, delays, samples, horizon, output["fit"], verbose, id, ...
INFO [2020-11-09 15:47:59] Initialising estimates for: New Jersey
ERROR [2020-11-09 15:47:59] New Jersey: unused argument (burn_in = 14) - estimate_infections, reported_cases, generation_time, CrIs, delays, samples, horizon, output["fit"], verbose, id, ...
INFO [2020-11-09 15:47:59] Initialising estimates for: New Mexico
ERROR [2020-11-09 15:47:59] New Mexico: unused argument (burn_in = 14) - estimate_infections, reported_cases, generation_time, CrIs, delays, samples, horizon, output["fit"], verbose, id, ...
INFO [2020-11-09 15:47:59] Initialising estimates for: New York
ERROR [2020-11-09 15:47:59] New York: unused argument (burn_in = 14) - estimate_infections, reported_cases, generation_time, CrIs, delays, samples, horizon, output["fit"], verbose, id, ...
INFO [2020-11-09 15:47:59] Initialising estimates for: North Carolina
ERROR [2020-11-09 15:47:59] North Carolina: unused argument (burn_in = 14) - estimate_infections, reported_cases, generation_time, CrIs, delays, samples, horizon, output["fit"], verbose, id, ...
INFO [2020-11-09 15:47:59] Initialising estimates for: North Dakota
ERROR [2020-11-09 15:47:59] North Dakota: unused argument (burn_in = 14) - estimate_infections, reported_cases, generation_time, CrIs, delays, samples, horizon, output["fit"], verbose, id, ...
INFO [2020-11-09 15:47:59] Initialising estimates for: Ohio
ERROR [2020-11-09 15:47:59] Ohio: unused argument (burn_in = 14) - estimate_infections, reported_cases, generation_time, CrIs, delays, samples, horizon, output["fit"], verbose, id, ...
INFO [2020-11-09 15:47:59] Initialising estimates for: Oklahoma
ERROR [2020-11-09 15:47:59] Oklahoma: unused argument (burn_in = 14) - estimate_infections, reported_cases, generation_time, CrIs, delays, samples, horizon, output["fit"], verbose, id, ...
INFO [2020-11-09 15:47:59] Initialising estimates for: Oregon
ERROR [2020-11-09 15:47:59] Oregon: unused argument (burn_in = 14) - estimate_infections, reported_cases, generation_time, CrIs, delays, samples, horizon, output["fit"], verbose, id, ...
INFO [2020-11-09 15:48:00] Initialising estimates for: Pennsylvania
ERROR [2020-11-09 15:48:00] Pennsylvania: unused argument (burn_in = 14) - estimate_infections, reported_cases, generation_time, CrIs, delays, samples, horizon, output["fit"], verbose, id, ...
INFO [2020-11-09 15:48:00] Initialising estimates for: Puerto Rico
ERROR [2020-11-09 15:48:00] Puerto Rico: unused argument (burn_in = 14) - estimate_infections, reported_cases, generation_time, CrIs, delays, samples, horizon, output["fit"], verbose, id, ...
INFO [2020-11-09 15:48:00] Initialising estimates for: Rhode Island
ERROR [2020-11-09 15:48:00] Rhode Island: unused argument (burn_in = 14) - estimate_infections, reported_cases, generation_time, CrIs, delays, samples, horizon, output["fit"], verbose, id, ...
INFO [2020-11-09 15:48:00] Initialising estimates for: South Carolina
ERROR [2020-11-09 15:48:00] South Carolina: unused argument (burn_in = 14) - estimate_infections, reported_cases, generation_time, CrIs, delays, samples, horizon, output["fit"], verbose, id, ...
INFO [2020-11-09 15:48:00] Initialising estimates for: South Dakota
ERROR [2020-11-09 15:48:00] South Dakota: unused argument (burn_in = 14) - estimate_infections, reported_cases, generation_time, CrIs, delays, samples, horizon, output["fit"], verbose, id, ...
INFO [2020-11-09 15:48:00] Initialising estimates for: Tennessee
ERROR [2020-11-09 15:48:00] Tennessee: unused argument (burn_in = 14) - estimate_infections, reported_cases, generation_time, CrIs, delays, samples, horizon, output["fit"], verbose, id, ...
INFO [2020-11-09 15:48:00] Initialising estimates for: Texas
ERROR [2020-11-09 15:48:00] Texas: unused argument (burn_in = 14) - estimate_infections, reported_cases, generation_time, CrIs, delays, samples, horizon, output["fit"], verbose, id, ...
INFO [2020-11-09 15:48:00] Initialising estimates for: Utah
ERROR [2020-11-09 15:48:00] Utah: unused argument (burn_in = 14) - estimate_infections, reported_cases, generation_time, CrIs, delays, samples, horizon, output["fit"], verbose, id, ...
INFO [2020-11-09 15:48:01] Initialising estimates for: Virginia
ERROR [2020-11-09 15:48:01] Virginia: unused argument (burn_in = 14) - estimate_infections, reported_cases, generation_time, CrIs, delays, samples, horizon, output["fit"], verbose, id, ...
INFO [2020-11-09 15:48:01] Initialising estimates for: Washington
ERROR [2020-11-09 15:48:01] Washington: unused argument (burn_in = 14) - estimate_infections, reported_cases, generation_time, CrIs, delays, samples, horizon, output["fit"], verbose, id, ...
INFO [2020-11-09 15:48:01] Initialising estimates for: West Virginia
ERROR [2020-11-09 15:48:01] West Virginia: unused argument (burn_in = 14) - estimate_infections, reported_cases, generation_time, CrIs, delays, samples, horizon, output["fit"], verbose, id, ...
INFO [2020-11-09 15:48:01] Initialising estimates for: Wisconsin
ERROR [2020-11-09 15:48:01] Wisconsin: unused argument (burn_in = 14) - estimate_infections, reported_cases, generation_time, CrIs, delays, samples, horizon, output["fit"], verbose, id, ...
INFO [2020-11-09 15:48:01] Initialising estimates for: US
ERROR [2020-11-09 15:48:01] US: unused argument (burn_in = 14) - estimate_infections, reported_cases, generation_time, CrIs, delays, samples, horizon, output["fit"], verbose, id, ...
INFO [2020-11-09 15:48:01] Runtime error in Alabama : Alabama: unused argument (burn_in = 14) - estimate_infections, reported_cases, generation_time, CrIs, delays, samples, horizon, output["fit"], verbose, id, ...
INFO [2020-11-09 15:48:01] Runtime error in Alaska : Alaska: unused argument (burn_in = 14) - estimate_infections, reported_cases, generation_time, CrIs, delays, samples, horizon, output["fit"], verbose, id, ...
INFO [2020-11-09 15:48:01] Runtime error in Arizona : Arizona: unused argument (burn_in = 14) - estimate_infections, reported_cases, generation_time, CrIs, delays, samples, horizon, output["fit"], verbose, id, ...
INFO [2020-11-09 15:48:01] Runtime error in Arkansas : Arkansas: unused argument (burn_in = 14) - estimate_infections, reported_cases, generation_time, CrIs, delays, samples, horizon, output["fit"], verbose, id, ...
INFO [2020-11-09 15:48:01] Runtime error in California : California: unused argument (burn_in = 14) - estimate_infections, reported_cases, generation_time, CrIs, delays, samples, horizon, output["fit"], verbose, id, ...
INFO [2020-11-09 15:48:01] Runtime error in Colorado : Colorado: unused argument (burn_in = 14) - estimate_infections, reported_cases, generation_time, CrIs, delays, samples, horizon, output["fit"], verbose, id, ...
INFO [2020-11-09 15:48:01] Runtime error in Connecticut : Connecticut: unused argument (burn_in = 14) - estimate_infections, reported_cases, generation_time, CrIs, delays, samples, horizon, output["fit"], verbose, id, ...
INFO [2020-11-09 15:48:01] Runtime error in Delaware : Delaware: unused argument (burn_in = 14) - estimate_infections, reported_cases, generation_time, CrIs, delays, samples, horizon, output["fit"], verbose, id, ...
INFO [2020-11-09 15:48:01] Runtime error in District of Columbia : District of Columbia: unused argument (burn_in = 14) - estimate_infections, reported_cases, generation_time, CrIs, delays, samples, horizon, output["fit"], verbose, id, ...
INFO [2020-11-09 15:48:01] Runtime error in Florida : Florida: unused argument (burn_in = 14) - estimate_infections, reported_cases, generation_time, CrIs, delays, samples, horizon, output["fit"], verbose, id, ...
INFO [2020-11-09 15:48:01] Runtime error in Georgia : Georgia: unused argument (burn_in = 14) - estimate_infections, reported_cases, generation_time, CrIs, delays, samples, horizon, output["fit"], verbose, id, ...
INFO [2020-11-09 15:48:01] Runtime error in Guam : Guam: unused argument (burn_in = 14) - estimate_infections, reported_cases, generation_time, CrIs, delays, samples, horizon, output["fit"], verbose, id, ...
INFO [2020-11-09 15:48:01] Runtime error in Hawaii : Hawaii: unused argument (burn_in = 14) - estimate_infections, reported_cases, generation_time, CrIs, delays, samples, horizon, output["fit"], verbose, id, ...
INFO [2020-11-09 15:48:01] Runtime error in Idaho : Idaho: unused argument (burn_in = 14) - estimate_infections, reported_cases, generation_time, CrIs, delays, samples, horizon, output["fit"], verbose, id, ...
INFO [2020-11-09 15:48:01] Runtime error in Illinois : Illinois: unused argument (burn_in = 14) - estimate_infections, reported_cases, generation_time, CrIs, delays, samples, horizon, output["fit"], verbose, id, ...
INFO [2020-11-09 15:48:01] Runtime error in Indiana : Indiana: unused argument (burn_in = 14) - estimate_infections, reported_cases, generation_time, CrIs, delays, samples, horizon, output["fit"], verbose, id, ...
INFO [2020-11-09 15:48:01] Runtime error in Iowa : Iowa: unused argument (burn_in = 14) - estimate_infections, reported_cases, generation_time, CrIs, delays, samples, horizon, output["fit"], verbose, id, ...
INFO [2020-11-09 15:48:01] Runtime error in Kansas : Kansas: unused argument (burn_in = 14) - estimate_infections, reported_cases, generation_time, CrIs, delays, samples, horizon, output["fit"], verbose, id, ...
INFO [2020-11-09 15:48:01] Runtime error in Kentucky : Kentucky: unused argument (burn_in = 14) - estimate_infections, reported_cases, generation_time, CrIs, delays, samples, horizon, output["fit"], verbose, id, ...
INFO [2020-11-09 15:48:01] Runtime error in Louisiana : Louisiana: unused argument (burn_in = 14) - estimate_infections, reported_cases, generation_time, CrIs, delays, samples, horizon, output["fit"], verbose, id, ...
INFO [2020-11-09 15:48:01] Runtime error in Maine : Maine: unused argument (burn_in = 14) - estimate_infections, reported_cases, generation_time, CrIs, delays, samples, horizon, output["fit"], verbose, id, ...
INFO [2020-11-09 15:48:01] Runtime error in Maryland : Maryland: unused argument (burn_in = 14) - estimate_infections, reported_cases, generation_time, CrIs, delays, samples, horizon, output["fit"], verbose, id, ...
INFO [2020-11-09 15:48:01] Runtime error in Massachusetts : Massachusetts: unused argument (burn_in = 14) - estimate_infections, reported_cases, generation_time, CrIs, delays, samples, horizon, output["fit"], verbose, id, ...
INFO [2020-11-09 15:48:01] Runtime error in Michigan : Michigan: unused argument (burn_in = 14) - estimate_infections, reported_cases, generation_time, CrIs, delays, samples, horizon, output["fit"], verbose, id, ...
INFO [2020-11-09 15:48:01] Runtime error in Minnesota : Minnesota: unused argument (burn_in = 14) - estimate_infections, reported_cases, generation_time, CrIs, delays, samples, horizon, output["fit"], verbose, id, ...
INFO [2020-11-09 15:48:01] Runtime error in Mississippi : Mississippi: unused argument (burn_in = 14) - estimate_infections, reported_cases, generation_time, CrIs, delays, samples, horizon, output["fit"], verbose, id, ...
INFO [2020-11-09 15:48:01] Runtime error in Missouri : Missouri: unused argument (burn_in = 14) - estimate_infections, reported_cases, generation_time, CrIs, delays, samples, horizon, output["fit"], verbose, id, ...
INFO [2020-11-09 15:48:01] Runtime error in Montana : Montana: unused argument (burn_in = 14) - estimate_infections, reported_cases, generation_time, CrIs, delays, samples, horizon, output["fit"], verbose, id, ...
INFO [2020-11-09 15:48:01] Runtime error in Nebraska : Nebraska: unused argument (burn_in = 14) - estimate_infections, reported_cases, generation_time, CrIs, delays, samples, horizon, output["fit"], verbose, id, ...
INFO [2020-11-09 15:48:01] Runtime error in Nevada : Nevada: unused argument (burn_in = 14) - estimate_infections, reported_cases, generation_time, CrIs, delays, samples, horizon, output["fit"], verbose, id, ...
INFO [2020-11-09 15:48:01] Runtime error in New Hampshire : New Hampshire: unused argument (burn_in = 14) - estimate_infections, reported_cases, generation_time, CrIs, delays, samples, horizon, output["fit"], verbose, id, ...
INFO [2020-11-09 15:48:01] Runtime error in New Jersey : New Jersey: unused argument (burn_in = 14) - estimate_infections, reported_cases, generation_time, CrIs, delays, samples, horizon, output["fit"], verbose, id, ...
INFO [2020-11-09 15:48:01] Runtime error in New Mexico : New Mexico: unused argument (burn_in = 14) - estimate_infections, reported_cases, generation_time, CrIs, delays, samples, horizon, output["fit"], verbose, id, ...
INFO [2020-11-09 15:48:01] Runtime error in New York : New York: unused argument (burn_in = 14) - estimate_infections, reported_cases, generation_time, CrIs, delays, samples, horizon, output["fit"], verbose, id, ...
INFO [2020-11-09 15:48:01] Runtime error in North Carolina : North Carolina: unused argument (burn_in = 14) - estimate_infections, reported_cases, generation_time, CrIs, delays, samples, horizon, output["fit"], verbose, id, ...
INFO [2020-11-09 15:48:01] Runtime error in North Dakota : North Dakota: unused argument (burn_in = 14) - estimate_infections, reported_cases, generation_time, CrIs, delays, samples, horizon, output["fit"], verbose, id, ...
INFO [2020-11-09 15:48:01] Runtime error in Ohio : Ohio: unused argument (burn_in = 14) - estimate_infections, reported_cases, generation_time, CrIs, delays, samples, horizon, output["fit"], verbose, id, ...
INFO [2020-11-09 15:48:01] Runtime error in Oklahoma : Oklahoma: unused argument (burn_in = 14) - estimate_infections, reported_cases, generation_time, CrIs, delays, samples, horizon, output["fit"], verbose, id, ...
INFO [2020-11-09 15:48:01] Runtime error in Oregon : Oregon: unused argument (burn_in = 14) - estimate_infections, reported_cases, generation_time, CrIs, delays, samples, horizon, output["fit"], verbose, id, ...
INFO [2020-11-09 15:48:01] Runtime error in Pennsylvania : Pennsylvania: unused argument (burn_in = 14) - estimate_infections, reported_cases, generation_time, CrIs, delays, samples, horizon, output["fit"], verbose, id, ...
INFO [2020-11-09 15:48:01] Runtime error in Puerto Rico : Puerto Rico: unused argument (burn_in = 14) - estimate_infections, reported_cases, generation_time, CrIs, delays, samples, horizon, output["fit"], verbose, id, ...
INFO [2020-11-09 15:48:01] Runtime error in Rhode Island : Rhode Island: unused argument (burn_in = 14) - estimate_infections, reported_cases, generation_time, CrIs, delays, samples, horizon, output["fit"], verbose, id, ...
INFO [2020-11-09 15:48:01] Runtime error in South Carolina : South Carolina: unused argument (burn_in = 14) - estimate_infections, reported_cases, generation_time, CrIs, delays, samples, horizon, output["fit"], verbose, id, ...
INFO [2020-11-09 15:48:01] Runtime error in South Dakota : South Dakota: unused argument (burn_in = 14) - estimate_infections, reported_cases, generation_time, CrIs, delays, samples, horizon, output["fit"], verbose, id, ...
INFO [2020-11-09 15:48:01] Runtime error in Tennessee : Tennessee: unused argument (burn_in = 14) - estimate_infections, reported_cases, generation_time, CrIs, delays, samples, horizon, output["fit"], verbose, id, ...
INFO [2020-11-09 15:48:01] Runtime error in Texas : Texas: unused argument (burn_in = 14) - estimate_infections, reported_cases, generation_time, CrIs, delays, samples, horizon, output["fit"], verbose, id, ...
INFO [2020-11-09 15:48:01] Runtime error in Utah : Utah: unused argument (burn_in = 14) - estimate_infections, reported_cases, generation_time, CrIs, delays, samples, horizon, output["fit"], verbose, id, ...
INFO [2020-11-09 15:48:01] Runtime error in Virginia : Virginia: unused argument (burn_in = 14) - estimate_infections, reported_cases, generation_time, CrIs, delays, samples, horizon, output["fit"], verbose, id, ...
INFO [2020-11-09 15:48:01] Runtime error in Washington : Washington: unused argument (burn_in = 14) - estimate_infections, reported_cases, generation_time, CrIs, delays, samples, horizon, output["fit"], verbose, id, ...
INFO [2020-11-09 15:48:01] Runtime error in West Virginia : West Virginia: unused argument (burn_in = 14) - estimate_infections, reported_cases, generation_time, CrIs, delays, samples, horizon, output["fit"], verbose, id, ...
INFO [2020-11-09 15:48:01] Runtime error in Wisconsin : Wisconsin: unused argument (burn_in = 14) - estimate_infections, reported_cases, generation_time, CrIs, delays, samples, horizon, output["fit"], verbose, id, ...
INFO [2020-11-09 15:48:01] Runtime error in US : US: unused argument (burn_in = 14) - estimate_infections, reported_cases, generation_time, CrIs, delays, samples, horizon, output["fit"], verbose, id, ...
INFO [2020-11-09 15:59:00] Initialising estimates for: Alabama
ERROR [2020-11-09 15:59:00] Alabama: unused argument (burn_in = 14) - estimate_infections, reported_cases, generation_time, CrIs, delays, samples, horizon, output["fit"], verbose, id, ...
INFO [2020-11-09 15:59:00] Initialising estimates for: Alaska
ERROR [2020-11-09 15:59:00] Alaska: unused argument (burn_in = 14) - estimate_infections, reported_cases, generation_time, CrIs, delays, samples, horizon, output["fit"], verbose, id, ...
INFO [2020-11-09 15:59:00] Initialising estimates for: Arizona
ERROR [2020-11-09 15:59:00] Arizona: unused argument (burn_in = 14) - estimate_infections, reported_cases, generation_time, CrIs, delays, samples, horizon, output["fit"], verbose, id, ...
INFO [2020-11-09 15:59:00] Initialising estimates for: Arkansas
ERROR [2020-11-09 15:59:01] Arkansas: unused argument (burn_in = 14) - estimate_infections, reported_cases, generation_time, CrIs, delays, samples, horizon, output["fit"], verbose, id, ...
INFO [2020-11-09 15:59:01] Initialising estimates for: California
ERROR [2020-11-09 15:59:01] California: unused argument (burn_in = 14) - estimate_infections, reported_cases, generation_time, CrIs, delays, samples, horizon, output["fit"], verbose, id, ...
INFO [2020-11-09 15:59:01] Initialising estimates for: Colorado
ERROR [2020-11-09 15:59:01] Colorado: unused argument (burn_in = 14) - estimate_infections, reported_cases, generation_time, CrIs, delays, samples, horizon, output["fit"], verbose, id, ...
INFO [2020-11-09 15:59:01] Initialising estimates for: Connecticut
ERROR [2020-11-09 15:59:01] Connecticut: unused argument (burn_in = 14) - estimate_infections, reported_cases, generation_time, CrIs, delays, samples, horizon, output["fit"], verbose, id, ...
INFO [2020-11-09 15:59:01] Initialising estimates for: Delaware
ERROR [2020-11-09 15:59:01] Delaware: unused argument (burn_in = 14) - estimate_infections, reported_cases, generation_time, CrIs, delays, samples, horizon, output["fit"], verbose, id, ...
INFO [2020-11-09 15:59:01] Initialising estimates for: District of Columbia
ERROR [2020-11-09 15:59:01] District of Columbia: unused argument (burn_in = 14) - estimate_infections, reported_cases, generation_time, CrIs, delays, samples, horizon, output["fit"], verbose, id, ...
INFO [2020-11-09 15:59:01] Initialising estimates for: Florida
ERROR [2020-11-09 15:59:01] Florida: unused argument (burn_in = 14) - estimate_infections, reported_cases, generation_time, CrIs, delays, samples, horizon, output["fit"], verbose, id, ...
INFO [2020-11-09 15:59:01] Initialising estimates for: Georgia
ERROR [2020-11-09 15:59:01] Georgia: unused argument (burn_in = 14) - estimate_infections, reported_cases, generation_time, CrIs, delays, samples, horizon, output["fit"], verbose, id, ...
INFO [2020-11-09 15:59:01] Initialising estimates for: Guam
ERROR [2020-11-09 15:59:01] Guam: unused argument (burn_in = 14) - estimate_infections, reported_cases, generation_time, CrIs, delays, samples, horizon, output["fit"], verbose, id, ...
INFO [2020-11-09 15:59:01] Initialising estimates for: Hawaii
ERROR [2020-11-09 15:59:02] Hawaii: unused argument (burn_in = 14) - estimate_infections, reported_cases, generation_time, CrIs, delays, samples, horizon, output["fit"], verbose, id, ...
INFO [2020-11-09 15:59:02] Initialising estimates for: Idaho
ERROR [2020-11-09 15:59:02] Idaho: unused argument (burn_in = 14) - estimate_infections, reported_cases, generation_time, CrIs, delays, samples, horizon, output["fit"], verbose, id, ...
INFO [2020-11-09 15:59:02] Initialising estimates for: Illinois
ERROR [2020-11-09 15:59:02] Illinois: unused argument (burn_in = 14) - estimate_infections, reported_cases, generation_time, CrIs, delays, samples, horizon, output["fit"], verbose, id, ...
INFO [2020-11-09 15:59:02] Initialising estimates for: Indiana
ERROR [2020-11-09 15:59:02] Indiana: unused argument (burn_in = 14) - estimate_infections, reported_cases, generation_time, CrIs, delays, samples, horizon, output["fit"], verbose, id, ...
INFO [2020-11-09 15:59:02] Initialising estimates for: Iowa
ERROR [2020-11-09 15:59:02] Iowa: unused argument (burn_in = 14) - estimate_infections, reported_cases, generation_time, CrIs, delays, samples, horizon, output["fit"], verbose, id, ...
INFO [2020-11-09 15:59:02] Initialising estimates for: Kansas
ERROR [2020-11-09 15:59:03] Kansas: unused argument (burn_in = 14) - estimate_infections, reported_cases, generation_time, CrIs, delays, samples, horizon, output["fit"], verbose, id, ...
INFO [2020-11-09 15:59:03] Initialising estimates for: Kentucky
ERROR [2020-11-09 15:59:03] Kentucky: unused argument (burn_in = 14) - estimate_infections, reported_cases, generation_time, CrIs, delays, samples, horizon, output["fit"], verbose, id, ...
INFO [2020-11-09 15:59:03] Initialising estimates for: Louisiana
ERROR [2020-11-09 15:59:03] Louisiana: unused argument (burn_in = 14) - estimate_infections, reported_cases, generation_time, CrIs, delays, samples, horizon, output["fit"], verbose, id, ...
INFO [2020-11-09 15:59:03] Initialising estimates for: Maine
ERROR [2020-11-09 15:59:03] Maine: unused argument (burn_in = 14) - estimate_infections, reported_cases, generation_time, CrIs, delays, samples, horizon, output["fit"], verbose, id, ...
INFO [2020-11-09 15:59:03] Initialising estimates for: Maryland
ERROR [2020-11-09 15:59:03] Maryland: unused argument (burn_in = 14) - estimate_infections, reported_cases, generation_time, CrIs, delays, samples, horizon, output["fit"], verbose, id, ...
INFO [2020-11-09 15:59:03] Initialising estimates for: Massachusetts
ERROR [2020-11-09 15:59:03] Massachusetts: unused argument (burn_in = 14) - estimate_infections, reported_cases, generation_time, CrIs, delays, samples, horizon, output["fit"], verbose, id, ...
INFO [2020-11-09 15:59:03] Initialising estimates for: Michigan
ERROR [2020-11-09 15:59:03] Michigan: unused argument (burn_in = 14) - estimate_infections, reported_cases, generation_time, CrIs, delays, samples, horizon, output["fit"], verbose, id, ...
INFO [2020-11-09 15:59:03] Initialising estimates for: Minnesota
ERROR [2020-11-09 15:59:03] Minnesota: unused argument (burn_in = 14) - estimate_infections, reported_cases, generation_time, CrIs, delays, samples, horizon, output["fit"], verbose, id, ...
INFO [2020-11-09 15:59:03] Initialising estimates for: Mississippi
ERROR [2020-11-09 15:59:03] Mississippi: unused argument (burn_in = 14) - estimate_infections, reported_cases, generation_time, CrIs, delays, samples, horizon, output["fit"], verbose, id, ...
INFO [2020-11-09 15:59:03] Initialising estimates for: Missouri
ERROR [2020-11-09 15:59:03] Missouri: unused argument (burn_in = 14) - estimate_infections, reported_cases, generation_time, CrIs, delays, samples, horizon, output["fit"], verbose, id, ...
INFO [2020-11-09 15:59:03] Initialising estimates for: Montana
ERROR [2020-11-09 15:59:03] Montana: unused argument (burn_in = 14) - estimate_infections, reported_cases, generation_time, CrIs, delays, samples, horizon, output["fit"], verbose, id, ...
INFO [2020-11-09 15:59:03] Initialising estimates for: Nebraska
ERROR [2020-11-09 15:59:04] Nebraska: unused argument (burn_in = 14) - estimate_infections, reported_cases, generation_time, CrIs, delays, samples, horizon, output["fit"], verbose, id, ...
INFO [2020-11-09 15:59:04] Initialising estimates for: Nevada
ERROR [2020-11-09 15:59:04] Nevada: unused argument (burn_in = 14) - estimate_infections, reported_cases, generation_time, CrIs, delays, samples, horizon, output["fit"], verbose, id, ...
INFO [2020-11-09 15:59:04] Initialising estimates for: New Hampshire
ERROR [2020-11-09 15:59:04] New Hampshire: unused argument (burn_in = 14) - estimate_infections, reported_cases, generation_time, CrIs, delays, samples, horizon, output["fit"], verbose, id, ...
INFO [2020-11-09 15:59:04] Initialising estimates for: New Jersey
ERROR [2020-11-09 15:59:04] New Jersey: unused argument (burn_in = 14) - estimate_infections, reported_cases, generation_time, CrIs, delays, samples, horizon, output["fit"], verbose, id, ...
INFO [2020-11-09 15:59:04] Initialising estimates for: New Mexico
ERROR [2020-11-09 15:59:04] New Mexico: unused argument (burn_in = 14) - estimate_infections, reported_cases, generation_time, CrIs, delays, samples, horizon, output["fit"], verbose, id, ...
INFO [2020-11-09 15:59:04] Initialising estimates for: New York
ERROR [2020-11-09 15:59:04] New York: unused argument (burn_in = 14) - estimate_infections, reported_cases, generation_time, CrIs, delays, samples, horizon, output["fit"], verbose, id, ...
INFO [2020-11-09 15:59:04] Initialising estimates for: North Carolina
ERROR [2020-11-09 15:59:04] North Carolina: unused argument (burn_in = 14) - estimate_infections, reported_cases, generation_time, CrIs, delays, samples, horizon, output["fit"], verbose, id, ...
INFO [2020-11-09 15:59:04] Initialising estimates for: North Dakota
ERROR [2020-11-09 15:59:04] North Dakota: unused argument (burn_in = 14) - estimate_infections, reported_cases, generation_time, CrIs, delays, samples, horizon, output["fit"], verbose, id, ...
INFO [2020-11-09 15:59:04] Initialising estimates for: Ohio
ERROR [2020-11-09 15:59:04] Ohio: unused argument (burn_in = 14) - estimate_infections, reported_cases, generation_time, CrIs, delays, samples, horizon, output["fit"], verbose, id, ...
INFO [2020-11-09 15:59:04] Initialising estimates for: Oklahoma
ERROR [2020-11-09 15:59:04] Oklahoma: unused argument (burn_in = 14) - estimate_infections, reported_cases, generation_time, CrIs, delays, samples, horizon, output["fit"], verbose, id, ...
INFO [2020-11-09 15:59:04] Initialising estimates for: Oregon
ERROR [2020-11-09 15:59:04] Oregon: unused argument (burn_in = 14) - estimate_infections, reported_cases, generation_time, CrIs, delays, samples, horizon, output["fit"], verbose, id, ...
INFO [2020-11-09 15:59:05] Initialising estimates for: Pennsylvania
ERROR [2020-11-09 15:59:05] Pennsylvania: unused argument (burn_in = 14) - estimate_infections, reported_cases, generation_time, CrIs, delays, samples, horizon, output["fit"], verbose, id, ...
INFO [2020-11-09 15:59:05] Initialising estimates for: Puerto Rico
ERROR [2020-11-09 15:59:05] Puerto Rico: unused argument (burn_in = 14) - estimate_infections, reported_cases, generation_time, CrIs, delays, samples, horizon, output["fit"], verbose, id, ...
INFO [2020-11-09 15:59:05] Initialising estimates for: Rhode Island
ERROR [2020-11-09 15:59:05] Rhode Island: unused argument (burn_in = 14) - estimate_infections, reported_cases, generation_time, CrIs, delays, samples, horizon, output["fit"], verbose, id, ...
INFO [2020-11-09 15:59:05] Initialising estimates for: South Carolina
ERROR [2020-11-09 15:59:05] South Carolina: unused argument (burn_in = 14) - estimate_infections, reported_cases, generation_time, CrIs, delays, samples, horizon, output["fit"], verbose, id, ...
INFO [2020-11-09 15:59:05] Initialising estimates for: South Dakota
ERROR [2020-11-09 15:59:05] South Dakota: unused argument (burn_in = 14) - estimate_infections, reported_cases, generation_time, CrIs, delays, samples, horizon, output["fit"], verbose, id, ...
INFO [2020-11-09 15:59:05] Initialising estimates for: Tennessee
ERROR [2020-11-09 15:59:05] Tennessee: unused argument (burn_in = 14) - estimate_infections, reported_cases, generation_time, CrIs, delays, samples, horizon, output["fit"], verbose, id, ...
INFO [2020-11-09 15:59:05] Initialising estimates for: Texas
ERROR [2020-11-09 15:59:05] Texas: unused argument (burn_in = 14) - estimate_infections, reported_cases, generation_time, CrIs, delays, samples, horizon, output["fit"], verbose, id, ...
INFO [2020-11-09 15:59:05] Initialising estimates for: Utah
ERROR [2020-11-09 15:59:05] Utah: unused argument (burn_in = 14) - estimate_infections, reported_cases, generation_time, CrIs, delays, samples, horizon, output["fit"], verbose, id, ...
INFO [2020-11-09 15:59:05] Initialising estimates for: Virginia
ERROR [2020-11-09 15:59:05] Virginia: unused argument (burn_in = 14) - estimate_infections, reported_cases, generation_time, CrIs, delays, samples, horizon, output["fit"], verbose, id, ...
INFO [2020-11-09 15:59:06] Initialising estimates for: Washington
ERROR [2020-11-09 15:59:06] Washington: unused argument (burn_in = 14) - estimate_infections, reported_cases, generation_time, CrIs, delays, samples, horizon, output["fit"], verbose, id, ...
INFO [2020-11-09 15:59:06] Initialising estimates for: West Virginia
ERROR [2020-11-09 15:59:06] West Virginia: unused argument (burn_in = 14) - estimate_infections, reported_cases, generation_time, CrIs, delays, samples, horizon, output["fit"], verbose, id, ...
INFO [2020-11-09 15:59:06] Initialising estimates for: Wisconsin
ERROR [2020-11-09 15:59:06] Wisconsin: unused argument (burn_in = 14) - estimate_infections, reported_cases, generation_time, CrIs, delays, samples, horizon, output["fit"], verbose, id, ...
INFO [2020-11-09 15:59:06] Initialising estimates for: US
ERROR [2020-11-09 15:59:06] US: unused argument (burn_in = 14) - estimate_infections, reported_cases, generation_time, CrIs, delays, samples, horizon, output["fit"], verbose, id, ...
INFO [2020-11-09 15:59:06] Runtime error in Alabama : Alabama: unused argument (burn_in = 14) - estimate_infections, reported_cases, generation_time, CrIs, delays, samples, horizon, output["fit"], verbose, id, ...
INFO [2020-11-09 15:59:06] Runtime error in Alaska : Alaska: unused argument (burn_in = 14) - estimate_infections, reported_cases, generation_time, CrIs, delays, samples, horizon, output["fit"], verbose, id, ...
INFO [2020-11-09 15:59:06] Runtime error in Arizona : Arizona: unused argument (burn_in = 14) - estimate_infections, reported_cases, generation_time, CrIs, delays, samples, horizon, output["fit"], verbose, id, ...
INFO [2020-11-09 15:59:06] Runtime error in Arkansas : Arkansas: unused argument (burn_in = 14) - estimate_infections, reported_cases, generation_time, CrIs, delays, samples, horizon, output["fit"], verbose, id, ...
INFO [2020-11-09 15:59:06] Runtime error in California : California: unused argument (burn_in = 14) - estimate_infections, reported_cases, generation_time, CrIs, delays, samples, horizon, output["fit"], verbose, id, ...
INFO [2020-11-09 15:59:06] Runtime error in Colorado : Colorado: unused argument (burn_in = 14) - estimate_infections, reported_cases, generation_time, CrIs, delays, samples, horizon, output["fit"], verbose, id, ...
INFO [2020-11-09 15:59:06] Runtime error in Connecticut : Connecticut: unused argument (burn_in = 14) - estimate_infections, reported_cases, generation_time, CrIs, delays, samples, horizon, output["fit"], verbose, id, ...
INFO [2020-11-09 15:59:06] Runtime error in Delaware : Delaware: unused argument (burn_in = 14) - estimate_infections, reported_cases, generation_time, CrIs, delays, samples, horizon, output["fit"], verbose, id, ...
INFO [2020-11-09 15:59:06] Runtime error in District of Columbia : District of Columbia: unused argument (burn_in = 14) - estimate_infections, reported_cases, generation_time, CrIs, delays, samples, horizon, output["fit"], verbose, id, ...
INFO [2020-11-09 15:59:06] Runtime error in Florida : Florida: unused argument (burn_in = 14) - estimate_infections, reported_cases, generation_time, CrIs, delays, samples, horizon, output["fit"], verbose, id, ...
INFO [2020-11-09 15:59:06] Runtime error in Georgia : Georgia: unused argument (burn_in = 14) - estimate_infections, reported_cases, generation_time, CrIs, delays, samples, horizon, output["fit"], verbose, id, ...
INFO [2020-11-09 15:59:06] Runtime error in Guam : Guam: unused argument (burn_in = 14) - estimate_infections, reported_cases, generation_time, CrIs, delays, samples, horizon, output["fit"], verbose, id, ...
INFO [2020-11-09 15:59:06] Runtime error in Hawaii : Hawaii: unused argument (burn_in = 14) - estimate_infections, reported_cases, generation_time, CrIs, delays, samples, horizon, output["fit"], verbose, id, ...
INFO [2020-11-09 15:59:06] Runtime error in Idaho : Idaho: unused argument (burn_in = 14) - estimate_infections, reported_cases, generation_time, CrIs, delays, samples, horizon, output["fit"], verbose, id, ...
INFO [2020-11-09 15:59:06] Runtime error in Illinois : Illinois: unused argument (burn_in = 14) - estimate_infections, reported_cases, generation_time, CrIs, delays, samples, horizon, output["fit"], verbose, id, ...
INFO [2020-11-09 15:59:06] Runtime error in Indiana : Indiana: unused argument (burn_in = 14) - estimate_infections, reported_cases, generation_time, CrIs, delays, samples, horizon, output["fit"], verbose, id, ...
INFO [2020-11-09 15:59:06] Runtime error in Iowa : Iowa: unused argument (burn_in = 14) - estimate_infections, reported_cases, generation_time, CrIs, delays, samples, horizon, output["fit"], verbose, id, ...
INFO [2020-11-09 15:59:06] Runtime error in Kansas : Kansas: unused argument (burn_in = 14) - estimate_infections, reported_cases, generation_time, CrIs, delays, samples, horizon, output["fit"], verbose, id, ...
INFO [2020-11-09 15:59:06] Runtime error in Kentucky : Kentucky: unused argument (burn_in = 14) - estimate_infections, reported_cases, generation_time, CrIs, delays, samples, horizon, output["fit"], verbose, id, ...
INFO [2020-11-09 15:59:06] Runtime error in Louisiana : Louisiana: unused argument (burn_in = 14) - estimate_infections, reported_cases, generation_time, CrIs, delays, samples, horizon, output["fit"], verbose, id, ...
INFO [2020-11-09 15:59:06] Runtime error in Maine : Maine: unused argument (burn_in = 14) - estimate_infections, reported_cases, generation_time, CrIs, delays, samples, horizon, output["fit"], verbose, id, ...
INFO [2020-11-09 15:59:06] Runtime error in Maryland : Maryland: unused argument (burn_in = 14) - estimate_infections, reported_cases, generation_time, CrIs, delays, samples, horizon, output["fit"], verbose, id, ...
INFO [2020-11-09 15:59:06] Runtime error in Massachusetts : Massachusetts: unused argument (burn_in = 14) - estimate_infections, reported_cases, generation_time, CrIs, delays, samples, horizon, output["fit"], verbose, id, ...
INFO [2020-11-09 15:59:06] Runtime error in Michigan : Michigan: unused argument (burn_in = 14) - estimate_infections, reported_cases, generation_time, CrIs, delays, samples, horizon, output["fit"], verbose, id, ...
INFO [2020-11-09 15:59:06] Runtime error in Minnesota : Minnesota: unused argument (burn_in = 14) - estimate_infections, reported_cases, generation_time, CrIs, delays, samples, horizon, output["fit"], verbose, id, ...
INFO [2020-11-09 15:59:06] Runtime error in Mississippi : Mississippi: unused argument (burn_in = 14) - estimate_infections, reported_cases, generation_time, CrIs, delays, samples, horizon, output["fit"], verbose, id, ...
INFO [2020-11-09 15:59:06] Runtime error in Missouri : Missouri: unused argument (burn_in = 14) - estimate_infections, reported_cases, generation_time, CrIs, delays, samples, horizon, output["fit"], verbose, id, ...
INFO [2020-11-09 15:59:06] Runtime error in Montana : Montana: unused argument (burn_in = 14) - estimate_infections, reported_cases, generation_time, CrIs, delays, samples, horizon, output["fit"], verbose, id, ...
INFO [2020-11-09 15:59:06] Runtime error in Nebraska : Nebraska: unused argument (burn_in = 14) - estimate_infections, reported_cases, generation_time, CrIs, delays, samples, horizon, output["fit"], verbose, id, ...
INFO [2020-11-09 15:59:06] Runtime error in Nevada : Nevada: unused argument (burn_in = 14) - estimate_infections, reported_cases, generation_time, CrIs, delays, samples, horizon, output["fit"], verbose, id, ...
INFO [2020-11-09 15:59:06] Runtime error in New Hampshire : New Hampshire: unused argument (burn_in = 14) - estimate_infections, reported_cases, generation_time, CrIs, delays, samples, horizon, output["fit"], verbose, id, ...
INFO [2020-11-09 15:59:06] Runtime error in New Jersey : New Jersey: unused argument (burn_in = 14) - estimate_infections, reported_cases, generation_time, CrIs, delays, samples, horizon, output["fit"], verbose, id, ...
INFO [2020-11-09 15:59:06] Runtime error in New Mexico : New Mexico: unused argument (burn_in = 14) - estimate_infections, reported_cases, generation_time, CrIs, delays, samples, horizon, output["fit"], verbose, id, ...
INFO [2020-11-09 15:59:06] Runtime error in New York : New York: unused argument (burn_in = 14) - estimate_infections, reported_cases, generation_time, CrIs, delays, samples, horizon, output["fit"], verbose, id, ...
INFO [2020-11-09 15:59:06] Runtime error in North Carolina : North Carolina: unused argument (burn_in = 14) - estimate_infections, reported_cases, generation_time, CrIs, delays, samples, horizon, output["fit"], verbose, id, ...
INFO [2020-11-09 15:59:06] Runtime error in North Dakota : North Dakota: unused argument (burn_in = 14) - estimate_infections, reported_cases, generation_time, CrIs, delays, samples, horizon, output["fit"], verbose, id, ...
INFO [2020-11-09 15:59:06] Runtime error in Ohio : Ohio: unused argument (burn_in = 14) - estimate_infections, reported_cases, generation_time, CrIs, delays, samples, horizon, output["fit"], verbose, id, ...
INFO [2020-11-09 15:59:06] Runtime error in Oklahoma : Oklahoma: unused argument (burn_in = 14) - estimate_infections, reported_cases, generation_time, CrIs, delays, samples, horizon, output["fit"], verbose, id, ...
INFO [2020-11-09 15:59:06] Runtime error in Oregon : Oregon: unused argument (burn_in = 14) - estimate_infections, reported_cases, generation_time, CrIs, delays, samples, horizon, output["fit"], verbose, id, ...
INFO [2020-11-09 15:59:06] Runtime error in Pennsylvania : Pennsylvania: unused argument (burn_in = 14) - estimate_infections, reported_cases, generation_time, CrIs, delays, samples, horizon, output["fit"], verbose, id, ...
INFO [2020-11-09 15:59:06] Runtime error in Puerto Rico : Puerto Rico: unused argument (burn_in = 14) - estimate_infections, reported_cases, generation_time, CrIs, delays, samples, horizon, output["fit"], verbose, id, ...
INFO [2020-11-09 15:59:06] Runtime error in Rhode Island : Rhode Island: unused argument (burn_in = 14) - estimate_infections, reported_cases, generation_time, CrIs, delays, samples, horizon, output["fit"], verbose, id, ...
INFO [2020-11-09 15:59:06] Runtime error in South Carolina : South Carolina: unused argument (burn_in = 14) - estimate_infections, reported_cases, generation_time, CrIs, delays, samples, horizon, output["fit"], verbose, id, ...
INFO [2020-11-09 15:59:06] Runtime error in South Dakota : South Dakota: unused argument (burn_in = 14) - estimate_infections, reported_cases, generation_time, CrIs, delays, samples, horizon, output["fit"], verbose, id, ...
INFO [2020-11-09 15:59:06] Runtime error in Tennessee : Tennessee: unused argument (burn_in = 14) - estimate_infections, reported_cases, generation_time, CrIs, delays, samples, horizon, output["fit"], verbose, id, ...
INFO [2020-11-09 15:59:06] Runtime error in Texas : Texas: unused argument (burn_in = 14) - estimate_infections, reported_cases, generation_time, CrIs, delays, samples, horizon, output["fit"], verbose, id, ...
INFO [2020-11-09 15:59:06] Runtime error in Utah : Utah: unused argument (burn_in = 14) - estimate_infections, reported_cases, generation_time, CrIs, delays, samples, horizon, output["fit"], verbose, id, ...
INFO [2020-11-09 15:59:06] Runtime error in Virginia : Virginia: unused argument (burn_in = 14) - estimate_infections, reported_cases, generation_time, CrIs, delays, samples, horizon, output["fit"], verbose, id, ...
INFO [2020-11-09 15:59:06] Runtime error in Washington : Washington: unused argument (burn_in = 14) - estimate_infections, reported_cases, generation_time, CrIs, delays, samples, horizon, output["fit"], verbose, id, ...
INFO [2020-11-09 15:59:06] Runtime error in West Virginia : West Virginia: unused argument (burn_in = 14) - estimate_infections, reported_cases, generation_time, CrIs, delays, samples, horizon, output["fit"], verbose, id, ...
INFO [2020-11-09 15:59:06] Runtime error in Wisconsin : Wisconsin: unused argument (burn_in = 14) - estimate_infections, reported_cases, generation_time, CrIs, delays, samples, horizon, output["fit"], verbose, id, ...
INFO [2020-11-09 15:59:06] Runtime error in US : US: unused argument (burn_in = 14) - estimate_infections, reported_cases, generation_time, CrIs, delays, samples, horizon, output["fit"], verbose, id, ...
INFO [2020-11-09 16:42:08] Initialising estimates for: Alabama
INFO [2020-11-09 16:42:09] Initialising estimates for: Alaska
INFO [2020-11-09 16:42:10] Initialising estimates for: Arizona
INFO [2020-11-09 16:42:11] Initialising estimates for: Arkansas
INFO [2020-11-09 16:42:12] Initialising estimates for: California
INFO [2020-11-09 16:42:14] Initialising estimates for: Colorado
INFO [2020-11-09 16:42:17] Initialising estimates for: Connecticut
INFO [2020-11-09 16:42:20] Initialising estimates for: Delaware
INFO [2020-11-09 16:42:23] Initialising estimates for: District of Columbia
INFO [2020-11-09 16:42:27] Initialising estimates for: Florida
INFO [2020-11-09 16:42:31] Initialising estimates for: Georgia
INFO [2020-11-09 16:42:35] Initialising estimates for: Guam
INFO [2020-11-09 16:42:40] Initialising estimates for: Hawaii
INFO [2020-11-09 16:42:45] Initialising estimates for: Idaho
INFO [2020-11-09 16:42:51] Initialising estimates for: Illinois
INFO [2020-11-09 16:42:57] Initialising estimates for: Indiana
INFO [2020-11-09 16:43:03] Initialising estimates for: Iowa
INFO [2020-11-09 16:43:10] Initialising estimates for: Kansas
INFO [2020-11-09 16:44:41] Completed estimates for: Alaska
WARN [2020-11-09 16:44:42] District of Columbia: There were 1 divergent transitions after warmup. See
http://mc-stan.org/misc/warnings.html#divergent-transitions-after-warmup
to find out why this is a problem and how to eliminate them. - 
WARN [2020-11-09 16:44:42] District of Columbia: Examine the pairs() plot to diagnose sampling problems
 - 
INFO [2020-11-09 16:44:50] Completed estimates for: District of Columbia
INFO [2020-11-09 16:45:00] Initialising estimates for: Kentucky
WARN [2020-11-09 16:45:01] Delaware: There were 3 divergent transitions after warmup. See
http://mc-stan.org/misc/warnings.html#divergent-transitions-after-warmup
to find out why this is a problem and how to eliminate them. - 
WARN [2020-11-09 16:45:01] Delaware: Examine the pairs() plot to diagnose sampling problems
 - 
WARN [2020-11-09 16:45:01] Arkansas: There were 15 divergent transitions after warmup. See
http://mc-stan.org/misc/warnings.html#divergent-transitions-after-warmup
to find out why this is a problem and how to eliminate them. - 
WARN [2020-11-09 16:45:01] Arkansas: Examine the pairs() plot to diagnose sampling problems
 - 
WARN [2020-11-09 16:45:03] Arkansas: Bulk Effective Samples Size (ESS) is too low, indicating posterior means and medians may be unreliable.
Running the chains for more iterations may help. See
http://mc-stan.org/misc/warnings.html#bulk-ess - 
WARN [2020-11-09 16:45:04] Delaware: Bulk Effective Samples Size (ESS) is too low, indicating posterior means and medians may be unreliable.
Running the chains for more iterations may help. See
http://mc-stan.org/misc/warnings.html#bulk-ess - 
WARN [2020-11-09 16:45:04] Arkansas: Tail Effective Samples Size (ESS) is too low, indicating posterior variances and tail quantiles may be unreliable.
Running the chains for more iterations may help. See
http://mc-stan.org/misc/warnings.html#tail-ess - 
WARN [2020-11-09 16:45:05] Connecticut: There were 143 divergent transitions after warmup. See
http://mc-stan.org/misc/warnings.html#divergent-transitions-after-warmup
to find out why this is a problem and how to eliminate them. - 
WARN [2020-11-09 16:45:05] Connecticut: Examine the pairs() plot to diagnose sampling problems
 - 
WARN [2020-11-09 16:45:06] Delaware: Tail Effective Samples Size (ESS) is too low, indicating posterior variances and tail quantiles may be unreliable.
Running the chains for more iterations may help. See
http://mc-stan.org/misc/warnings.html#tail-ess - 
WARN [2020-11-09 16:45:06] Connecticut: The largest R-hat is 1.06, indicating chains have not mixed.
Running the chains for more iterations may help. See
http://mc-stan.org/misc/warnings.html#r-hat - 
WARN [2020-11-09 16:45:06] Connecticut: Bulk Effective Samples Size (ESS) is too low, indicating posterior means and medians may be unreliable.
Running the chains for more iterations may help. See
http://mc-stan.org/misc/warnings.html#bulk-ess - 
INFO [2020-11-09 16:45:07] Completed estimates for: Arkansas
INFO [2020-11-09 16:45:07] Initialising estimates for: Louisiana
WARN [2020-11-09 16:45:08] Connecticut: Tail Effective Samples Size (ESS) is too low, indicating posterior variances and tail quantiles may be unreliable.
Running the chains for more iterations may help. See
http://mc-stan.org/misc/warnings.html#tail-ess - 
WARN [2020-11-09 16:45:08] California: There were 23 divergent transitions after warmup. See
http://mc-stan.org/misc/warnings.html#divergent-transitions-after-warmup
to find out why this is a problem and how to eliminate them. - 
WARN [2020-11-09 16:45:08] California: Examine the pairs() plot to diagnose sampling problems
 - 
INFO [2020-11-09 16:45:09] Completed estimates for: Delaware
WARN [2020-11-09 16:45:09] Guam: There were 2 divergent transitions after warmup. See
http://mc-stan.org/misc/warnings.html#divergent-transitions-after-warmup
to find out why this is a problem and how to eliminate them. - 
WARN [2020-11-09 16:45:09] Guam: Examine the pairs() plot to diagnose sampling problems
 - 
INFO [2020-11-09 16:45:10] Completed estimates for: Alabama
INFO [2020-11-09 16:45:10] Completed estimates for: Connecticut
INFO [2020-11-09 16:45:14] Completed estimates for: California
INFO [2020-11-09 16:45:14] Completed estimates for: Guam
WARN [2020-11-09 16:45:22] Arizona: There were 1 divergent transitions after warmup. See
http://mc-stan.org/misc/warnings.html#divergent-transitions-after-warmup
to find out why this is a problem and how to eliminate them. - 
WARN [2020-11-09 16:45:22] Arizona: Examine the pairs() plot to diagnose sampling problems
 - 
WARN [2020-11-09 16:45:22] Florida: There were 8 divergent transitions after warmup. See
http://mc-stan.org/misc/warnings.html#divergent-transitions-after-warmup
to find out why this is a problem and how to eliminate them. - 
WARN [2020-11-09 16:45:22] Florida: Examine the pairs() plot to diagnose sampling problems
 - 
WARN [2020-11-09 16:45:24] Georgia: There were 14 divergent transitions after warmup. See
http://mc-stan.org/misc/warnings.html#divergent-transitions-after-warmup
to find out why this is a problem and how to eliminate them. - 
WARN [2020-11-09 16:45:24] Georgia: Examine the pairs() plot to diagnose sampling problems
 - 
INFO [2020-11-09 16:45:27] Completed estimates for: Arizona
INFO [2020-11-09 16:45:27] Completed estimates for: Florida
WARN [2020-11-09 16:45:29] Iowa: There were 135 divergent transitions after warmup. See
http://mc-stan.org/misc/warnings.html#divergent-transitions-after-warmup
to find out why this is a problem and how to eliminate them. - 
WARN [2020-11-09 16:45:29] Iowa: Examine the pairs() plot to diagnose sampling problems
 - 
INFO [2020-11-09 16:45:29] Completed estimates for: Georgia
WARN [2020-11-09 16:45:30] Iowa: The largest R-hat is 1.08, indicating chains have not mixed.
Running the chains for more iterations may help. See
http://mc-stan.org/misc/warnings.html#r-hat - 
WARN [2020-11-09 16:45:30] Indiana: There were 10 divergent transitions after warmup. See
http://mc-stan.org/misc/warnings.html#divergent-transitions-after-warmup
to find out why this is a problem and how to eliminate them. - 
WARN [2020-11-09 16:45:30] Indiana: Examine the pairs() plot to diagnose sampling problems
 - 
WARN [2020-11-09 16:45:31] Iowa: Bulk Effective Samples Size (ESS) is too low, indicating posterior means and medians may be unreliable.
Running the chains for more iterations may help. See
http://mc-stan.org/misc/warnings.html#bulk-ess - 
WARN [2020-11-09 16:45:31] Idaho: There were 10 divergent transitions after warmup. See
http://mc-stan.org/misc/warnings.html#divergent-transitions-after-warmup
to find out why this is a problem and how to eliminate them. - 
WARN [2020-11-09 16:45:31] Idaho: Examine the pairs() plot to diagnose sampling problems
 - 
WARN [2020-11-09 16:45:31] Hawaii: There were 4 divergent transitions after warmup. See
http://mc-stan.org/misc/warnings.html#divergent-transitions-after-warmup
to find out why this is a problem and how to eliminate them. - 
WARN [2020-11-09 16:45:31] Hawaii: Examine the pairs() plot to diagnose sampling problems
 - 
WARN [2020-11-09 16:45:32] Iowa: Tail Effective Samples Size (ESS) is too low, indicating posterior variances and tail quantiles may be unreliable.
Running the chains for more iterations may help. See
http://mc-stan.org/misc/warnings.html#tail-ess - 
INFO [2020-11-09 16:45:35] Completed estimates for: Iowa
INFO [2020-11-09 16:45:35] Completed estimates for: Indiana
INFO [2020-11-09 16:45:36] Completed estimates for: Hawaii
INFO [2020-11-09 16:45:36] Completed estimates for: Idaho
WARN [2020-11-09 16:45:42] Colorado: There were 1 divergent transitions after warmup. See
http://mc-stan.org/misc/warnings.html#divergent-transitions-after-warmup
to find out why this is a problem and how to eliminate them. - 
WARN [2020-11-09 16:45:42] Colorado: Examine the pairs() plot to diagnose sampling problems
 - 
INFO [2020-11-09 16:45:44] Initialising estimates for: Maine
INFO [2020-11-09 16:45:46] Initialising estimates for: Maryland
INFO [2020-11-09 16:45:47] Completed estimates for: Colorado
INFO [2020-11-09 16:45:50] Initialising estimates for: Massachusetts
WARN [2020-11-09 16:45:51] Kansas: There were 1 divergent transitions after warmup. See
http://mc-stan.org/misc/warnings.html#divergent-transitions-after-warmup
to find out why this is a problem and how to eliminate them. - 
WARN [2020-11-09 16:45:51] Kansas: Examine the pairs() plot to diagnose sampling problems
 - 
INFO [2020-11-09 16:45:53] Initialising estimates for: Michigan
WARN [2020-11-09 16:45:56] Illinois: There were 14 divergent transitions after warmup. See
http://mc-stan.org/misc/warnings.html#divergent-transitions-after-warmup
to find out why this is a problem and how to eliminate them. - 
WARN [2020-11-09 16:45:56] Illinois: Examine the pairs() plot to diagnose sampling problems
 - 
INFO [2020-11-09 16:45:56] Completed estimates for: Kansas
INFO [2020-11-09 16:45:56] Initialising estimates for: Minnesota
WARN [2020-11-09 16:45:57] Illinois: Bulk Effective Samples Size (ESS) is too low, indicating posterior means and medians may be unreliable.
Running the chains for more iterations may help. See
http://mc-stan.org/misc/warnings.html#bulk-ess - 
WARN [2020-11-09 16:45:58] Illinois: Tail Effective Samples Size (ESS) is too low, indicating posterior variances and tail quantiles may be unreliable.
Running the chains for more iterations may help. See
http://mc-stan.org/misc/warnings.html#tail-ess - 
INFO [2020-11-09 16:46:01] Completed estimates for: Illinois
INFO [2020-11-09 16:46:01] Initialising estimates for: Mississippi
INFO [2020-11-09 16:46:07] Initialising estimates for: Missouri
INFO [2020-11-09 16:46:10] Initialising estimates for: Montana
INFO [2020-11-09 16:46:14] Initialising estimates for: Nebraska
INFO [2020-11-09 16:46:19] Initialising estimates for: Nevada
INFO [2020-11-09 16:46:24] Initialising estimates for: New Hampshire
INFO [2020-11-09 16:46:29] Initialising estimates for: New Jersey
INFO [2020-11-09 16:46:35] Initialising estimates for: New Mexico
INFO [2020-11-09 16:46:41] Initialising estimates for: New York
INFO [2020-11-09 16:46:47] Initialising estimates for: North Carolina
INFO [2020-11-09 16:46:54] Initialising estimates for: North Dakota
WARN [2020-11-09 16:47:56] Louisiana: There were 7 divergent transitions after warmup. See
http://mc-stan.org/misc/warnings.html#divergent-transitions-after-warmup
to find out why this is a problem and how to eliminate them. - 
WARN [2020-11-09 16:47:56] Louisiana: Examine the pairs() plot to diagnose sampling problems
 - 
WARN [2020-11-09 16:47:59] Maine: There were 6 divergent transitions after warmup. See
http://mc-stan.org/misc/warnings.html#divergent-transitions-after-warmup
to find out why this is a problem and how to eliminate them. - 
WARN [2020-11-09 16:47:59] Maine: Examine the pairs() plot to diagnose sampling problems
 - 
INFO [2020-11-09 16:48:04] Completed estimates for: Louisiana
INFO [2020-11-09 16:48:06] Completed estimates for: Maine
WARN [2020-11-09 16:48:14] Massachusetts: There were 50 divergent transitions after warmup. See
http://mc-stan.org/misc/warnings.html#divergent-transitions-after-warmup
to find out why this is a problem and how to eliminate them. - 
WARN [2020-11-09 16:48:14] Massachusetts: Examine the pairs() plot to diagnose sampling problems
 - 
WARN [2020-11-09 16:48:18] Massachusetts: Tail Effective Samples Size (ESS) is too low, indicating posterior variances and tail quantiles may be unreliable.
Running the chains for more iterations may help. See
http://mc-stan.org/misc/warnings.html#tail-ess - 
INFO [2020-11-09 16:48:21] Completed estimates for: Massachusetts
INFO [2020-11-09 16:48:22] Initialising estimates for: Ohio
WARN [2020-11-09 16:48:29] Minnesota: There were 33 divergent transitions after warmup. See
http://mc-stan.org/misc/warnings.html#divergent-transitions-after-warmup
to find out why this is a problem and how to eliminate them. - 
WARN [2020-11-09 16:48:29] Minnesota: Examine the pairs() plot to diagnose sampling problems
 - 
INFO [2020-11-09 16:48:32] Initialising estimates for: Oklahoma
WARN [2020-11-09 16:48:32] Minnesota: Bulk Effective Samples Size (ESS) is too low, indicating posterior means and medians may be unreliable.
Running the chains for more iterations may help. See
http://mc-stan.org/misc/warnings.html#bulk-ess - 
WARN [2020-11-09 16:48:34] Minnesota: Tail Effective Samples Size (ESS) is too low, indicating posterior variances and tail quantiles may be unreliable.
Running the chains for more iterations may help. See
http://mc-stan.org/misc/warnings.html#tail-ess - 
INFO [2020-11-09 16:48:37] Completed estimates for: Minnesota
INFO [2020-11-09 16:48:38] Initialising estimates for: Oregon
WARN [2020-11-09 16:48:44] Missouri: There were 25 divergent transitions after warmup. See
http://mc-stan.org/misc/warnings.html#divergent-transitions-after-warmup
to find out why this is a problem and how to eliminate them. - 
WARN [2020-11-09 16:48:44] Missouri: Examine the pairs() plot to diagnose sampling problems
 - 
INFO [2020-11-09 16:48:49] Completed estimates for: Mississippi
INFO [2020-11-09 16:48:50] Completed estimates for: Missouri
WARN [2020-11-09 16:48:52] Michigan: There were 10 divergent transitions after warmup. See
http://mc-stan.org/misc/warnings.html#divergent-transitions-after-warmup
to find out why this is a problem and how to eliminate them. - 
WARN [2020-11-09 16:48:52] Michigan: Examine the pairs() plot to diagnose sampling problems
 - 
WARN [2020-11-09 16:48:56] Kentucky: There were 17 divergent transitions after warmup. See
http://mc-stan.org/misc/warnings.html#divergent-transitions-after-warmup
to find out why this is a problem and how to eliminate them. - 
WARN [2020-11-09 16:48:56] Kentucky: Examine the pairs() plot to diagnose sampling problems
 - 
WARN [2020-11-09 16:48:57] Maryland: There were 20 divergent transitions after warmup. See
http://mc-stan.org/misc/warnings.html#divergent-transitions-after-warmup
to find out why this is a problem and how to eliminate them. - 
WARN [2020-11-09 16:48:57] Maryland: Examine the pairs() plot to diagnose sampling problems
 - 
INFO [2020-11-09 16:48:58] Completed estimates for: Michigan
WARN [2020-11-09 16:48:59] Nebraska: There were 8 divergent transitions after warmup. See
http://mc-stan.org/misc/warnings.html#divergent-transitions-after-warmup
to find out why this is a problem and how to eliminate them. - 
WARN [2020-11-09 16:48:59] Nebraska: Examine the pairs() plot to diagnose sampling problems
 - 
INFO [2020-11-09 16:49:01] Completed estimates for: Kentucky
INFO [2020-11-09 16:49:02] Completed estimates for: Maryland
INFO [2020-11-09 16:49:04] Completed estimates for: Nebraska
WARN [2020-11-09 16:49:08] New York: There were 47 divergent transitions after warmup. See
http://mc-stan.org/misc/warnings.html#divergent-transitions-after-warmup
to find out why this is a problem and how to eliminate them. - 
WARN [2020-11-09 16:49:08] New York: Examine the pairs() plot to diagnose sampling problems
 - 
WARN [2020-11-09 16:49:09] New York: The largest R-hat is 1.05, indicating chains have not mixed.
Running the chains for more iterations may help. See
http://mc-stan.org/misc/warnings.html#r-hat - 
WARN [2020-11-09 16:49:10] New York: Bulk Effective Samples Size (ESS) is too low, indicating posterior means and medians may be unreliable.
Running the chains for more iterations may help. See
http://mc-stan.org/misc/warnings.html#bulk-ess - 
WARN [2020-11-09 16:49:11] New York: Tail Effective Samples Size (ESS) is too low, indicating posterior variances and tail quantiles may be unreliable.
Running the chains for more iterations may help. See
http://mc-stan.org/misc/warnings.html#tail-ess - 
INFO [2020-11-09 16:49:13] Completed estimates for: New York
INFO [2020-11-09 16:49:17] Initialising estimates for: Pennsylvania
WARN [2020-11-09 16:49:20] Nevada: There were 8 divergent transitions after warmup. See
http://mc-stan.org/misc/warnings.html#divergent-transitions-after-warmup
to find out why this is a problem and how to eliminate them. - 
WARN [2020-11-09 16:49:20] Nevada: Examine the pairs() plot to diagnose sampling problems
 - 
WARN [2020-11-09 16:49:20] New Hampshire: There were 4 divergent transitions after warmup. See
http://mc-stan.org/misc/warnings.html#divergent-transitions-after-warmup
to find out why this is a problem and how to eliminate them. - 
WARN [2020-11-09 16:49:20] New Hampshire: Examine the pairs() plot to diagnose sampling problems
 - 
INFO [2020-11-09 16:49:22] Initialising estimates for: Puerto Rico
INFO [2020-11-09 16:49:24] Completed estimates for: Nevada
INFO [2020-11-09 16:49:24] Completed estimates for: New Hampshire
INFO [2020-11-09 16:49:31] Initialising estimates for: Rhode Island
INFO [2020-11-09 16:49:35] Initialising estimates for: South Carolina
WARN [2020-11-09 16:49:39] Montana: There were 2 divergent transitions after warmup. See
http://mc-stan.org/misc/warnings.html#divergent-transitions-after-warmup
to find out why this is a problem and how to eliminate them. - 
WARN [2020-11-09 16:49:39] Montana: Examine the pairs() plot to diagnose sampling problems
 - 
INFO [2020-11-09 16:49:40] Initialising estimates for: South Dakota
WARN [2020-11-09 16:49:42] Montana: Tail Effective Samples Size (ESS) is too low, indicating posterior variances and tail quantiles may be unreliable.
Running the chains for more iterations may help. See
http://mc-stan.org/misc/warnings.html#tail-ess - 
WARN [2020-11-09 16:49:45] North Dakota: There were 8 divergent transitions after warmup. See
http://mc-stan.org/misc/warnings.html#divergent-transitions-after-warmup
to find out why this is a problem and how to eliminate them. - 
WARN [2020-11-09 16:49:45] North Dakota: Examine the pairs() plot to diagnose sampling problems
 - 
INFO [2020-11-09 16:49:45] Initialising estimates for: Tennessee
INFO [2020-11-09 16:49:46] Completed estimates for: Montana
WARN [2020-11-09 16:49:47] North Dakota: Bulk Effective Samples Size (ESS) is too low, indicating posterior means and medians may be unreliable.
Running the chains for more iterations may help. See
http://mc-stan.org/misc/warnings.html#bulk-ess - 
WARN [2020-11-09 16:49:49] North Dakota: Tail Effective Samples Size (ESS) is too low, indicating posterior variances and tail quantiles may be unreliable.
Running the chains for more iterations may help. See
http://mc-stan.org/misc/warnings.html#tail-ess - 
INFO [2020-11-09 16:49:52] Completed estimates for: North Dakota
INFO [2020-11-09 16:49:54] Initialising estimates for: Texas
INFO [2020-11-09 16:50:02] Initialising estimates for: Utah
INFO [2020-11-09 16:50:03] Completed estimates for: New Mexico
WARN [2020-11-09 16:50:05] New Jersey: There were 5 divergent transitions after warmup. See
http://mc-stan.org/misc/warnings.html#divergent-transitions-after-warmup
to find out why this is a problem and how to eliminate them. - 
WARN [2020-11-09 16:50:05] New Jersey: Examine the pairs() plot to diagnose sampling problems
 - 
INFO [2020-11-09 16:50:11] Initialising estimates for: Virginia
INFO [2020-11-09 16:50:12] Completed estimates for: New Jersey
WARN [2020-11-09 16:50:19] Oregon: There were 31 divergent transitions after warmup. See
http://mc-stan.org/misc/warnings.html#divergent-transitions-after-warmup
to find out why this is a problem and how to eliminate them. - 
WARN [2020-11-09 16:50:19] Oregon: Examine the pairs() plot to diagnose sampling problems
 - 
INFO [2020-11-09 16:50:19] Initialising estimates for: Washington
WARN [2020-11-09 16:50:21] Oregon: Bulk Effective Samples Size (ESS) is too low, indicating posterior means and medians may be unreliable.
Running the chains for more iterations may help. See
http://mc-stan.org/misc/warnings.html#bulk-ess - 
WARN [2020-11-09 16:50:22] Oregon: Tail Effective Samples Size (ESS) is too low, indicating posterior variances and tail quantiles may be unreliable.
Running the chains for more iterations may help. See
http://mc-stan.org/misc/warnings.html#tail-ess - 
INFO [2020-11-09 16:50:24] Completed estimates for: Oregon
INFO [2020-11-09 16:50:25] Initialising estimates for: West Virginia
INFO [2020-11-09 16:50:34] Initialising estimates for: Wisconsin
INFO [2020-11-09 16:50:40] Initialising estimates for: US
WARN [2020-11-09 16:51:04] Oklahoma: There were 10 divergent transitions after warmup. See
http://mc-stan.org/misc/warnings.html#divergent-transitions-after-warmup
to find out why this is a problem and how to eliminate them. - 
WARN [2020-11-09 16:51:04] Oklahoma: Examine the pairs() plot to diagnose sampling problems
 - 
WARN [2020-11-09 16:51:05] Oklahoma: Bulk Effective Samples Size (ESS) is too low, indicating posterior means and medians may be unreliable.
Running the chains for more iterations may help. See
http://mc-stan.org/misc/warnings.html#bulk-ess - 
INFO [2020-11-09 16:51:08] Completed estimates for: Oklahoma
WARN [2020-11-09 16:51:11] North Carolina: There were 3 divergent transitions after warmup. See
http://mc-stan.org/misc/warnings.html#divergent-transitions-after-warmup
to find out why this is a problem and how to eliminate them. - 
WARN [2020-11-09 16:51:11] North Carolina: Examine the pairs() plot to diagnose sampling problems
 - 
WARN [2020-11-09 16:51:15] Pennsylvania: There were 39 divergent transitions after warmup. See
http://mc-stan.org/misc/warnings.html#divergent-transitions-after-warmup
to find out why this is a problem and how to eliminate them. - 
WARN [2020-11-09 16:51:15] Pennsylvania: Examine the pairs() plot to diagnose sampling problems
 - 
INFO [2020-11-09 16:51:17] Completed estimates for: North Carolina
WARN [2020-11-09 16:51:17] Pennsylvania: Bulk Effective Samples Size (ESS) is too low, indicating posterior means and medians may be unreliable.
Running the chains for more iterations may help. See
http://mc-stan.org/misc/warnings.html#bulk-ess - 
WARN [2020-11-09 16:51:19] Pennsylvania: Tail Effective Samples Size (ESS) is too low, indicating posterior variances and tail quantiles may be unreliable.
Running the chains for more iterations may help. See
http://mc-stan.org/misc/warnings.html#tail-ess - 
INFO [2020-11-09 16:51:22] Completed estimates for: Pennsylvania
WARN [2020-11-09 16:51:27] Puerto Rico: There were 3 divergent transitions after warmup. See
http://mc-stan.org/misc/warnings.html#divergent-transitions-after-warmup
to find out why this is a problem and how to eliminate them. - 
WARN [2020-11-09 16:51:27] Puerto Rico: Examine the pairs() plot to diagnose sampling problems
 - 
WARN [2020-11-09 16:51:29] South Dakota: There were 7 divergent transitions after warmup. See
http://mc-stan.org/misc/warnings.html#divergent-transitions-after-warmup
to find out why this is a problem and how to eliminate them. - 
WARN [2020-11-09 16:51:29] South Dakota: Examine the pairs() plot to diagnose sampling problems
 - 
WARN [2020-11-09 16:51:31] Puerto Rico: Tail Effective Samples Size (ESS) is too low, indicating posterior variances and tail quantiles may be unreliable.
Running the chains for more iterations may help. See
http://mc-stan.org/misc/warnings.html#tail-ess - 
INFO [2020-11-09 16:51:34] Completed estimates for: Puerto Rico
INFO [2020-11-09 16:51:34] Completed estimates for: South Dakota
WARN [2020-11-09 16:51:53] South Carolina: There were 55 divergent transitions after warmup. See
http://mc-stan.org/misc/warnings.html#divergent-transitions-after-warmup
to find out why this is a problem and how to eliminate them. - 
WARN [2020-11-09 16:51:53] South Carolina: Examine the pairs() plot to diagnose sampling problems
 - 
WARN [2020-11-09 16:51:55] South Carolina: Bulk Effective Samples Size (ESS) is too low, indicating posterior means and medians may be unreliable.
Running the chains for more iterations may help. See
http://mc-stan.org/misc/warnings.html#bulk-ess - 
WARN [2020-11-09 16:51:56] South Carolina: Tail Effective Samples Size (ESS) is too low, indicating posterior variances and tail quantiles may be unreliable.
Running the chains for more iterations may help. See
http://mc-stan.org/misc/warnings.html#tail-ess - 
WARN [2020-11-09 16:51:57] Tennessee: some chains had errors; consider specifying chains = 1 to debug - .local, object, ...
WARN [2020-11-09 16:51:57] Tennessee: There were 27 divergent transitions after warmup. See
http://mc-stan.org/misc/warnings.html#divergent-transitions-after-warmup
to find out why this is a problem and how to eliminate them. - 
WARN [2020-11-09 16:51:57] Tennessee: Examine the pairs() plot to diagnose sampling problems
 - 
INFO [2020-11-09 16:51:58] Completed estimates for: South Carolina
WARN [2020-11-09 16:52:00] Tennessee: Tail Effective Samples Size (ESS) is too low, indicating posterior variances and tail quantiles may be unreliable.
Running the chains for more iterations may help. See
http://mc-stan.org/misc/warnings.html#tail-ess - 
INFO [2020-11-09 16:52:02] Completed estimates for: Tennessee
WARN [2020-11-09 16:52:17] Rhode Island: There were 35 divergent transitions after warmup. See
http://mc-stan.org/misc/warnings.html#divergent-transitions-after-warmup
to find out why this is a problem and how to eliminate them. - 
WARN [2020-11-09 16:52:17] Rhode Island: Examine the pairs() plot to diagnose sampling problems
 - 
WARN [2020-11-09 16:52:19] Rhode Island: Tail Effective Samples Size (ESS) is too low, indicating posterior variances and tail quantiles may be unreliable.
Running the chains for more iterations may help. See
http://mc-stan.org/misc/warnings.html#tail-ess - 
INFO [2020-11-09 16:52:21] Completed estimates for: Rhode Island
WARN [2020-11-09 16:52:24] Utah: There were 2 divergent transitions after warmup. See
http://mc-stan.org/misc/warnings.html#divergent-transitions-after-warmup
to find out why this is a problem and how to eliminate them. - 
WARN [2020-11-09 16:52:24] Utah: Examine the pairs() plot to diagnose sampling problems
 - 
INFO [2020-11-09 16:52:28] Completed estimates for: Utah
WARN [2020-11-09 16:52:45] West Virginia: There were 1 divergent transitions after warmup. See
http://mc-stan.org/misc/warnings.html#divergent-transitions-after-warmup
to find out why this is a problem and how to eliminate them. - 
WARN [2020-11-09 16:52:45] West Virginia: Examine the pairs() plot to diagnose sampling problems
 - 
WARN [2020-11-09 16:52:45] Wisconsin: There were 4 divergent transitions after warmup. See
http://mc-stan.org/misc/warnings.html#divergent-transitions-after-warmup
to find out why this is a problem and how to eliminate them. - 
WARN [2020-11-09 16:52:45] Wisconsin: Examine the pairs() plot to diagnose sampling problems
 - 
INFO [2020-11-09 16:52:49] Completed estimates for: West Virginia
INFO [2020-11-09 16:52:49] Completed estimates for: Wisconsin
WARN [2020-11-09 16:53:05] Washington: There were 2 divergent transitions after warmup. See
http://mc-stan.org/misc/warnings.html#divergent-transitions-after-warmup
to find out why this is a problem and how to eliminate them. - 
WARN [2020-11-09 16:53:05] Washington: Examine the pairs() plot to diagnose sampling problems
 - 
INFO [2020-11-09 16:53:09] Completed estimates for: Washington
WARN [2020-11-09 16:53:18] Texas: There were 35 divergent transitions after warmup. See
http://mc-stan.org/misc/warnings.html#divergent-transitions-after-warmup
to find out why this is a problem and how to eliminate them. - 
WARN [2020-11-09 16:53:18] Texas: Examine the pairs() plot to diagnose sampling problems
 - 
INFO [2020-11-09 16:53:22] Completed estimates for: Texas
WARN [2020-11-09 16:53:32] Virginia: There were 3 divergent transitions after warmup. See
http://mc-stan.org/misc/warnings.html#divergent-transitions-after-warmup
to find out why this is a problem and how to eliminate them. - 
WARN [2020-11-09 16:53:32] Virginia: Examine the pairs() plot to diagnose sampling problems
 - 
INFO [2020-11-09 16:53:36] Completed estimates for: Virginia
WARN [2020-11-09 16:53:37] US: There were 33 divergent transitions after warmup. See
http://mc-stan.org/misc/warnings.html#divergent-transitions-after-warmup
to find out why this is a problem and how to eliminate them. - 
WARN [2020-11-09 16:53:37] US: Examine the pairs() plot to diagnose sampling problems
 - 
INFO [2020-11-09 16:53:42] Completed estimates for: US
WARN [2020-11-09 17:16:15] Ohio: There were 1 divergent transitions after warmup. See
http://mc-stan.org/misc/warnings.html#divergent-transitions-after-warmup
to find out why this is a problem and how to eliminate them. - 
WARN [2020-11-09 17:16:15] Ohio: Examine the pairs() plot to diagnose sampling problems
 - 
INFO [2020-11-09 17:16:19] Completed estimates for: Ohio
