INFO [2020-11-23 13:48:12] Initialising estimates for: Alabama
INFO [2020-11-23 13:48:12] Initialising estimates for: Alaska
INFO [2020-11-23 13:48:13] Initialising estimates for: Arizona
INFO [2020-11-23 13:48:14] Initialising estimates for: Arkansas
INFO [2020-11-23 13:48:16] Initialising estimates for: California
INFO [2020-11-23 13:48:18] Initialising estimates for: Colorado
INFO [2020-11-23 13:48:20] Initialising estimates for: Connecticut
INFO [2020-11-23 13:48:23] Initialising estimates for: Delaware
INFO [2020-11-23 13:48:26] Initialising estimates for: District of Columbia
INFO [2020-11-23 13:48:30] Initialising estimates for: Florida
INFO [2020-11-23 13:48:34] Initialising estimates for: Georgia
INFO [2020-11-23 13:48:38] Initialising estimates for: Guam
INFO [2020-11-23 13:48:43] Initialising estimates for: Hawaii
INFO [2020-11-23 13:48:49] Initialising estimates for: Idaho
INFO [2020-11-23 13:48:54] Initialising estimates for: Illinois
INFO [2020-11-23 13:49:00] Initialising estimates for: Indiana
INFO [2020-11-23 13:49:07] Initialising estimates for: Iowa
WARN [2020-11-23 13:49:13] Alabama (chain: 1): There were 64 divergent transitions after warmup. See
http://mc-stan.org/misc/warnings.html#divergent-transitions-after-warmup
to find out why this is a problem and how to eliminate them. - 
WARN [2020-11-23 13:49:13] Alabama (chain: 1): Examine the pairs() plot to diagnose sampling problems
 - 
INFO [2020-11-23 13:49:14] Initialising estimates for: Kansas
WARN [2020-11-23 13:49:15] Alabama (chain: 1): The largest R-hat is 1.07, indicating chains have not mixed.
Running the chains for more iterations may help. See
http://mc-stan.org/misc/warnings.html#r-hat - 
WARN [2020-11-23 13:49:16] Alabama (chain: 1): Bulk Effective Samples Size (ESS) is too low, indicating posterior means and medians may be unreliable.
Running the chains for more iterations may help. See
http://mc-stan.org/misc/warnings.html#bulk-ess - 
WARN [2020-11-23 13:49:18] Alabama (chain: 1): Tail Effective Samples Size (ESS) is too low, indicating posterior variances and tail quantiles may be unreliable.
Running the chains for more iterations may help. See
http://mc-stan.org/misc/warnings.html#tail-ess - 
INFO [2020-11-23 13:49:28] Completed estimates for: Alabama
INFO [2020-11-23 13:49:42] Completed estimates for: Alaska
INFO [2020-11-23 13:49:43] Initialising estimates for: Kentucky
WARN [2020-11-23 13:49:44] Connecticut (chain: 1): There were 9 divergent transitions after warmup. See
http://mc-stan.org/misc/warnings.html#divergent-transitions-after-warmup
to find out why this is a problem and how to eliminate them. - 
WARN [2020-11-23 13:49:44] Connecticut (chain: 1): Examine the pairs() plot to diagnose sampling problems
 - 
INFO [2020-11-23 13:49:50] Completed estimates for: District of Columbia
WARN [2020-11-23 13:49:53] Colorado (chain: 1): There were 5 divergent transitions after warmup. See
http://mc-stan.org/misc/warnings.html#divergent-transitions-after-warmup
to find out why this is a problem and how to eliminate them. - 
WARN [2020-11-23 13:49:53] Colorado (chain: 1): Examine the pairs() plot to diagnose sampling problems
 - 
INFO [2020-11-23 13:49:58] Completed estimates for: Delaware
INFO [2020-11-23 13:49:59] Completed estimates for: Connecticut
INFO [2020-11-23 13:50:04] Completed estimates for: Colorado
INFO [2020-11-23 13:50:08] Completed estimates for: Arkansas
WARN [2020-11-23 13:50:17] California (chain: 1): There were 4 divergent transitions after warmup. See
http://mc-stan.org/misc/warnings.html#divergent-transitions-after-warmup
to find out why this is a problem and how to eliminate them. - 
WARN [2020-11-23 13:50:17] California (chain: 1): Examine the pairs() plot to diagnose sampling problems
 - 
INFO [2020-11-23 13:50:17] Initialising estimates for: Louisiana
INFO [2020-11-23 13:50:22] Initialising estimates for: Maine
INFO [2020-11-23 13:50:26] Completed estimates for: California
INFO [2020-11-23 13:50:28] Initialising estimates for: Maryland
INFO [2020-11-23 13:50:29] Completed estimates for: Guam
WARN [2020-11-23 13:50:30] Georgia (chain: 1): There were 3 divergent transitions after warmup. See
http://mc-stan.org/misc/warnings.html#divergent-transitions-after-warmup
to find out why this is a problem and how to eliminate them. - 
WARN [2020-11-23 13:50:30] Georgia (chain: 1): Examine the pairs() plot to diagnose sampling problems
 - 
WARN [2020-11-23 13:50:31] Florida (chain: 1): There were 5 divergent transitions after warmup. See
http://mc-stan.org/misc/warnings.html#divergent-transitions-after-warmup
to find out why this is a problem and how to eliminate them. - 
WARN [2020-11-23 13:50:31] Florida (chain: 1): Examine the pairs() plot to diagnose sampling problems
 - 
WARN [2020-11-23 13:50:39] Iowa (chain: 1): There were 2 divergent transitions after warmup. See
http://mc-stan.org/misc/warnings.html#divergent-transitions-after-warmup
to find out why this is a problem and how to eliminate them. - 
WARN [2020-11-23 13:50:39] Iowa (chain: 1): Examine the pairs() plot to diagnose sampling problems
 - 
INFO [2020-11-23 13:50:39] Completed estimates for: Georgia
INFO [2020-11-23 13:50:40] Initialising estimates for: Massachusetts
INFO [2020-11-23 13:50:41] Completed estimates for: Florida
WARN [2020-11-23 13:50:42] Kansas (chain: 1): There were 2 divergent transitions after warmup. See
http://mc-stan.org/misc/warnings.html#divergent-transitions-after-warmup
to find out why this is a problem and how to eliminate them. - 
WARN [2020-11-23 13:50:42] Kansas (chain: 1): Examine the pairs() plot to diagnose sampling problems
 - 
INFO [2020-11-23 13:50:46] Completed estimates for: Arizona
WARN [2020-11-23 13:50:46] Indiana (chain: 1): There were 11 divergent transitions after warmup. See
http://mc-stan.org/misc/warnings.html#divergent-transitions-after-warmup
to find out why this is a problem and how to eliminate them. - 
WARN [2020-11-23 13:50:46] Indiana (chain: 1): Examine the pairs() plot to diagnose sampling problems
 - 
INFO [2020-11-23 13:50:48] Completed estimates for: Iowa
INFO [2020-11-23 13:50:52] Completed estimates for: Kansas
INFO [2020-11-23 13:50:56] Completed estimates for: Indiana
INFO [2020-11-23 13:50:57] Initialising estimates for: Michigan
INFO [2020-11-23 13:50:58] Completed estimates for: Hawaii
WARN [2020-11-23 13:51:01] Illinois (chain: 1): There were 4 divergent transitions after warmup. See
http://mc-stan.org/misc/warnings.html#divergent-transitions-after-warmup
to find out why this is a problem and how to eliminate them. - 
WARN [2020-11-23 13:51:01] Illinois (chain: 1): Examine the pairs() plot to diagnose sampling problems
 - 
WARN [2020-11-23 13:51:02] Kentucky (chain: 1): There were 10 divergent transitions after warmup. See
http://mc-stan.org/misc/warnings.html#divergent-transitions-after-warmup
to find out why this is a problem and how to eliminate them. - 
WARN [2020-11-23 13:51:02] Kentucky (chain: 1): Examine the pairs() plot to diagnose sampling problems
 - 
INFO [2020-11-23 13:51:04] Initialising estimates for: Minnesota
WARN [2020-11-23 13:51:04] Kentucky (chain: 1): Tail Effective Samples Size (ESS) is too low, indicating posterior variances and tail quantiles may be unreliable.
Running the chains for more iterations may help. See
http://mc-stan.org/misc/warnings.html#tail-ess - 
INFO [2020-11-23 13:51:08] Initialising estimates for: Mississippi
INFO [2020-11-23 13:51:10] Completed estimates for: Illinois
INFO [2020-11-23 13:51:11] Completed estimates for: Kentucky
WARN [2020-11-23 13:51:12] Louisiana (chain: 1): There were 3 divergent transitions after warmup. See
http://mc-stan.org/misc/warnings.html#divergent-transitions-after-warmup
to find out why this is a problem and how to eliminate them. - 
WARN [2020-11-23 13:51:12] Louisiana (chain: 1): Examine the pairs() plot to diagnose sampling problems
 - 
INFO [2020-11-23 13:51:16] Initialising estimates for: Missouri
INFO [2020-11-23 13:51:19] Initialising estimates for: Montana
INFO [2020-11-23 13:51:21] Completed estimates for: Louisiana
INFO [2020-11-23 13:51:25] Initialising estimates for: Nebraska
INFO [2020-11-23 13:51:29] Initialising estimates for: Nevada
INFO [2020-11-23 13:51:34] Initialising estimates for: New Hampshire
WARN [2020-11-23 13:51:36] Idaho (chain: 1): There were 1 divergent transitions after warmup. See
http://mc-stan.org/misc/warnings.html#divergent-transitions-after-warmup
to find out why this is a problem and how to eliminate them. - 
WARN [2020-11-23 13:51:36] Idaho (chain: 1): Examine the pairs() plot to diagnose sampling problems
 - 
INFO [2020-11-23 13:51:39] Initialising estimates for: New Jersey
INFO [2020-11-23 13:51:44] Initialising estimates for: New Mexico
INFO [2020-11-23 13:51:49] Completed estimates for: Idaho
INFO [2020-11-23 13:51:50] Initialising estimates for: New York
WARN [2020-11-23 13:51:58] Maryland (chain: 1): There were 13 divergent transitions after warmup. See
http://mc-stan.org/misc/warnings.html#divergent-transitions-after-warmup
to find out why this is a problem and how to eliminate them. - 
WARN [2020-11-23 13:51:58] Maryland (chain: 1): Examine the pairs() plot to diagnose sampling problems
 - 
WARN [2020-11-23 13:51:59] Massachusetts (chain: 1): There were 4 divergent transitions after warmup. See
http://mc-stan.org/misc/warnings.html#divergent-transitions-after-warmup
to find out why this is a problem and how to eliminate them. - 
WARN [2020-11-23 13:51:59] Massachusetts (chain: 1): Examine the pairs() plot to diagnose sampling problems
 - 
INFO [2020-11-23 13:51:59] Initialising estimates for: North Carolina
WARN [2020-11-23 13:52:00] Maryland (chain: 1): Bulk Effective Samples Size (ESS) is too low, indicating posterior means and medians may be unreliable.
Running the chains for more iterations may help. See
http://mc-stan.org/misc/warnings.html#bulk-ess - 
WARN [2020-11-23 13:52:01] Maine (chain: 1): There were 2 divergent transitions after warmup. See
http://mc-stan.org/misc/warnings.html#divergent-transitions-after-warmup
to find out why this is a problem and how to eliminate them. - 
WARN [2020-11-23 13:52:01] Maine (chain: 1): Examine the pairs() plot to diagnose sampling problems
 - 
WARN [2020-11-23 13:52:02] Maryland (chain: 1): Tail Effective Samples Size (ESS) is too low, indicating posterior variances and tail quantiles may be unreliable.
Running the chains for more iterations may help. See
http://mc-stan.org/misc/warnings.html#tail-ess - 
INFO [2020-11-23 13:52:05] Initialising estimates for: North Dakota
INFO [2020-11-23 13:52:09] Completed estimates for: Massachusetts
INFO [2020-11-23 13:52:11] Initialising estimates for: Ohio
INFO [2020-11-23 13:52:13] Completed estimates for: Maryland
INFO [2020-11-23 13:52:16] Completed estimates for: Maine
WARN [2020-11-23 13:52:24] Michigan (chain: 1): There were 7 divergent transitions after warmup. See
http://mc-stan.org/misc/warnings.html#divergent-transitions-after-warmup
to find out why this is a problem and how to eliminate them. - 
WARN [2020-11-23 13:52:24] Michigan (chain: 1): Examine the pairs() plot to diagnose sampling problems
 - 
WARN [2020-11-23 13:52:26] Mississippi (chain: 1): There were 2 divergent transitions after warmup. See
http://mc-stan.org/misc/warnings.html#divergent-transitions-after-warmup
to find out why this is a problem and how to eliminate them. - 
WARN [2020-11-23 13:52:26] Mississippi (chain: 1): Examine the pairs() plot to diagnose sampling problems
 - 
INFO [2020-11-23 13:52:28] Initialising estimates for: Oklahoma
INFO [2020-11-23 13:52:34] Initialising estimates for: Oregon
INFO [2020-11-23 13:52:35] Completed estimates for: Michigan
WARN [2020-11-23 13:52:36] Montana (chain: 1): There were 1 divergent transitions after warmup. See
http://mc-stan.org/misc/warnings.html#divergent-transitions-after-warmup
to find out why this is a problem and how to eliminate them. - 
WARN [2020-11-23 13:52:36] Montana (chain: 1): Examine the pairs() plot to diagnose sampling problems
 - 
INFO [2020-11-23 13:52:36] Completed estimates for: Mississippi
INFO [2020-11-23 13:52:37] Completed estimates for: Missouri
WARN [2020-11-23 13:52:38] New Hampshire (chain: 1): There were 2 divergent transitions after warmup. See
http://mc-stan.org/misc/warnings.html#divergent-transitions-after-warmup
to find out why this is a problem and how to eliminate them. - 
WARN [2020-11-23 13:52:38] New Hampshire (chain: 1): Examine the pairs() plot to diagnose sampling problems
 - 
WARN [2020-11-23 13:52:39] New Hampshire (chain: 1): Bulk Effective Samples Size (ESS) is too low, indicating posterior means and medians may be unreliable.
Running the chains for more iterations may help. See
http://mc-stan.org/misc/warnings.html#bulk-ess - 
WARN [2020-11-23 13:52:40] New Hampshire (chain: 1): Tail Effective Samples Size (ESS) is too low, indicating posterior variances and tail quantiles may be unreliable.
Running the chains for more iterations may help. See
http://mc-stan.org/misc/warnings.html#tail-ess - 
INFO [2020-11-23 13:52:46] Completed estimates for: New Hampshire
INFO [2020-11-23 13:52:47] Completed estimates for: Montana
INFO [2020-11-23 13:52:52] Completed estimates for: Nevada
INFO [2020-11-23 13:52:57] Initialising estimates for: Pennsylvania
WARN [2020-11-23 13:52:59] New York (chain: 1): There were 5 divergent transitions after warmup. See
http://mc-stan.org/misc/warnings.html#divergent-transitions-after-warmup
to find out why this is a problem and how to eliminate them. - 
WARN [2020-11-23 13:52:59] New York (chain: 1): Examine the pairs() plot to diagnose sampling problems
 - 
INFO [2020-11-23 13:53:01] Initialising estimates for: Puerto Rico
WARN [2020-11-23 13:53:02] New York (chain: 1): Tail Effective Samples Size (ESS) is too low, indicating posterior variances and tail quantiles may be unreliable.
Running the chains for more iterations may help. See
http://mc-stan.org/misc/warnings.html#tail-ess - 
INFO [2020-11-23 13:53:06] Initialising estimates for: Rhode Island
WARN [2020-11-23 13:53:08] New Mexico (chain: 1): There were 6 divergent transitions after warmup. See
http://mc-stan.org/misc/warnings.html#divergent-transitions-after-warmup
to find out why this is a problem and how to eliminate them. - 
WARN [2020-11-23 13:53:08] New Mexico (chain: 1): Examine the pairs() plot to diagnose sampling problems
 - 
INFO [2020-11-23 13:53:09] Completed estimates for: New York
WARN [2020-11-23 13:53:11] New Jersey (chain: 1): There were 9 divergent transitions after warmup. See
http://mc-stan.org/misc/warnings.html#divergent-transitions-after-warmup
to find out why this is a problem and how to eliminate them. - 
WARN [2020-11-23 13:53:11] New Jersey (chain: 1): Examine the pairs() plot to diagnose sampling problems
 - 
WARN [2020-11-23 13:53:13] Minnesota (chain: 1): There were 10 divergent transitions after warmup. See
http://mc-stan.org/misc/warnings.html#divergent-transitions-after-warmup
to find out why this is a problem and how to eliminate them. - 
WARN [2020-11-23 13:53:13] Minnesota (chain: 1): Examine the pairs() plot to diagnose sampling problems
 - 
INFO [2020-11-23 13:53:14] Initialising estimates for: South Carolina
INFO [2020-11-23 13:53:18] Completed estimates for: New Mexico
INFO [2020-11-23 13:53:19] Initialising estimates for: South Dakota
INFO [2020-11-23 13:53:20] Completed estimates for: New Jersey
INFO [2020-11-23 13:53:22] Completed estimates for: Minnesota
WARN [2020-11-23 13:53:22] Ohio (chain: 1): There were 4 divergent transitions after warmup. See
http://mc-stan.org/misc/warnings.html#divergent-transitions-after-warmup
to find out why this is a problem and how to eliminate them. - 
WARN [2020-11-23 13:53:22] Ohio (chain: 1): Examine the pairs() plot to diagnose sampling problems
 - 
INFO [2020-11-23 13:53:31] Completed estimates for: Ohio
INFO [2020-11-23 13:53:33] Initialising estimates for: Tennessee
WARN [2020-11-23 13:53:33] Oklahoma (chain: 1): There were 2 divergent transitions after warmup. See
http://mc-stan.org/misc/warnings.html#divergent-transitions-after-warmup
to find out why this is a problem and how to eliminate them. - 
WARN [2020-11-23 13:53:33] Oklahoma (chain: 1): Examine the pairs() plot to diagnose sampling problems
 - 
WARN [2020-11-23 13:53:34] North Carolina (chain: 1): There were 5 divergent transitions after warmup. See
http://mc-stan.org/misc/warnings.html#divergent-transitions-after-warmup
to find out why this is a problem and how to eliminate them. - 
WARN [2020-11-23 13:53:34] North Carolina (chain: 1): Examine the pairs() plot to diagnose sampling problems
 - 
INFO [2020-11-23 13:53:39] Initialising estimates for: Texas
INFO [2020-11-23 13:53:43] Completed estimates for: Oklahoma
INFO [2020-11-23 13:53:43] Completed estimates for: North Carolina
INFO [2020-11-23 13:53:43] Completed estimates for: Oregon
INFO [2020-11-23 13:53:44] Initialising estimates for: Utah
INFO [2020-11-23 13:53:54] Completed estimates for: Nebraska
INFO [2020-11-23 13:53:56] Initialising estimates for: Virginia
INFO [2020-11-23 13:54:03] Initialising estimates for: Washington
INFO [2020-11-23 13:54:07] Initialising estimates for: West Virginia
INFO [2020-11-23 13:54:12] Initialising estimates for: Wisconsin
INFO [2020-11-23 13:54:17] Initialising estimates for: Wyoming
INFO [2020-11-23 13:54:23] Initialising estimates for: US
WARN [2020-11-23 13:54:27] Pennsylvania (chain: 1): There were 7 divergent transitions after warmup. See
http://mc-stan.org/misc/warnings.html#divergent-transitions-after-warmup
to find out why this is a problem and how to eliminate them. - 
WARN [2020-11-23 13:54:27] Pennsylvania (chain: 1): Examine the pairs() plot to diagnose sampling problems
 - 
WARN [2020-11-23 13:54:28] Rhode Island (chain: 1): There were 3 divergent transitions after warmup. See
http://mc-stan.org/misc/warnings.html#divergent-transitions-after-warmup
to find out why this is a problem and how to eliminate them. - 
WARN [2020-11-23 13:54:28] Rhode Island (chain: 1): Examine the pairs() plot to diagnose sampling problems
 - 
INFO [2020-11-23 13:54:35] Completed estimates for: Puerto Rico
INFO [2020-11-23 13:54:37] Completed estimates for: Rhode Island
INFO [2020-11-23 13:54:41] Completed estimates for: Pennsylvania
WARN [2020-11-23 13:54:41] North Dakota (chain: 1): There were 1 divergent transitions after warmup. See
http://mc-stan.org/misc/warnings.html#divergent-transitions-after-warmup
to find out why this is a problem and how to eliminate them. - 
WARN [2020-11-23 13:54:41] North Dakota (chain: 1): Examine the pairs() plot to diagnose sampling problems
 - 
WARN [2020-11-23 13:54:41] South Dakota (chain: 1): There were 4 divergent transitions after warmup. See
http://mc-stan.org/misc/warnings.html#divergent-transitions-after-warmup
to find out why this is a problem and how to eliminate them. - 
WARN [2020-11-23 13:54:41] South Dakota (chain: 1): Examine the pairs() plot to diagnose sampling problems
 - 
WARN [2020-11-23 13:54:43] South Dakota (chain: 1): Bulk Effective Samples Size (ESS) is too low, indicating posterior means and medians may be unreliable.
Running the chains for more iterations may help. See
http://mc-stan.org/misc/warnings.html#bulk-ess - 
WARN [2020-11-23 13:54:44] South Dakota (chain: 1): Tail Effective Samples Size (ESS) is too low, indicating posterior variances and tail quantiles may be unreliable.
Running the chains for more iterations may help. See
http://mc-stan.org/misc/warnings.html#tail-ess - 
WARN [2020-11-23 13:54:48] Tennessee (chain: 1): There were 1 divergent transitions after warmup. See
http://mc-stan.org/misc/warnings.html#divergent-transitions-after-warmup
to find out why this is a problem and how to eliminate them. - 
WARN [2020-11-23 13:54:48] Tennessee (chain: 1): Examine the pairs() plot to diagnose sampling problems
 - 
WARN [2020-11-23 13:54:50] South Carolina (chain: 1): There were 1 divergent transitions after warmup. See
http://mc-stan.org/misc/warnings.html#divergent-transitions-after-warmup
to find out why this is a problem and how to eliminate them. - 
WARN [2020-11-23 13:54:50] South Carolina (chain: 1): Examine the pairs() plot to diagnose sampling problems
 - 
INFO [2020-11-23 13:54:51] Completed estimates for: North Dakota
INFO [2020-11-23 13:54:51] Completed estimates for: South Dakota
INFO [2020-11-23 13:54:57] Completed estimates for: Tennessee
INFO [2020-11-23 13:54:59] Completed estimates for: South Carolina
WARN [2020-11-23 13:55:00] Texas (chain: 1): There were 16 divergent transitions after warmup. See
http://mc-stan.org/misc/warnings.html#divergent-transitions-after-warmup
to find out why this is a problem and how to eliminate them. - 
WARN [2020-11-23 13:55:00] Texas (chain: 1): Examine the pairs() plot to diagnose sampling problems
 - 
WARN [2020-11-23 13:55:00] Washington (chain: 1): There were 1 divergent transitions after warmup. See
http://mc-stan.org/misc/warnings.html#divergent-transitions-after-warmup
to find out why this is a problem and how to eliminate them. - 
WARN [2020-11-23 13:55:00] Washington (chain: 1): Examine the pairs() plot to diagnose sampling problems
 - 
INFO [2020-11-23 13:55:05] Completed estimates for: Virginia
INFO [2020-11-23 13:55:09] Completed estimates for: Washington
INFO [2020-11-23 13:55:09] Completed estimates for: Texas
INFO [2020-11-23 13:55:26] Completed estimates for: Wyoming
WARN [2020-11-23 13:55:26] West Virginia (chain: 1): There were 1 divergent transitions after warmup. See
http://mc-stan.org/misc/warnings.html#divergent-transitions-after-warmup
to find out why this is a problem and how to eliminate them. - 
WARN [2020-11-23 13:55:26] West Virginia (chain: 1): Examine the pairs() plot to diagnose sampling problems
 - 
INFO [2020-11-23 13:55:36] Completed estimates for: West Virginia
INFO [2020-11-23 13:55:39] Completed estimates for: Utah
WARN [2020-11-23 13:56:25] Wisconsin (chain: 1): There were 1 divergent transitions after warmup. See
http://mc-stan.org/misc/warnings.html#divergent-transitions-after-warmup
to find out why this is a problem and how to eliminate them. - 
WARN [2020-11-23 13:56:25] Wisconsin (chain: 1): Examine the pairs() plot to diagnose sampling problems
 - 
WARN [2020-11-23 13:56:26] Wisconsin (chain: 1): Bulk Effective Samples Size (ESS) is too low, indicating posterior means and medians may be unreliable.
Running the chains for more iterations may help. See
http://mc-stan.org/misc/warnings.html#bulk-ess - 
INFO [2020-11-23 13:56:33] Completed estimates for: Wisconsin
WARN [2020-11-23 13:58:40] US (chain: 1): There were 18 divergent transitions after warmup. See
http://mc-stan.org/misc/warnings.html#divergent-transitions-after-warmup
to find out why this is a problem and how to eliminate them. - 
WARN [2020-11-23 13:58:40] US (chain: 1): Examine the pairs() plot to diagnose sampling problems
 - 
INFO [2020-11-23 13:58:49] Completed estimates for: US
