INFO [2020-11-30 10:51:33] Initialising estimates for: Alabama
INFO [2020-11-30 10:51:34] Initialising estimates for: Alaska
INFO [2020-11-30 10:51:35] Initialising estimates for: Arizona
INFO [2020-11-30 10:51:36] Initialising estimates for: Arkansas
INFO [2020-11-30 10:51:37] Initialising estimates for: California
INFO [2020-11-30 10:51:40] Initialising estimates for: Colorado
INFO [2020-11-30 10:51:42] Initialising estimates for: Connecticut
INFO [2020-11-30 10:51:45] Initialising estimates for: Delaware
INFO [2020-11-30 10:51:48] Initialising estimates for: District of Columbia
INFO [2020-11-30 10:51:52] Initialising estimates for: Florida
INFO [2020-11-30 10:51:56] Initialising estimates for: Georgia
INFO [2020-11-30 10:52:00] Initialising estimates for: Guam
INFO [2020-11-30 10:52:05] Initialising estimates for: Hawaii
WARN [2020-11-30 10:52:09] Alaska (chain: 1): There were 29 divergent transitions after warmup. See
http://mc-stan.org/misc/warnings.html#divergent-transitions-after-warmup
to find out why this is a problem and how to eliminate them. - 
WARN [2020-11-30 10:52:09] Alaska (chain: 1): Examine the pairs() plot to diagnose sampling problems
 - 
INFO [2020-11-30 10:52:11] Initialising estimates for: Idaho
INFO [2020-11-30 10:52:16] Initialising estimates for: Illinois
INFO [2020-11-30 10:52:22] Initialising estimates for: Indiana
INFO [2020-11-30 10:52:23] Completed estimates for: Alaska
INFO [2020-11-30 10:52:32] Initialising estimates for: Iowa
WARN [2020-11-30 10:52:36] Delaware (chain: 1): There were 25 divergent transitions after warmup. See
http://mc-stan.org/misc/warnings.html#divergent-transitions-after-warmup
to find out why this is a problem and how to eliminate them. - 
WARN [2020-11-30 10:52:36] Delaware (chain: 1): Examine the pairs() plot to diagnose sampling problems
 - 
INFO [2020-11-30 10:52:39] Initialising estimates for: Kansas
WARN [2020-11-30 10:52:42] District of Columbia (chain: 1): There were 18 divergent transitions after warmup. See
http://mc-stan.org/misc/warnings.html#divergent-transitions-after-warmup
to find out why this is a problem and how to eliminate them. - 
WARN [2020-11-30 10:52:42] District of Columbia (chain: 1): Examine the pairs() plot to diagnose sampling problems
 - 
INFO [2020-11-30 10:52:46] Initialising estimates for: Kentucky
INFO [2020-11-30 10:52:50] Completed estimates for: Delaware
WARN [2020-11-30 10:52:54] Connecticut (chain: 1): There were 8 divergent transitions after warmup. See
http://mc-stan.org/misc/warnings.html#divergent-transitions-after-warmup
to find out why this is a problem and how to eliminate them. - 
WARN [2020-11-30 10:52:54] Connecticut (chain: 1): Examine the pairs() plot to diagnose sampling problems
 - 
INFO [2020-11-30 10:52:55] Completed estimates for: District of Columbia
WARN [2020-11-30 10:53:00] Alabama (chain: 1): There were 5 divergent transitions after warmup. See
http://mc-stan.org/misc/warnings.html#divergent-transitions-after-warmup
to find out why this is a problem and how to eliminate them. - 
WARN [2020-11-30 10:53:00] Alabama (chain: 1): Examine the pairs() plot to diagnose sampling problems
 - 
INFO [2020-11-30 10:53:03] Completed estimates for: Connecticut
WARN [2020-11-30 10:53:05] Guam (chain: 1): There were 29 divergent transitions after warmup. See
http://mc-stan.org/misc/warnings.html#divergent-transitions-after-warmup
to find out why this is a problem and how to eliminate them. - 
WARN [2020-11-30 10:53:05] Guam (chain: 1): Examine the pairs() plot to diagnose sampling problems
 - 
INFO [2020-11-30 10:53:11] Initialising estimates for: Louisiana
INFO [2020-11-30 10:53:13] Completed estimates for: Alabama
INFO [2020-11-30 10:53:14] Completed estimates for: Guam
WARN [2020-11-30 10:53:16] Idaho (chain: 1): There were 12 divergent transitions after warmup. See
http://mc-stan.org/misc/warnings.html#divergent-transitions-after-warmup
to find out why this is a problem and how to eliminate them. - 
WARN [2020-11-30 10:53:16] Idaho (chain: 1): Examine the pairs() plot to diagnose sampling problems
 - 
INFO [2020-11-30 10:53:20] Completed estimates for: Arkansas
WARN [2020-11-30 10:53:20] Arizona (chain: 1): There were 30 divergent transitions after warmup. See
http://mc-stan.org/misc/warnings.html#divergent-transitions-after-warmup
to find out why this is a problem and how to eliminate them. - 
WARN [2020-11-30 10:53:20] Arizona (chain: 1): Examine the pairs() plot to diagnose sampling problems
 - 
WARN [2020-11-30 10:53:21] California (chain: 1): There were 4 divergent transitions after warmup. See
http://mc-stan.org/misc/warnings.html#divergent-transitions-after-warmup
to find out why this is a problem and how to eliminate them. - 
WARN [2020-11-30 10:53:21] California (chain: 1): Examine the pairs() plot to diagnose sampling problems
 - 
INFO [2020-11-30 10:53:24] Completed estimates for: Idaho
WARN [2020-11-30 10:53:27] Colorado (chain: 1): There were 6 divergent transitions after warmup. See
http://mc-stan.org/misc/warnings.html#divergent-transitions-after-warmup
to find out why this is a problem and how to eliminate them. - 
WARN [2020-11-30 10:53:27] Colorado (chain: 1): Examine the pairs() plot to diagnose sampling problems
 - 
INFO [2020-11-30 10:53:29] Initialising estimates for: Maine
INFO [2020-11-30 10:53:29] Completed estimates for: California
INFO [2020-11-30 10:53:29] Completed estimates for: Arizona
WARN [2020-11-30 10:53:30] Kansas (chain: 1): There were 29 divergent transitions after warmup. See
http://mc-stan.org/misc/warnings.html#divergent-transitions-after-warmup
to find out why this is a problem and how to eliminate them. - 
WARN [2020-11-30 10:53:30] Kansas (chain: 1): Examine the pairs() plot to diagnose sampling problems
 - 
INFO [2020-11-30 10:53:35] Completed estimates for: Colorado
INFO [2020-11-30 10:53:39] Completed estimates for: Kansas
INFO [2020-11-30 10:53:43] Initialising estimates for: Maryland
INFO [2020-11-30 10:53:47] Initialising estimates for: Massachusetts
WARN [2020-11-30 10:53:47] Georgia (chain: 1): There were 17 divergent transitions after warmup. See
http://mc-stan.org/misc/warnings.html#divergent-transitions-after-warmup
to find out why this is a problem and how to eliminate them. - 
WARN [2020-11-30 10:53:47] Georgia (chain: 1): Examine the pairs() plot to diagnose sampling problems
 - 
WARN [2020-11-30 10:53:50] Florida (chain: 1): There were 13 divergent transitions after warmup. See
http://mc-stan.org/misc/warnings.html#divergent-transitions-after-warmup
to find out why this is a problem and how to eliminate them. - 
WARN [2020-11-30 10:53:50] Florida (chain: 1): Examine the pairs() plot to diagnose sampling problems
 - 
INFO [2020-11-30 10:53:51] Initialising estimates for: Michigan
WARN [2020-11-30 10:53:52] Hawaii (chain: 1): There were 88 divergent transitions after warmup. See
http://mc-stan.org/misc/warnings.html#divergent-transitions-after-warmup
to find out why this is a problem and how to eliminate them. - 
WARN [2020-11-30 10:53:52] Hawaii (chain: 1): Examine the pairs() plot to diagnose sampling problems
 - 
INFO [2020-11-30 10:53:55] Completed estimates for: Georgia
INFO [2020-11-30 10:53:56] Initialising estimates for: Minnesota
INFO [2020-11-30 10:53:58] Completed estimates for: Florida
WARN [2020-11-30 10:53:59] Iowa (chain: 1): There were 1 divergent transitions after warmup. See
http://mc-stan.org/misc/warnings.html#divergent-transitions-after-warmup
to find out why this is a problem and how to eliminate them. - 
WARN [2020-11-30 10:53:59] Iowa (chain: 1): Examine the pairs() plot to diagnose sampling problems
 - 
INFO [2020-11-30 10:54:00] Completed estimates for: Hawaii
WARN [2020-11-30 10:54:00] Kentucky (chain: 1): There were 10 divergent transitions after warmup. See
http://mc-stan.org/misc/warnings.html#divergent-transitions-after-warmup
to find out why this is a problem and how to eliminate them. - 
WARN [2020-11-30 10:54:00] Kentucky (chain: 1): Examine the pairs() plot to diagnose sampling problems
 - 
WARN [2020-11-30 10:54:01] Louisiana (chain: 1): There were 1 divergent transitions after warmup. See
http://mc-stan.org/misc/warnings.html#divergent-transitions-after-warmup
to find out why this is a problem and how to eliminate them. - 
WARN [2020-11-30 10:54:01] Louisiana (chain: 1): Examine the pairs() plot to diagnose sampling problems
 - 
WARN [2020-11-30 10:54:04] Louisiana (chain: 1): Tail Effective Samples Size (ESS) is too low, indicating posterior variances and tail quantiles may be unreliable.
Running the chains for more iterations may help. See
http://mc-stan.org/misc/warnings.html#tail-ess - 
INFO [2020-11-30 10:54:07] Completed estimates for: Iowa
INFO [2020-11-30 10:54:08] Completed estimates for: Kentucky
WARN [2020-11-30 10:54:09] Indiana (chain: 1): There were 6 divergent transitions after warmup. See
http://mc-stan.org/misc/warnings.html#divergent-transitions-after-warmup
to find out why this is a problem and how to eliminate them. - 
WARN [2020-11-30 10:54:09] Indiana (chain: 1): Examine the pairs() plot to diagnose sampling problems
 - 
INFO [2020-11-30 10:54:09] Completed estimates for: Louisiana
INFO [2020-11-30 10:54:13] Initialising estimates for: Mississippi
INFO [2020-11-30 10:54:17] Initialising estimates for: Missouri
INFO [2020-11-30 10:54:17] Completed estimates for: Indiana
WARN [2020-11-30 10:54:18] Maine (chain: 1): There were 16 divergent transitions after warmup. See
http://mc-stan.org/misc/warnings.html#divergent-transitions-after-warmup
to find out why this is a problem and how to eliminate them. - 
WARN [2020-11-30 10:54:18] Maine (chain: 1): Examine the pairs() plot to diagnose sampling problems
 - 
INFO [2020-11-30 10:54:22] Initialising estimates for: Montana
INFO [2020-11-30 10:54:26] Completed estimates for: Maine
INFO [2020-11-30 10:54:26] Initialising estimates for: Nebraska
INFO [2020-11-30 10:54:32] Initialising estimates for: Nevada
INFO [2020-11-30 10:54:36] Initialising estimates for: New Hampshire
INFO [2020-11-30 10:54:40] Initialising estimates for: New Jersey
INFO [2020-11-30 10:54:45] Initialising estimates for: New Mexico
WARN [2020-11-30 10:54:46] Michigan (chain: 1): There were 20 divergent transitions after warmup. See
http://mc-stan.org/misc/warnings.html#divergent-transitions-after-warmup
to find out why this is a problem and how to eliminate them. - 
WARN [2020-11-30 10:54:46] Michigan (chain: 1): Examine the pairs() plot to diagnose sampling problems
 - 
WARN [2020-11-30 10:54:48] Illinois (chain: 1): There were 2 divergent transitions after warmup. See
http://mc-stan.org/misc/warnings.html#divergent-transitions-after-warmup
to find out why this is a problem and how to eliminate them. - 
WARN [2020-11-30 10:54:48] Illinois (chain: 1): Examine the pairs() plot to diagnose sampling problems
 - 
INFO [2020-11-30 10:54:50] Initialising estimates for: New York
WARN [2020-11-30 10:54:54] Illinois (chain: 1): Tail Effective Samples Size (ESS) is too low, indicating posterior variances and tail quantiles may be unreliable.
Running the chains for more iterations may help. See
http://mc-stan.org/misc/warnings.html#tail-ess - 
INFO [2020-11-30 10:54:54] Completed estimates for: Michigan
INFO [2020-11-30 10:54:59] Initialising estimates for: North Carolina
WARN [2020-11-30 10:55:01] Mississippi (chain: 1): There were 2 divergent transitions after warmup. See
http://mc-stan.org/misc/warnings.html#divergent-transitions-after-warmup
to find out why this is a problem and how to eliminate them. - 
WARN [2020-11-30 10:55:01] Mississippi (chain: 1): Examine the pairs() plot to diagnose sampling problems
 - 
INFO [2020-11-30 10:55:02] Completed estimates for: Illinois
INFO [2020-11-30 10:55:05] Initialising estimates for: North Dakota
INFO [2020-11-30 10:55:14] Completed estimates for: Mississippi
INFO [2020-11-30 10:55:14] Initialising estimates for: Ohio
WARN [2020-11-30 10:55:18] Montana (chain: 1): There were 9 divergent transitions after warmup. See
http://mc-stan.org/misc/warnings.html#divergent-transitions-after-warmup
to find out why this is a problem and how to eliminate them. - 
WARN [2020-11-30 10:55:18] Montana (chain: 1): Examine the pairs() plot to diagnose sampling problems
 - 
WARN [2020-11-30 10:55:21] Montana (chain: 1): Tail Effective Samples Size (ESS) is too low, indicating posterior variances and tail quantiles may be unreliable.
Running the chains for more iterations may help. See
http://mc-stan.org/misc/warnings.html#tail-ess - 
INFO [2020-11-30 10:55:23] Initialising estimates for: Oklahoma
WARN [2020-11-30 10:55:27] Missouri (chain: 1): There were 13 divergent transitions after warmup. See
http://mc-stan.org/misc/warnings.html#divergent-transitions-after-warmup
to find out why this is a problem and how to eliminate them. - 
WARN [2020-11-30 10:55:27] Missouri (chain: 1): Examine the pairs() plot to diagnose sampling problems
 - 
INFO [2020-11-30 10:55:29] Completed estimates for: Montana
INFO [2020-11-30 10:55:29] Initialising estimates for: Oregon
WARN [2020-11-30 10:55:34] Massachusetts (chain: 1): There were 4 divergent transitions after warmup. See
http://mc-stan.org/misc/warnings.html#divergent-transitions-after-warmup
to find out why this is a problem and how to eliminate them. - 
WARN [2020-11-30 10:55:34] Massachusetts (chain: 1): Examine the pairs() plot to diagnose sampling problems
 - 
INFO [2020-11-30 10:55:35] Completed estimates for: Missouri
WARN [2020-11-30 10:55:37] Maryland (chain: 1): There were 6 divergent transitions after warmup. See
http://mc-stan.org/misc/warnings.html#divergent-transitions-after-warmup
to find out why this is a problem and how to eliminate them. - 
WARN [2020-11-30 10:55:37] Maryland (chain: 1): Examine the pairs() plot to diagnose sampling problems
 - 
WARN [2020-11-30 10:55:42] New Hampshire (chain: 1): There were 42 divergent transitions after warmup. See
http://mc-stan.org/misc/warnings.html#divergent-transitions-after-warmup
to find out why this is a problem and how to eliminate them. - 
WARN [2020-11-30 10:55:42] New Hampshire (chain: 1): Examine the pairs() plot to diagnose sampling problems
 - 
INFO [2020-11-30 10:55:43] Initialising estimates for: Pennsylvania
INFO [2020-11-30 10:55:49] Initialising estimates for: Puerto Rico
INFO [2020-11-30 10:55:49] Completed estimates for: Massachusetts
INFO [2020-11-30 10:55:52] Completed estimates for: Maryland
WARN [2020-11-30 10:55:54] Nevada (chain: 1): There were 6 divergent transitions after warmup. See
http://mc-stan.org/misc/warnings.html#divergent-transitions-after-warmup
to find out why this is a problem and how to eliminate them. - 
WARN [2020-11-30 10:55:54] Nevada (chain: 1): Examine the pairs() plot to diagnose sampling problems
 - 
INFO [2020-11-30 10:55:55] Completed estimates for: New Hampshire
WARN [2020-11-30 10:55:58] Nebraska (chain: 1): There were 4 divergent transitions after warmup. See
http://mc-stan.org/misc/warnings.html#divergent-transitions-after-warmup
to find out why this is a problem and how to eliminate them. - 
WARN [2020-11-30 10:55:58] Nebraska (chain: 1): Examine the pairs() plot to diagnose sampling problems
 - 
INFO [2020-11-30 10:56:04] Initialising estimates for: Rhode Island
INFO [2020-11-30 10:56:08] Completed estimates for: Nevada
INFO [2020-11-30 10:56:10] Initialising estimates for: South Carolina
INFO [2020-11-30 10:56:10] Completed estimates for: Nebraska
WARN [2020-11-30 10:56:13] New York (chain: 1): There were 4 divergent transitions after warmup. See
http://mc-stan.org/misc/warnings.html#divergent-transitions-after-warmup
to find out why this is a problem and how to eliminate them. - 
WARN [2020-11-30 10:56:13] New York (chain: 1): Examine the pairs() plot to diagnose sampling problems
 - 
WARN [2020-11-30 10:56:16] Minnesota (chain: 1): There were 5 divergent transitions after warmup. See
http://mc-stan.org/misc/warnings.html#divergent-transitions-after-warmup
to find out why this is a problem and how to eliminate them. - 
WARN [2020-11-30 10:56:16] Minnesota (chain: 1): Examine the pairs() plot to diagnose sampling problems
 - 
WARN [2020-11-30 10:56:20] North Carolina (chain: 1): There were 6 divergent transitions after warmup. See
http://mc-stan.org/misc/warnings.html#divergent-transitions-after-warmup
to find out why this is a problem and how to eliminate them. - 
WARN [2020-11-30 10:56:20] North Carolina (chain: 1): Examine the pairs() plot to diagnose sampling problems
 - 
INFO [2020-11-30 10:56:21] Initialising estimates for: South Dakota
INFO [2020-11-30 10:56:21] Completed estimates for: New York
INFO [2020-11-30 10:56:25] Completed estimates for: Minnesota
WARN [2020-11-30 10:56:26] Oklahoma (chain: 1): There were 4 divergent transitions after warmup. See
http://mc-stan.org/misc/warnings.html#divergent-transitions-after-warmup
to find out why this is a problem and how to eliminate them. - 
WARN [2020-11-30 10:56:26] Oklahoma (chain: 1): Examine the pairs() plot to diagnose sampling problems
 - 
INFO [2020-11-30 10:56:28] Completed estimates for: North Carolina
WARN [2020-11-30 10:56:28] Oklahoma (chain: 1): Tail Effective Samples Size (ESS) is too low, indicating posterior variances and tail quantiles may be unreliable.
Running the chains for more iterations may help. See
http://mc-stan.org/misc/warnings.html#tail-ess - 
WARN [2020-11-30 10:56:33] Oregon (chain: 1): There were 14 divergent transitions after warmup. See
http://mc-stan.org/misc/warnings.html#divergent-transitions-after-warmup
to find out why this is a problem and how to eliminate them. - 
WARN [2020-11-30 10:56:33] Oregon (chain: 1): Examine the pairs() plot to diagnose sampling problems
 - 
INFO [2020-11-30 10:56:33] Completed estimates for: Oklahoma
INFO [2020-11-30 10:56:34] Initialising estimates for: Tennessee
WARN [2020-11-30 10:56:36] North Dakota (chain: 1): There were 5 divergent transitions after warmup. See
http://mc-stan.org/misc/warnings.html#divergent-transitions-after-warmup
to find out why this is a problem and how to eliminate them. - 
WARN [2020-11-30 10:56:36] North Dakota (chain: 1): Examine the pairs() plot to diagnose sampling problems
 - 
WARN [2020-11-30 10:56:39] New Mexico (chain: 1): There were 21 divergent transitions after warmup. See
http://mc-stan.org/misc/warnings.html#divergent-transitions-after-warmup
to find out why this is a problem and how to eliminate them. - 
WARN [2020-11-30 10:56:39] New Mexico (chain: 1): Examine the pairs() plot to diagnose sampling problems
 - 
WARN [2020-11-30 10:56:41] New Mexico (chain: 1): Bulk Effective Samples Size (ESS) is too low, indicating posterior means and medians may be unreliable.
Running the chains for more iterations may help. See
http://mc-stan.org/misc/warnings.html#bulk-ess - 
INFO [2020-11-30 10:56:41] Completed estimates for: Oregon
INFO [2020-11-30 10:56:41] Initialising estimates for: Texas
WARN [2020-11-30 10:56:42] New Mexico (chain: 1): Tail Effective Samples Size (ESS) is too low, indicating posterior variances and tail quantiles may be unreliable.
Running the chains for more iterations may help. See
http://mc-stan.org/misc/warnings.html#tail-ess - 
INFO [2020-11-30 10:56:45] Completed estimates for: North Dakota
INFO [2020-11-30 10:56:47] Completed estimates for: New Mexico
INFO [2020-11-30 10:56:51] Initialising estimates for: Utah
WARN [2020-11-30 10:56:51] Ohio (chain: 1): There were 1 divergent transitions after warmup. See
http://mc-stan.org/misc/warnings.html#divergent-transitions-after-warmup
to find out why this is a problem and how to eliminate them. - 
WARN [2020-11-30 10:56:51] Ohio (chain: 1): Examine the pairs() plot to diagnose sampling problems
 - 
INFO [2020-11-30 10:56:57] Initialising estimates for: Virginia
INFO [2020-11-30 10:56:59] Completed estimates for: Ohio
INFO [2020-11-30 10:57:04] Initialising estimates for: Washington
INFO [2020-11-30 10:57:08] Initialising estimates for: West Virginia
WARN [2020-11-30 10:57:08] South Dakota (chain: 1): There were 65 divergent transitions after warmup. See
http://mc-stan.org/misc/warnings.html#divergent-transitions-after-warmup
to find out why this is a problem and how to eliminate them. - 
WARN [2020-11-30 10:57:08] South Dakota (chain: 1): Examine the pairs() plot to diagnose sampling problems
 - 
WARN [2020-11-30 10:57:09] South Dakota (chain: 1): The largest R-hat is 1.06, indicating chains have not mixed.
Running the chains for more iterations may help. See
http://mc-stan.org/misc/warnings.html#r-hat - 
WARN [2020-11-30 10:57:10] South Dakota (chain: 1): Bulk Effective Samples Size (ESS) is too low, indicating posterior means and medians may be unreliable.
Running the chains for more iterations may help. See
http://mc-stan.org/misc/warnings.html#bulk-ess - 
WARN [2020-11-30 10:57:12] South Dakota (chain: 1): Tail Effective Samples Size (ESS) is too low, indicating posterior variances and tail quantiles may be unreliable.
Running the chains for more iterations may help. See
http://mc-stan.org/misc/warnings.html#tail-ess - 
INFO [2020-11-30 10:57:13] Initialising estimates for: Wisconsin
WARN [2020-11-30 10:57:13] Rhode Island (chain: 1): There were 7 divergent transitions after warmup. See
http://mc-stan.org/misc/warnings.html#divergent-transitions-after-warmup
to find out why this is a problem and how to eliminate them. - 
WARN [2020-11-30 10:57:13] Rhode Island (chain: 1): Examine the pairs() plot to diagnose sampling problems
 - 
INFO [2020-11-30 10:57:16] Completed estimates for: South Dakota
WARN [2020-11-30 10:57:17] Puerto Rico (chain: 1): There were 3 divergent transitions after warmup. See
http://mc-stan.org/misc/warnings.html#divergent-transitions-after-warmup
to find out why this is a problem and how to eliminate them. - 
WARN [2020-11-30 10:57:17] Puerto Rico (chain: 1): Examine the pairs() plot to diagnose sampling problems
 - 
INFO [2020-11-30 10:57:21] Completed estimates for: Rhode Island
INFO [2020-11-30 10:57:21] Initialising estimates for: Wyoming
INFO [2020-11-30 10:57:26] Completed estimates for: Puerto Rico
INFO [2020-11-30 10:57:32] Initialising estimates for: US
WARN [2020-11-30 10:57:32] South Carolina (chain: 1): There were 8 divergent transitions after warmup. See
http://mc-stan.org/misc/warnings.html#divergent-transitions-after-warmup
to find out why this is a problem and how to eliminate them. - 
WARN [2020-11-30 10:57:32] South Carolina (chain: 1): Examine the pairs() plot to diagnose sampling problems
 - 
INFO [2020-11-30 10:57:40] Completed estimates for: South Carolina
WARN [2020-11-30 10:57:42] Pennsylvania (chain: 1): There were 9 divergent transitions after warmup. See
http://mc-stan.org/misc/warnings.html#divergent-transitions-after-warmup
to find out why this is a problem and how to eliminate them. - 
WARN [2020-11-30 10:57:42] Pennsylvania (chain: 1): Examine the pairs() plot to diagnose sampling problems
 - 
WARN [2020-11-30 10:57:47] Utah (chain: 1): There were 2 divergent transitions after warmup. See
http://mc-stan.org/misc/warnings.html#divergent-transitions-after-warmup
to find out why this is a problem and how to eliminate them. - 
WARN [2020-11-30 10:57:47] Utah (chain: 1): Examine the pairs() plot to diagnose sampling problems
 - 
WARN [2020-11-30 10:57:47] Tennessee (chain: 1): There were 11 divergent transitions after warmup. See
http://mc-stan.org/misc/warnings.html#divergent-transitions-after-warmup
to find out why this is a problem and how to eliminate them. - 
WARN [2020-11-30 10:57:47] Tennessee (chain: 1): Examine the pairs() plot to diagnose sampling problems
 - 
INFO [2020-11-30 10:57:50] Completed estimates for: Pennsylvania
WARN [2020-11-30 10:57:53] New Jersey (chain: 1): There were 14 divergent transitions after warmup. See
http://mc-stan.org/misc/warnings.html#divergent-transitions-after-warmup
to find out why this is a problem and how to eliminate them. - 
WARN [2020-11-30 10:57:53] New Jersey (chain: 1): Examine the pairs() plot to diagnose sampling problems
 - 
WARN [2020-11-30 10:57:54] New Jersey (chain: 1): Bulk Effective Samples Size (ESS) is too low, indicating posterior means and medians may be unreliable.
Running the chains for more iterations may help. See
http://mc-stan.org/misc/warnings.html#bulk-ess - 
INFO [2020-11-30 10:57:54] Completed estimates for: Utah
INFO [2020-11-30 10:57:55] Completed estimates for: Tennessee
WARN [2020-11-30 10:57:57] Washington (chain: 1): There were 13 divergent transitions after warmup. See
http://mc-stan.org/misc/warnings.html#divergent-transitions-after-warmup
to find out why this is a problem and how to eliminate them. - 
WARN [2020-11-30 10:57:57] Washington (chain: 1): Examine the pairs() plot to diagnose sampling problems
 - 
INFO [2020-11-30 10:58:00] Completed estimates for: New Jersey
INFO [2020-11-30 10:58:04] Completed estimates for: Washington
WARN [2020-11-30 10:58:17] Wisconsin (chain: 1): There were 8 divergent transitions after warmup. See
http://mc-stan.org/misc/warnings.html#divergent-transitions-after-warmup
to find out why this is a problem and how to eliminate them. - 
WARN [2020-11-30 10:58:17] Wisconsin (chain: 1): Examine the pairs() plot to diagnose sampling problems
 - 
WARN [2020-11-30 10:58:18] Wyoming (chain: 1): There were 41 divergent transitions after warmup. See
http://mc-stan.org/misc/warnings.html#divergent-transitions-after-warmup
to find out why this is a problem and how to eliminate them. - 
WARN [2020-11-30 10:58:18] Wyoming (chain: 1): Examine the pairs() plot to diagnose sampling problems
 - 
WARN [2020-11-30 10:58:22] West Virginia (chain: 1): There were 22 divergent transitions after warmup. See
http://mc-stan.org/misc/warnings.html#divergent-transitions-after-warmup
to find out why this is a problem and how to eliminate them. - 
WARN [2020-11-30 10:58:22] West Virginia (chain: 1): Examine the pairs() plot to diagnose sampling problems
 - 
INFO [2020-11-30 10:58:25] Completed estimates for: Wyoming
INFO [2020-11-30 10:58:25] Completed estimates for: Wisconsin
INFO [2020-11-30 10:58:30] Completed estimates for: West Virginia
WARN [2020-11-30 10:58:37] Texas (chain: 1): There were 5 divergent transitions after warmup. See
http://mc-stan.org/misc/warnings.html#divergent-transitions-after-warmup
to find out why this is a problem and how to eliminate them. - 
WARN [2020-11-30 10:58:37] Texas (chain: 1): Examine the pairs() plot to diagnose sampling problems
 - 
WARN [2020-11-30 10:58:40] Virginia (chain: 1): There were 18 divergent transitions after warmup. See
http://mc-stan.org/misc/warnings.html#divergent-transitions-after-warmup
to find out why this is a problem and how to eliminate them. - 
WARN [2020-11-30 10:58:40] Virginia (chain: 1): Examine the pairs() plot to diagnose sampling problems
 - 
INFO [2020-11-30 10:58:45] Completed estimates for: Texas
INFO [2020-11-30 10:58:48] Completed estimates for: Virginia
WARN [2020-11-30 11:00:45] US (chain: 1): There were 14 divergent transitions after warmup. See
http://mc-stan.org/misc/warnings.html#divergent-transitions-after-warmup
to find out why this is a problem and how to eliminate them. - 
WARN [2020-11-30 11:00:45] US (chain: 1): Examine the pairs() plot to diagnose sampling problems
 - 
INFO [2020-11-30 11:00:52] Completed estimates for: US
