INFO [2020-11-23 13:58:54] Initialising estimates for: Alabama
INFO [2020-11-23 13:58:55] Initialising estimates for: Alaska
INFO [2020-11-23 13:58:55] Initialising estimates for: Arizona
INFO [2020-11-23 13:58:57] Initialising estimates for: Arkansas
INFO [2020-11-23 13:58:58] Initialising estimates for: California
INFO [2020-11-23 13:59:00] Initialising estimates for: Colorado
INFO [2020-11-23 13:59:03] Initialising estimates for: Connecticut
INFO [2020-11-23 13:59:06] Initialising estimates for: Delaware
INFO [2020-11-23 13:59:09] Initialising estimates for: District of Columbia
INFO [2020-11-23 13:59:13] Initialising estimates for: Florida
INFO [2020-11-23 13:59:17] Initialising estimates for: Georgia
INFO [2020-11-23 13:59:21] Initialising estimates for: Guam
INFO [2020-11-23 13:59:26] Initialising estimates for: Hawaii
INFO [2020-11-23 13:59:31] Initialising estimates for: Idaho
INFO [2020-11-23 13:59:37] Initialising estimates for: Illinois
INFO [2020-11-23 13:59:43] Initialising estimates for: Indiana
INFO [2020-11-23 13:59:50] Initialising estimates for: Iowa
INFO [2020-11-23 13:59:53] Completed estimates for: District of Columbia
INFO [2020-11-23 13:59:57] Completed estimates for: Alaska
INFO [2020-11-23 14:00:00] Initialising estimates for: Kansas
WARN [2020-11-23 14:00:04] Alabama (chain: 1): There were 5 divergent transitions after warmup. See
http://mc-stan.org/misc/warnings.html#divergent-transitions-after-warmup
to find out why this is a problem and how to eliminate them. - 
WARN [2020-11-23 14:00:05] Alabama (chain: 1): Examine the pairs() plot to diagnose sampling problems
 - 
INFO [2020-11-23 14:00:10] Initialising estimates for: Kentucky
INFO [2020-11-23 14:00:12] Completed estimates for: Delaware
INFO [2020-11-23 14:00:15] Completed estimates for: Arkansas
INFO [2020-11-23 14:00:16] Completed estimates for: Alabama
INFO [2020-11-23 14:00:18] Completed estimates for: Colorado
WARN [2020-11-23 14:00:28] Connecticut (chain: 1): There were 6 divergent transitions after warmup. See
http://mc-stan.org/misc/warnings.html#divergent-transitions-after-warmup
to find out why this is a problem and how to eliminate them. - 
WARN [2020-11-23 14:00:28] Connecticut (chain: 1): Examine the pairs() plot to diagnose sampling problems
 - 
INFO [2020-11-23 14:00:29] Initialising estimates for: Louisiana
INFO [2020-11-23 14:00:30] Completed estimates for: Hawaii
INFO [2020-11-23 14:00:31] Completed estimates for: Arizona
WARN [2020-11-23 14:00:31] Idaho (chain: 1): There were 1 divergent transitions after warmup. See
http://mc-stan.org/misc/warnings.html#divergent-transitions-after-warmup
to find out why this is a problem and how to eliminate them. - 
WARN [2020-11-23 14:00:31] Idaho (chain: 1): Examine the pairs() plot to diagnose sampling problems
 - 
INFO [2020-11-23 14:00:35] Completed estimates for: Connecticut
INFO [2020-11-23 14:00:36] Completed estimates for: Guam
INFO [2020-11-23 14:00:39] Completed estimates for: Idaho
WARN [2020-11-23 14:00:40] California (chain: 1): There were 1 divergent transitions after warmup. See
http://mc-stan.org/misc/warnings.html#divergent-transitions-after-warmup
to find out why this is a problem and how to eliminate them. - 
WARN [2020-11-23 14:00:40] California (chain: 1): Examine the pairs() plot to diagnose sampling problems
 - 
WARN [2020-11-23 14:00:43] Georgia (chain: 1): There were 4 divergent transitions after warmup. See
http://mc-stan.org/misc/warnings.html#divergent-transitions-after-warmup
to find out why this is a problem and how to eliminate them. - 
WARN [2020-11-23 14:00:43] Georgia (chain: 1): Examine the pairs() plot to diagnose sampling problems
 - 
INFO [2020-11-23 14:00:46] Initialising estimates for: Maine
WARN [2020-11-23 14:00:48] Indiana (chain: 1): There were 32 divergent transitions after warmup. See
http://mc-stan.org/misc/warnings.html#divergent-transitions-after-warmup
to find out why this is a problem and how to eliminate them. - 
WARN [2020-11-23 14:00:48] Indiana (chain: 1): Examine the pairs() plot to diagnose sampling problems
 - 
INFO [2020-11-23 14:00:48] Completed estimates for: California
INFO [2020-11-23 14:00:50] Initialising estimates for: Maryland
INFO [2020-11-23 14:00:50] Completed estimates for: Georgia
INFO [2020-11-23 14:00:55] Completed estimates for: Indiana
WARN [2020-11-23 14:00:58] Florida (chain: 1): There were 6 divergent transitions after warmup. See
http://mc-stan.org/misc/warnings.html#divergent-transitions-after-warmup
to find out why this is a problem and how to eliminate them. - 
WARN [2020-11-23 14:00:58] Florida (chain: 1): Examine the pairs() plot to diagnose sampling problems
 - 
INFO [2020-11-23 14:01:00] Initialising estimates for: Massachusetts
INFO [2020-11-23 14:01:04] Initialising estimates for: Michigan
INFO [2020-11-23 14:01:05] Completed estimates for: Florida
WARN [2020-11-23 14:01:05] Illinois (chain: 1): There were 8 divergent transitions after warmup. See
http://mc-stan.org/misc/warnings.html#divergent-transitions-after-warmup
to find out why this is a problem and how to eliminate them. - 
WARN [2020-11-23 14:01:05] Illinois (chain: 1): Examine the pairs() plot to diagnose sampling problems
 - 
INFO [2020-11-23 14:01:06] Completed estimates for: Iowa
INFO [2020-11-23 14:01:08] Completed estimates for: Kansas
INFO [2020-11-23 14:01:12] Completed estimates for: Illinois
INFO [2020-11-23 14:01:13] Initialising estimates for: Minnesota
WARN [2020-11-23 14:01:13] Louisiana (chain: 1): There were 7 divergent transitions after warmup. See
http://mc-stan.org/misc/warnings.html#divergent-transitions-after-warmup
to find out why this is a problem and how to eliminate them. - 
WARN [2020-11-23 14:01:13] Louisiana (chain: 1): Examine the pairs() plot to diagnose sampling problems
 - 
INFO [2020-11-23 14:01:17] Initialising estimates for: Mississippi
INFO [2020-11-23 14:01:20] Initialising estimates for: Missouri
INFO [2020-11-23 14:01:21] Completed estimates for: Louisiana
INFO [2020-11-23 14:01:26] Initialising estimates for: Montana
WARN [2020-11-23 14:01:28] Kentucky (chain: 1): There were 5 divergent transitions after warmup. See
http://mc-stan.org/misc/warnings.html#divergent-transitions-after-warmup
to find out why this is a problem and how to eliminate them. - 
WARN [2020-11-23 14:01:28] Kentucky (chain: 1): Examine the pairs() plot to diagnose sampling problems
 - 
INFO [2020-11-23 14:01:29] Initialising estimates for: Nebraska
WARN [2020-11-23 14:01:32] Maine (chain: 1): There were 1 divergent transitions after warmup. See
http://mc-stan.org/misc/warnings.html#divergent-transitions-after-warmup
to find out why this is a problem and how to eliminate them. - 
WARN [2020-11-23 14:01:32] Maine (chain: 1): Examine the pairs() plot to diagnose sampling problems
 - 
INFO [2020-11-23 14:01:34] Initialising estimates for: Nevada
INFO [2020-11-23 14:01:35] Completed estimates for: Kentucky
INFO [2020-11-23 14:01:40] Initialising estimates for: New Hampshire
INFO [2020-11-23 14:01:41] Completed estimates for: Maine
INFO [2020-11-23 14:01:47] Initialising estimates for: New Jersey
INFO [2020-11-23 14:01:52] Initialising estimates for: New Mexico
INFO [2020-11-23 14:01:56] Initialising estimates for: New York
INFO [2020-11-23 14:02:02] Initialising estimates for: North Carolina
WARN [2020-11-23 14:02:05] Maryland (chain: 1): There were 3 divergent transitions after warmup. See
http://mc-stan.org/misc/warnings.html#divergent-transitions-after-warmup
to find out why this is a problem and how to eliminate them. - 
WARN [2020-11-23 14:02:05] Maryland (chain: 1): Examine the pairs() plot to diagnose sampling problems
 - 
INFO [2020-11-23 14:02:07] Initialising estimates for: North Dakota
INFO [2020-11-23 14:02:09] Completed estimates for: Mississippi
WARN [2020-11-23 14:02:10] Michigan (chain: 1): There were 5 divergent transitions after warmup. See
http://mc-stan.org/misc/warnings.html#divergent-transitions-after-warmup
to find out why this is a problem and how to eliminate them. - 
WARN [2020-11-23 14:02:10] Michigan (chain: 1): Examine the pairs() plot to diagnose sampling problems
 - 
INFO [2020-11-23 14:02:13] Completed estimates for: Maryland
INFO [2020-11-23 14:02:16] Completed estimates for: Massachusetts
WARN [2020-11-23 14:02:16] Missouri (chain: 1): There were 3 divergent transitions after warmup. See
http://mc-stan.org/misc/warnings.html#divergent-transitions-after-warmup
to find out why this is a problem and how to eliminate them. - 
WARN [2020-11-23 14:02:16] Missouri (chain: 1): Examine the pairs() plot to diagnose sampling problems
 - 
INFO [2020-11-23 14:02:17] Initialising estimates for: Ohio
INFO [2020-11-23 14:02:17] Completed estimates for: Michigan
INFO [2020-11-23 14:02:23] Completed estimates for: Missouri
WARN [2020-11-23 14:02:31] Nebraska (chain: 1): There were 5 divergent transitions after warmup. See
http://mc-stan.org/misc/warnings.html#divergent-transitions-after-warmup
to find out why this is a problem and how to eliminate them. - 
WARN [2020-11-23 14:02:31] Nebraska (chain: 1): Examine the pairs() plot to diagnose sampling problems
 - 
INFO [2020-11-23 14:02:32] Completed estimates for: Nevada
INFO [2020-11-23 14:02:33] Initialising estimates for: Oklahoma
INFO [2020-11-23 14:02:37] Completed estimates for: Montana
INFO [2020-11-23 14:02:39] Completed estimates for: Nebraska
INFO [2020-11-23 14:02:43] Initialising estimates for: Oregon
INFO [2020-11-23 14:02:47] Initialising estimates for: Pennsylvania
WARN [2020-11-23 14:02:49] North Carolina (chain: 1): There were 2 divergent transitions after warmup. See
http://mc-stan.org/misc/warnings.html#divergent-transitions-after-warmup
to find out why this is a problem and how to eliminate them. - 
WARN [2020-11-23 14:02:49] North Carolina (chain: 1): Examine the pairs() plot to diagnose sampling problems
 - 
INFO [2020-11-23 14:02:52] Initialising estimates for: Puerto Rico
INFO [2020-11-23 14:02:54] Completed estimates for: New Hampshire
INFO [2020-11-23 14:02:57] Completed estimates for: North Carolina
INFO [2020-11-23 14:03:01] Initialising estimates for: Rhode Island
WARN [2020-11-23 14:03:02] Minnesota (chain: 1): There were 1 divergent transitions after warmup. See
http://mc-stan.org/misc/warnings.html#divergent-transitions-after-warmup
to find out why this is a problem and how to eliminate them. - 
WARN [2020-11-23 14:03:02] Minnesota (chain: 1): Examine the pairs() plot to diagnose sampling problems
 - 
WARN [2020-11-23 14:03:03] New York (chain: 1): There were 2 divergent transitions after warmup. See
http://mc-stan.org/misc/warnings.html#divergent-transitions-after-warmup
to find out why this is a problem and how to eliminate them. - 
WARN [2020-11-23 14:03:03] New York (chain: 1): Examine the pairs() plot to diagnose sampling problems
 - 
INFO [2020-11-23 14:03:06] Initialising estimates for: South Carolina
WARN [2020-11-23 14:03:07] New Jersey (chain: 1): There were 25 divergent transitions after warmup. See
http://mc-stan.org/misc/warnings.html#divergent-transitions-after-warmup
to find out why this is a problem and how to eliminate them. - 
WARN [2020-11-23 14:03:07] New Jersey (chain: 1): Examine the pairs() plot to diagnose sampling problems
 - 
WARN [2020-11-23 14:03:08] New Jersey (chain: 1): The largest R-hat is 1.07, indicating chains have not mixed.
Running the chains for more iterations may help. See
http://mc-stan.org/misc/warnings.html#r-hat - 
WARN [2020-11-23 14:03:09] New Jersey (chain: 1): Bulk Effective Samples Size (ESS) is too low, indicating posterior means and medians may be unreliable.
Running the chains for more iterations may help. See
http://mc-stan.org/misc/warnings.html#bulk-ess - 
WARN [2020-11-23 14:03:10] New Jersey (chain: 1): Tail Effective Samples Size (ESS) is too low, indicating posterior variances and tail quantiles may be unreliable.
Running the chains for more iterations may help. See
http://mc-stan.org/misc/warnings.html#tail-ess - 
INFO [2020-11-23 14:03:10] Completed estimates for: Minnesota
INFO [2020-11-23 14:03:10] Completed estimates for: New York
INFO [2020-11-23 14:03:11] Initialising estimates for: South Dakota
INFO [2020-11-23 14:03:15] Completed estimates for: New Jersey
WARN [2020-11-23 14:03:16] Ohio (chain: 1): There were 1 divergent transitions after warmup. See
http://mc-stan.org/misc/warnings.html#divergent-transitions-after-warmup
to find out why this is a problem and how to eliminate them. - 
WARN [2020-11-23 14:03:16] Ohio (chain: 1): Examine the pairs() plot to diagnose sampling problems
 - 
WARN [2020-11-23 14:03:17] New Mexico (chain: 1): There were 9 divergent transitions after warmup. See
http://mc-stan.org/misc/warnings.html#divergent-transitions-after-warmup
to find out why this is a problem and how to eliminate them. - 
WARN [2020-11-23 14:03:17] New Mexico (chain: 1): Examine the pairs() plot to diagnose sampling problems
 - 
INFO [2020-11-23 14:03:22] Initialising estimates for: Tennessee
INFO [2020-11-23 14:03:24] Completed estimates for: Ohio
INFO [2020-11-23 14:03:25] Completed estimates for: New Mexico
INFO [2020-11-23 14:03:30] Initialising estimates for: Texas
WARN [2020-11-23 14:03:33] Oklahoma (chain: 1): There were 1 divergent transitions after warmup. See
http://mc-stan.org/misc/warnings.html#divergent-transitions-after-warmup
to find out why this is a problem and how to eliminate them. - 
WARN [2020-11-23 14:03:33] Oklahoma (chain: 1): Examine the pairs() plot to diagnose sampling problems
 - 
INFO [2020-11-23 14:03:33] Completed estimates for: Oregon
INFO [2020-11-23 14:03:35] Initialising estimates for: Utah
INFO [2020-11-23 14:03:41] Initialising estimates for: Virginia
WARN [2020-11-23 14:03:41] Pennsylvania (chain: 1): There were 6 divergent transitions after warmup. See
http://mc-stan.org/misc/warnings.html#divergent-transitions-after-warmup
to find out why this is a problem and how to eliminate them. - 
WARN [2020-11-23 14:03:41] Pennsylvania (chain: 1): Examine the pairs() plot to diagnose sampling problems
 - 
INFO [2020-11-23 14:03:42] Completed estimates for: Oklahoma
INFO [2020-11-23 14:03:47] Initialising estimates for: Washington
INFO [2020-11-23 14:03:49] Completed estimates for: Pennsylvania
WARN [2020-11-23 14:03:50] South Dakota (chain: 1): There were 14 divergent transitions after warmup. See
http://mc-stan.org/misc/warnings.html#divergent-transitions-after-warmup
to find out why this is a problem and how to eliminate them. - 
WARN [2020-11-23 14:03:50] South Dakota (chain: 1): Examine the pairs() plot to diagnose sampling problems
 - 
WARN [2020-11-23 14:03:51] South Dakota (chain: 1): Bulk Effective Samples Size (ESS) is too low, indicating posterior means and medians may be unreliable.
Running the chains for more iterations may help. See
http://mc-stan.org/misc/warnings.html#bulk-ess - 
WARN [2020-11-23 14:03:52] South Dakota (chain: 1): Tail Effective Samples Size (ESS) is too low, indicating posterior variances and tail quantiles may be unreliable.
Running the chains for more iterations may help. See
http://mc-stan.org/misc/warnings.html#tail-ess - 
INFO [2020-11-23 14:03:54] Initialising estimates for: West Virginia
WARN [2020-11-23 14:03:54] North Dakota (chain: 1): There were 1 divergent transitions after warmup. See
http://mc-stan.org/misc/warnings.html#divergent-transitions-after-warmup
to find out why this is a problem and how to eliminate them. - 
WARN [2020-11-23 14:03:54] North Dakota (chain: 1): Examine the pairs() plot to diagnose sampling problems
 - 
WARN [2020-11-23 14:03:55] Rhode Island (chain: 1): There were 5 divergent transitions after warmup. See
http://mc-stan.org/misc/warnings.html#divergent-transitions-after-warmup
to find out why this is a problem and how to eliminate them. - 
WARN [2020-11-23 14:03:55] Rhode Island (chain: 1): Examine the pairs() plot to diagnose sampling problems
 - 
WARN [2020-11-23 14:03:56] Puerto Rico (chain: 1): There were 1 divergent transitions after warmup. See
http://mc-stan.org/misc/warnings.html#divergent-transitions-after-warmup
to find out why this is a problem and how to eliminate them. - 
WARN [2020-11-23 14:03:56] Puerto Rico (chain: 1): Examine the pairs() plot to diagnose sampling problems
 - 
INFO [2020-11-23 14:03:58] Completed estimates for: South Dakota
INFO [2020-11-23 14:03:59] Initialising estimates for: Wisconsin
INFO [2020-11-23 14:04:02] Completed estimates for: North Dakota
INFO [2020-11-23 14:04:03] Completed estimates for: Rhode Island
INFO [2020-11-23 14:04:04] Completed estimates for: Puerto Rico
WARN [2020-11-23 14:04:06] Tennessee (chain: 1): There were 3 divergent transitions after warmup. See
http://mc-stan.org/misc/warnings.html#divergent-transitions-after-warmup
to find out why this is a problem and how to eliminate them. - 
WARN [2020-11-23 14:04:06] Tennessee (chain: 1): Examine the pairs() plot to diagnose sampling problems
 - 
WARN [2020-11-23 14:04:08] South Carolina (chain: 1): There were 3 divergent transitions after warmup. See
http://mc-stan.org/misc/warnings.html#divergent-transitions-after-warmup
to find out why this is a problem and how to eliminate them. - 
WARN [2020-11-23 14:04:08] South Carolina (chain: 1): Examine the pairs() plot to diagnose sampling problems
 - 
INFO [2020-11-23 14:04:11] Initialising estimates for: Wyoming
INFO [2020-11-23 14:04:14] Completed estimates for: Tennessee
INFO [2020-11-23 14:04:15] Initialising estimates for: US
INFO [2020-11-23 14:04:16] Completed estimates for: South Carolina
WARN [2020-11-23 14:04:29] Texas (chain: 1): There were 17 divergent transitions after warmup. See
http://mc-stan.org/misc/warnings.html#divergent-transitions-after-warmup
to find out why this is a problem and how to eliminate them. - 
WARN [2020-11-23 14:04:29] Texas (chain: 1): Examine the pairs() plot to diagnose sampling problems
 - 
WARN [2020-11-23 14:04:30] Washington (chain: 1): There were 3 divergent transitions after warmup. See
http://mc-stan.org/misc/warnings.html#divergent-transitions-after-warmup
to find out why this is a problem and how to eliminate them. - 
WARN [2020-11-23 14:04:30] Washington (chain: 1): Examine the pairs() plot to diagnose sampling problems
 - 
WARN [2020-11-23 14:04:32] Virginia (chain: 1): There were 2 divergent transitions after warmup. See
http://mc-stan.org/misc/warnings.html#divergent-transitions-after-warmup
to find out why this is a problem and how to eliminate them. - 
WARN [2020-11-23 14:04:32] Virginia (chain: 1): Examine the pairs() plot to diagnose sampling problems
 - 
WARN [2020-11-23 14:04:35] Utah (chain: 1): There were 2 divergent transitions after warmup. See
http://mc-stan.org/misc/warnings.html#divergent-transitions-after-warmup
to find out why this is a problem and how to eliminate them. - 
WARN [2020-11-23 14:04:35] Utah (chain: 1): Examine the pairs() plot to diagnose sampling problems
 - 
INFO [2020-11-23 14:04:37] Completed estimates for: Texas
INFO [2020-11-23 14:04:38] Completed estimates for: Washington
INFO [2020-11-23 14:04:41] Completed estimates for: Virginia
INFO [2020-11-23 14:04:44] Completed estimates for: Utah
WARN [2020-11-23 14:04:48] West Virginia (chain: 1): There were 1 divergent transitions after warmup. See
http://mc-stan.org/misc/warnings.html#divergent-transitions-after-warmup
to find out why this is a problem and how to eliminate them. - 
WARN [2020-11-23 14:04:48] West Virginia (chain: 1): Examine the pairs() plot to diagnose sampling problems
 - 
INFO [2020-11-23 14:04:56] Completed estimates for: West Virginia
INFO [2020-11-23 14:05:02] Completed estimates for: Wyoming
WARN [2020-11-23 14:05:14] Wisconsin (chain: 1): There were 3 divergent transitions after warmup. See
http://mc-stan.org/misc/warnings.html#divergent-transitions-after-warmup
to find out why this is a problem and how to eliminate them. - 
WARN [2020-11-23 14:05:14] Wisconsin (chain: 1): Examine the pairs() plot to diagnose sampling problems
 - 
WARN [2020-11-23 14:05:16] Wisconsin (chain: 1): Bulk Effective Samples Size (ESS) is too low, indicating posterior means and medians may be unreliable.
Running the chains for more iterations may help. See
http://mc-stan.org/misc/warnings.html#bulk-ess - 
INFO [2020-11-23 14:05:22] Completed estimates for: Wisconsin
WARN [2020-11-23 14:06:43] US (chain: 1): There were 12 divergent transitions after warmup. See
http://mc-stan.org/misc/warnings.html#divergent-transitions-after-warmup
to find out why this is a problem and how to eliminate them. - 
WARN [2020-11-23 14:06:43] US (chain: 1): Examine the pairs() plot to diagnose sampling problems
 - 
INFO [2020-11-23 14:06:50] Completed estimates for: US
