INFO [2020-11-09 15:48:01] Initialising estimates for: Alabama
ERROR [2020-11-09 15:48:01] Alabama: unused arguments (burn_in = 14, future_rt = "latest") - estimate_infections, reported_cases, generation_time, CrIs, delays, samples, horizon, output["fit"], verbose, id, ...
INFO [2020-11-09 15:48:01] Initialising estimates for: Alaska
ERROR [2020-11-09 15:48:01] Alaska: unused arguments (burn_in = 14, future_rt = "latest") - estimate_infections, reported_cases, generation_time, CrIs, delays, samples, horizon, output["fit"], verbose, id, ...
INFO [2020-11-09 15:48:02] Initialising estimates for: Arizona
ERROR [2020-11-09 15:48:02] Arizona: unused arguments (burn_in = 14, future_rt = "latest") - estimate_infections, reported_cases, generation_time, CrIs, delays, samples, horizon, output["fit"], verbose, id, ...
INFO [2020-11-09 15:48:02] Initialising estimates for: Arkansas
ERROR [2020-11-09 15:48:02] Arkansas: unused arguments (burn_in = 14, future_rt = "latest") - estimate_infections, reported_cases, generation_time, CrIs, delays, samples, horizon, output["fit"], verbose, id, ...
INFO [2020-11-09 15:48:02] Initialising estimates for: California
ERROR [2020-11-09 15:48:02] California: unused arguments (burn_in = 14, future_rt = "latest") - estimate_infections, reported_cases, generation_time, CrIs, delays, samples, horizon, output["fit"], verbose, id, ...
INFO [2020-11-09 15:48:02] Initialising estimates for: Colorado
ERROR [2020-11-09 15:48:03] Colorado: unused arguments (burn_in = 14, future_rt = "latest") - estimate_infections, reported_cases, generation_time, CrIs, delays, samples, horizon, output["fit"], verbose, id, ...
INFO [2020-11-09 15:48:03] Initialising estimates for: Connecticut
ERROR [2020-11-09 15:48:03] Connecticut: unused arguments (burn_in = 14, future_rt = "latest") - estimate_infections, reported_cases, generation_time, CrIs, delays, samples, horizon, output["fit"], verbose, id, ...
INFO [2020-11-09 15:48:03] Initialising estimates for: Delaware
ERROR [2020-11-09 15:48:03] Delaware: unused arguments (burn_in = 14, future_rt = "latest") - estimate_infections, reported_cases, generation_time, CrIs, delays, samples, horizon, output["fit"], verbose, id, ...
INFO [2020-11-09 15:48:03] Initialising estimates for: District of Columbia
ERROR [2020-11-09 15:48:03] District of Columbia: unused arguments (burn_in = 14, future_rt = "latest") - estimate_infections, reported_cases, generation_time, CrIs, delays, samples, horizon, output["fit"], verbose, id, ...
INFO [2020-11-09 15:48:03] Initialising estimates for: Florida
ERROR [2020-11-09 15:48:03] Florida: unused arguments (burn_in = 14, future_rt = "latest") - estimate_infections, reported_cases, generation_time, CrIs, delays, samples, horizon, output["fit"], verbose, id, ...
INFO [2020-11-09 15:48:03] Initialising estimates for: Georgia
ERROR [2020-11-09 15:48:03] Georgia: unused arguments (burn_in = 14, future_rt = "latest") - estimate_infections, reported_cases, generation_time, CrIs, delays, samples, horizon, output["fit"], verbose, id, ...
INFO [2020-11-09 15:48:03] Initialising estimates for: Guam
ERROR [2020-11-09 15:48:03] Guam: unused arguments (burn_in = 14, future_rt = "latest") - estimate_infections, reported_cases, generation_time, CrIs, delays, samples, horizon, output["fit"], verbose, id, ...
INFO [2020-11-09 15:48:03] Initialising estimates for: Hawaii
ERROR [2020-11-09 15:48:03] Hawaii: unused arguments (burn_in = 14, future_rt = "latest") - estimate_infections, reported_cases, generation_time, CrIs, delays, samples, horizon, output["fit"], verbose, id, ...
INFO [2020-11-09 15:48:03] Initialising estimates for: Idaho
ERROR [2020-11-09 15:48:03] Idaho: unused arguments (burn_in = 14, future_rt = "latest") - estimate_infections, reported_cases, generation_time, CrIs, delays, samples, horizon, output["fit"], verbose, id, ...
INFO [2020-11-09 15:48:03] Initialising estimates for: Illinois
ERROR [2020-11-09 15:48:03] Illinois: unused arguments (burn_in = 14, future_rt = "latest") - estimate_infections, reported_cases, generation_time, CrIs, delays, samples, horizon, output["fit"], verbose, id, ...
INFO [2020-11-09 15:48:04] Initialising estimates for: Indiana
ERROR [2020-11-09 15:48:04] Indiana: unused arguments (burn_in = 14, future_rt = "latest") - estimate_infections, reported_cases, generation_time, CrIs, delays, samples, horizon, output["fit"], verbose, id, ...
INFO [2020-11-09 15:48:04] Initialising estimates for: Iowa
ERROR [2020-11-09 15:48:04] Iowa: unused arguments (burn_in = 14, future_rt = "latest") - estimate_infections, reported_cases, generation_time, CrIs, delays, samples, horizon, output["fit"], verbose, id, ...
INFO [2020-11-09 15:48:04] Initialising estimates for: Kansas
ERROR [2020-11-09 15:48:04] Kansas: unused arguments (burn_in = 14, future_rt = "latest") - estimate_infections, reported_cases, generation_time, CrIs, delays, samples, horizon, output["fit"], verbose, id, ...
INFO [2020-11-09 15:48:04] Initialising estimates for: Kentucky
ERROR [2020-11-09 15:48:04] Kentucky: unused arguments (burn_in = 14, future_rt = "latest") - estimate_infections, reported_cases, generation_time, CrIs, delays, samples, horizon, output["fit"], verbose, id, ...
INFO [2020-11-09 15:48:04] Initialising estimates for: Louisiana
ERROR [2020-11-09 15:48:04] Louisiana: unused arguments (burn_in = 14, future_rt = "latest") - estimate_infections, reported_cases, generation_time, CrIs, delays, samples, horizon, output["fit"], verbose, id, ...
INFO [2020-11-09 15:48:04] Initialising estimates for: Maine
ERROR [2020-11-09 15:48:04] Maine: unused arguments (burn_in = 14, future_rt = "latest") - estimate_infections, reported_cases, generation_time, CrIs, delays, samples, horizon, output["fit"], verbose, id, ...
INFO [2020-11-09 15:48:04] Initialising estimates for: Maryland
ERROR [2020-11-09 15:48:04] Maryland: unused arguments (burn_in = 14, future_rt = "latest") - estimate_infections, reported_cases, generation_time, CrIs, delays, samples, horizon, output["fit"], verbose, id, ...
INFO [2020-11-09 15:48:04] Initialising estimates for: Massachusetts
ERROR [2020-11-09 15:48:04] Massachusetts: unused arguments (burn_in = 14, future_rt = "latest") - estimate_infections, reported_cases, generation_time, CrIs, delays, samples, horizon, output["fit"], verbose, id, ...
INFO [2020-11-09 15:48:04] Initialising estimates for: Michigan
ERROR [2020-11-09 15:48:04] Michigan: unused arguments (burn_in = 14, future_rt = "latest") - estimate_infections, reported_cases, generation_time, CrIs, delays, samples, horizon, output["fit"], verbose, id, ...
INFO [2020-11-09 15:48:04] Initialising estimates for: Minnesota
ERROR [2020-11-09 15:48:04] Minnesota: unused arguments (burn_in = 14, future_rt = "latest") - estimate_infections, reported_cases, generation_time, CrIs, delays, samples, horizon, output["fit"], verbose, id, ...
INFO [2020-11-09 15:48:04] Initialising estimates for: Mississippi
ERROR [2020-11-09 15:48:04] Mississippi: unused arguments (burn_in = 14, future_rt = "latest") - estimate_infections, reported_cases, generation_time, CrIs, delays, samples, horizon, output["fit"], verbose, id, ...
INFO [2020-11-09 15:48:05] Initialising estimates for: Missouri
ERROR [2020-11-09 15:48:05] Missouri: unused arguments (burn_in = 14, future_rt = "latest") - estimate_infections, reported_cases, generation_time, CrIs, delays, samples, horizon, output["fit"], verbose, id, ...
INFO [2020-11-09 15:48:05] Initialising estimates for: Montana
ERROR [2020-11-09 15:48:05] Montana: unused arguments (burn_in = 14, future_rt = "latest") - estimate_infections, reported_cases, generation_time, CrIs, delays, samples, horizon, output["fit"], verbose, id, ...
INFO [2020-11-09 15:48:05] Initialising estimates for: Nebraska
ERROR [2020-11-09 15:48:05] Nebraska: unused arguments (burn_in = 14, future_rt = "latest") - estimate_infections, reported_cases, generation_time, CrIs, delays, samples, horizon, output["fit"], verbose, id, ...
INFO [2020-11-09 15:48:05] Initialising estimates for: Nevada
ERROR [2020-11-09 15:48:05] Nevada: unused arguments (burn_in = 14, future_rt = "latest") - estimate_infections, reported_cases, generation_time, CrIs, delays, samples, horizon, output["fit"], verbose, id, ...
INFO [2020-11-09 15:48:05] Initialising estimates for: New Hampshire
ERROR [2020-11-09 15:48:05] New Hampshire: unused arguments (burn_in = 14, future_rt = "latest") - estimate_infections, reported_cases, generation_time, CrIs, delays, samples, horizon, output["fit"], verbose, id, ...
INFO [2020-11-09 15:48:05] Initialising estimates for: New Jersey
ERROR [2020-11-09 15:48:05] New Jersey: unused arguments (burn_in = 14, future_rt = "latest") - estimate_infections, reported_cases, generation_time, CrIs, delays, samples, horizon, output["fit"], verbose, id, ...
INFO [2020-11-09 15:48:05] Initialising estimates for: New Mexico
ERROR [2020-11-09 15:48:05] New Mexico: unused arguments (burn_in = 14, future_rt = "latest") - estimate_infections, reported_cases, generation_time, CrIs, delays, samples, horizon, output["fit"], verbose, id, ...
INFO [2020-11-09 15:48:06] Initialising estimates for: New York
ERROR [2020-11-09 15:48:06] New York: unused arguments (burn_in = 14, future_rt = "latest") - estimate_infections, reported_cases, generation_time, CrIs, delays, samples, horizon, output["fit"], verbose, id, ...
INFO [2020-11-09 15:48:06] Initialising estimates for: North Carolina
ERROR [2020-11-09 15:48:06] North Carolina: unused arguments (burn_in = 14, future_rt = "latest") - estimate_infections, reported_cases, generation_time, CrIs, delays, samples, horizon, output["fit"], verbose, id, ...
INFO [2020-11-09 15:48:06] Initialising estimates for: North Dakota
ERROR [2020-11-09 15:48:06] North Dakota: unused arguments (burn_in = 14, future_rt = "latest") - estimate_infections, reported_cases, generation_time, CrIs, delays, samples, horizon, output["fit"], verbose, id, ...
INFO [2020-11-09 15:48:06] Initialising estimates for: Ohio
ERROR [2020-11-09 15:48:06] Ohio: unused arguments (burn_in = 14, future_rt = "latest") - estimate_infections, reported_cases, generation_time, CrIs, delays, samples, horizon, output["fit"], verbose, id, ...
INFO [2020-11-09 15:48:06] Initialising estimates for: Oklahoma
ERROR [2020-11-09 15:48:06] Oklahoma: unused arguments (burn_in = 14, future_rt = "latest") - estimate_infections, reported_cases, generation_time, CrIs, delays, samples, horizon, output["fit"], verbose, id, ...
INFO [2020-11-09 15:48:06] Initialising estimates for: Oregon
ERROR [2020-11-09 15:48:06] Oregon: unused arguments (burn_in = 14, future_rt = "latest") - estimate_infections, reported_cases, generation_time, CrIs, delays, samples, horizon, output["fit"], verbose, id, ...
INFO [2020-11-09 15:48:06] Initialising estimates for: Pennsylvania
ERROR [2020-11-09 15:48:06] Pennsylvania: unused arguments (burn_in = 14, future_rt = "latest") - estimate_infections, reported_cases, generation_time, CrIs, delays, samples, horizon, output["fit"], verbose, id, ...
INFO [2020-11-09 15:48:06] Initialising estimates for: Puerto Rico
ERROR [2020-11-09 15:48:06] Puerto Rico: unused arguments (burn_in = 14, future_rt = "latest") - estimate_infections, reported_cases, generation_time, CrIs, delays, samples, horizon, output["fit"], verbose, id, ...
INFO [2020-11-09 15:48:06] Initialising estimates for: Rhode Island
ERROR [2020-11-09 15:48:06] Rhode Island: unused arguments (burn_in = 14, future_rt = "latest") - estimate_infections, reported_cases, generation_time, CrIs, delays, samples, horizon, output["fit"], verbose, id, ...
INFO [2020-11-09 15:48:06] Initialising estimates for: South Carolina
ERROR [2020-11-09 15:48:07] South Carolina: unused arguments (burn_in = 14, future_rt = "latest") - estimate_infections, reported_cases, generation_time, CrIs, delays, samples, horizon, output["fit"], verbose, id, ...
INFO [2020-11-09 15:48:07] Initialising estimates for: South Dakota
ERROR [2020-11-09 15:48:07] South Dakota: unused arguments (burn_in = 14, future_rt = "latest") - estimate_infections, reported_cases, generation_time, CrIs, delays, samples, horizon, output["fit"], verbose, id, ...
INFO [2020-11-09 15:48:07] Initialising estimates for: Tennessee
ERROR [2020-11-09 15:48:07] Tennessee: unused arguments (burn_in = 14, future_rt = "latest") - estimate_infections, reported_cases, generation_time, CrIs, delays, samples, horizon, output["fit"], verbose, id, ...
INFO [2020-11-09 15:48:07] Initialising estimates for: Texas
ERROR [2020-11-09 15:48:07] Texas: unused arguments (burn_in = 14, future_rt = "latest") - estimate_infections, reported_cases, generation_time, CrIs, delays, samples, horizon, output["fit"], verbose, id, ...
INFO [2020-11-09 15:48:07] Initialising estimates for: Utah
ERROR [2020-11-09 15:48:07] Utah: unused arguments (burn_in = 14, future_rt = "latest") - estimate_infections, reported_cases, generation_time, CrIs, delays, samples, horizon, output["fit"], verbose, id, ...
INFO [2020-11-09 15:48:07] Initialising estimates for: Virginia
ERROR [2020-11-09 15:48:07] Virginia: unused arguments (burn_in = 14, future_rt = "latest") - estimate_infections, reported_cases, generation_time, CrIs, delays, samples, horizon, output["fit"], verbose, id, ...
INFO [2020-11-09 15:48:07] Initialising estimates for: Washington
ERROR [2020-11-09 15:48:07] Washington: unused arguments (burn_in = 14, future_rt = "latest") - estimate_infections, reported_cases, generation_time, CrIs, delays, samples, horizon, output["fit"], verbose, id, ...
INFO [2020-11-09 15:48:07] Initialising estimates for: West Virginia
ERROR [2020-11-09 15:48:07] West Virginia: unused arguments (burn_in = 14, future_rt = "latest") - estimate_infections, reported_cases, generation_time, CrIs, delays, samples, horizon, output["fit"], verbose, id, ...
INFO [2020-11-09 15:48:07] Initialising estimates for: Wisconsin
ERROR [2020-11-09 15:48:07] Wisconsin: unused arguments (burn_in = 14, future_rt = "latest") - estimate_infections, reported_cases, generation_time, CrIs, delays, samples, horizon, output["fit"], verbose, id, ...
INFO [2020-11-09 15:48:08] Initialising estimates for: US
ERROR [2020-11-09 15:48:08] US: unused arguments (burn_in = 14, future_rt = "latest") - estimate_infections, reported_cases, generation_time, CrIs, delays, samples, horizon, output["fit"], verbose, id, ...
INFO [2020-11-09 15:48:08] Runtime error in Alabama : Alabama: unused arguments (burn_in = 14, future_rt = "latest") - estimate_infections, reported_cases, generation_time, CrIs, delays, samples, horizon, output["fit"], verbose, id, ...
INFO [2020-11-09 15:48:08] Runtime error in Alaska : Alaska: unused arguments (burn_in = 14, future_rt = "latest") - estimate_infections, reported_cases, generation_time, CrIs, delays, samples, horizon, output["fit"], verbose, id, ...
INFO [2020-11-09 15:48:08] Runtime error in Arizona : Arizona: unused arguments (burn_in = 14, future_rt = "latest") - estimate_infections, reported_cases, generation_time, CrIs, delays, samples, horizon, output["fit"], verbose, id, ...
INFO [2020-11-09 15:48:08] Runtime error in Arkansas : Arkansas: unused arguments (burn_in = 14, future_rt = "latest") - estimate_infections, reported_cases, generation_time, CrIs, delays, samples, horizon, output["fit"], verbose, id, ...
INFO [2020-11-09 15:48:08] Runtime error in California : California: unused arguments (burn_in = 14, future_rt = "latest") - estimate_infections, reported_cases, generation_time, CrIs, delays, samples, horizon, output["fit"], verbose, id, ...
INFO [2020-11-09 15:48:08] Runtime error in Colorado : Colorado: unused arguments (burn_in = 14, future_rt = "latest") - estimate_infections, reported_cases, generation_time, CrIs, delays, samples, horizon, output["fit"], verbose, id, ...
INFO [2020-11-09 15:48:08] Runtime error in Connecticut : Connecticut: unused arguments (burn_in = 14, future_rt = "latest") - estimate_infections, reported_cases, generation_time, CrIs, delays, samples, horizon, output["fit"], verbose, id, ...
INFO [2020-11-09 15:48:08] Runtime error in Delaware : Delaware: unused arguments (burn_in = 14, future_rt = "latest") - estimate_infections, reported_cases, generation_time, CrIs, delays, samples, horizon, output["fit"], verbose, id, ...
INFO [2020-11-09 15:48:08] Runtime error in District of Columbia : District of Columbia: unused arguments (burn_in = 14, future_rt = "latest") - estimate_infections, reported_cases, generation_time, CrIs, delays, samples, horizon, output["fit"], verbose, id, ...
INFO [2020-11-09 15:48:08] Runtime error in Florida : Florida: unused arguments (burn_in = 14, future_rt = "latest") - estimate_infections, reported_cases, generation_time, CrIs, delays, samples, horizon, output["fit"], verbose, id, ...
INFO [2020-11-09 15:48:08] Runtime error in Georgia : Georgia: unused arguments (burn_in = 14, future_rt = "latest") - estimate_infections, reported_cases, generation_time, CrIs, delays, samples, horizon, output["fit"], verbose, id, ...
INFO [2020-11-09 15:48:08] Runtime error in Guam : Guam: unused arguments (burn_in = 14, future_rt = "latest") - estimate_infections, reported_cases, generation_time, CrIs, delays, samples, horizon, output["fit"], verbose, id, ...
INFO [2020-11-09 15:48:08] Runtime error in Hawaii : Hawaii: unused arguments (burn_in = 14, future_rt = "latest") - estimate_infections, reported_cases, generation_time, CrIs, delays, samples, horizon, output["fit"], verbose, id, ...
INFO [2020-11-09 15:48:08] Runtime error in Idaho : Idaho: unused arguments (burn_in = 14, future_rt = "latest") - estimate_infections, reported_cases, generation_time, CrIs, delays, samples, horizon, output["fit"], verbose, id, ...
INFO [2020-11-09 15:48:08] Runtime error in Illinois : Illinois: unused arguments (burn_in = 14, future_rt = "latest") - estimate_infections, reported_cases, generation_time, CrIs, delays, samples, horizon, output["fit"], verbose, id, ...
INFO [2020-11-09 15:48:08] Runtime error in Indiana : Indiana: unused arguments (burn_in = 14, future_rt = "latest") - estimate_infections, reported_cases, generation_time, CrIs, delays, samples, horizon, output["fit"], verbose, id, ...
INFO [2020-11-09 15:48:08] Runtime error in Iowa : Iowa: unused arguments (burn_in = 14, future_rt = "latest") - estimate_infections, reported_cases, generation_time, CrIs, delays, samples, horizon, output["fit"], verbose, id, ...
INFO [2020-11-09 15:48:08] Runtime error in Kansas : Kansas: unused arguments (burn_in = 14, future_rt = "latest") - estimate_infections, reported_cases, generation_time, CrIs, delays, samples, horizon, output["fit"], verbose, id, ...
INFO [2020-11-09 15:48:08] Runtime error in Kentucky : Kentucky: unused arguments (burn_in = 14, future_rt = "latest") - estimate_infections, reported_cases, generation_time, CrIs, delays, samples, horizon, output["fit"], verbose, id, ...
INFO [2020-11-09 15:48:08] Runtime error in Louisiana : Louisiana: unused arguments (burn_in = 14, future_rt = "latest") - estimate_infections, reported_cases, generation_time, CrIs, delays, samples, horizon, output["fit"], verbose, id, ...
INFO [2020-11-09 15:48:08] Runtime error in Maine : Maine: unused arguments (burn_in = 14, future_rt = "latest") - estimate_infections, reported_cases, generation_time, CrIs, delays, samples, horizon, output["fit"], verbose, id, ...
INFO [2020-11-09 15:48:08] Runtime error in Maryland : Maryland: unused arguments (burn_in = 14, future_rt = "latest") - estimate_infections, reported_cases, generation_time, CrIs, delays, samples, horizon, output["fit"], verbose, id, ...
INFO [2020-11-09 15:48:08] Runtime error in Massachusetts : Massachusetts: unused arguments (burn_in = 14, future_rt = "latest") - estimate_infections, reported_cases, generation_time, CrIs, delays, samples, horizon, output["fit"], verbose, id, ...
INFO [2020-11-09 15:48:08] Runtime error in Michigan : Michigan: unused arguments (burn_in = 14, future_rt = "latest") - estimate_infections, reported_cases, generation_time, CrIs, delays, samples, horizon, output["fit"], verbose, id, ...
INFO [2020-11-09 15:48:08] Runtime error in Minnesota : Minnesota: unused arguments (burn_in = 14, future_rt = "latest") - estimate_infections, reported_cases, generation_time, CrIs, delays, samples, horizon, output["fit"], verbose, id, ...
INFO [2020-11-09 15:48:08] Runtime error in Mississippi : Mississippi: unused arguments (burn_in = 14, future_rt = "latest") - estimate_infections, reported_cases, generation_time, CrIs, delays, samples, horizon, output["fit"], verbose, id, ...
INFO [2020-11-09 15:48:08] Runtime error in Missouri : Missouri: unused arguments (burn_in = 14, future_rt = "latest") - estimate_infections, reported_cases, generation_time, CrIs, delays, samples, horizon, output["fit"], verbose, id, ...
INFO [2020-11-09 15:48:08] Runtime error in Montana : Montana: unused arguments (burn_in = 14, future_rt = "latest") - estimate_infections, reported_cases, generation_time, CrIs, delays, samples, horizon, output["fit"], verbose, id, ...
INFO [2020-11-09 15:48:08] Runtime error in Nebraska : Nebraska: unused arguments (burn_in = 14, future_rt = "latest") - estimate_infections, reported_cases, generation_time, CrIs, delays, samples, horizon, output["fit"], verbose, id, ...
INFO [2020-11-09 15:48:08] Runtime error in Nevada : Nevada: unused arguments (burn_in = 14, future_rt = "latest") - estimate_infections, reported_cases, generation_time, CrIs, delays, samples, horizon, output["fit"], verbose, id, ...
INFO [2020-11-09 15:48:08] Runtime error in New Hampshire : New Hampshire: unused arguments (burn_in = 14, future_rt = "latest") - estimate_infections, reported_cases, generation_time, CrIs, delays, samples, horizon, output["fit"], verbose, id, ...
INFO [2020-11-09 15:48:08] Runtime error in New Jersey : New Jersey: unused arguments (burn_in = 14, future_rt = "latest") - estimate_infections, reported_cases, generation_time, CrIs, delays, samples, horizon, output["fit"], verbose, id, ...
INFO [2020-11-09 15:48:08] Runtime error in New Mexico : New Mexico: unused arguments (burn_in = 14, future_rt = "latest") - estimate_infections, reported_cases, generation_time, CrIs, delays, samples, horizon, output["fit"], verbose, id, ...
INFO [2020-11-09 15:48:08] Runtime error in New York : New York: unused arguments (burn_in = 14, future_rt = "latest") - estimate_infections, reported_cases, generation_time, CrIs, delays, samples, horizon, output["fit"], verbose, id, ...
INFO [2020-11-09 15:48:08] Runtime error in North Carolina : North Carolina: unused arguments (burn_in = 14, future_rt = "latest") - estimate_infections, reported_cases, generation_time, CrIs, delays, samples, horizon, output["fit"], verbose, id, ...
INFO [2020-11-09 15:48:08] Runtime error in North Dakota : North Dakota: unused arguments (burn_in = 14, future_rt = "latest") - estimate_infections, reported_cases, generation_time, CrIs, delays, samples, horizon, output["fit"], verbose, id, ...
INFO [2020-11-09 15:48:08] Runtime error in Ohio : Ohio: unused arguments (burn_in = 14, future_rt = "latest") - estimate_infections, reported_cases, generation_time, CrIs, delays, samples, horizon, output["fit"], verbose, id, ...
INFO [2020-11-09 15:48:08] Runtime error in Oklahoma : Oklahoma: unused arguments (burn_in = 14, future_rt = "latest") - estimate_infections, reported_cases, generation_time, CrIs, delays, samples, horizon, output["fit"], verbose, id, ...
INFO [2020-11-09 15:48:08] Runtime error in Oregon : Oregon: unused arguments (burn_in = 14, future_rt = "latest") - estimate_infections, reported_cases, generation_time, CrIs, delays, samples, horizon, output["fit"], verbose, id, ...
INFO [2020-11-09 15:48:08] Runtime error in Pennsylvania : Pennsylvania: unused arguments (burn_in = 14, future_rt = "latest") - estimate_infections, reported_cases, generation_time, CrIs, delays, samples, horizon, output["fit"], verbose, id, ...
INFO [2020-11-09 15:48:08] Runtime error in Puerto Rico : Puerto Rico: unused arguments (burn_in = 14, future_rt = "latest") - estimate_infections, reported_cases, generation_time, CrIs, delays, samples, horizon, output["fit"], verbose, id, ...
INFO [2020-11-09 15:48:08] Runtime error in Rhode Island : Rhode Island: unused arguments (burn_in = 14, future_rt = "latest") - estimate_infections, reported_cases, generation_time, CrIs, delays, samples, horizon, output["fit"], verbose, id, ...
INFO [2020-11-09 15:48:08] Runtime error in South Carolina : South Carolina: unused arguments (burn_in = 14, future_rt = "latest") - estimate_infections, reported_cases, generation_time, CrIs, delays, samples, horizon, output["fit"], verbose, id, ...
INFO [2020-11-09 15:48:08] Runtime error in South Dakota : South Dakota: unused arguments (burn_in = 14, future_rt = "latest") - estimate_infections, reported_cases, generation_time, CrIs, delays, samples, horizon, output["fit"], verbose, id, ...
INFO [2020-11-09 15:48:08] Runtime error in Tennessee : Tennessee: unused arguments (burn_in = 14, future_rt = "latest") - estimate_infections, reported_cases, generation_time, CrIs, delays, samples, horizon, output["fit"], verbose, id, ...
INFO [2020-11-09 15:48:08] Runtime error in Texas : Texas: unused arguments (burn_in = 14, future_rt = "latest") - estimate_infections, reported_cases, generation_time, CrIs, delays, samples, horizon, output["fit"], verbose, id, ...
INFO [2020-11-09 15:48:08] Runtime error in Utah : Utah: unused arguments (burn_in = 14, future_rt = "latest") - estimate_infections, reported_cases, generation_time, CrIs, delays, samples, horizon, output["fit"], verbose, id, ...
INFO [2020-11-09 15:48:08] Runtime error in Virginia : Virginia: unused arguments (burn_in = 14, future_rt = "latest") - estimate_infections, reported_cases, generation_time, CrIs, delays, samples, horizon, output["fit"], verbose, id, ...
INFO [2020-11-09 15:48:08] Runtime error in Washington : Washington: unused arguments (burn_in = 14, future_rt = "latest") - estimate_infections, reported_cases, generation_time, CrIs, delays, samples, horizon, output["fit"], verbose, id, ...
INFO [2020-11-09 15:48:08] Runtime error in West Virginia : West Virginia: unused arguments (burn_in = 14, future_rt = "latest") - estimate_infections, reported_cases, generation_time, CrIs, delays, samples, horizon, output["fit"], verbose, id, ...
INFO [2020-11-09 15:48:08] Runtime error in Wisconsin : Wisconsin: unused arguments (burn_in = 14, future_rt = "latest") - estimate_infections, reported_cases, generation_time, CrIs, delays, samples, horizon, output["fit"], verbose, id, ...
INFO [2020-11-09 15:48:08] Runtime error in US : US: unused arguments (burn_in = 14, future_rt = "latest") - estimate_infections, reported_cases, generation_time, CrIs, delays, samples, horizon, output["fit"], verbose, id, ...
INFO [2020-11-09 15:59:06] Initialising estimates for: Alabama
ERROR [2020-11-09 15:59:06] Alabama: unused arguments (burn_in = 14, future_rt = "latest") - estimate_infections, reported_cases, generation_time, CrIs, delays, samples, horizon, output["fit"], verbose, id, ...
INFO [2020-11-09 15:59:06] Initialising estimates for: Alaska
ERROR [2020-11-09 15:59:06] Alaska: unused arguments (burn_in = 14, future_rt = "latest") - estimate_infections, reported_cases, generation_time, CrIs, delays, samples, horizon, output["fit"], verbose, id, ...
INFO [2020-11-09 15:59:06] Initialising estimates for: Arizona
ERROR [2020-11-09 15:59:06] Arizona: unused arguments (burn_in = 14, future_rt = "latest") - estimate_infections, reported_cases, generation_time, CrIs, delays, samples, horizon, output["fit"], verbose, id, ...
INFO [2020-11-09 15:59:07] Initialising estimates for: Arkansas
ERROR [2020-11-09 15:59:07] Arkansas: unused arguments (burn_in = 14, future_rt = "latest") - estimate_infections, reported_cases, generation_time, CrIs, delays, samples, horizon, output["fit"], verbose, id, ...
INFO [2020-11-09 15:59:07] Initialising estimates for: California
ERROR [2020-11-09 15:59:07] California: unused arguments (burn_in = 14, future_rt = "latest") - estimate_infections, reported_cases, generation_time, CrIs, delays, samples, horizon, output["fit"], verbose, id, ...
INFO [2020-11-09 15:59:07] Initialising estimates for: Colorado
ERROR [2020-11-09 15:59:07] Colorado: unused arguments (burn_in = 14, future_rt = "latest") - estimate_infections, reported_cases, generation_time, CrIs, delays, samples, horizon, output["fit"], verbose, id, ...
INFO [2020-11-09 15:59:08] Initialising estimates for: Connecticut
ERROR [2020-11-09 15:59:08] Connecticut: unused arguments (burn_in = 14, future_rt = "latest") - estimate_infections, reported_cases, generation_time, CrIs, delays, samples, horizon, output["fit"], verbose, id, ...
INFO [2020-11-09 15:59:08] Initialising estimates for: Delaware
ERROR [2020-11-09 15:59:08] Delaware: unused arguments (burn_in = 14, future_rt = "latest") - estimate_infections, reported_cases, generation_time, CrIs, delays, samples, horizon, output["fit"], verbose, id, ...
INFO [2020-11-09 15:59:08] Initialising estimates for: District of Columbia
ERROR [2020-11-09 15:59:08] District of Columbia: unused arguments (burn_in = 14, future_rt = "latest") - estimate_infections, reported_cases, generation_time, CrIs, delays, samples, horizon, output["fit"], verbose, id, ...
INFO [2020-11-09 15:59:08] Initialising estimates for: Florida
ERROR [2020-11-09 15:59:08] Florida: unused arguments (burn_in = 14, future_rt = "latest") - estimate_infections, reported_cases, generation_time, CrIs, delays, samples, horizon, output["fit"], verbose, id, ...
INFO [2020-11-09 15:59:08] Initialising estimates for: Georgia
ERROR [2020-11-09 15:59:08] Georgia: unused arguments (burn_in = 14, future_rt = "latest") - estimate_infections, reported_cases, generation_time, CrIs, delays, samples, horizon, output["fit"], verbose, id, ...
INFO [2020-11-09 15:59:08] Initialising estimates for: Guam
ERROR [2020-11-09 15:59:08] Guam: unused arguments (burn_in = 14, future_rt = "latest") - estimate_infections, reported_cases, generation_time, CrIs, delays, samples, horizon, output["fit"], verbose, id, ...
INFO [2020-11-09 15:59:08] Initialising estimates for: Hawaii
ERROR [2020-11-09 15:59:08] Hawaii: unused arguments (burn_in = 14, future_rt = "latest") - estimate_infections, reported_cases, generation_time, CrIs, delays, samples, horizon, output["fit"], verbose, id, ...
INFO [2020-11-09 15:59:08] Initialising estimates for: Idaho
ERROR [2020-11-09 15:59:08] Idaho: unused arguments (burn_in = 14, future_rt = "latest") - estimate_infections, reported_cases, generation_time, CrIs, delays, samples, horizon, output["fit"], verbose, id, ...
INFO [2020-11-09 15:59:08] Initialising estimates for: Illinois
ERROR [2020-11-09 15:59:08] Illinois: unused arguments (burn_in = 14, future_rt = "latest") - estimate_infections, reported_cases, generation_time, CrIs, delays, samples, horizon, output["fit"], verbose, id, ...
INFO [2020-11-09 15:59:08] Initialising estimates for: Indiana
ERROR [2020-11-09 15:59:08] Indiana: unused arguments (burn_in = 14, future_rt = "latest") - estimate_infections, reported_cases, generation_time, CrIs, delays, samples, horizon, output["fit"], verbose, id, ...
INFO [2020-11-09 15:59:09] Initialising estimates for: Iowa
ERROR [2020-11-09 15:59:09] Iowa: unused arguments (burn_in = 14, future_rt = "latest") - estimate_infections, reported_cases, generation_time, CrIs, delays, samples, horizon, output["fit"], verbose, id, ...
INFO [2020-11-09 15:59:09] Initialising estimates for: Kansas
ERROR [2020-11-09 15:59:09] Kansas: unused arguments (burn_in = 14, future_rt = "latest") - estimate_infections, reported_cases, generation_time, CrIs, delays, samples, horizon, output["fit"], verbose, id, ...
INFO [2020-11-09 15:59:09] Initialising estimates for: Kentucky
ERROR [2020-11-09 15:59:09] Kentucky: unused arguments (burn_in = 14, future_rt = "latest") - estimate_infections, reported_cases, generation_time, CrIs, delays, samples, horizon, output["fit"], verbose, id, ...
INFO [2020-11-09 15:59:09] Initialising estimates for: Louisiana
ERROR [2020-11-09 15:59:09] Louisiana: unused arguments (burn_in = 14, future_rt = "latest") - estimate_infections, reported_cases, generation_time, CrIs, delays, samples, horizon, output["fit"], verbose, id, ...
INFO [2020-11-09 15:59:09] Initialising estimates for: Maine
ERROR [2020-11-09 15:59:09] Maine: unused arguments (burn_in = 14, future_rt = "latest") - estimate_infections, reported_cases, generation_time, CrIs, delays, samples, horizon, output["fit"], verbose, id, ...
INFO [2020-11-09 15:59:09] Initialising estimates for: Maryland
ERROR [2020-11-09 15:59:09] Maryland: unused arguments (burn_in = 14, future_rt = "latest") - estimate_infections, reported_cases, generation_time, CrIs, delays, samples, horizon, output["fit"], verbose, id, ...
INFO [2020-11-09 15:59:09] Initialising estimates for: Massachusetts
ERROR [2020-11-09 15:59:09] Massachusetts: unused arguments (burn_in = 14, future_rt = "latest") - estimate_infections, reported_cases, generation_time, CrIs, delays, samples, horizon, output["fit"], verbose, id, ...
INFO [2020-11-09 15:59:09] Initialising estimates for: Michigan
ERROR [2020-11-09 15:59:09] Michigan: unused arguments (burn_in = 14, future_rt = "latest") - estimate_infections, reported_cases, generation_time, CrIs, delays, samples, horizon, output["fit"], verbose, id, ...
INFO [2020-11-09 15:59:09] Initialising estimates for: Minnesota
ERROR [2020-11-09 15:59:09] Minnesota: unused arguments (burn_in = 14, future_rt = "latest") - estimate_infections, reported_cases, generation_time, CrIs, delays, samples, horizon, output["fit"], verbose, id, ...
INFO [2020-11-09 15:59:09] Initialising estimates for: Mississippi
ERROR [2020-11-09 15:59:09] Mississippi: unused arguments (burn_in = 14, future_rt = "latest") - estimate_infections, reported_cases, generation_time, CrIs, delays, samples, horizon, output["fit"], verbose, id, ...
INFO [2020-11-09 15:59:10] Initialising estimates for: Missouri
ERROR [2020-11-09 15:59:10] Missouri: unused arguments (burn_in = 14, future_rt = "latest") - estimate_infections, reported_cases, generation_time, CrIs, delays, samples, horizon, output["fit"], verbose, id, ...
INFO [2020-11-09 15:59:10] Initialising estimates for: Montana
ERROR [2020-11-09 15:59:10] Montana: unused arguments (burn_in = 14, future_rt = "latest") - estimate_infections, reported_cases, generation_time, CrIs, delays, samples, horizon, output["fit"], verbose, id, ...
INFO [2020-11-09 15:59:10] Initialising estimates for: Nebraska
ERROR [2020-11-09 15:59:10] Nebraska: unused arguments (burn_in = 14, future_rt = "latest") - estimate_infections, reported_cases, generation_time, CrIs, delays, samples, horizon, output["fit"], verbose, id, ...
INFO [2020-11-09 15:59:10] Initialising estimates for: Nevada
ERROR [2020-11-09 15:59:10] Nevada: unused arguments (burn_in = 14, future_rt = "latest") - estimate_infections, reported_cases, generation_time, CrIs, delays, samples, horizon, output["fit"], verbose, id, ...
INFO [2020-11-09 15:59:10] Initialising estimates for: New Hampshire
ERROR [2020-11-09 15:59:10] New Hampshire: unused arguments (burn_in = 14, future_rt = "latest") - estimate_infections, reported_cases, generation_time, CrIs, delays, samples, horizon, output["fit"], verbose, id, ...
INFO [2020-11-09 15:59:10] Initialising estimates for: New Jersey
ERROR [2020-11-09 15:59:10] New Jersey: unused arguments (burn_in = 14, future_rt = "latest") - estimate_infections, reported_cases, generation_time, CrIs, delays, samples, horizon, output["fit"], verbose, id, ...
INFO [2020-11-09 15:59:10] Initialising estimates for: New Mexico
ERROR [2020-11-09 15:59:10] New Mexico: unused arguments (burn_in = 14, future_rt = "latest") - estimate_infections, reported_cases, generation_time, CrIs, delays, samples, horizon, output["fit"], verbose, id, ...
INFO [2020-11-09 15:59:11] Initialising estimates for: New York
ERROR [2020-11-09 15:59:11] New York: unused arguments (burn_in = 14, future_rt = "latest") - estimate_infections, reported_cases, generation_time, CrIs, delays, samples, horizon, output["fit"], verbose, id, ...
INFO [2020-11-09 15:59:11] Initialising estimates for: North Carolina
ERROR [2020-11-09 15:59:11] North Carolina: unused arguments (burn_in = 14, future_rt = "latest") - estimate_infections, reported_cases, generation_time, CrIs, delays, samples, horizon, output["fit"], verbose, id, ...
INFO [2020-11-09 15:59:11] Initialising estimates for: North Dakota
ERROR [2020-11-09 15:59:11] North Dakota: unused arguments (burn_in = 14, future_rt = "latest") - estimate_infections, reported_cases, generation_time, CrIs, delays, samples, horizon, output["fit"], verbose, id, ...
INFO [2020-11-09 15:59:11] Initialising estimates for: Ohio
ERROR [2020-11-09 15:59:11] Ohio: unused arguments (burn_in = 14, future_rt = "latest") - estimate_infections, reported_cases, generation_time, CrIs, delays, samples, horizon, output["fit"], verbose, id, ...
INFO [2020-11-09 15:59:11] Initialising estimates for: Oklahoma
ERROR [2020-11-09 15:59:11] Oklahoma: unused arguments (burn_in = 14, future_rt = "latest") - estimate_infections, reported_cases, generation_time, CrIs, delays, samples, horizon, output["fit"], verbose, id, ...
INFO [2020-11-09 15:59:11] Initialising estimates for: Oregon
ERROR [2020-11-09 15:59:11] Oregon: unused arguments (burn_in = 14, future_rt = "latest") - estimate_infections, reported_cases, generation_time, CrIs, delays, samples, horizon, output["fit"], verbose, id, ...
INFO [2020-11-09 15:59:11] Initialising estimates for: Pennsylvania
ERROR [2020-11-09 15:59:11] Pennsylvania: unused arguments (burn_in = 14, future_rt = "latest") - estimate_infections, reported_cases, generation_time, CrIs, delays, samples, horizon, output["fit"], verbose, id, ...
INFO [2020-11-09 15:59:11] Initialising estimates for: Puerto Rico
ERROR [2020-11-09 15:59:11] Puerto Rico: unused arguments (burn_in = 14, future_rt = "latest") - estimate_infections, reported_cases, generation_time, CrIs, delays, samples, horizon, output["fit"], verbose, id, ...
INFO [2020-11-09 15:59:11] Initialising estimates for: Rhode Island
ERROR [2020-11-09 15:59:11] Rhode Island: unused arguments (burn_in = 14, future_rt = "latest") - estimate_infections, reported_cases, generation_time, CrIs, delays, samples, horizon, output["fit"], verbose, id, ...
INFO [2020-11-09 15:59:11] Initialising estimates for: South Carolina
ERROR [2020-11-09 15:59:12] South Carolina: unused arguments (burn_in = 14, future_rt = "latest") - estimate_infections, reported_cases, generation_time, CrIs, delays, samples, horizon, output["fit"], verbose, id, ...
INFO [2020-11-09 15:59:12] Initialising estimates for: South Dakota
ERROR [2020-11-09 15:59:12] South Dakota: unused arguments (burn_in = 14, future_rt = "latest") - estimate_infections, reported_cases, generation_time, CrIs, delays, samples, horizon, output["fit"], verbose, id, ...
INFO [2020-11-09 15:59:12] Initialising estimates for: Tennessee
ERROR [2020-11-09 15:59:12] Tennessee: unused arguments (burn_in = 14, future_rt = "latest") - estimate_infections, reported_cases, generation_time, CrIs, delays, samples, horizon, output["fit"], verbose, id, ...
INFO [2020-11-09 15:59:12] Initialising estimates for: Texas
ERROR [2020-11-09 15:59:12] Texas: unused arguments (burn_in = 14, future_rt = "latest") - estimate_infections, reported_cases, generation_time, CrIs, delays, samples, horizon, output["fit"], verbose, id, ...
INFO [2020-11-09 15:59:12] Initialising estimates for: Utah
ERROR [2020-11-09 15:59:12] Utah: unused arguments (burn_in = 14, future_rt = "latest") - estimate_infections, reported_cases, generation_time, CrIs, delays, samples, horizon, output["fit"], verbose, id, ...
INFO [2020-11-09 15:59:12] Initialising estimates for: Virginia
ERROR [2020-11-09 15:59:12] Virginia: unused arguments (burn_in = 14, future_rt = "latest") - estimate_infections, reported_cases, generation_time, CrIs, delays, samples, horizon, output["fit"], verbose, id, ...
INFO [2020-11-09 15:59:12] Initialising estimates for: Washington
ERROR [2020-11-09 15:59:12] Washington: unused arguments (burn_in = 14, future_rt = "latest") - estimate_infections, reported_cases, generation_time, CrIs, delays, samples, horizon, output["fit"], verbose, id, ...
INFO [2020-11-09 15:59:12] Initialising estimates for: West Virginia
ERROR [2020-11-09 15:59:12] West Virginia: unused arguments (burn_in = 14, future_rt = "latest") - estimate_infections, reported_cases, generation_time, CrIs, delays, samples, horizon, output["fit"], verbose, id, ...
INFO [2020-11-09 15:59:12] Initialising estimates for: Wisconsin
ERROR [2020-11-09 15:59:13] Wisconsin: unused arguments (burn_in = 14, future_rt = "latest") - estimate_infections, reported_cases, generation_time, CrIs, delays, samples, horizon, output["fit"], verbose, id, ...
INFO [2020-11-09 15:59:13] Initialising estimates for: US
ERROR [2020-11-09 15:59:13] US: unused arguments (burn_in = 14, future_rt = "latest") - estimate_infections, reported_cases, generation_time, CrIs, delays, samples, horizon, output["fit"], verbose, id, ...
INFO [2020-11-09 15:59:13] Runtime error in Alabama : Alabama: unused arguments (burn_in = 14, future_rt = "latest") - estimate_infections, reported_cases, generation_time, CrIs, delays, samples, horizon, output["fit"], verbose, id, ...
INFO [2020-11-09 15:59:13] Runtime error in Alaska : Alaska: unused arguments (burn_in = 14, future_rt = "latest") - estimate_infections, reported_cases, generation_time, CrIs, delays, samples, horizon, output["fit"], verbose, id, ...
INFO [2020-11-09 15:59:13] Runtime error in Arizona : Arizona: unused arguments (burn_in = 14, future_rt = "latest") - estimate_infections, reported_cases, generation_time, CrIs, delays, samples, horizon, output["fit"], verbose, id, ...
INFO [2020-11-09 15:59:13] Runtime error in Arkansas : Arkansas: unused arguments (burn_in = 14, future_rt = "latest") - estimate_infections, reported_cases, generation_time, CrIs, delays, samples, horizon, output["fit"], verbose, id, ...
INFO [2020-11-09 15:59:13] Runtime error in California : California: unused arguments (burn_in = 14, future_rt = "latest") - estimate_infections, reported_cases, generation_time, CrIs, delays, samples, horizon, output["fit"], verbose, id, ...
INFO [2020-11-09 15:59:13] Runtime error in Colorado : Colorado: unused arguments (burn_in = 14, future_rt = "latest") - estimate_infections, reported_cases, generation_time, CrIs, delays, samples, horizon, output["fit"], verbose, id, ...
INFO [2020-11-09 15:59:13] Runtime error in Connecticut : Connecticut: unused arguments (burn_in = 14, future_rt = "latest") - estimate_infections, reported_cases, generation_time, CrIs, delays, samples, horizon, output["fit"], verbose, id, ...
INFO [2020-11-09 15:59:13] Runtime error in Delaware : Delaware: unused arguments (burn_in = 14, future_rt = "latest") - estimate_infections, reported_cases, generation_time, CrIs, delays, samples, horizon, output["fit"], verbose, id, ...
INFO [2020-11-09 15:59:13] Runtime error in District of Columbia : District of Columbia: unused arguments (burn_in = 14, future_rt = "latest") - estimate_infections, reported_cases, generation_time, CrIs, delays, samples, horizon, output["fit"], verbose, id, ...
INFO [2020-11-09 15:59:13] Runtime error in Florida : Florida: unused arguments (burn_in = 14, future_rt = "latest") - estimate_infections, reported_cases, generation_time, CrIs, delays, samples, horizon, output["fit"], verbose, id, ...
INFO [2020-11-09 15:59:13] Runtime error in Georgia : Georgia: unused arguments (burn_in = 14, future_rt = "latest") - estimate_infections, reported_cases, generation_time, CrIs, delays, samples, horizon, output["fit"], verbose, id, ...
INFO [2020-11-09 15:59:13] Runtime error in Guam : Guam: unused arguments (burn_in = 14, future_rt = "latest") - estimate_infections, reported_cases, generation_time, CrIs, delays, samples, horizon, output["fit"], verbose, id, ...
INFO [2020-11-09 15:59:13] Runtime error in Hawaii : Hawaii: unused arguments (burn_in = 14, future_rt = "latest") - estimate_infections, reported_cases, generation_time, CrIs, delays, samples, horizon, output["fit"], verbose, id, ...
INFO [2020-11-09 15:59:13] Runtime error in Idaho : Idaho: unused arguments (burn_in = 14, future_rt = "latest") - estimate_infections, reported_cases, generation_time, CrIs, delays, samples, horizon, output["fit"], verbose, id, ...
INFO [2020-11-09 15:59:13] Runtime error in Illinois : Illinois: unused arguments (burn_in = 14, future_rt = "latest") - estimate_infections, reported_cases, generation_time, CrIs, delays, samples, horizon, output["fit"], verbose, id, ...
INFO [2020-11-09 15:59:13] Runtime error in Indiana : Indiana: unused arguments (burn_in = 14, future_rt = "latest") - estimate_infections, reported_cases, generation_time, CrIs, delays, samples, horizon, output["fit"], verbose, id, ...
INFO [2020-11-09 15:59:13] Runtime error in Iowa : Iowa: unused arguments (burn_in = 14, future_rt = "latest") - estimate_infections, reported_cases, generation_time, CrIs, delays, samples, horizon, output["fit"], verbose, id, ...
INFO [2020-11-09 15:59:13] Runtime error in Kansas : Kansas: unused arguments (burn_in = 14, future_rt = "latest") - estimate_infections, reported_cases, generation_time, CrIs, delays, samples, horizon, output["fit"], verbose, id, ...
INFO [2020-11-09 15:59:13] Runtime error in Kentucky : Kentucky: unused arguments (burn_in = 14, future_rt = "latest") - estimate_infections, reported_cases, generation_time, CrIs, delays, samples, horizon, output["fit"], verbose, id, ...
INFO [2020-11-09 15:59:13] Runtime error in Louisiana : Louisiana: unused arguments (burn_in = 14, future_rt = "latest") - estimate_infections, reported_cases, generation_time, CrIs, delays, samples, horizon, output["fit"], verbose, id, ...
INFO [2020-11-09 15:59:13] Runtime error in Maine : Maine: unused arguments (burn_in = 14, future_rt = "latest") - estimate_infections, reported_cases, generation_time, CrIs, delays, samples, horizon, output["fit"], verbose, id, ...
INFO [2020-11-09 15:59:13] Runtime error in Maryland : Maryland: unused arguments (burn_in = 14, future_rt = "latest") - estimate_infections, reported_cases, generation_time, CrIs, delays, samples, horizon, output["fit"], verbose, id, ...
INFO [2020-11-09 15:59:13] Runtime error in Massachusetts : Massachusetts: unused arguments (burn_in = 14, future_rt = "latest") - estimate_infections, reported_cases, generation_time, CrIs, delays, samples, horizon, output["fit"], verbose, id, ...
INFO [2020-11-09 15:59:13] Runtime error in Michigan : Michigan: unused arguments (burn_in = 14, future_rt = "latest") - estimate_infections, reported_cases, generation_time, CrIs, delays, samples, horizon, output["fit"], verbose, id, ...
INFO [2020-11-09 15:59:13] Runtime error in Minnesota : Minnesota: unused arguments (burn_in = 14, future_rt = "latest") - estimate_infections, reported_cases, generation_time, CrIs, delays, samples, horizon, output["fit"], verbose, id, ...
INFO [2020-11-09 15:59:13] Runtime error in Mississippi : Mississippi: unused arguments (burn_in = 14, future_rt = "latest") - estimate_infections, reported_cases, generation_time, CrIs, delays, samples, horizon, output["fit"], verbose, id, ...
INFO [2020-11-09 15:59:13] Runtime error in Missouri : Missouri: unused arguments (burn_in = 14, future_rt = "latest") - estimate_infections, reported_cases, generation_time, CrIs, delays, samples, horizon, output["fit"], verbose, id, ...
INFO [2020-11-09 15:59:13] Runtime error in Montana : Montana: unused arguments (burn_in = 14, future_rt = "latest") - estimate_infections, reported_cases, generation_time, CrIs, delays, samples, horizon, output["fit"], verbose, id, ...
INFO [2020-11-09 15:59:13] Runtime error in Nebraska : Nebraska: unused arguments (burn_in = 14, future_rt = "latest") - estimate_infections, reported_cases, generation_time, CrIs, delays, samples, horizon, output["fit"], verbose, id, ...
INFO [2020-11-09 15:59:13] Runtime error in Nevada : Nevada: unused arguments (burn_in = 14, future_rt = "latest") - estimate_infections, reported_cases, generation_time, CrIs, delays, samples, horizon, output["fit"], verbose, id, ...
INFO [2020-11-09 15:59:13] Runtime error in New Hampshire : New Hampshire: unused arguments (burn_in = 14, future_rt = "latest") - estimate_infections, reported_cases, generation_time, CrIs, delays, samples, horizon, output["fit"], verbose, id, ...
INFO [2020-11-09 15:59:13] Runtime error in New Jersey : New Jersey: unused arguments (burn_in = 14, future_rt = "latest") - estimate_infections, reported_cases, generation_time, CrIs, delays, samples, horizon, output["fit"], verbose, id, ...
INFO [2020-11-09 15:59:13] Runtime error in New Mexico : New Mexico: unused arguments (burn_in = 14, future_rt = "latest") - estimate_infections, reported_cases, generation_time, CrIs, delays, samples, horizon, output["fit"], verbose, id, ...
INFO [2020-11-09 15:59:13] Runtime error in New York : New York: unused arguments (burn_in = 14, future_rt = "latest") - estimate_infections, reported_cases, generation_time, CrIs, delays, samples, horizon, output["fit"], verbose, id, ...
INFO [2020-11-09 15:59:13] Runtime error in North Carolina : North Carolina: unused arguments (burn_in = 14, future_rt = "latest") - estimate_infections, reported_cases, generation_time, CrIs, delays, samples, horizon, output["fit"], verbose, id, ...
INFO [2020-11-09 15:59:13] Runtime error in North Dakota : North Dakota: unused arguments (burn_in = 14, future_rt = "latest") - estimate_infections, reported_cases, generation_time, CrIs, delays, samples, horizon, output["fit"], verbose, id, ...
INFO [2020-11-09 15:59:13] Runtime error in Ohio : Ohio: unused arguments (burn_in = 14, future_rt = "latest") - estimate_infections, reported_cases, generation_time, CrIs, delays, samples, horizon, output["fit"], verbose, id, ...
INFO [2020-11-09 15:59:13] Runtime error in Oklahoma : Oklahoma: unused arguments (burn_in = 14, future_rt = "latest") - estimate_infections, reported_cases, generation_time, CrIs, delays, samples, horizon, output["fit"], verbose, id, ...
INFO [2020-11-09 15:59:13] Runtime error in Oregon : Oregon: unused arguments (burn_in = 14, future_rt = "latest") - estimate_infections, reported_cases, generation_time, CrIs, delays, samples, horizon, output["fit"], verbose, id, ...
INFO [2020-11-09 15:59:13] Runtime error in Pennsylvania : Pennsylvania: unused arguments (burn_in = 14, future_rt = "latest") - estimate_infections, reported_cases, generation_time, CrIs, delays, samples, horizon, output["fit"], verbose, id, ...
INFO [2020-11-09 15:59:13] Runtime error in Puerto Rico : Puerto Rico: unused arguments (burn_in = 14, future_rt = "latest") - estimate_infections, reported_cases, generation_time, CrIs, delays, samples, horizon, output["fit"], verbose, id, ...
INFO [2020-11-09 15:59:13] Runtime error in Rhode Island : Rhode Island: unused arguments (burn_in = 14, future_rt = "latest") - estimate_infections, reported_cases, generation_time, CrIs, delays, samples, horizon, output["fit"], verbose, id, ...
INFO [2020-11-09 15:59:13] Runtime error in South Carolina : South Carolina: unused arguments (burn_in = 14, future_rt = "latest") - estimate_infections, reported_cases, generation_time, CrIs, delays, samples, horizon, output["fit"], verbose, id, ...
INFO [2020-11-09 15:59:13] Runtime error in South Dakota : South Dakota: unused arguments (burn_in = 14, future_rt = "latest") - estimate_infections, reported_cases, generation_time, CrIs, delays, samples, horizon, output["fit"], verbose, id, ...
INFO [2020-11-09 15:59:13] Runtime error in Tennessee : Tennessee: unused arguments (burn_in = 14, future_rt = "latest") - estimate_infections, reported_cases, generation_time, CrIs, delays, samples, horizon, output["fit"], verbose, id, ...
INFO [2020-11-09 15:59:13] Runtime error in Texas : Texas: unused arguments (burn_in = 14, future_rt = "latest") - estimate_infections, reported_cases, generation_time, CrIs, delays, samples, horizon, output["fit"], verbose, id, ...
INFO [2020-11-09 15:59:13] Runtime error in Utah : Utah: unused arguments (burn_in = 14, future_rt = "latest") - estimate_infections, reported_cases, generation_time, CrIs, delays, samples, horizon, output["fit"], verbose, id, ...
INFO [2020-11-09 15:59:13] Runtime error in Virginia : Virginia: unused arguments (burn_in = 14, future_rt = "latest") - estimate_infections, reported_cases, generation_time, CrIs, delays, samples, horizon, output["fit"], verbose, id, ...
INFO [2020-11-09 15:59:13] Runtime error in Washington : Washington: unused arguments (burn_in = 14, future_rt = "latest") - estimate_infections, reported_cases, generation_time, CrIs, delays, samples, horizon, output["fit"], verbose, id, ...
INFO [2020-11-09 15:59:13] Runtime error in West Virginia : West Virginia: unused arguments (burn_in = 14, future_rt = "latest") - estimate_infections, reported_cases, generation_time, CrIs, delays, samples, horizon, output["fit"], verbose, id, ...
INFO [2020-11-09 15:59:13] Runtime error in Wisconsin : Wisconsin: unused arguments (burn_in = 14, future_rt = "latest") - estimate_infections, reported_cases, generation_time, CrIs, delays, samples, horizon, output["fit"], verbose, id, ...
INFO [2020-11-09 15:59:13] Runtime error in US : US: unused arguments (burn_in = 14, future_rt = "latest") - estimate_infections, reported_cases, generation_time, CrIs, delays, samples, horizon, output["fit"], verbose, id, ...
INFO [2020-11-09 17:16:25] Initialising estimates for: Alabama
INFO [2020-11-09 17:16:25] Initialising estimates for: Alaska
INFO [2020-11-09 17:16:26] Initialising estimates for: Arizona
INFO [2020-11-09 17:16:27] Initialising estimates for: Arkansas
INFO [2020-11-09 17:16:29] Initialising estimates for: California
INFO [2020-11-09 17:16:31] Initialising estimates for: Colorado
INFO [2020-11-09 17:16:33] Initialising estimates for: Connecticut
INFO [2020-11-09 17:16:36] Initialising estimates for: Delaware
INFO [2020-11-09 17:16:40] Initialising estimates for: District of Columbia
INFO [2020-11-09 17:16:43] Initialising estimates for: Florida
INFO [2020-11-09 17:16:47] Initialising estimates for: Georgia
INFO [2020-11-09 17:16:52] Initialising estimates for: Guam
INFO [2020-11-09 17:16:57] Initialising estimates for: Hawaii
INFO [2020-11-09 17:17:02] Initialising estimates for: Idaho
INFO [2020-11-09 17:17:08] Initialising estimates for: Illinois
INFO [2020-11-09 17:17:14] Initialising estimates for: Indiana
INFO [2020-11-09 17:17:20] Initialising estimates for: Iowa
INFO [2020-11-09 17:17:27] Initialising estimates for: Kansas
WARN [2020-11-09 17:18:25] Alabama: There were 21 divergent transitions after warmup. See
http://mc-stan.org/misc/warnings.html#divergent-transitions-after-warmup
to find out why this is a problem and how to eliminate them. - 
WARN [2020-11-09 17:18:25] Alabama: Examine the pairs() plot to diagnose sampling problems
 - 
WARN [2020-11-09 17:18:29] Alabama: Tail Effective Samples Size (ESS) is too low, indicating posterior variances and tail quantiles may be unreliable.
Running the chains for more iterations may help. See
http://mc-stan.org/misc/warnings.html#tail-ess - 
INFO [2020-11-09 17:18:32] Completed estimates for: Alabama
WARN [2020-11-09 17:18:49] Alaska: There were 1 divergent transitions after warmup. See
http://mc-stan.org/misc/warnings.html#divergent-transitions-after-warmup
to find out why this is a problem and how to eliminate them. - 
WARN [2020-11-09 17:18:49] Alaska: Examine the pairs() plot to diagnose sampling problems
 - 
WARN [2020-11-09 17:18:50] Arkansas: There were 9 divergent transitions after warmup. See
http://mc-stan.org/misc/warnings.html#divergent-transitions-after-warmup
to find out why this is a problem and how to eliminate them. - 
WARN [2020-11-09 17:18:50] Arkansas: Examine the pairs() plot to diagnose sampling problems
 - 
INFO [2020-11-09 17:18:50] Completed estimates for: District of Columbia
WARN [2020-11-09 17:18:54] California: There were 13 divergent transitions after warmup. See
http://mc-stan.org/misc/warnings.html#divergent-transitions-after-warmup
to find out why this is a problem and how to eliminate them. - 
WARN [2020-11-09 17:18:54] California: Examine the pairs() plot to diagnose sampling problems
 - 
WARN [2020-11-09 17:18:55] Colorado: There were 25 divergent transitions after warmup. See
http://mc-stan.org/misc/warnings.html#divergent-transitions-after-warmup
to find out why this is a problem and how to eliminate them. - 
WARN [2020-11-09 17:18:55] Colorado: Examine the pairs() plot to diagnose sampling problems
 - 
INFO [2020-11-09 17:18:55] Completed estimates for: Alaska
INFO [2020-11-09 17:18:56] Completed estimates for: Arkansas
WARN [2020-11-09 17:18:56] Colorado: The largest R-hat is 1.06, indicating chains have not mixed.
Running the chains for more iterations may help. See
http://mc-stan.org/misc/warnings.html#r-hat - 
WARN [2020-11-09 17:18:57] Colorado: Bulk Effective Samples Size (ESS) is too low, indicating posterior means and medians may be unreliable.
Running the chains for more iterations may help. See
http://mc-stan.org/misc/warnings.html#bulk-ess - 
INFO [2020-11-09 17:18:58] Initialising estimates for: Kentucky
WARN [2020-11-09 17:18:58] Colorado: Tail Effective Samples Size (ESS) is too low, indicating posterior variances and tail quantiles may be unreliable.
Running the chains for more iterations may help. See
http://mc-stan.org/misc/warnings.html#tail-ess - 
INFO [2020-11-09 17:19:00] Completed estimates for: Colorado
INFO [2020-11-09 17:19:01] Completed estimates for: California
WARN [2020-11-09 17:19:04] Guam: There were 3 divergent transitions after warmup. See
http://mc-stan.org/misc/warnings.html#divergent-transitions-after-warmup
to find out why this is a problem and how to eliminate them. - 
WARN [2020-11-09 17:19:04] Guam: Examine the pairs() plot to diagnose sampling problems
 - 
INFO [2020-11-09 17:19:09] Completed estimates for: Guam
WARN [2020-11-09 17:19:11] Delaware: There were 2 divergent transitions after warmup. See
http://mc-stan.org/misc/warnings.html#divergent-transitions-after-warmup
to find out why this is a problem and how to eliminate them. - 
WARN [2020-11-09 17:19:11] Delaware: Examine the pairs() plot to diagnose sampling problems
 - 
INFO [2020-11-09 17:19:15] Completed estimates for: Delaware
INFO [2020-11-09 17:19:20] Initialising estimates for: Louisiana
INFO [2020-11-09 17:19:25] Initialising estimates for: Maine
WARN [2020-11-09 17:19:29] Florida: There were 21 divergent transitions after warmup. See
http://mc-stan.org/misc/warnings.html#divergent-transitions-after-warmup
to find out why this is a problem and how to eliminate them. - 
WARN [2020-11-09 17:19:29] Florida: Examine the pairs() plot to diagnose sampling problems
 - 
INFO [2020-11-09 17:19:29] Completed estimates for: Hawaii
INFO [2020-11-09 17:19:30] Initialising estimates for: Maryland
WARN [2020-11-09 17:19:34] Illinois: There were 18 divergent transitions after warmup. See
http://mc-stan.org/misc/warnings.html#divergent-transitions-after-warmup
to find out why this is a problem and how to eliminate them. - 
WARN [2020-11-09 17:19:34] Illinois: Examine the pairs() plot to diagnose sampling problems
 - 
INFO [2020-11-09 17:19:34] Completed estimates for: Florida
WARN [2020-11-09 17:19:34] Iowa: There were 15 divergent transitions after warmup. See
http://mc-stan.org/misc/warnings.html#divergent-transitions-after-warmup
to find out why this is a problem and how to eliminate them. - 
WARN [2020-11-09 17:19:34] Iowa: Examine the pairs() plot to diagnose sampling problems
 - 
WARN [2020-11-09 17:19:35] Indiana: There were 25 divergent transitions after warmup. See
http://mc-stan.org/misc/warnings.html#divergent-transitions-after-warmup
to find out why this is a problem and how to eliminate them. - 
WARN [2020-11-09 17:19:35] Indiana: Examine the pairs() plot to diagnose sampling problems
 - 
WARN [2020-11-09 17:19:36] Georgia: There were 8 divergent transitions after warmup. See
http://mc-stan.org/misc/warnings.html#divergent-transitions-after-warmup
to find out why this is a problem and how to eliminate them. - 
WARN [2020-11-09 17:19:36] Georgia: Examine the pairs() plot to diagnose sampling problems
 - 
WARN [2020-11-09 17:19:37] Iowa: Tail Effective Samples Size (ESS) is too low, indicating posterior variances and tail quantiles may be unreliable.
Running the chains for more iterations may help. See
http://mc-stan.org/misc/warnings.html#tail-ess - 
INFO [2020-11-09 17:19:38] Completed estimates for: Illinois
INFO [2020-11-09 17:19:39] Completed estimates for: Iowa
INFO [2020-11-09 17:19:39] Completed estimates for: Indiana
INFO [2020-11-09 17:19:40] Completed estimates for: Georgia
WARN [2020-11-09 17:19:46] Kansas: There were 15 divergent transitions after warmup. See
http://mc-stan.org/misc/warnings.html#divergent-transitions-after-warmup
to find out why this is a problem and how to eliminate them. - 
WARN [2020-11-09 17:19:46] Kansas: Examine the pairs() plot to diagnose sampling problems
 - 
INFO [2020-11-09 17:19:48] Initialising estimates for: Massachusetts
WARN [2020-11-09 17:19:48] Kansas: Bulk Effective Samples Size (ESS) is too low, indicating posterior means and medians may be unreliable.
Running the chains for more iterations may help. See
http://mc-stan.org/misc/warnings.html#bulk-ess - 
WARN [2020-11-09 17:19:49] Kansas: Tail Effective Samples Size (ESS) is too low, indicating posterior variances and tail quantiles may be unreliable.
Running the chains for more iterations may help. See
http://mc-stan.org/misc/warnings.html#tail-ess - 
INFO [2020-11-09 17:19:51] Completed estimates for: Kansas
INFO [2020-11-09 17:19:51] Initialising estimates for: Michigan
INFO [2020-11-09 17:19:57] Initialising estimates for: Minnesota
WARN [2020-11-09 17:19:59] Connecticut: There were 3 divergent transitions after warmup. See
http://mc-stan.org/misc/warnings.html#divergent-transitions-after-warmup
to find out why this is a problem and how to eliminate them. - 
WARN [2020-11-09 17:19:59] Connecticut: Examine the pairs() plot to diagnose sampling problems
 - 
WARN [2020-11-09 17:20:00] Idaho: There were 155 divergent transitions after warmup. See
http://mc-stan.org/misc/warnings.html#divergent-transitions-after-warmup
to find out why this is a problem and how to eliminate them. - 
WARN [2020-11-09 17:20:00] Idaho: Examine the pairs() plot to diagnose sampling problems
 - 
WARN [2020-11-09 17:20:01] Idaho: The largest R-hat is 1.08, indicating chains have not mixed.
Running the chains for more iterations may help. See
http://mc-stan.org/misc/warnings.html#r-hat - 
INFO [2020-11-09 17:20:01] Initialising estimates for: Mississippi
WARN [2020-11-09 17:20:02] Idaho: Bulk Effective Samples Size (ESS) is too low, indicating posterior means and medians may be unreliable.
Running the chains for more iterations may help. See
http://mc-stan.org/misc/warnings.html#bulk-ess - 
WARN [2020-11-09 17:20:03] Idaho: Tail Effective Samples Size (ESS) is too low, indicating posterior variances and tail quantiles may be unreliable.
Running the chains for more iterations may help. See
http://mc-stan.org/misc/warnings.html#tail-ess - 
INFO [2020-11-09 17:20:03] Completed estimates for: Connecticut
INFO [2020-11-09 17:20:05] Completed estimates for: Idaho
INFO [2020-11-09 17:20:10] Initialising estimates for: Missouri
INFO [2020-11-09 17:20:14] Initialising estimates for: Montana
INFO [2020-11-09 17:20:19] Initialising estimates for: Nebraska
INFO [2020-11-09 17:20:23] Initialising estimates for: Nevada
INFO [2020-11-09 17:20:29] Initialising estimates for: New Hampshire
INFO [2020-11-09 17:20:34] Initialising estimates for: New Jersey
INFO [2020-11-09 17:20:41] Initialising estimates for: New Mexico
INFO [2020-11-09 17:20:47] Initialising estimates for: New York
INFO [2020-11-09 17:20:54] Initialising estimates for: North Carolina
WARN [2020-11-09 17:21:23] Kentucky: There were 15 divergent transitions after warmup. See
http://mc-stan.org/misc/warnings.html#divergent-transitions-after-warmup
to find out why this is a problem and how to eliminate them. - 
WARN [2020-11-09 17:21:23] Kentucky: Examine the pairs() plot to diagnose sampling problems
 - 
WARN [2020-11-09 17:21:27] Kentucky: Tail Effective Samples Size (ESS) is too low, indicating posterior variances and tail quantiles may be unreliable.
Running the chains for more iterations may help. See
http://mc-stan.org/misc/warnings.html#tail-ess - 
WARN [2020-11-09 17:21:29] Maine: There were 2 divergent transitions after warmup. See
http://mc-stan.org/misc/warnings.html#divergent-transitions-after-warmup
to find out why this is a problem and how to eliminate them. - 
WARN [2020-11-09 17:21:29] Maine: Examine the pairs() plot to diagnose sampling problems
 - 
INFO [2020-11-09 17:21:30] Completed estimates for: Kentucky
INFO [2020-11-09 17:21:36] Completed estimates for: Maine
INFO [2020-11-09 17:21:48] Initialising estimates for: North Dakota
WARN [2020-11-09 17:21:49] Massachusetts: There were 16 divergent transitions after warmup. See
http://mc-stan.org/misc/warnings.html#divergent-transitions-after-warmup
to find out why this is a problem and how to eliminate them. - 
WARN [2020-11-09 17:21:49] Massachusetts: Examine the pairs() plot to diagnose sampling problems
 - 
WARN [2020-11-09 17:21:51] Minnesota: There were 24 divergent transitions after warmup. See
http://mc-stan.org/misc/warnings.html#divergent-transitions-after-warmup
to find out why this is a problem and how to eliminate them. - 
WARN [2020-11-09 17:21:51] Minnesota: Examine the pairs() plot to diagnose sampling problems
 - 
INFO [2020-11-09 17:21:53] Completed estimates for: Massachusetts
INFO [2020-11-09 17:21:55] Initialising estimates for: Ohio
INFO [2020-11-09 17:21:56] Completed estimates for: Minnesota
WARN [2020-11-09 17:22:00] Mississippi: There were 19 divergent transitions after warmup. See
http://mc-stan.org/misc/warnings.html#divergent-transitions-after-warmup
to find out why this is a problem and how to eliminate them. - 
WARN [2020-11-09 17:22:00] Mississippi: Examine the pairs() plot to diagnose sampling problems
 - 
WARN [2020-11-09 17:22:00] Maryland: There were 96 divergent transitions after warmup. See
http://mc-stan.org/misc/warnings.html#divergent-transitions-after-warmup
to find out why this is a problem and how to eliminate them. - 
WARN [2020-11-09 17:22:00] Maryland: Examine the pairs() plot to diagnose sampling problems
 - 
WARN [2020-11-09 17:22:01] Maryland: The largest R-hat is 1.12, indicating chains have not mixed.
Running the chains for more iterations may help. See
http://mc-stan.org/misc/warnings.html#r-hat - 
WARN [2020-11-09 17:22:03] Maryland: Bulk Effective Samples Size (ESS) is too low, indicating posterior means and medians may be unreliable.
Running the chains for more iterations may help. See
http://mc-stan.org/misc/warnings.html#bulk-ess - 
WARN [2020-11-09 17:22:04] Mississippi: Tail Effective Samples Size (ESS) is too low, indicating posterior variances and tail quantiles may be unreliable.
Running the chains for more iterations may help. See
http://mc-stan.org/misc/warnings.html#tail-ess - 
WARN [2020-11-09 17:22:04] Maryland: Tail Effective Samples Size (ESS) is too low, indicating posterior variances and tail quantiles may be unreliable.
Running the chains for more iterations may help. See
http://mc-stan.org/misc/warnings.html#tail-ess - 
INFO [2020-11-09 17:22:07] Completed estimates for: Mississippi
INFO [2020-11-09 17:22:07] Completed estimates for: Maryland
WARN [2020-11-09 17:22:11] Louisiana: There were 4 divergent transitions after warmup. See
http://mc-stan.org/misc/warnings.html#divergent-transitions-after-warmup
to find out why this is a problem and how to eliminate them. - 
WARN [2020-11-09 17:22:11] Louisiana: Examine the pairs() plot to diagnose sampling problems
 - 
INFO [2020-11-09 17:22:18] Completed estimates for: Louisiana
WARN [2020-11-09 17:22:20] Michigan: There were 32 divergent transitions after warmup. See
http://mc-stan.org/misc/warnings.html#divergent-transitions-after-warmup
to find out why this is a problem and how to eliminate them. - 
WARN [2020-11-09 17:22:20] Michigan: Examine the pairs() plot to diagnose sampling problems
 - 
INFO [2020-11-09 17:22:27] Initialising estimates for: Oklahoma
INFO [2020-11-09 17:22:27] Completed estimates for: Michigan
INFO [2020-11-09 17:22:35] Initialising estimates for: Oregon
WARN [2020-11-09 17:22:36] Nebraska: There were 3 divergent transitions after warmup. See
http://mc-stan.org/misc/warnings.html#divergent-transitions-after-warmup
to find out why this is a problem and how to eliminate them. - 
WARN [2020-11-09 17:22:36] Nebraska: Examine the pairs() plot to diagnose sampling problems
 - 
WARN [2020-11-09 17:22:38] Nebraska: Bulk Effective Samples Size (ESS) is too low, indicating posterior means and medians may be unreliable.
Running the chains for more iterations may help. See
http://mc-stan.org/misc/warnings.html#bulk-ess - 
WARN [2020-11-09 17:22:39] Nevada: There were 1 divergent transitions after warmup. See
http://mc-stan.org/misc/warnings.html#divergent-transitions-after-warmup
to find out why this is a problem and how to eliminate them. - 
WARN [2020-11-09 17:22:39] Nevada: Examine the pairs() plot to diagnose sampling problems
 - 
WARN [2020-11-09 17:22:40] Nebraska: Tail Effective Samples Size (ESS) is too low, indicating posterior variances and tail quantiles may be unreliable.
Running the chains for more iterations may help. See
http://mc-stan.org/misc/warnings.html#tail-ess - 
INFO [2020-11-09 17:22:41] Initialising estimates for: Pennsylvania
INFO [2020-11-09 17:22:42] Completed estimates for: Nebraska
WARN [2020-11-09 17:22:43] Missouri: There were 5 divergent transitions after warmup. See
http://mc-stan.org/misc/warnings.html#divergent-transitions-after-warmup
to find out why this is a problem and how to eliminate them. - 
WARN [2020-11-09 17:22:43] Missouri: Examine the pairs() plot to diagnose sampling problems
 - 
INFO [2020-11-09 17:22:44] Completed estimates for: Nevada
WARN [2020-11-09 17:22:46] Missouri: Tail Effective Samples Size (ESS) is too low, indicating posterior variances and tail quantiles may be unreliable.
Running the chains for more iterations may help. See
http://mc-stan.org/misc/warnings.html#tail-ess - 
INFO [2020-11-09 17:22:48] Completed estimates for: Missouri
WARN [2020-11-09 17:22:50] New York: There were 3 divergent transitions after warmup. See
http://mc-stan.org/misc/warnings.html#divergent-transitions-after-warmup
to find out why this is a problem and how to eliminate them. - 
WARN [2020-11-09 17:22:50] New York: Examine the pairs() plot to diagnose sampling problems
 - 
INFO [2020-11-09 17:22:52] Initialising estimates for: Puerto Rico
INFO [2020-11-09 17:22:54] Completed estimates for: New York
WARN [2020-11-09 17:23:02] Montana: There were 10 divergent transitions after warmup. See
http://mc-stan.org/misc/warnings.html#divergent-transitions-after-warmup
to find out why this is a problem and how to eliminate them. - 
WARN [2020-11-09 17:23:02] Montana: Examine the pairs() plot to diagnose sampling problems
 - 
INFO [2020-11-09 17:23:03] Initialising estimates for: Rhode Island
WARN [2020-11-09 17:23:03] Montana: Bulk Effective Samples Size (ESS) is too low, indicating posterior means and medians may be unreliable.
Running the chains for more iterations may help. See
http://mc-stan.org/misc/warnings.html#bulk-ess - 
WARN [2020-11-09 17:23:04] Montana: Tail Effective Samples Size (ESS) is too low, indicating posterior variances and tail quantiles may be unreliable.
Running the chains for more iterations may help. See
http://mc-stan.org/misc/warnings.html#tail-ess - 
INFO [2020-11-09 17:23:07] Completed estimates for: Montana
INFO [2020-11-09 17:23:08] Initialising estimates for: South Carolina
INFO [2020-11-09 17:23:16] Initialising estimates for: South Dakota
WARN [2020-11-09 17:23:18] New Mexico: There were 1 divergent transitions after warmup. See
http://mc-stan.org/misc/warnings.html#divergent-transitions-after-warmup
to find out why this is a problem and how to eliminate them. - 
WARN [2020-11-09 17:23:18] New Mexico: Examine the pairs() plot to diagnose sampling problems
 - 
INFO [2020-11-09 17:23:22] Initialising estimates for: Tennessee
INFO [2020-11-09 17:23:22] Completed estimates for: New Mexico
WARN [2020-11-09 17:23:28] New Hampshire: There were 4 divergent transitions after warmup. See
http://mc-stan.org/misc/warnings.html#divergent-transitions-after-warmup
to find out why this is a problem and how to eliminate them. - 
WARN [2020-11-09 17:23:28] New Hampshire: Examine the pairs() plot to diagnose sampling problems
 - 
INFO [2020-11-09 17:23:32] Initialising estimates for: Texas
INFO [2020-11-09 17:23:35] Completed estimates for: New Hampshire
WARN [2020-11-09 17:23:36] New Jersey: There were 3 divergent transitions after warmup. See
http://mc-stan.org/misc/warnings.html#divergent-transitions-after-warmup
to find out why this is a problem and how to eliminate them. - 
WARN [2020-11-09 17:23:36] New Jersey: Examine the pairs() plot to diagnose sampling problems
 - 
INFO [2020-11-09 17:23:41] Initialising estimates for: Utah
WARN [2020-11-09 17:23:42] North Dakota: There were 6 divergent transitions after warmup. See
http://mc-stan.org/misc/warnings.html#divergent-transitions-after-warmup
to find out why this is a problem and how to eliminate them. - 
WARN [2020-11-09 17:23:42] North Dakota: Examine the pairs() plot to diagnose sampling problems
 - 
INFO [2020-11-09 17:23:42] Completed estimates for: New Jersey
WARN [2020-11-09 17:23:45] North Dakota: Tail Effective Samples Size (ESS) is too low, indicating posterior variances and tail quantiles may be unreliable.
Running the chains for more iterations may help. See
http://mc-stan.org/misc/warnings.html#tail-ess - 
INFO [2020-11-09 17:23:47] Completed estimates for: North Dakota
INFO [2020-11-09 17:23:53] Initialising estimates for: Virginia
INFO [2020-11-09 17:23:59] Initialising estimates for: Washington
INFO [2020-11-09 17:24:05] Initialising estimates for: West Virginia
WARN [2020-11-09 17:24:08] Ohio: There were 5 divergent transitions after warmup. See
http://mc-stan.org/misc/warnings.html#divergent-transitions-after-warmup
to find out why this is a problem and how to eliminate them. - 
WARN [2020-11-09 17:24:08] Ohio: Examine the pairs() plot to diagnose sampling problems
 - 
INFO [2020-11-09 17:24:11] Initialising estimates for: Wisconsin
WARN [2020-11-09 17:24:11] Pennsylvania: There were 9 divergent transitions after warmup. See
http://mc-stan.org/misc/warnings.html#divergent-transitions-after-warmup
to find out why this is a problem and how to eliminate them. - 
WARN [2020-11-09 17:24:11] Pennsylvania: Examine the pairs() plot to diagnose sampling problems
 - 
INFO [2020-11-09 17:24:15] Completed estimates for: Ohio
INFO [2020-11-09 17:24:18] Initialising estimates for: US
INFO [2020-11-09 17:24:18] Completed estimates for: Pennsylvania
WARN [2020-11-09 17:24:38] Puerto Rico: There were 6 divergent transitions after warmup. See
http://mc-stan.org/misc/warnings.html#divergent-transitions-after-warmup
to find out why this is a problem and how to eliminate them. - 
WARN [2020-11-09 17:24:38] Puerto Rico: Examine the pairs() plot to diagnose sampling problems
 - 
INFO [2020-11-09 17:24:44] Completed estimates for: Puerto Rico
WARN [2020-11-09 17:24:51] Oregon: There were 1 divergent transitions after warmup. See
http://mc-stan.org/misc/warnings.html#divergent-transitions-after-warmup
to find out why this is a problem and how to eliminate them. - 
WARN [2020-11-09 17:24:52] Oregon: Examine the pairs() plot to diagnose sampling problems
 - 
INFO [2020-11-09 17:24:58] Completed estimates for: Oregon
WARN [2020-11-09 17:25:07] Oklahoma: There were 4 divergent transitions after warmup. See
http://mc-stan.org/misc/warnings.html#divergent-transitions-after-warmup
to find out why this is a problem and how to eliminate them. - 
WARN [2020-11-09 17:25:07] Oklahoma: Examine the pairs() plot to diagnose sampling problems
 - 
INFO [2020-11-09 17:25:13] Completed estimates for: Oklahoma
WARN [2020-11-09 17:25:20] North Carolina: There were 5 divergent transitions after warmup. See
http://mc-stan.org/misc/warnings.html#divergent-transitions-after-warmup
to find out why this is a problem and how to eliminate them. - 
WARN [2020-11-09 17:25:20] North Carolina: Examine the pairs() plot to diagnose sampling problems
 - 
INFO [2020-11-09 17:25:24] Completed estimates for: North Carolina
WARN [2020-11-09 17:25:28] South Dakota: There were 5 divergent transitions after warmup. See
http://mc-stan.org/misc/warnings.html#divergent-transitions-after-warmup
to find out why this is a problem and how to eliminate them. - 
WARN [2020-11-09 17:25:28] South Dakota: Examine the pairs() plot to diagnose sampling problems
 - 
INFO [2020-11-09 17:25:33] Completed estimates for: South Dakota
WARN [2020-11-09 17:25:37] Rhode Island: There were 12 divergent transitions after warmup. See
http://mc-stan.org/misc/warnings.html#divergent-transitions-after-warmup
to find out why this is a problem and how to eliminate them. - 
WARN [2020-11-09 17:25:37] Rhode Island: Examine the pairs() plot to diagnose sampling problems
 - 
WARN [2020-11-09 17:25:41] South Carolina: There were 21 divergent transitions after warmup. See
http://mc-stan.org/misc/warnings.html#divergent-transitions-after-warmup
to find out why this is a problem and how to eliminate them. - 
WARN [2020-11-09 17:25:41] South Carolina: Examine the pairs() plot to diagnose sampling problems
 - 
INFO [2020-11-09 17:25:42] Completed estimates for: Rhode Island
INFO [2020-11-09 17:25:46] Completed estimates for: South Carolina
WARN [2020-11-09 17:25:55] Washington: There were 10 divergent transitions after warmup. See
http://mc-stan.org/misc/warnings.html#divergent-transitions-after-warmup
to find out why this is a problem and how to eliminate them. - 
WARN [2020-11-09 17:25:55] Washington: Examine the pairs() plot to diagnose sampling problems
 - 
WARN [2020-11-09 17:25:58] Tennessee: There were 20 divergent transitions after warmup. See
http://mc-stan.org/misc/warnings.html#divergent-transitions-after-warmup
to find out why this is a problem and how to eliminate them. - 
WARN [2020-11-09 17:25:58] Tennessee: Examine the pairs() plot to diagnose sampling problems
 - 
INFO [2020-11-09 17:26:00] Completed estimates for: Washington
WARN [2020-11-09 17:26:00] Tennessee: Bulk Effective Samples Size (ESS) is too low, indicating posterior means and medians may be unreliable.
Running the chains for more iterations may help. See
http://mc-stan.org/misc/warnings.html#bulk-ess - 
WARN [2020-11-09 17:26:01] Tennessee: Tail Effective Samples Size (ESS) is too low, indicating posterior variances and tail quantiles may be unreliable.
Running the chains for more iterations may help. See
http://mc-stan.org/misc/warnings.html#tail-ess - 
INFO [2020-11-09 17:26:03] Completed estimates for: Tennessee
WARN [2020-11-09 17:26:06] US: There were 31 divergent transitions after warmup. See
http://mc-stan.org/misc/warnings.html#divergent-transitions-after-warmup
to find out why this is a problem and how to eliminate them. - 
WARN [2020-11-09 17:26:06] US: Examine the pairs() plot to diagnose sampling problems
 - 
WARN [2020-11-09 17:26:07] Texas: There were 18 divergent transitions after warmup. See
http://mc-stan.org/misc/warnings.html#divergent-transitions-after-warmup
to find out why this is a problem and how to eliminate them. - 
WARN [2020-11-09 17:26:07] Texas: Examine the pairs() plot to diagnose sampling problems
 - 
INFO [2020-11-09 17:26:11] Completed estimates for: US
INFO [2020-11-09 17:26:12] Completed estimates for: Utah
INFO [2020-11-09 17:26:12] Completed estimates for: Texas
WARN [2020-11-09 17:26:14] Wisconsin: There were 44 divergent transitions after warmup. See
http://mc-stan.org/misc/warnings.html#divergent-transitions-after-warmup
to find out why this is a problem and how to eliminate them. - 
WARN [2020-11-09 17:26:14] Wisconsin: Examine the pairs() plot to diagnose sampling problems
 - 
WARN [2020-11-09 17:26:16] Wisconsin: Bulk Effective Samples Size (ESS) is too low, indicating posterior means and medians may be unreliable.
Running the chains for more iterations may help. See
http://mc-stan.org/misc/warnings.html#bulk-ess - 
WARN [2020-11-09 17:26:17] Wisconsin: Tail Effective Samples Size (ESS) is too low, indicating posterior variances and tail quantiles may be unreliable.
Running the chains for more iterations may help. See
http://mc-stan.org/misc/warnings.html#tail-ess - 
INFO [2020-11-09 17:26:19] Completed estimates for: Wisconsin
WARN [2020-11-09 17:26:21] West Virginia: There were 2 divergent transitions after warmup. See
http://mc-stan.org/misc/warnings.html#divergent-transitions-after-warmup
to find out why this is a problem and how to eliminate them. - 
WARN [2020-11-09 17:26:21] West Virginia: Examine the pairs() plot to diagnose sampling problems
 - 
INFO [2020-11-09 17:26:25] Completed estimates for: West Virginia
INFO [2020-11-09 17:26:54] Completed estimates for: Virginia
WARN [2020-11-09 17:35:02] Arizona: There were 1 divergent transitions after warmup. See
http://mc-stan.org/misc/warnings.html#divergent-transitions-after-warmup
to find out why this is a problem and how to eliminate them. - 
WARN [2020-11-09 17:35:02] Arizona: Examine the pairs() plot to diagnose sampling problems
 - 
INFO [2020-11-09 17:35:06] Completed estimates for: Arizona
