INFO [2020-11-02 19:48:10] Initialising estimates for: Alabama
ERROR [2020-11-02 19:48:10] Alabama: NA/NaN/Inf in 'y' - lm.fit, x, y, offset, singular.ok, ...
INFO [2020-11-02 19:48:10] Initialising estimates for: Alaska
ERROR [2020-11-02 19:48:10] Alaska: NA/NaN/Inf in 'y' - lm.fit, x, y, offset, singular.ok, ...
INFO [2020-11-02 19:48:10] Initialising estimates for: Arizona
ERROR [2020-11-02 19:48:10] Arizona: NA/NaN/Inf in 'y' - lm.fit, x, y, offset, singular.ok, ...
INFO [2020-11-02 19:48:10] Initialising estimates for: Arkansas
INFO [2020-11-02 19:48:11] Initialising estimates for: California
INFO [2020-11-02 19:48:11] Initialising estimates for: Colorado
ERROR [2020-11-02 19:48:11] Colorado: NA/NaN/Inf in 'y' - lm.fit, x, y, offset, singular.ok, ...
INFO [2020-11-02 19:48:13] Initialising estimates for: Connecticut
ERROR [2020-11-02 19:48:13] Connecticut: NA/NaN/Inf in 'y' - lm.fit, x, y, offset, singular.ok, ...
INFO [2020-11-02 19:48:14] Initialising estimates for: Delaware
ERROR [2020-11-02 19:48:14] Delaware: NA/NaN/Inf in 'y' - lm.fit, x, y, offset, singular.ok, ...
INFO [2020-11-02 19:48:15] Initialising estimates for: District of Columbia
ERROR [2020-11-02 19:48:15] District of Columbia: NA/NaN/Inf in 'y' - lm.fit, x, y, offset, singular.ok, ...
INFO [2020-11-02 19:48:16] Initialising estimates for: Florida
INFO [2020-11-02 19:48:18] Initialising estimates for: Georgia
INFO [2020-11-02 19:48:19] Initialising estimates for: Guam
ERROR [2020-11-02 19:48:19] Guam: NA/NaN/Inf in 'y' - lm.fit, x, y, offset, singular.ok, ...
INFO [2020-11-02 19:48:22] Initialising estimates for: Hawaii
INFO [2020-11-02 19:48:24] Initialising estimates for: Idaho
ERROR [2020-11-02 19:48:24] Idaho: NA/NaN/Inf in 'y' - lm.fit, x, y, offset, singular.ok, ...
INFO [2020-11-02 19:48:27] Initialising estimates for: Illinois
INFO [2020-11-02 19:48:29] Initialising estimates for: Indiana
INFO [2020-11-02 19:48:32] Initialising estimates for: Iowa
WARN [2020-11-02 19:48:33] Iowa (chain: 1): some chains had errors; consider specifying chains = 1 to debug - .local, object, ...
ERROR [2020-11-02 19:48:33] Iowa: $ operator is invalid for atomic vectors - 
INFO [2020-11-02 19:48:37] Initialising estimates for: Kansas
INFO [2020-11-02 19:48:40] Initialising estimates for: Kentucky
ERROR [2020-11-02 19:48:40] Kentucky: NA/NaN/Inf in 'y' - lm.fit, x, y, offset, singular.ok, ...
INFO [2020-11-02 19:48:45] Initialising estimates for: Louisiana
ERROR [2020-11-02 19:48:45] Louisiana: NA/NaN/Inf in 'y' - lm.fit, x, y, offset, singular.ok, ...
INFO [2020-11-02 19:48:50] Initialising estimates for: Maryland
INFO [2020-11-02 19:48:53] Initialising estimates for: Massachusetts
INFO [2020-11-02 19:48:57] Initialising estimates for: Michigan
ERROR [2020-11-02 19:48:57] Michigan: NA/NaN/Inf in 'y' - lm.fit, x, y, offset, singular.ok, ...
INFO [2020-11-02 19:49:03] Initialising estimates for: Minnesota
INFO [2020-11-02 19:49:08] Initialising estimates for: Mississippi
ERROR [2020-11-02 19:49:08] Mississippi: NA/NaN/Inf in 'y' - lm.fit, x, y, offset, singular.ok, ...
INFO [2020-11-02 19:49:15] Initialising estimates for: Missouri
WARN [2020-11-02 19:49:19] Hawaii (chain: 1): There were 4 divergent transitions after warmup. See
http://mc-stan.org/misc/warnings.html#divergent-transitions-after-warmup
to find out why this is a problem and how to eliminate them. - 
WARN [2020-11-02 19:49:19] Hawaii (chain: 1): Examine the pairs() plot to diagnose sampling problems
 - 
INFO [2020-11-02 19:49:19] Initialising estimates for: Montana
INFO [2020-11-02 19:49:25] Initialising estimates for: Nebraska
ERROR [2020-11-02 19:49:25] Nebraska: NA/NaN/Inf in 'y' - lm.fit, x, y, offset, singular.ok, ...
INFO [2020-11-02 19:49:26] Completed estimates for: Hawaii
INFO [2020-11-02 19:49:35] Initialising estimates for: Nevada
ERROR [2020-11-02 19:49:35] Nevada: NA/NaN/Inf in 'y' - lm.fit, x, y, offset, singular.ok, ...
WARN [2020-11-02 19:49:37] Georgia (chain: 1): There were 7 divergent transitions after warmup. See
http://mc-stan.org/misc/warnings.html#divergent-transitions-after-warmup
to find out why this is a problem and how to eliminate them. - 
WARN [2020-11-02 19:49:37] Georgia (chain: 1): Examine the pairs() plot to diagnose sampling problems
 - 
WARN [2020-11-02 19:49:38] Arkansas (chain: 1): There were 17 divergent transitions after warmup. See
http://mc-stan.org/misc/warnings.html#divergent-transitions-after-warmup
to find out why this is a problem and how to eliminate them. - 
WARN [2020-11-02 19:49:38] Arkansas (chain: 1): Examine the pairs() plot to diagnose sampling problems
 - 
WARN [2020-11-02 19:49:42] Arkansas (chain: 1): Tail Effective Samples Size (ESS) is too low, indicating posterior variances and tail quantiles may be unreliable.
Running the chains for more iterations may help. See
http://mc-stan.org/misc/warnings.html#tail-ess - 
INFO [2020-11-02 19:49:42] Initialising estimates for: New Hampshire
ERROR [2020-11-02 19:49:42] New Hampshire: NA/NaN/Inf in 'y' - lm.fit, x, y, offset, singular.ok, ...
INFO [2020-11-02 19:49:44] Completed estimates for: Arkansas
INFO [2020-11-02 19:49:44] Completed estimates for: Georgia
INFO [2020-11-02 19:49:53] Initialising estimates for: New Jersey
INFO [2020-11-02 19:49:58] Initialising estimates for: New Mexico
ERROR [2020-11-02 19:49:58] New Mexico: NA/NaN/Inf in 'y' - lm.fit, x, y, offset, singular.ok, ...
WARN [2020-11-02 19:50:00] Illinois (chain: 1): There were 24 divergent transitions after warmup. See
http://mc-stan.org/misc/warnings.html#divergent-transitions-after-warmup
to find out why this is a problem and how to eliminate them. - 
WARN [2020-11-02 19:50:00] Illinois (chain: 1): Examine the pairs() plot to diagnose sampling problems
 - 
WARN [2020-11-02 19:50:01] California (chain: 1): some chains had errors; consider specifying chains = 1 to debug - .local, object, ...
WARN [2020-11-02 19:50:01] California (chain: 1): There were 2 divergent transitions after warmup. See
http://mc-stan.org/misc/warnings.html#divergent-transitions-after-warmup
to find out why this is a problem and how to eliminate them. - 
WARN [2020-11-02 19:50:01] California (chain: 1): Examine the pairs() plot to diagnose sampling problems
 - 
INFO [2020-11-02 19:50:04] Completed estimates for: Illinois
INFO [2020-11-02 19:50:05] Initialising estimates for: New York
ERROR [2020-11-02 19:50:05] New York: NA/NaN/Inf in 'y' - lm.fit, x, y, offset, singular.ok, ...
WARN [2020-11-02 19:50:05] Florida (chain: 1): There were 11 divergent transitions after warmup. See
http://mc-stan.org/misc/warnings.html#divergent-transitions-after-warmup
to find out why this is a problem and how to eliminate them. - 
WARN [2020-11-02 19:50:05] Florida (chain: 1): Examine the pairs() plot to diagnose sampling problems
 - 
INFO [2020-11-02 19:50:06] Completed estimates for: California
WARN [2020-11-02 19:50:07] Florida (chain: 1): Bulk Effective Samples Size (ESS) is too low, indicating posterior means and medians may be unreliable.
Running the chains for more iterations may help. See
http://mc-stan.org/misc/warnings.html#bulk-ess - 
WARN [2020-11-02 19:50:08] Florida (chain: 1): Tail Effective Samples Size (ESS) is too low, indicating posterior variances and tail quantiles may be unreliable.
Running the chains for more iterations may help. See
http://mc-stan.org/misc/warnings.html#tail-ess - 
INFO [2020-11-02 19:50:10] Completed estimates for: Florida
INFO [2020-11-02 19:50:17] Initialising estimates for: North Carolina
INFO [2020-11-02 19:50:20] Initialising estimates for: North Dakota
ERROR [2020-11-02 19:50:20] North Dakota: NA/NaN/Inf in 'y' - lm.fit, x, y, offset, singular.ok, ...
WARN [2020-11-02 19:50:21] Missouri (chain: 1): some chains had errors; consider specifying chains = 1 to debug - .local, object, ...
WARN [2020-11-02 19:50:21] Missouri (chain: 1): There were 9 divergent transitions after warmup. See
http://mc-stan.org/misc/warnings.html#divergent-transitions-after-warmup
to find out why this is a problem and how to eliminate them. - 
WARN [2020-11-02 19:50:21] Missouri (chain: 1): Examine the pairs() plot to diagnose sampling problems
 - 
INFO [2020-11-02 19:50:24] Completed estimates for: Missouri
WARN [2020-11-02 19:50:27] Indiana (chain: 1): There were 23 divergent transitions after warmup. See
http://mc-stan.org/misc/warnings.html#divergent-transitions-after-warmup
to find out why this is a problem and how to eliminate them. - 
WARN [2020-11-02 19:50:27] Indiana (chain: 1): Examine the pairs() plot to diagnose sampling problems
 - 
INFO [2020-11-02 19:50:27] Initialising estimates for: Ohio
WARN [2020-11-02 19:50:30] Kansas (chain: 1): some chains had errors; consider specifying chains = 1 to debug - .local, object, ...
INFO [2020-11-02 19:50:31] Initialising estimates for: Oklahoma
ERROR [2020-11-02 19:50:31] Oklahoma: NA/NaN/Inf in 'y' - lm.fit, x, y, offset, singular.ok, ...
INFO [2020-11-02 19:50:31] Completed estimates for: Indiana
WARN [2020-11-02 19:50:33] Maryland (chain: 1): There were 2 divergent transitions after warmup. See
http://mc-stan.org/misc/warnings.html#divergent-transitions-after-warmup
to find out why this is a problem and how to eliminate them. - 
WARN [2020-11-02 19:50:33] Maryland (chain: 1): Examine the pairs() plot to diagnose sampling problems
 - 
INFO [2020-11-02 19:50:33] Completed estimates for: Kansas
INFO [2020-11-02 19:50:37] Completed estimates for: Maryland
INFO [2020-11-02 19:50:40] Initialising estimates for: Oregon
INFO [2020-11-02 19:50:43] Initialising estimates for: Pennsylvania
ERROR [2020-11-02 19:50:43] Pennsylvania: NA/NaN/Inf in 'y' - lm.fit, x, y, offset, singular.ok, ...
INFO [2020-11-02 19:50:47] Initialising estimates for: Puerto Rico
ERROR [2020-11-02 19:50:48] Puerto Rico: NA/NaN/Inf in 'y' - lm.fit, x, y, offset, singular.ok, ...
INFO [2020-11-02 19:50:52] Initialising estimates for: Rhode Island
ERROR [2020-11-02 19:50:52] Rhode Island: NA/NaN/Inf in 'y' - lm.fit, x, y, offset, singular.ok, ...
WARN [2020-11-02 19:50:53] Massachusetts (chain: 1): some chains had errors; consider specifying chains = 1 to debug - .local, object, ...
WARN [2020-11-02 19:50:53] Massachusetts (chain: 1): There were 1 divergent transitions after warmup. See
http://mc-stan.org/misc/warnings.html#divergent-transitions-after-warmup
to find out why this is a problem and how to eliminate them. - 
WARN [2020-11-02 19:50:53] Massachusetts (chain: 1): Examine the pairs() plot to diagnose sampling problems
 - 
WARN [2020-11-02 19:50:55] Minnesota (chain: 1): some chains had errors; consider specifying chains = 1 to debug - .local, object, ...
WARN [2020-11-02 19:50:55] Minnesota (chain: 1): There were 9 divergent transitions after warmup. See
http://mc-stan.org/misc/warnings.html#divergent-transitions-after-warmup
to find out why this is a problem and how to eliminate them. - 
WARN [2020-11-02 19:50:55] Minnesota (chain: 1): Examine the pairs() plot to diagnose sampling problems
 - 
INFO [2020-11-02 19:50:56] Initialising estimates for: South Carolina
INFO [2020-11-02 19:50:57] Completed estimates for: Massachusetts
WARN [2020-11-02 19:50:57] Minnesota (chain: 1): Tail Effective Samples Size (ESS) is too low, indicating posterior variances and tail quantiles may be unreliable.
Running the chains for more iterations may help. See
http://mc-stan.org/misc/warnings.html#tail-ess - 
INFO [2020-11-02 19:50:59] Completed estimates for: Minnesota
INFO [2020-11-02 19:51:02] Initialising estimates for: South Dakota
ERROR [2020-11-02 19:51:02] South Dakota: NA/NaN/Inf in 'y' - lm.fit, x, y, offset, singular.ok, ...
INFO [2020-11-02 19:51:06] Initialising estimates for: Tennessee
INFO [2020-11-02 19:51:08] Initialising estimates for: Texas
WARN [2020-11-02 19:51:10] Texas (chain: 1): some chains had errors; consider specifying chains = 1 to debug - .local, object, ...
ERROR [2020-11-02 19:51:10] Texas: $ operator is invalid for atomic vectors - 
INFO [2020-11-02 19:51:11] Completed estimates for: Montana
INFO [2020-11-02 19:51:14] Initialising estimates for: Utah
INFO [2020-11-02 19:51:17] Initialising estimates for: Virginia
INFO [2020-11-02 19:51:20] Initialising estimates for: Washington
ERROR [2020-11-02 19:51:20] Washington: NA/NaN/Inf in 'y' - lm.fit, x, y, offset, singular.ok, ...
INFO [2020-11-02 19:51:25] Initialising estimates for: West Virginia
ERROR [2020-11-02 19:51:25] West Virginia: NA/NaN/Inf in 'y' - lm.fit, x, y, offset, singular.ok, ...
INFO [2020-11-02 19:51:30] Initialising estimates for: Wisconsin
ERROR [2020-11-02 19:51:30] Wisconsin: NA/NaN/Inf in 'y' - lm.fit, x, y, offset, singular.ok, ...
INFO [2020-11-02 19:51:35] Initialising estimates for: US
INFO [2020-11-02 19:51:42] Completed estimates for: New Jersey
INFO [2020-11-02 19:51:50] Completed estimates for: Ohio
WARN [2020-11-02 19:52:00] Oregon (chain: 1): There were 4 divergent transitions after warmup. See
http://mc-stan.org/misc/warnings.html#divergent-transitions-after-warmup
to find out why this is a problem and how to eliminate them. - 
WARN [2020-11-02 19:52:00] Oregon (chain: 1): Examine the pairs() plot to diagnose sampling problems
 - 
WARN [2020-11-02 19:52:00] North Carolina (chain: 1): some chains had errors; consider specifying chains = 1 to debug - .local, object, ...
WARN [2020-11-02 19:52:00] North Carolina (chain: 1): There were 1 divergent transitions after warmup. See
http://mc-stan.org/misc/warnings.html#divergent-transitions-after-warmup
to find out why this is a problem and how to eliminate them. - 
WARN [2020-11-02 19:52:00] North Carolina (chain: 1): Examine the pairs() plot to diagnose sampling problems
 - 
INFO [2020-11-02 19:52:04] Completed estimates for: North Carolina
INFO [2020-11-02 19:52:05] Completed estimates for: Oregon
WARN [2020-11-02 19:52:29] Utah (chain: 1): There were 14 divergent transitions after warmup. See
http://mc-stan.org/misc/warnings.html#divergent-transitions-after-warmup
to find out why this is a problem and how to eliminate them. - 
WARN [2020-11-02 19:52:29] Utah (chain: 1): Examine the pairs() plot to diagnose sampling problems
 - 
INFO [2020-11-02 19:52:33] Completed estimates for: Utah
WARN [2020-11-02 19:52:44] South Carolina (chain: 1): There were 1 divergent transitions after warmup. See
http://mc-stan.org/misc/warnings.html#divergent-transitions-after-warmup
to find out why this is a problem and how to eliminate them. - 
WARN [2020-11-02 19:52:44] South Carolina (chain: 1): Examine the pairs() plot to diagnose sampling problems
 - 
WARN [2020-11-02 19:52:45] Tennessee (chain: 1): some chains had errors; consider specifying chains = 1 to debug - .local, object, ...
INFO [2020-11-02 19:52:48] Completed estimates for: South Carolina
INFO [2020-11-02 19:52:49] Completed estimates for: Tennessee
WARN [2020-11-02 19:53:19] Virginia (chain: 1): There were 1 divergent transitions after warmup. See
http://mc-stan.org/misc/warnings.html#divergent-transitions-after-warmup
to find out why this is a problem and how to eliminate them. - 
WARN [2020-11-02 19:53:19] Virginia (chain: 1): Examine the pairs() plot to diagnose sampling problems
 - 
INFO [2020-11-02 19:53:23] Completed estimates for: Virginia
WARN [2020-11-02 19:53:47] US (chain: 1): There were 76 divergent transitions after warmup. See
http://mc-stan.org/misc/warnings.html#divergent-transitions-after-warmup
to find out why this is a problem and how to eliminate them. - 
WARN [2020-11-02 19:53:47] US (chain: 1): Examine the pairs() plot to diagnose sampling problems
 - 
WARN [2020-11-02 19:53:49] US (chain: 1): Bulk Effective Samples Size (ESS) is too low, indicating posterior means and medians may be unreliable.
Running the chains for more iterations may help. See
http://mc-stan.org/misc/warnings.html#bulk-ess - 
WARN [2020-11-02 19:53:49] US (chain: 1): Tail Effective Samples Size (ESS) is too low, indicating posterior variances and tail quantiles may be unreliable.
Running the chains for more iterations may help. See
http://mc-stan.org/misc/warnings.html#tail-ess - 
INFO [2020-11-02 19:53:51] Completed estimates for: US
INFO [2020-11-02 19:53:52] Runtime error in Alabama : Alabama: NA/NaN/Inf in 'y' - lm.fit, x, y, offset, singular.ok, ...
INFO [2020-11-02 19:53:52] Runtime error in Alaska : Alaska: NA/NaN/Inf in 'y' - lm.fit, x, y, offset, singular.ok, ...
INFO [2020-11-02 19:53:52] Runtime error in Arizona : Arizona: NA/NaN/Inf in 'y' - lm.fit, x, y, offset, singular.ok, ...
INFO [2020-11-02 19:53:52] Runtime error in Colorado : Colorado: NA/NaN/Inf in 'y' - lm.fit, x, y, offset, singular.ok, ...
INFO [2020-11-02 19:53:52] Runtime error in Connecticut : Connecticut: NA/NaN/Inf in 'y' - lm.fit, x, y, offset, singular.ok, ...
INFO [2020-11-02 19:53:52] Runtime error in Delaware : Delaware: NA/NaN/Inf in 'y' - lm.fit, x, y, offset, singular.ok, ...
INFO [2020-11-02 19:53:52] Runtime error in District of Columbia : District of Columbia: NA/NaN/Inf in 'y' - lm.fit, x, y, offset, singular.ok, ...
INFO [2020-11-02 19:53:52] Runtime error in Guam : Guam: NA/NaN/Inf in 'y' - lm.fit, x, y, offset, singular.ok, ...
INFO [2020-11-02 19:53:52] Runtime error in Idaho : Idaho: NA/NaN/Inf in 'y' - lm.fit, x, y, offset, singular.ok, ...
INFO [2020-11-02 19:53:52] Runtime error in Iowa : Iowa: $ operator is invalid for atomic vectors - 
INFO [2020-11-02 19:53:52] Runtime error in Kentucky : Kentucky: NA/NaN/Inf in 'y' - lm.fit, x, y, offset, singular.ok, ...
INFO [2020-11-02 19:53:52] Runtime error in Louisiana : Louisiana: NA/NaN/Inf in 'y' - lm.fit, x, y, offset, singular.ok, ...
INFO [2020-11-02 19:53:52] Runtime error in Michigan : Michigan: NA/NaN/Inf in 'y' - lm.fit, x, y, offset, singular.ok, ...
INFO [2020-11-02 19:53:52] Runtime error in Mississippi : Mississippi: NA/NaN/Inf in 'y' - lm.fit, x, y, offset, singular.ok, ...
INFO [2020-11-02 19:53:52] Runtime error in Nebraska : Nebraska: NA/NaN/Inf in 'y' - lm.fit, x, y, offset, singular.ok, ...
INFO [2020-11-02 19:53:52] Runtime error in Nevada : Nevada: NA/NaN/Inf in 'y' - lm.fit, x, y, offset, singular.ok, ...
INFO [2020-11-02 19:53:52] Runtime error in New Hampshire : New Hampshire: NA/NaN/Inf in 'y' - lm.fit, x, y, offset, singular.ok, ...
INFO [2020-11-02 19:53:52] Runtime error in New Mexico : New Mexico: NA/NaN/Inf in 'y' - lm.fit, x, y, offset, singular.ok, ...
INFO [2020-11-02 19:53:52] Runtime error in New York : New York: NA/NaN/Inf in 'y' - lm.fit, x, y, offset, singular.ok, ...
INFO [2020-11-02 19:53:52] Runtime error in North Dakota : North Dakota: NA/NaN/Inf in 'y' - lm.fit, x, y, offset, singular.ok, ...
INFO [2020-11-02 19:53:52] Runtime error in Oklahoma : Oklahoma: NA/NaN/Inf in 'y' - lm.fit, x, y, offset, singular.ok, ...
INFO [2020-11-02 19:53:52] Runtime error in Pennsylvania : Pennsylvania: NA/NaN/Inf in 'y' - lm.fit, x, y, offset, singular.ok, ...
INFO [2020-11-02 19:53:52] Runtime error in Puerto Rico : Puerto Rico: NA/NaN/Inf in 'y' - lm.fit, x, y, offset, singular.ok, ...
INFO [2020-11-02 19:53:52] Runtime error in Rhode Island : Rhode Island: NA/NaN/Inf in 'y' - lm.fit, x, y, offset, singular.ok, ...
INFO [2020-11-02 19:53:52] Runtime error in South Dakota : South Dakota: NA/NaN/Inf in 'y' - lm.fit, x, y, offset, singular.ok, ...
INFO [2020-11-02 19:53:52] Runtime error in Texas : Texas: $ operator is invalid for atomic vectors - 
INFO [2020-11-02 19:53:52] Runtime error in Washington : Washington: NA/NaN/Inf in 'y' - lm.fit, x, y, offset, singular.ok, ...
INFO [2020-11-02 19:53:52] Runtime error in West Virginia : West Virginia: NA/NaN/Inf in 'y' - lm.fit, x, y, offset, singular.ok, ...
INFO [2020-11-02 19:53:52] Runtime error in Wisconsin : Wisconsin: NA/NaN/Inf in 'y' - lm.fit, x, y, offset, singular.ok, ...
