INFO [2020-11-16 15:51:17] Initialising estimates for: Alabama
INFO [2020-11-16 15:51:17] Initialising estimates for: Alaska
INFO [2020-11-16 15:51:18] Initialising estimates for: Arizona
INFO [2020-11-16 15:51:20] Initialising estimates for: Arkansas
INFO [2020-11-16 15:51:21] Initialising estimates for: California
INFO [2020-11-16 15:51:23] Initialising estimates for: Colorado
INFO [2020-11-16 15:51:26] Initialising estimates for: Connecticut
INFO [2020-11-16 15:51:29] Initialising estimates for: Delaware
INFO [2020-11-16 15:51:32] Initialising estimates for: District of Columbia
INFO [2020-11-16 15:51:36] Initialising estimates for: Florida
INFO [2020-11-16 15:51:40] Initialising estimates for: Georgia
INFO [2020-11-16 15:51:44] Initialising estimates for: Guam
INFO [2020-11-16 15:51:49] Initialising estimates for: Hawaii
INFO [2020-11-16 15:51:54] Initialising estimates for: Idaho
INFO [2020-11-16 15:52:00] Initialising estimates for: Illinois
INFO [2020-11-16 15:52:06] Initialising estimates for: Indiana
INFO [2020-11-16 15:52:13] Initialising estimates for: Iowa
INFO [2020-11-16 15:52:20] Initialising estimates for: Kansas
WARN [2020-11-16 15:52:43] District of Columbia (chain: 1): There were 2 divergent transitions after warmup. See
http://mc-stan.org/misc/warnings.html#divergent-transitions-after-warmup
to find out why this is a problem and how to eliminate them. - 
WARN [2020-11-16 15:52:43] District of Columbia (chain: 1): Examine the pairs() plot to diagnose sampling problems
 - 
WARN [2020-11-16 15:52:46] Arkansas (chain: 1): There were 4 divergent transitions after warmup. See
http://mc-stan.org/misc/warnings.html#divergent-transitions-after-warmup
to find out why this is a problem and how to eliminate them. - 
WARN [2020-11-16 15:52:46] Arkansas (chain: 1): Examine the pairs() plot to diagnose sampling problems
 - 
INFO [2020-11-16 15:52:48] Completed estimates for: Alaska
WARN [2020-11-16 15:52:49] Alabama (chain: 1): There were 4 divergent transitions after warmup. See
http://mc-stan.org/misc/warnings.html#divergent-transitions-after-warmup
to find out why this is a problem and how to eliminate them. - 
WARN [2020-11-16 15:52:49] Alabama (chain: 1): Examine the pairs() plot to diagnose sampling problems
 - 
INFO [2020-11-16 15:52:53] Completed estimates for: Delaware
INFO [2020-11-16 15:52:55] Completed estimates for: Arkansas
INFO [2020-11-16 15:52:56] Completed estimates for: District of Columbia
WARN [2020-11-16 15:52:57] California (chain: 1): There were 4 divergent transitions after warmup. See
http://mc-stan.org/misc/warnings.html#divergent-transitions-after-warmup
to find out why this is a problem and how to eliminate them. - 
WARN [2020-11-16 15:52:57] California (chain: 1): Examine the pairs() plot to diagnose sampling problems
 - 
INFO [2020-11-16 15:52:58] Completed estimates for: Alabama
INFO [2020-11-16 15:53:04] Completed estimates for: Arizona
INFO [2020-11-16 15:53:04] Completed estimates for: California
WARN [2020-11-16 15:53:09] Colorado (chain: 1): There were 9 divergent transitions after warmup. See
http://mc-stan.org/misc/warnings.html#divergent-transitions-after-warmup
to find out why this is a problem and how to eliminate them. - 
WARN [2020-11-16 15:53:09] Colorado (chain: 1): Examine the pairs() plot to diagnose sampling problems
 - 
WARN [2020-11-16 15:53:10] Connecticut (chain: 1): There were 10 divergent transitions after warmup. See
http://mc-stan.org/misc/warnings.html#divergent-transitions-after-warmup
to find out why this is a problem and how to eliminate them. - 
WARN [2020-11-16 15:53:10] Connecticut (chain: 1): Examine the pairs() plot to diagnose sampling problems
 - 
WARN [2020-11-16 15:53:10] Colorado (chain: 1): Bulk Effective Samples Size (ESS) is too low, indicating posterior means and medians may be unreliable.
Running the chains for more iterations may help. See
http://mc-stan.org/misc/warnings.html#bulk-ess - 
WARN [2020-11-16 15:53:11] Colorado (chain: 1): Tail Effective Samples Size (ESS) is too low, indicating posterior variances and tail quantiles may be unreliable.
Running the chains for more iterations may help. See
http://mc-stan.org/misc/warnings.html#tail-ess - 
INFO [2020-11-16 15:53:16] Completed estimates for: Colorado
INFO [2020-11-16 15:53:17] Completed estimates for: Hawaii
INFO [2020-11-16 15:53:18] Initialising estimates for: Kentucky
INFO [2020-11-16 15:53:18] Completed estimates for: Connecticut
WARN [2020-11-16 15:53:19] Florida (chain: 1): There were 7 divergent transitions after warmup. See
http://mc-stan.org/misc/warnings.html#divergent-transitions-after-warmup
to find out why this is a problem and how to eliminate them. - 
WARN [2020-11-16 15:53:19] Florida (chain: 1): Examine the pairs() plot to diagnose sampling problems
 - 
WARN [2020-11-16 15:53:19] Georgia (chain: 1): There were 6 divergent transitions after warmup. See
http://mc-stan.org/misc/warnings.html#divergent-transitions-after-warmup
to find out why this is a problem and how to eliminate them. - 
WARN [2020-11-16 15:53:19] Georgia (chain: 1): Examine the pairs() plot to diagnose sampling problems
 - 
INFO [2020-11-16 15:53:22] Completed estimates for: Guam
INFO [2020-11-16 15:53:27] Completed estimates for: Florida
INFO [2020-11-16 15:53:28] Completed estimates for: Georgia
INFO [2020-11-16 15:53:32] Initialising estimates for: Louisiana
WARN [2020-11-16 15:53:34] Kansas (chain: 1): There were 2 divergent transitions after warmup. See
http://mc-stan.org/misc/warnings.html#divergent-transitions-after-warmup
to find out why this is a problem and how to eliminate them. - 
WARN [2020-11-16 15:53:34] Kansas (chain: 1): Examine the pairs() plot to diagnose sampling problems
 - 
INFO [2020-11-16 15:53:35] Initialising estimates for: Maine
WARN [2020-11-16 15:53:38] Illinois (chain: 1): There were 4 divergent transitions after warmup. See
http://mc-stan.org/misc/warnings.html#divergent-transitions-after-warmup
to find out why this is a problem and how to eliminate them. - 
WARN [2020-11-16 15:53:38] Illinois (chain: 1): Examine the pairs() plot to diagnose sampling problems
 - 
INFO [2020-11-16 15:53:38] Initialising estimates for: Maryland
INFO [2020-11-16 15:53:42] Initialising estimates for: Massachusetts
INFO [2020-11-16 15:53:42] Completed estimates for: Kansas
WARN [2020-11-16 15:53:43] Iowa (chain: 1): There were 4 divergent transitions after warmup. See
http://mc-stan.org/misc/warnings.html#divergent-transitions-after-warmup
to find out why this is a problem and how to eliminate them. - 
WARN [2020-11-16 15:53:43] Iowa (chain: 1): Examine the pairs() plot to diagnose sampling problems
 - 
INFO [2020-11-16 15:53:47] Completed estimates for: Illinois
INFO [2020-11-16 15:53:48] Initialising estimates for: Michigan
INFO [2020-11-16 15:53:51] Completed estimates for: Iowa
INFO [2020-11-16 15:53:56] Initialising estimates for: Minnesota
INFO [2020-11-16 15:53:59] Initialising estimates for: Mississippi
WARN [2020-11-16 15:54:03] Idaho (chain: 1): There were 9 divergent transitions after warmup. See
http://mc-stan.org/misc/warnings.html#divergent-transitions-after-warmup
to find out why this is a problem and how to eliminate them. - 
WARN [2020-11-16 15:54:03] Idaho (chain: 1): Examine the pairs() plot to diagnose sampling problems
 - 
INFO [2020-11-16 15:54:03] Initialising estimates for: Missouri
INFO [2020-11-16 15:54:08] Initialising estimates for: Montana
INFO [2020-11-16 15:54:13] Initialising estimates for: Nebraska
INFO [2020-11-16 15:54:15] Completed estimates for: Idaho
WARN [2020-11-16 15:54:21] Indiana (chain: 1): There were 2 divergent transitions after warmup. See
http://mc-stan.org/misc/warnings.html#divergent-transitions-after-warmup
to find out why this is a problem and how to eliminate them. - 
WARN [2020-11-16 15:54:21] Indiana (chain: 1): Examine the pairs() plot to diagnose sampling problems
 - 
INFO [2020-11-16 15:54:21] Initialising estimates for: Nevada
INFO [2020-11-16 15:54:26] Initialising estimates for: New Hampshire
WARN [2020-11-16 15:54:27] Louisiana (chain: 1): There were 1 divergent transitions after warmup. See
http://mc-stan.org/misc/warnings.html#divergent-transitions-after-warmup
to find out why this is a problem and how to eliminate them. - 
WARN [2020-11-16 15:54:27] Louisiana (chain: 1): Examine the pairs() plot to diagnose sampling problems
 - 
INFO [2020-11-16 15:54:32] Initialising estimates for: New Jersey
INFO [2020-11-16 15:54:34] Completed estimates for: Indiana
INFO [2020-11-16 15:54:41] Initialising estimates for: New Mexico
INFO [2020-11-16 15:54:41] Completed estimates for: Louisiana
INFO [2020-11-16 15:54:50] Initialising estimates for: New York
WARN [2020-11-16 15:54:51] Kentucky (chain: 1): There were 25 divergent transitions after warmup. See
http://mc-stan.org/misc/warnings.html#divergent-transitions-after-warmup
to find out why this is a problem and how to eliminate them. - 
WARN [2020-11-16 15:54:51] Kentucky (chain: 1): Examine the pairs() plot to diagnose sampling problems
 - 
WARN [2020-11-16 15:54:55] Maryland (chain: 1): There were 59 divergent transitions after warmup. See
http://mc-stan.org/misc/warnings.html#divergent-transitions-after-warmup
to find out why this is a problem and how to eliminate them. - 
WARN [2020-11-16 15:54:55] Maryland (chain: 1): Examine the pairs() plot to diagnose sampling problems
 - 
INFO [2020-11-16 15:54:56] Initialising estimates for: North Carolina
WARN [2020-11-16 15:54:58] Maryland (chain: 1): Bulk Effective Samples Size (ESS) is too low, indicating posterior means and medians may be unreliable.
Running the chains for more iterations may help. See
http://mc-stan.org/misc/warnings.html#bulk-ess - 
WARN [2020-11-16 15:55:00] Maryland (chain: 1): Tail Effective Samples Size (ESS) is too low, indicating posterior variances and tail quantiles may be unreliable.
Running the chains for more iterations may help. See
http://mc-stan.org/misc/warnings.html#tail-ess - 
INFO [2020-11-16 15:55:03] Initialising estimates for: North Dakota
INFO [2020-11-16 15:55:04] Completed estimates for: Kentucky
INFO [2020-11-16 15:55:09] Completed estimates for: Maryland
WARN [2020-11-16 15:55:12] Mississippi (chain: 1): There were 1 divergent transitions after warmup. See
http://mc-stan.org/misc/warnings.html#divergent-transitions-after-warmup
to find out why this is a problem and how to eliminate them. - 
WARN [2020-11-16 15:55:12] Mississippi (chain: 1): Examine the pairs() plot to diagnose sampling problems
 - 
INFO [2020-11-16 15:55:16] Initialising estimates for: Ohio
WARN [2020-11-16 15:55:21] Maine (chain: 1): There were 1 divergent transitions after warmup. See
http://mc-stan.org/misc/warnings.html#divergent-transitions-after-warmup
to find out why this is a problem and how to eliminate them. - 
WARN [2020-11-16 15:55:22] Maine (chain: 1): Examine the pairs() plot to diagnose sampling problems
 - 
WARN [2020-11-16 15:55:22] Massachusetts (chain: 1): There were 3 divergent transitions after warmup. See
http://mc-stan.org/misc/warnings.html#divergent-transitions-after-warmup
to find out why this is a problem and how to eliminate them. - 
WARN [2020-11-16 15:55:22] Massachusetts (chain: 1): Examine the pairs() plot to diagnose sampling problems
 - 
WARN [2020-11-16 15:55:23] New Hampshire (chain: 1): There were 2 divergent transitions after warmup. See
http://mc-stan.org/misc/warnings.html#divergent-transitions-after-warmup
to find out why this is a problem and how to eliminate them. - 
WARN [2020-11-16 15:55:23] New Hampshire (chain: 1): Examine the pairs() plot to diagnose sampling problems
 - 
INFO [2020-11-16 15:55:23] Initialising estimates for: Oklahoma
INFO [2020-11-16 15:55:23] Completed estimates for: Mississippi
INFO [2020-11-16 15:55:32] Completed estimates for: Massachusetts
INFO [2020-11-16 15:55:33] Completed estimates for: Maine
WARN [2020-11-16 15:55:33] Missouri (chain: 1): There were 6 divergent transitions after warmup. See
http://mc-stan.org/misc/warnings.html#divergent-transitions-after-warmup
to find out why this is a problem and how to eliminate them. - 
WARN [2020-11-16 15:55:33] Missouri (chain: 1): Examine the pairs() plot to diagnose sampling problems
 - 
INFO [2020-11-16 15:55:33] Completed estimates for: New Hampshire
INFO [2020-11-16 15:55:33] Initialising estimates for: Oregon
INFO [2020-11-16 15:55:40] Completed estimates for: Missouri
INFO [2020-11-16 15:55:41] Completed estimates for: Nebraska
INFO [2020-11-16 15:55:49] Completed estimates for: Montana
INFO [2020-11-16 15:55:57] Initialising estimates for: Pennsylvania
INFO [2020-11-16 15:56:01] Initialising estimates for: Puerto Rico
INFO [2020-11-16 15:56:06] Completed estimates for: Michigan
INFO [2020-11-16 15:56:07] Initialising estimates for: Rhode Island
WARN [2020-11-16 15:56:09] Minnesota (chain: 1): There were 3 divergent transitions after warmup. See
http://mc-stan.org/misc/warnings.html#divergent-transitions-after-warmup
to find out why this is a problem and how to eliminate them. - 
WARN [2020-11-16 15:56:09] Minnesota (chain: 1): Examine the pairs() plot to diagnose sampling problems
 - 
INFO [2020-11-16 15:56:14] Completed estimates for: Nevada
INFO [2020-11-16 15:56:15] Initialising estimates for: South Carolina
WARN [2020-11-16 15:56:18] Ohio (chain: 1): There were 1 divergent transitions after warmup. See
http://mc-stan.org/misc/warnings.html#divergent-transitions-after-warmup
to find out why this is a problem and how to eliminate them. - 
WARN [2020-11-16 15:56:18] Ohio (chain: 1): Examine the pairs() plot to diagnose sampling problems
 - 
INFO [2020-11-16 15:56:19] Completed estimates for: Minnesota
INFO [2020-11-16 15:56:22] Completed estimates for: New York
INFO [2020-11-16 15:56:25] Completed estimates for: Ohio
WARN [2020-11-16 15:56:28] North Dakota (chain: 1): There were 11 divergent transitions after warmup. See
http://mc-stan.org/misc/warnings.html#divergent-transitions-after-warmup
to find out why this is a problem and how to eliminate them. - 
WARN [2020-11-16 15:56:28] North Dakota (chain: 1): Examine the pairs() plot to diagnose sampling problems
 - 
INFO [2020-11-16 15:56:30] Initialising estimates for: South Dakota
INFO [2020-11-16 15:56:35] Initialising estimates for: Tennessee
INFO [2020-11-16 15:56:36] Completed estimates for: North Dakota
INFO [2020-11-16 15:56:40] Completed estimates for: Oregon
WARN [2020-11-16 15:56:42] New Mexico (chain: 1): There were 5 divergent transitions after warmup. See
http://mc-stan.org/misc/warnings.html#divergent-transitions-after-warmup
to find out why this is a problem and how to eliminate them. - 
WARN [2020-11-16 15:56:42] New Mexico (chain: 1): Examine the pairs() plot to diagnose sampling problems
 - 
INFO [2020-11-16 15:56:44] Initialising estimates for: Texas
INFO [2020-11-16 15:56:48] Initialising estimates for: Utah
INFO [2020-11-16 15:56:50] Completed estimates for: New Mexico
WARN [2020-11-16 15:56:50] Pennsylvania (chain: 1): There were 12 divergent transitions after warmup. See
http://mc-stan.org/misc/warnings.html#divergent-transitions-after-warmup
to find out why this is a problem and how to eliminate them. - 
WARN [2020-11-16 15:56:50] Pennsylvania (chain: 1): Examine the pairs() plot to diagnose sampling problems
 - 
WARN [2020-11-16 15:56:55] New Jersey (chain: 1): There were 7 divergent transitions after warmup. See
http://mc-stan.org/misc/warnings.html#divergent-transitions-after-warmup
to find out why this is a problem and how to eliminate them. - 
WARN [2020-11-16 15:56:55] New Jersey (chain: 1): Examine the pairs() plot to diagnose sampling problems
 - 
INFO [2020-11-16 15:56:56] Initialising estimates for: Virginia
INFO [2020-11-16 15:56:59] Completed estimates for: Pennsylvania
WARN [2020-11-16 15:57:02] Rhode Island (chain: 1): There were 3 divergent transitions after warmup. See
http://mc-stan.org/misc/warnings.html#divergent-transitions-after-warmup
to find out why this is a problem and how to eliminate them. - 
WARN [2020-11-16 15:57:02] Rhode Island (chain: 1): Examine the pairs() plot to diagnose sampling problems
 - 
INFO [2020-11-16 15:57:03] Completed estimates for: New Jersey
INFO [2020-11-16 15:57:03] Initialising estimates for: Washington
INFO [2020-11-16 15:57:09] Completed estimates for: Rhode Island
INFO [2020-11-16 15:57:10] Initialising estimates for: West Virginia
WARN [2020-11-16 15:57:15] Puerto Rico (chain: 1): There were 4 divergent transitions after warmup. See
http://mc-stan.org/misc/warnings.html#divergent-transitions-after-warmup
to find out why this is a problem and how to eliminate them. - 
WARN [2020-11-16 15:57:15] Puerto Rico (chain: 1): Examine the pairs() plot to diagnose sampling problems
 - 
WARN [2020-11-16 15:57:17] Puerto Rico (chain: 1): Tail Effective Samples Size (ESS) is too low, indicating posterior variances and tail quantiles may be unreliable.
Running the chains for more iterations may help. See
http://mc-stan.org/misc/warnings.html#tail-ess - 
INFO [2020-11-16 15:57:17] Initialising estimates for: Wisconsin
WARN [2020-11-16 15:57:20] South Carolina (chain: 1): There were 3 divergent transitions after warmup. See
http://mc-stan.org/misc/warnings.html#divergent-transitions-after-warmup
to find out why this is a problem and how to eliminate them. - 
WARN [2020-11-16 15:57:20] South Carolina (chain: 1): Examine the pairs() plot to diagnose sampling problems
 - 
WARN [2020-11-16 15:57:21] Oklahoma (chain: 1): There were 4 divergent transitions after warmup. See
http://mc-stan.org/misc/warnings.html#divergent-transitions-after-warmup
to find out why this is a problem and how to eliminate them. - 
WARN [2020-11-16 15:57:21] Oklahoma (chain: 1): Examine the pairs() plot to diagnose sampling problems
 - 
INFO [2020-11-16 15:57:22] Initialising estimates for: US
INFO [2020-11-16 15:57:22] Completed estimates for: Puerto Rico
INFO [2020-11-16 15:57:28] Completed estimates for: South Carolina
INFO [2020-11-16 15:57:30] Completed estimates for: Oklahoma
WARN [2020-11-16 15:57:33] South Dakota (chain: 1): There were 3 divergent transitions after warmup. See
http://mc-stan.org/misc/warnings.html#divergent-transitions-after-warmup
to find out why this is a problem and how to eliminate them. - 
WARN [2020-11-16 15:57:33] South Dakota (chain: 1): Examine the pairs() plot to diagnose sampling problems
 - 
WARN [2020-11-16 15:57:38] Tennessee (chain: 1): There were 1 divergent transitions after warmup. See
http://mc-stan.org/misc/warnings.html#divergent-transitions-after-warmup
to find out why this is a problem and how to eliminate them. - 
WARN [2020-11-16 15:57:38] Tennessee (chain: 1): Examine the pairs() plot to diagnose sampling problems
 - 
INFO [2020-11-16 15:57:41] Completed estimates for: South Dakota
INFO [2020-11-16 15:57:44] Completed estimates for: North Carolina
INFO [2020-11-16 15:57:46] Completed estimates for: Tennessee
WARN [2020-11-16 15:57:50] Virginia (chain: 1): There were 2 divergent transitions after warmup. See
http://mc-stan.org/misc/warnings.html#divergent-transitions-after-warmup
to find out why this is a problem and how to eliminate them. - 
WARN [2020-11-16 15:57:50] Virginia (chain: 1): Examine the pairs() plot to diagnose sampling problems
 - 
INFO [2020-11-16 15:57:58] Completed estimates for: Virginia
INFO [2020-11-16 15:58:06] Completed estimates for: Washington
INFO [2020-11-16 15:58:07] Completed estimates for: Utah
WARN [2020-11-16 15:58:29] Texas (chain: 1): There were 9 divergent transitions after warmup. See
http://mc-stan.org/misc/warnings.html#divergent-transitions-after-warmup
to find out why this is a problem and how to eliminate them. - 
WARN [2020-11-16 15:58:29] Texas (chain: 1): Examine the pairs() plot to diagnose sampling problems
 - 
INFO [2020-11-16 15:58:34] Completed estimates for: West Virginia
INFO [2020-11-16 15:58:36] Completed estimates for: Texas
WARN [2020-11-16 15:59:32] US (chain: 1): There were 20 divergent transitions after warmup. See
http://mc-stan.org/misc/warnings.html#divergent-transitions-after-warmup
to find out why this is a problem and how to eliminate them. - 
WARN [2020-11-16 15:59:32] US (chain: 1): Examine the pairs() plot to diagnose sampling problems
 - 
INFO [2020-11-16 15:59:35] Completed estimates for: Wisconsin
INFO [2020-11-16 15:59:39] Completed estimates for: US
