INFO [2020-11-16 16:19:00] Initialising estimates for: Alabama
INFO [2020-11-16 16:19:00] Initialising estimates for: Alaska
INFO [2020-11-16 16:19:01] Initialising estimates for: Arizona
INFO [2020-11-16 16:19:02] Initialising estimates for: Arkansas
INFO [2020-11-16 16:19:04] Initialising estimates for: California
INFO [2020-11-16 16:19:06] Initialising estimates for: Colorado
INFO [2020-11-16 16:19:08] Initialising estimates for: Connecticut
INFO [2020-11-16 16:19:11] Initialising estimates for: Delaware
INFO [2020-11-16 16:19:15] Initialising estimates for: District of Columbia
INFO [2020-11-16 16:19:18] Initialising estimates for: Florida
INFO [2020-11-16 16:19:23] Initialising estimates for: Georgia
WARN [2020-11-16 16:19:25] Alabama (chain: 1): There were 1 divergent transitions after warmup. See
http://mc-stan.org/misc/warnings.html#divergent-transitions-after-warmup
to find out why this is a problem and how to eliminate them. - 
WARN [2020-11-16 16:19:25] Alabama (chain: 1): Examine the pairs() plot to diagnose sampling problems
 - 
INFO [2020-11-16 16:19:27] Initialising estimates for: Guam
INFO [2020-11-16 16:19:32] Initialising estimates for: Hawaii
INFO [2020-11-16 16:19:33] Completed estimates for: Alabama
INFO [2020-11-16 16:19:33] Completed estimates for: Alaska
WARN [2020-11-16 16:19:35] Arizona (chain: 1): There were 7 divergent transitions after warmup. See
http://mc-stan.org/misc/warnings.html#divergent-transitions-after-warmup
to find out why this is a problem and how to eliminate them. - 
WARN [2020-11-16 16:19:35] Arizona (chain: 1): Examine the pairs() plot to diagnose sampling problems
 - 
WARN [2020-11-16 16:19:36] District of Columbia (chain: 1): There were 4 divergent transitions after warmup. See
http://mc-stan.org/misc/warnings.html#divergent-transitions-after-warmup
to find out why this is a problem and how to eliminate them. - 
WARN [2020-11-16 16:19:36] District of Columbia (chain: 1): Examine the pairs() plot to diagnose sampling problems
 - 
WARN [2020-11-16 16:19:37] Arizona (chain: 1): Bulk Effective Samples Size (ESS) is too low, indicating posterior means and medians may be unreliable.
Running the chains for more iterations may help. See
http://mc-stan.org/misc/warnings.html#bulk-ess - 
WARN [2020-11-16 16:19:37] Arizona (chain: 1): Tail Effective Samples Size (ESS) is too low, indicating posterior variances and tail quantiles may be unreliable.
Running the chains for more iterations may help. See
http://mc-stan.org/misc/warnings.html#tail-ess - 
WARN [2020-11-16 16:19:38] District of Columbia (chain: 1): Bulk Effective Samples Size (ESS) is too low, indicating posterior means and medians may be unreliable.
Running the chains for more iterations may help. See
http://mc-stan.org/misc/warnings.html#bulk-ess - 
WARN [2020-11-16 16:19:39] District of Columbia (chain: 1): Tail Effective Samples Size (ESS) is too low, indicating posterior variances and tail quantiles may be unreliable.
Running the chains for more iterations may help. See
http://mc-stan.org/misc/warnings.html#tail-ess - 
INFO [2020-11-16 16:19:42] Initialising estimates for: Idaho
INFO [2020-11-16 16:19:42] Completed estimates for: Delaware
INFO [2020-11-16 16:19:42] Completed estimates for: Arizona
INFO [2020-11-16 16:19:43] Completed estimates for: District of Columbia
WARN [2020-11-16 16:19:44] Florida (chain: 1): There were 1 divergent transitions after warmup. See
http://mc-stan.org/misc/warnings.html#divergent-transitions-after-warmup
to find out why this is a problem and how to eliminate them. - 
WARN [2020-11-16 16:19:44] Florida (chain: 1): Examine the pairs() plot to diagnose sampling problems
 - 
WARN [2020-11-16 16:19:46] Connecticut (chain: 1): There were 4 divergent transitions after warmup. See
http://mc-stan.org/misc/warnings.html#divergent-transitions-after-warmup
to find out why this is a problem and how to eliminate them. - 
WARN [2020-11-16 16:19:46] Connecticut (chain: 1): Examine the pairs() plot to diagnose sampling problems
 - 
WARN [2020-11-16 16:19:47] Colorado (chain: 1): There were 2 divergent transitions after warmup. See
http://mc-stan.org/misc/warnings.html#divergent-transitions-after-warmup
to find out why this is a problem and how to eliminate them. - 
WARN [2020-11-16 16:19:47] Colorado (chain: 1): Examine the pairs() plot to diagnose sampling problems
 - 
WARN [2020-11-16 16:19:49] Georgia (chain: 1): There were 199 divergent transitions after warmup. See
http://mc-stan.org/misc/warnings.html#divergent-transitions-after-warmup
to find out why this is a problem and how to eliminate them. - 
WARN [2020-11-16 16:19:49] Georgia (chain: 1): Examine the pairs() plot to diagnose sampling problems
 - 
WARN [2020-11-16 16:19:50] Georgia (chain: 1): The largest R-hat is 1.25, indicating chains have not mixed.
Running the chains for more iterations may help. See
http://mc-stan.org/misc/warnings.html#r-hat - 
WARN [2020-11-16 16:19:51] Georgia (chain: 1): Bulk Effective Samples Size (ESS) is too low, indicating posterior means and medians may be unreliable.
Running the chains for more iterations may help. See
http://mc-stan.org/misc/warnings.html#bulk-ess - 
INFO [2020-11-16 16:19:52] Completed estimates for: Florida
INFO [2020-11-16 16:19:52] Completed estimates for: Arkansas
INFO [2020-11-16 16:19:52] Initialising estimates for: Illinois
WARN [2020-11-16 16:19:52] Georgia (chain: 1): Tail Effective Samples Size (ESS) is too low, indicating posterior variances and tail quantiles may be unreliable.
Running the chains for more iterations may help. See
http://mc-stan.org/misc/warnings.html#tail-ess - 
INFO [2020-11-16 16:19:53] Completed estimates for: Connecticut
INFO [2020-11-16 16:19:55] Completed estimates for: Guam
INFO [2020-11-16 16:19:55] Completed estimates for: Colorado
INFO [2020-11-16 16:19:57] Completed estimates for: Georgia
WARN [2020-11-16 16:20:01] Hawaii (chain: 1): There were 1 divergent transitions after warmup. See
http://mc-stan.org/misc/warnings.html#divergent-transitions-after-warmup
to find out why this is a problem and how to eliminate them. - 
WARN [2020-11-16 16:20:01] Hawaii (chain: 1): Examine the pairs() plot to diagnose sampling problems
 - 
INFO [2020-11-16 16:20:02] Initialising estimates for: Indiana
INFO [2020-11-16 16:20:04] Initialising estimates for: Iowa
INFO [2020-11-16 16:20:07] Initialising estimates for: Kansas
INFO [2020-11-16 16:20:07] Completed estimates for: Hawaii
INFO [2020-11-16 16:20:11] Initialising estimates for: Kentucky
INFO [2020-11-16 16:20:14] Initialising estimates for: Louisiana
WARN [2020-11-16 16:20:17] Idaho (chain: 1): There were 2 divergent transitions after warmup. See
http://mc-stan.org/misc/warnings.html#divergent-transitions-after-warmup
to find out why this is a problem and how to eliminate them. - 
WARN [2020-11-16 16:20:17] Idaho (chain: 1): Examine the pairs() plot to diagnose sampling problems
 - 
INFO [2020-11-16 16:20:17] Initialising estimates for: Maine
WARN [2020-11-16 16:20:19] Maine (chain: 1): some chains had errors; consider specifying chains = 1 to debug - .local, object, ...
ERROR [2020-11-16 16:20:19] Maine: $ operator is invalid for atomic vectors - 
INFO [2020-11-16 16:20:22] Initialising estimates for: Maryland
INFO [2020-11-16 16:20:24] Completed estimates for: Idaho
WARN [2020-11-16 16:20:25] California (chain: 1): There were 1 divergent transitions after warmup. See
http://mc-stan.org/misc/warnings.html#divergent-transitions-after-warmup
to find out why this is a problem and how to eliminate them. - 
WARN [2020-11-16 16:20:25] California (chain: 1): Examine the pairs() plot to diagnose sampling problems
 - 
INFO [2020-11-16 16:20:28] Initialising estimates for: Massachusetts
INFO [2020-11-16 16:20:31] Initialising estimates for: Michigan
INFO [2020-11-16 16:20:32] Completed estimates for: California
INFO [2020-11-16 16:20:37] Initialising estimates for: Minnesota
INFO [2020-11-16 16:20:41] Initialising estimates for: Mississippi
WARN [2020-11-16 16:20:42] Illinois (chain: 1): There were 1 divergent transitions after warmup. See
http://mc-stan.org/misc/warnings.html#divergent-transitions-after-warmup
to find out why this is a problem and how to eliminate them. - 
WARN [2020-11-16 16:20:42] Illinois (chain: 1): Examine the pairs() plot to diagnose sampling problems
 - 
WARN [2020-11-16 16:20:43] Iowa (chain: 1): There were 1 divergent transitions after warmup. See
http://mc-stan.org/misc/warnings.html#divergent-transitions-after-warmup
to find out why this is a problem and how to eliminate them. - 
WARN [2020-11-16 16:20:43] Iowa (chain: 1): Examine the pairs() plot to diagnose sampling problems
 - 
INFO [2020-11-16 16:20:46] Initialising estimates for: Missouri
WARN [2020-11-16 16:20:46] Louisiana (chain: 1): There were 1 divergent transitions after warmup. See
http://mc-stan.org/misc/warnings.html#divergent-transitions-after-warmup
to find out why this is a problem and how to eliminate them. - 
WARN [2020-11-16 16:20:46] Louisiana (chain: 1): Examine the pairs() plot to diagnose sampling problems
 - 
INFO [2020-11-16 16:20:47] Completed estimates for: Kansas
INFO [2020-11-16 16:20:49] Completed estimates for: Illinois
INFO [2020-11-16 16:20:50] Completed estimates for: Iowa
INFO [2020-11-16 16:20:53] Completed estimates for: Louisiana
INFO [2020-11-16 16:20:59] Initialising estimates for: Montana
WARN [2020-11-16 16:21:01] Maryland (chain: 1): There were 4 divergent transitions after warmup. See
http://mc-stan.org/misc/warnings.html#divergent-transitions-after-warmup
to find out why this is a problem and how to eliminate them. - 
WARN [2020-11-16 16:21:01] Maryland (chain: 1): Examine the pairs() plot to diagnose sampling problems
 - 
INFO [2020-11-16 16:21:03] Initialising estimates for: Nebraska
WARN [2020-11-16 16:21:03] Maryland (chain: 1): Tail Effective Samples Size (ESS) is too low, indicating posterior variances and tail quantiles may be unreliable.
Running the chains for more iterations may help. See
http://mc-stan.org/misc/warnings.html#tail-ess - 
INFO [2020-11-16 16:21:07] Initialising estimates for: Nevada
INFO [2020-11-16 16:21:08] Completed estimates for: Maryland
WARN [2020-11-16 16:21:12] Michigan (chain: 1): There were 2 divergent transitions after warmup. See
http://mc-stan.org/misc/warnings.html#divergent-transitions-after-warmup
to find out why this is a problem and how to eliminate them. - 
WARN [2020-11-16 16:21:12] Michigan (chain: 1): Examine the pairs() plot to diagnose sampling problems
 - 
WARN [2020-11-16 16:21:13] Michigan (chain: 1): Bulk Effective Samples Size (ESS) is too low, indicating posterior means and medians may be unreliable.
Running the chains for more iterations may help. See
http://mc-stan.org/misc/warnings.html#bulk-ess - 
INFO [2020-11-16 16:21:13] Initialising estimates for: New Hampshire
WARN [2020-11-16 16:21:14] Massachusetts (chain: 1): There were 1 divergent transitions after warmup. See
http://mc-stan.org/misc/warnings.html#divergent-transitions-after-warmup
to find out why this is a problem and how to eliminate them. - 
WARN [2020-11-16 16:21:14] Massachusetts (chain: 1): Examine the pairs() plot to diagnose sampling problems
 - 
INFO [2020-11-16 16:21:18] Initialising estimates for: New Jersey
INFO [2020-11-16 16:21:19] Completed estimates for: Michigan
INFO [2020-11-16 16:21:19] Completed estimates for: Indiana
WARN [2020-11-16 16:21:21] Kentucky (chain: 1): There were 6 divergent transitions after warmup. See
http://mc-stan.org/misc/warnings.html#divergent-transitions-after-warmup
to find out why this is a problem and how to eliminate them. - 
WARN [2020-11-16 16:21:21] Kentucky (chain: 1): Examine the pairs() plot to diagnose sampling problems
 - 
INFO [2020-11-16 16:21:21] Completed estimates for: Massachusetts
WARN [2020-11-16 16:21:24] Montana (chain: 1): There were 1 divergent transitions after warmup. See
http://mc-stan.org/misc/warnings.html#divergent-transitions-after-warmup
to find out why this is a problem and how to eliminate them. - 
WARN [2020-11-16 16:21:24] Montana (chain: 1): Examine the pairs() plot to diagnose sampling problems
 - 
WARN [2020-11-16 16:21:25] Mississippi (chain: 1): There were 5 divergent transitions after warmup. See
http://mc-stan.org/misc/warnings.html#divergent-transitions-after-warmup
to find out why this is a problem and how to eliminate them. - 
WARN [2020-11-16 16:21:25] Mississippi (chain: 1): Examine the pairs() plot to diagnose sampling problems
 - 
INFO [2020-11-16 16:21:27] Completed estimates for: Kentucky
WARN [2020-11-16 16:21:29] Missouri (chain: 1): There were 22 divergent transitions after warmup. See
http://mc-stan.org/misc/warnings.html#divergent-transitions-after-warmup
to find out why this is a problem and how to eliminate them. - 
WARN [2020-11-16 16:21:29] Missouri (chain: 1): Examine the pairs() plot to diagnose sampling problems
 - 
INFO [2020-11-16 16:21:29] Initialising estimates for: New Mexico
INFO [2020-11-16 16:21:32] Completed estimates for: Montana
INFO [2020-11-16 16:21:32] Completed estimates for: Mississippi
WARN [2020-11-16 16:21:34] Nebraska (chain: 1): There were 37 divergent transitions after warmup. See
http://mc-stan.org/misc/warnings.html#divergent-transitions-after-warmup
to find out why this is a problem and how to eliminate them. - 
WARN [2020-11-16 16:21:34] Nebraska (chain: 1): Examine the pairs() plot to diagnose sampling problems
 - 
INFO [2020-11-16 16:21:35] Completed estimates for: Missouri
WARN [2020-11-16 16:21:35] Nebraska (chain: 1): Bulk Effective Samples Size (ESS) is too low, indicating posterior means and medians may be unreliable.
Running the chains for more iterations may help. See
http://mc-stan.org/misc/warnings.html#bulk-ess - 
WARN [2020-11-16 16:21:37] Nebraska (chain: 1): Tail Effective Samples Size (ESS) is too low, indicating posterior variances and tail quantiles may be unreliable.
Running the chains for more iterations may help. See
http://mc-stan.org/misc/warnings.html#tail-ess - 
INFO [2020-11-16 16:21:39] Initialising estimates for: New York
INFO [2020-11-16 16:21:41] Completed estimates for: Nebraska
INFO [2020-11-16 16:21:42] Initialising estimates for: North Carolina
INFO [2020-11-16 16:21:44] Completed estimates for: New Hampshire
INFO [2020-11-16 16:21:48] Initialising estimates for: North Dakota
WARN [2020-11-16 16:21:49] Minnesota (chain: 1): Tail Effective Samples Size (ESS) is too low, indicating posterior variances and tail quantiles may be unreliable.
Running the chains for more iterations may help. See
http://mc-stan.org/misc/warnings.html#tail-ess - 
INFO [2020-11-16 16:21:49] Completed estimates for: Nevada
INFO [2020-11-16 16:21:52] Initialising estimates for: Ohio
INFO [2020-11-16 16:21:53] Completed estimates for: Minnesota
INFO [2020-11-16 16:21:57] Initialising estimates for: Oklahoma
INFO [2020-11-16 16:21:59] Initialising estimates for: Oregon
INFO [2020-11-16 16:22:03] Initialising estimates for: Pennsylvania
WARN [2020-11-16 16:22:06] New York (chain: 1): There were 9 divergent transitions after warmup. See
http://mc-stan.org/misc/warnings.html#divergent-transitions-after-warmup
to find out why this is a problem and how to eliminate them. - 
WARN [2020-11-16 16:22:06] New York (chain: 1): Examine the pairs() plot to diagnose sampling problems
 - 
INFO [2020-11-16 16:22:06] Initialising estimates for: Puerto Rico
INFO [2020-11-16 16:22:11] Initialising estimates for: Rhode Island
INFO [2020-11-16 16:22:13] Completed estimates for: New York
INFO [2020-11-16 16:22:17] Initialising estimates for: South Carolina
WARN [2020-11-16 16:22:18] New Jersey (chain: 1): There were 4 divergent transitions after warmup. See
http://mc-stan.org/misc/warnings.html#divergent-transitions-after-warmup
to find out why this is a problem and how to eliminate them. - 
WARN [2020-11-16 16:22:18] New Jersey (chain: 1): Examine the pairs() plot to diagnose sampling problems
 - 
WARN [2020-11-16 16:22:20] New Jersey (chain: 1): Bulk Effective Samples Size (ESS) is too low, indicating posterior means and medians may be unreliable.
Running the chains for more iterations may help. See
http://mc-stan.org/misc/warnings.html#bulk-ess - 
WARN [2020-11-16 16:22:20] New Mexico (chain: 1): There were 4 divergent transitions after warmup. See
http://mc-stan.org/misc/warnings.html#divergent-transitions-after-warmup
to find out why this is a problem and how to eliminate them. - 
WARN [2020-11-16 16:22:20] New Mexico (chain: 1): Examine the pairs() plot to diagnose sampling problems
 - 
WARN [2020-11-16 16:22:22] New Mexico (chain: 1): Bulk Effective Samples Size (ESS) is too low, indicating posterior means and medians may be unreliable.
Running the chains for more iterations may help. See
http://mc-stan.org/misc/warnings.html#bulk-ess - 
INFO [2020-11-16 16:22:22] Initialising estimates for: South Dakota
INFO [2020-11-16 16:22:25] Completed estimates for: New Jersey
INFO [2020-11-16 16:22:27] Initialising estimates for: Tennessee
INFO [2020-11-16 16:22:28] Completed estimates for: New Mexico
WARN [2020-11-16 16:22:30] Pennsylvania (chain: 1): There were 4 divergent transitions after warmup. See
http://mc-stan.org/misc/warnings.html#divergent-transitions-after-warmup
to find out why this is a problem and how to eliminate them. - 
WARN [2020-11-16 16:22:30] Pennsylvania (chain: 1): Examine the pairs() plot to diagnose sampling problems
 - 
WARN [2020-11-16 16:22:30] Oklahoma (chain: 1): Bulk Effective Samples Size (ESS) is too low, indicating posterior means and medians may be unreliable.
Running the chains for more iterations may help. See
http://mc-stan.org/misc/warnings.html#bulk-ess - 
WARN [2020-11-16 16:22:33] Rhode Island (chain: 1): There were 3 divergent transitions after warmup. See
http://mc-stan.org/misc/warnings.html#divergent-transitions-after-warmup
to find out why this is a problem and how to eliminate them. - 
WARN [2020-11-16 16:22:33] Rhode Island (chain: 1): Examine the pairs() plot to diagnose sampling problems
 - 
INFO [2020-11-16 16:22:35] Completed estimates for: North Dakota
INFO [2020-11-16 16:22:36] Completed estimates for: Oklahoma
INFO [2020-11-16 16:22:37] Initialising estimates for: Texas
INFO [2020-11-16 16:22:37] Completed estimates for: Pennsylvania
INFO [2020-11-16 16:22:40] Completed estimates for: Rhode Island
INFO [2020-11-16 16:22:40] Completed estimates for: Ohio
INFO [2020-11-16 16:22:40] Completed estimates for: Oregon
WARN [2020-11-16 16:22:45] North Carolina (chain: 1): There were 1 divergent transitions after warmup. See
http://mc-stan.org/misc/warnings.html#divergent-transitions-after-warmup
to find out why this is a problem and how to eliminate them. - 
WARN [2020-11-16 16:22:45] North Carolina (chain: 1): Examine the pairs() plot to diagnose sampling problems
 - 
WARN [2020-11-16 16:22:46] North Carolina (chain: 1): Bulk Effective Samples Size (ESS) is too low, indicating posterior means and medians may be unreliable.
Running the chains for more iterations may help. See
http://mc-stan.org/misc/warnings.html#bulk-ess - 
WARN [2020-11-16 16:22:47] North Carolina (chain: 1): Tail Effective Samples Size (ESS) is too low, indicating posterior variances and tail quantiles may be unreliable.
Running the chains for more iterations may help. See
http://mc-stan.org/misc/warnings.html#tail-ess - 
WARN [2020-11-16 16:22:48] South Dakota (chain: 1): There were 10 divergent transitions after warmup. See
http://mc-stan.org/misc/warnings.html#divergent-transitions-after-warmup
to find out why this is a problem and how to eliminate them. - 
WARN [2020-11-16 16:22:48] South Dakota (chain: 1): Examine the pairs() plot to diagnose sampling problems
 - 
INFO [2020-11-16 16:22:49] Initialising estimates for: Utah
WARN [2020-11-16 16:22:50] South Dakota (chain: 1): Tail Effective Samples Size (ESS) is too low, indicating posterior variances and tail quantiles may be unreliable.
Running the chains for more iterations may help. See
http://mc-stan.org/misc/warnings.html#tail-ess - 
WARN [2020-11-16 16:22:52] Tennessee (chain: 1): There were 8 divergent transitions after warmup. See
http://mc-stan.org/misc/warnings.html#divergent-transitions-after-warmup
to find out why this is a problem and how to eliminate them. - 
WARN [2020-11-16 16:22:52] Tennessee (chain: 1): Examine the pairs() plot to diagnose sampling problems
 - 
INFO [2020-11-16 16:22:52] Initialising estimates for: Virginia
INFO [2020-11-16 16:22:52] Completed estimates for: North Carolina
WARN [2020-11-16 16:22:53] South Carolina (chain: 1): There were 10 divergent transitions after warmup. See
http://mc-stan.org/misc/warnings.html#divergent-transitions-after-warmup
to find out why this is a problem and how to eliminate them. - 
WARN [2020-11-16 16:22:53] South Carolina (chain: 1): Examine the pairs() plot to diagnose sampling problems
 - 
INFO [2020-11-16 16:22:56] Completed estimates for: South Dakota
INFO [2020-11-16 16:22:58] Initialising estimates for: Washington
INFO [2020-11-16 16:22:59] Completed estimates for: Tennessee
INFO [2020-11-16 16:23:00] Completed estimates for: South Carolina
INFO [2020-11-16 16:23:03] Initialising estimates for: West Virginia
INFO [2020-11-16 16:23:06] Initialising estimates for: Wisconsin
INFO [2020-11-16 16:23:09] Initialising estimates for: US
WARN [2020-11-16 16:23:11] Texas (chain: 1): There were 3 divergent transitions after warmup. See
http://mc-stan.org/misc/warnings.html#divergent-transitions-after-warmup
to find out why this is a problem and how to eliminate them. - 
WARN [2020-11-16 16:23:11] Texas (chain: 1): Examine the pairs() plot to diagnose sampling problems
 - 
INFO [2020-11-16 16:23:12] Completed estimates for: Puerto Rico
WARN [2020-11-16 16:23:18] Washington (chain: 1): There were 6 divergent transitions after warmup. See
http://mc-stan.org/misc/warnings.html#divergent-transitions-after-warmup
to find out why this is a problem and how to eliminate them. - 
WARN [2020-11-16 16:23:18] Washington (chain: 1): Examine the pairs() plot to diagnose sampling problems
 - 
INFO [2020-11-16 16:23:18] Completed estimates for: Texas
INFO [2020-11-16 16:23:25] Completed estimates for: Washington
WARN [2020-11-16 16:23:30] West Virginia (chain: 1): Bulk Effective Samples Size (ESS) is too low, indicating posterior means and medians may be unreliable.
Running the chains for more iterations may help. See
http://mc-stan.org/misc/warnings.html#bulk-ess - 
WARN [2020-11-16 16:23:31] West Virginia (chain: 1): Tail Effective Samples Size (ESS) is too low, indicating posterior variances and tail quantiles may be unreliable.
Running the chains for more iterations may help. See
http://mc-stan.org/misc/warnings.html#tail-ess - 
WARN [2020-11-16 16:23:33] Virginia (chain: 1): There were 5 divergent transitions after warmup. See
http://mc-stan.org/misc/warnings.html#divergent-transitions-after-warmup
to find out why this is a problem and how to eliminate them. - 
WARN [2020-11-16 16:23:33] Virginia (chain: 1): Examine the pairs() plot to diagnose sampling problems
 - 
WARN [2020-11-16 16:23:35] Virginia (chain: 1): Bulk Effective Samples Size (ESS) is too low, indicating posterior means and medians may be unreliable.
Running the chains for more iterations may help. See
http://mc-stan.org/misc/warnings.html#bulk-ess - 
INFO [2020-11-16 16:23:36] Completed estimates for: West Virginia
INFO [2020-11-16 16:23:36] Completed estimates for: Utah
INFO [2020-11-16 16:23:40] Completed estimates for: Virginia
WARN [2020-11-16 16:23:58] Wisconsin (chain: 1): There were 7 divergent transitions after warmup. See
http://mc-stan.org/misc/warnings.html#divergent-transitions-after-warmup
to find out why this is a problem and how to eliminate them. - 
WARN [2020-11-16 16:23:58] Wisconsin (chain: 1): Examine the pairs() plot to diagnose sampling problems
 - 
INFO [2020-11-16 16:24:05] Completed estimates for: Wisconsin
WARN [2020-11-16 16:25:11] US (chain: 1): There were 68 divergent transitions after warmup. See
http://mc-stan.org/misc/warnings.html#divergent-transitions-after-warmup
to find out why this is a problem and how to eliminate them. - 
WARN [2020-11-16 16:25:11] US (chain: 1): Examine the pairs() plot to diagnose sampling problems
 - 
WARN [2020-11-16 16:25:12] US (chain: 1): Bulk Effective Samples Size (ESS) is too low, indicating posterior means and medians may be unreliable.
Running the chains for more iterations may help. See
http://mc-stan.org/misc/warnings.html#bulk-ess - 
INFO [2020-11-16 16:25:17] Completed estimates for: US
INFO [2020-11-16 16:25:18] Runtime error in Maine : Maine: $ operator is invalid for atomic vectors - 
