INFO [2020-11-09 15:48:15] Initialising estimates for: Alabama
ERROR [2020-11-09 15:48:15] Alabama: unused arguments (burn_in = 14, future_rt = "latest") - estimate_infections, reported_cases, generation_time, CrIs, delays, samples, horizon, output["fit"], verbose, id, ...
INFO [2020-11-09 15:48:16] Initialising estimates for: Alaska
ERROR [2020-11-09 15:48:16] Alaska: unused arguments (burn_in = 14, future_rt = "latest") - estimate_infections, reported_cases, generation_time, CrIs, delays, samples, horizon, output["fit"], verbose, id, ...
INFO [2020-11-09 15:48:16] Initialising estimates for: Arizona
ERROR [2020-11-09 15:48:16] Arizona: unused arguments (burn_in = 14, future_rt = "latest") - estimate_infections, reported_cases, generation_time, CrIs, delays, samples, horizon, output["fit"], verbose, id, ...
INFO [2020-11-09 15:48:16] Initialising estimates for: Arkansas
ERROR [2020-11-09 15:48:16] Arkansas: unused arguments (burn_in = 14, future_rt = "latest") - estimate_infections, reported_cases, generation_time, CrIs, delays, samples, horizon, output["fit"], verbose, id, ...
INFO [2020-11-09 15:48:16] Initialising estimates for: California
ERROR [2020-11-09 15:48:16] California: unused arguments (burn_in = 14, future_rt = "latest") - estimate_infections, reported_cases, generation_time, CrIs, delays, samples, horizon, output["fit"], verbose, id, ...
INFO [2020-11-09 15:48:16] Initialising estimates for: Colorado
ERROR [2020-11-09 15:48:16] Colorado: unused arguments (burn_in = 14, future_rt = "latest") - estimate_infections, reported_cases, generation_time, CrIs, delays, samples, horizon, output["fit"], verbose, id, ...
INFO [2020-11-09 15:48:16] Initialising estimates for: Connecticut
ERROR [2020-11-09 15:48:16] Connecticut: unused arguments (burn_in = 14, future_rt = "latest") - estimate_infections, reported_cases, generation_time, CrIs, delays, samples, horizon, output["fit"], verbose, id, ...
INFO [2020-11-09 15:48:16] Initialising estimates for: Delaware
ERROR [2020-11-09 15:48:16] Delaware: unused arguments (burn_in = 14, future_rt = "latest") - estimate_infections, reported_cases, generation_time, CrIs, delays, samples, horizon, output["fit"], verbose, id, ...
INFO [2020-11-09 15:48:16] Initialising estimates for: District of Columbia
ERROR [2020-11-09 15:48:16] District of Columbia: unused arguments (burn_in = 14, future_rt = "latest") - estimate_infections, reported_cases, generation_time, CrIs, delays, samples, horizon, output["fit"], verbose, id, ...
INFO [2020-11-09 15:48:16] Initialising estimates for: Florida
ERROR [2020-11-09 15:48:16] Florida: unused arguments (burn_in = 14, future_rt = "latest") - estimate_infections, reported_cases, generation_time, CrIs, delays, samples, horizon, output["fit"], verbose, id, ...
INFO [2020-11-09 15:48:16] Initialising estimates for: Georgia
ERROR [2020-11-09 15:48:16] Georgia: unused arguments (burn_in = 14, future_rt = "latest") - estimate_infections, reported_cases, generation_time, CrIs, delays, samples, horizon, output["fit"], verbose, id, ...
INFO [2020-11-09 15:48:16] Initialising estimates for: Guam
ERROR [2020-11-09 15:48:17] Guam: unused arguments (burn_in = 14, future_rt = "latest") - estimate_infections, reported_cases, generation_time, CrIs, delays, samples, horizon, output["fit"], verbose, id, ...
INFO [2020-11-09 15:48:17] Initialising estimates for: Hawaii
ERROR [2020-11-09 15:48:17] Hawaii: unused arguments (burn_in = 14, future_rt = "latest") - estimate_infections, reported_cases, generation_time, CrIs, delays, samples, horizon, output["fit"], verbose, id, ...
INFO [2020-11-09 15:48:17] Initialising estimates for: Idaho
ERROR [2020-11-09 15:48:17] Idaho: unused arguments (burn_in = 14, future_rt = "latest") - estimate_infections, reported_cases, generation_time, CrIs, delays, samples, horizon, output["fit"], verbose, id, ...
INFO [2020-11-09 15:48:17] Initialising estimates for: Illinois
ERROR [2020-11-09 15:48:17] Illinois: unused arguments (burn_in = 14, future_rt = "latest") - estimate_infections, reported_cases, generation_time, CrIs, delays, samples, horizon, output["fit"], verbose, id, ...
INFO [2020-11-09 15:48:17] Initialising estimates for: Indiana
ERROR [2020-11-09 15:48:17] Indiana: unused arguments (burn_in = 14, future_rt = "latest") - estimate_infections, reported_cases, generation_time, CrIs, delays, samples, horizon, output["fit"], verbose, id, ...
INFO [2020-11-09 15:48:17] Initialising estimates for: Iowa
ERROR [2020-11-09 15:48:17] Iowa: unused arguments (burn_in = 14, future_rt = "latest") - estimate_infections, reported_cases, generation_time, CrIs, delays, samples, horizon, output["fit"], verbose, id, ...
INFO [2020-11-09 15:48:17] Initialising estimates for: Kansas
ERROR [2020-11-09 15:48:17] Kansas: unused arguments (burn_in = 14, future_rt = "latest") - estimate_infections, reported_cases, generation_time, CrIs, delays, samples, horizon, output["fit"], verbose, id, ...
INFO [2020-11-09 15:48:17] Initialising estimates for: Kentucky
ERROR [2020-11-09 15:48:17] Kentucky: unused arguments (burn_in = 14, future_rt = "latest") - estimate_infections, reported_cases, generation_time, CrIs, delays, samples, horizon, output["fit"], verbose, id, ...
INFO [2020-11-09 15:48:17] Initialising estimates for: Louisiana
ERROR [2020-11-09 15:48:17] Louisiana: unused arguments (burn_in = 14, future_rt = "latest") - estimate_infections, reported_cases, generation_time, CrIs, delays, samples, horizon, output["fit"], verbose, id, ...
INFO [2020-11-09 15:48:18] Initialising estimates for: Maine
ERROR [2020-11-09 15:48:18] Maine: unused arguments (burn_in = 14, future_rt = "latest") - estimate_infections, reported_cases, generation_time, CrIs, delays, samples, horizon, output["fit"], verbose, id, ...
INFO [2020-11-09 15:48:18] Initialising estimates for: Maryland
ERROR [2020-11-09 15:48:18] Maryland: unused arguments (burn_in = 14, future_rt = "latest") - estimate_infections, reported_cases, generation_time, CrIs, delays, samples, horizon, output["fit"], verbose, id, ...
INFO [2020-11-09 15:48:18] Initialising estimates for: Massachusetts
ERROR [2020-11-09 15:48:18] Massachusetts: unused arguments (burn_in = 14, future_rt = "latest") - estimate_infections, reported_cases, generation_time, CrIs, delays, samples, horizon, output["fit"], verbose, id, ...
INFO [2020-11-09 15:48:18] Initialising estimates for: Michigan
ERROR [2020-11-09 15:48:18] Michigan: unused arguments (burn_in = 14, future_rt = "latest") - estimate_infections, reported_cases, generation_time, CrIs, delays, samples, horizon, output["fit"], verbose, id, ...
INFO [2020-11-09 15:48:18] Initialising estimates for: Minnesota
ERROR [2020-11-09 15:48:18] Minnesota: unused arguments (burn_in = 14, future_rt = "latest") - estimate_infections, reported_cases, generation_time, CrIs, delays, samples, horizon, output["fit"], verbose, id, ...
INFO [2020-11-09 15:48:18] Initialising estimates for: Mississippi
ERROR [2020-11-09 15:48:18] Mississippi: unused arguments (burn_in = 14, future_rt = "latest") - estimate_infections, reported_cases, generation_time, CrIs, delays, samples, horizon, output["fit"], verbose, id, ...
INFO [2020-11-09 15:48:18] Initialising estimates for: Missouri
ERROR [2020-11-09 15:48:18] Missouri: unused arguments (burn_in = 14, future_rt = "latest") - estimate_infections, reported_cases, generation_time, CrIs, delays, samples, horizon, output["fit"], verbose, id, ...
INFO [2020-11-09 15:48:18] Initialising estimates for: Montana
ERROR [2020-11-09 15:48:18] Montana: unused arguments (burn_in = 14, future_rt = "latest") - estimate_infections, reported_cases, generation_time, CrIs, delays, samples, horizon, output["fit"], verbose, id, ...
INFO [2020-11-09 15:48:18] Initialising estimates for: Nebraska
ERROR [2020-11-09 15:48:18] Nebraska: unused arguments (burn_in = 14, future_rt = "latest") - estimate_infections, reported_cases, generation_time, CrIs, delays, samples, horizon, output["fit"], verbose, id, ...
INFO [2020-11-09 15:48:19] Initialising estimates for: Nevada
ERROR [2020-11-09 15:48:19] Nevada: unused arguments (burn_in = 14, future_rt = "latest") - estimate_infections, reported_cases, generation_time, CrIs, delays, samples, horizon, output["fit"], verbose, id, ...
INFO [2020-11-09 15:48:19] Initialising estimates for: New Hampshire
ERROR [2020-11-09 15:48:19] New Hampshire: unused arguments (burn_in = 14, future_rt = "latest") - estimate_infections, reported_cases, generation_time, CrIs, delays, samples, horizon, output["fit"], verbose, id, ...
INFO [2020-11-09 15:48:19] Initialising estimates for: New Jersey
ERROR [2020-11-09 15:48:19] New Jersey: unused arguments (burn_in = 14, future_rt = "latest") - estimate_infections, reported_cases, generation_time, CrIs, delays, samples, horizon, output["fit"], verbose, id, ...
INFO [2020-11-09 15:48:19] Initialising estimates for: New Mexico
ERROR [2020-11-09 15:48:19] New Mexico: unused arguments (burn_in = 14, future_rt = "latest") - estimate_infections, reported_cases, generation_time, CrIs, delays, samples, horizon, output["fit"], verbose, id, ...
INFO [2020-11-09 15:48:19] Initialising estimates for: New York
ERROR [2020-11-09 15:48:19] New York: unused arguments (burn_in = 14, future_rt = "latest") - estimate_infections, reported_cases, generation_time, CrIs, delays, samples, horizon, output["fit"], verbose, id, ...
INFO [2020-11-09 15:48:19] Initialising estimates for: North Carolina
ERROR [2020-11-09 15:48:19] North Carolina: unused arguments (burn_in = 14, future_rt = "latest") - estimate_infections, reported_cases, generation_time, CrIs, delays, samples, horizon, output["fit"], verbose, id, ...
INFO [2020-11-09 15:48:19] Initialising estimates for: North Dakota
ERROR [2020-11-09 15:48:19] North Dakota: unused arguments (burn_in = 14, future_rt = "latest") - estimate_infections, reported_cases, generation_time, CrIs, delays, samples, horizon, output["fit"], verbose, id, ...
INFO [2020-11-09 15:48:19] Initialising estimates for: Ohio
ERROR [2020-11-09 15:48:19] Ohio: unused arguments (burn_in = 14, future_rt = "latest") - estimate_infections, reported_cases, generation_time, CrIs, delays, samples, horizon, output["fit"], verbose, id, ...
INFO [2020-11-09 15:48:20] Initialising estimates for: Oklahoma
ERROR [2020-11-09 15:48:20] Oklahoma: unused arguments (burn_in = 14, future_rt = "latest") - estimate_infections, reported_cases, generation_time, CrIs, delays, samples, horizon, output["fit"], verbose, id, ...
INFO [2020-11-09 15:48:20] Initialising estimates for: Oregon
ERROR [2020-11-09 15:48:20] Oregon: unused arguments (burn_in = 14, future_rt = "latest") - estimate_infections, reported_cases, generation_time, CrIs, delays, samples, horizon, output["fit"], verbose, id, ...
INFO [2020-11-09 15:48:20] Initialising estimates for: Pennsylvania
ERROR [2020-11-09 15:48:20] Pennsylvania: unused arguments (burn_in = 14, future_rt = "latest") - estimate_infections, reported_cases, generation_time, CrIs, delays, samples, horizon, output["fit"], verbose, id, ...
INFO [2020-11-09 15:48:20] Initialising estimates for: Puerto Rico
ERROR [2020-11-09 15:48:20] Puerto Rico: unused arguments (burn_in = 14, future_rt = "latest") - estimate_infections, reported_cases, generation_time, CrIs, delays, samples, horizon, output["fit"], verbose, id, ...
INFO [2020-11-09 15:48:20] Initialising estimates for: Rhode Island
ERROR [2020-11-09 15:48:20] Rhode Island: unused arguments (burn_in = 14, future_rt = "latest") - estimate_infections, reported_cases, generation_time, CrIs, delays, samples, horizon, output["fit"], verbose, id, ...
INFO [2020-11-09 15:48:20] Initialising estimates for: South Carolina
ERROR [2020-11-09 15:48:20] South Carolina: unused arguments (burn_in = 14, future_rt = "latest") - estimate_infections, reported_cases, generation_time, CrIs, delays, samples, horizon, output["fit"], verbose, id, ...
INFO [2020-11-09 15:48:21] Initialising estimates for: South Dakota
ERROR [2020-11-09 15:48:21] South Dakota: unused arguments (burn_in = 14, future_rt = "latest") - estimate_infections, reported_cases, generation_time, CrIs, delays, samples, horizon, output["fit"], verbose, id, ...
INFO [2020-11-09 15:48:21] Initialising estimates for: Tennessee
ERROR [2020-11-09 15:48:21] Tennessee: unused arguments (burn_in = 14, future_rt = "latest") - estimate_infections, reported_cases, generation_time, CrIs, delays, samples, horizon, output["fit"], verbose, id, ...
INFO [2020-11-09 15:48:21] Initialising estimates for: Texas
ERROR [2020-11-09 15:48:21] Texas: unused arguments (burn_in = 14, future_rt = "latest") - estimate_infections, reported_cases, generation_time, CrIs, delays, samples, horizon, output["fit"], verbose, id, ...
INFO [2020-11-09 15:48:21] Initialising estimates for: Utah
ERROR [2020-11-09 15:48:21] Utah: unused arguments (burn_in = 14, future_rt = "latest") - estimate_infections, reported_cases, generation_time, CrIs, delays, samples, horizon, output["fit"], verbose, id, ...
INFO [2020-11-09 15:48:21] Initialising estimates for: Virginia
ERROR [2020-11-09 15:48:21] Virginia: unused arguments (burn_in = 14, future_rt = "latest") - estimate_infections, reported_cases, generation_time, CrIs, delays, samples, horizon, output["fit"], verbose, id, ...
INFO [2020-11-09 15:48:21] Initialising estimates for: Washington
ERROR [2020-11-09 15:48:21] Washington: unused arguments (burn_in = 14, future_rt = "latest") - estimate_infections, reported_cases, generation_time, CrIs, delays, samples, horizon, output["fit"], verbose, id, ...
INFO [2020-11-09 15:48:22] Initialising estimates for: West Virginia
ERROR [2020-11-09 15:48:22] West Virginia: unused arguments (burn_in = 14, future_rt = "latest") - estimate_infections, reported_cases, generation_time, CrIs, delays, samples, horizon, output["fit"], verbose, id, ...
INFO [2020-11-09 15:48:23] Initialising estimates for: Wisconsin
ERROR [2020-11-09 15:48:23] Wisconsin: unused arguments (burn_in = 14, future_rt = "latest") - estimate_infections, reported_cases, generation_time, CrIs, delays, samples, horizon, output["fit"], verbose, id, ...
INFO [2020-11-09 15:48:23] Initialising estimates for: US
ERROR [2020-11-09 15:48:23] US: unused arguments (burn_in = 14, future_rt = "latest") - estimate_infections, reported_cases, generation_time, CrIs, delays, samples, horizon, output["fit"], verbose, id, ...
INFO [2020-11-09 15:48:23] Runtime error in Alabama : Alabama: unused arguments (burn_in = 14, future_rt = "latest") - estimate_infections, reported_cases, generation_time, CrIs, delays, samples, horizon, output["fit"], verbose, id, ...
INFO [2020-11-09 15:48:23] Runtime error in Alaska : Alaska: unused arguments (burn_in = 14, future_rt = "latest") - estimate_infections, reported_cases, generation_time, CrIs, delays, samples, horizon, output["fit"], verbose, id, ...
INFO [2020-11-09 15:48:23] Runtime error in Arizona : Arizona: unused arguments (burn_in = 14, future_rt = "latest") - estimate_infections, reported_cases, generation_time, CrIs, delays, samples, horizon, output["fit"], verbose, id, ...
INFO [2020-11-09 15:48:23] Runtime error in Arkansas : Arkansas: unused arguments (burn_in = 14, future_rt = "latest") - estimate_infections, reported_cases, generation_time, CrIs, delays, samples, horizon, output["fit"], verbose, id, ...
INFO [2020-11-09 15:48:23] Runtime error in California : California: unused arguments (burn_in = 14, future_rt = "latest") - estimate_infections, reported_cases, generation_time, CrIs, delays, samples, horizon, output["fit"], verbose, id, ...
INFO [2020-11-09 15:48:23] Runtime error in Colorado : Colorado: unused arguments (burn_in = 14, future_rt = "latest") - estimate_infections, reported_cases, generation_time, CrIs, delays, samples, horizon, output["fit"], verbose, id, ...
INFO [2020-11-09 15:48:23] Runtime error in Connecticut : Connecticut: unused arguments (burn_in = 14, future_rt = "latest") - estimate_infections, reported_cases, generation_time, CrIs, delays, samples, horizon, output["fit"], verbose, id, ...
INFO [2020-11-09 15:48:23] Runtime error in Delaware : Delaware: unused arguments (burn_in = 14, future_rt = "latest") - estimate_infections, reported_cases, generation_time, CrIs, delays, samples, horizon, output["fit"], verbose, id, ...
INFO [2020-11-09 15:48:23] Runtime error in District of Columbia : District of Columbia: unused arguments (burn_in = 14, future_rt = "latest") - estimate_infections, reported_cases, generation_time, CrIs, delays, samples, horizon, output["fit"], verbose, id, ...
INFO [2020-11-09 15:48:23] Runtime error in Florida : Florida: unused arguments (burn_in = 14, future_rt = "latest") - estimate_infections, reported_cases, generation_time, CrIs, delays, samples, horizon, output["fit"], verbose, id, ...
INFO [2020-11-09 15:48:23] Runtime error in Georgia : Georgia: unused arguments (burn_in = 14, future_rt = "latest") - estimate_infections, reported_cases, generation_time, CrIs, delays, samples, horizon, output["fit"], verbose, id, ...
INFO [2020-11-09 15:48:23] Runtime error in Guam : Guam: unused arguments (burn_in = 14, future_rt = "latest") - estimate_infections, reported_cases, generation_time, CrIs, delays, samples, horizon, output["fit"], verbose, id, ...
INFO [2020-11-09 15:48:23] Runtime error in Hawaii : Hawaii: unused arguments (burn_in = 14, future_rt = "latest") - estimate_infections, reported_cases, generation_time, CrIs, delays, samples, horizon, output["fit"], verbose, id, ...
INFO [2020-11-09 15:48:23] Runtime error in Idaho : Idaho: unused arguments (burn_in = 14, future_rt = "latest") - estimate_infections, reported_cases, generation_time, CrIs, delays, samples, horizon, output["fit"], verbose, id, ...
INFO [2020-11-09 15:48:23] Runtime error in Illinois : Illinois: unused arguments (burn_in = 14, future_rt = "latest") - estimate_infections, reported_cases, generation_time, CrIs, delays, samples, horizon, output["fit"], verbose, id, ...
INFO [2020-11-09 15:48:23] Runtime error in Indiana : Indiana: unused arguments (burn_in = 14, future_rt = "latest") - estimate_infections, reported_cases, generation_time, CrIs, delays, samples, horizon, output["fit"], verbose, id, ...
INFO [2020-11-09 15:48:23] Runtime error in Iowa : Iowa: unused arguments (burn_in = 14, future_rt = "latest") - estimate_infections, reported_cases, generation_time, CrIs, delays, samples, horizon, output["fit"], verbose, id, ...
INFO [2020-11-09 15:48:23] Runtime error in Kansas : Kansas: unused arguments (burn_in = 14, future_rt = "latest") - estimate_infections, reported_cases, generation_time, CrIs, delays, samples, horizon, output["fit"], verbose, id, ...
INFO [2020-11-09 15:48:23] Runtime error in Kentucky : Kentucky: unused arguments (burn_in = 14, future_rt = "latest") - estimate_infections, reported_cases, generation_time, CrIs, delays, samples, horizon, output["fit"], verbose, id, ...
INFO [2020-11-09 15:48:23] Runtime error in Louisiana : Louisiana: unused arguments (burn_in = 14, future_rt = "latest") - estimate_infections, reported_cases, generation_time, CrIs, delays, samples, horizon, output["fit"], verbose, id, ...
INFO [2020-11-09 15:48:23] Runtime error in Maine : Maine: unused arguments (burn_in = 14, future_rt = "latest") - estimate_infections, reported_cases, generation_time, CrIs, delays, samples, horizon, output["fit"], verbose, id, ...
INFO [2020-11-09 15:48:23] Runtime error in Maryland : Maryland: unused arguments (burn_in = 14, future_rt = "latest") - estimate_infections, reported_cases, generation_time, CrIs, delays, samples, horizon, output["fit"], verbose, id, ...
INFO [2020-11-09 15:48:23] Runtime error in Massachusetts : Massachusetts: unused arguments (burn_in = 14, future_rt = "latest") - estimate_infections, reported_cases, generation_time, CrIs, delays, samples, horizon, output["fit"], verbose, id, ...
INFO [2020-11-09 15:48:23] Runtime error in Michigan : Michigan: unused arguments (burn_in = 14, future_rt = "latest") - estimate_infections, reported_cases, generation_time, CrIs, delays, samples, horizon, output["fit"], verbose, id, ...
INFO [2020-11-09 15:48:23] Runtime error in Minnesota : Minnesota: unused arguments (burn_in = 14, future_rt = "latest") - estimate_infections, reported_cases, generation_time, CrIs, delays, samples, horizon, output["fit"], verbose, id, ...
INFO [2020-11-09 15:48:23] Runtime error in Mississippi : Mississippi: unused arguments (burn_in = 14, future_rt = "latest") - estimate_infections, reported_cases, generation_time, CrIs, delays, samples, horizon, output["fit"], verbose, id, ...
INFO [2020-11-09 15:48:23] Runtime error in Missouri : Missouri: unused arguments (burn_in = 14, future_rt = "latest") - estimate_infections, reported_cases, generation_time, CrIs, delays, samples, horizon, output["fit"], verbose, id, ...
INFO [2020-11-09 15:48:23] Runtime error in Montana : Montana: unused arguments (burn_in = 14, future_rt = "latest") - estimate_infections, reported_cases, generation_time, CrIs, delays, samples, horizon, output["fit"], verbose, id, ...
INFO [2020-11-09 15:48:23] Runtime error in Nebraska : Nebraska: unused arguments (burn_in = 14, future_rt = "latest") - estimate_infections, reported_cases, generation_time, CrIs, delays, samples, horizon, output["fit"], verbose, id, ...
INFO [2020-11-09 15:48:23] Runtime error in Nevada : Nevada: unused arguments (burn_in = 14, future_rt = "latest") - estimate_infections, reported_cases, generation_time, CrIs, delays, samples, horizon, output["fit"], verbose, id, ...
INFO [2020-11-09 15:48:23] Runtime error in New Hampshire : New Hampshire: unused arguments (burn_in = 14, future_rt = "latest") - estimate_infections, reported_cases, generation_time, CrIs, delays, samples, horizon, output["fit"], verbose, id, ...
INFO [2020-11-09 15:48:23] Runtime error in New Jersey : New Jersey: unused arguments (burn_in = 14, future_rt = "latest") - estimate_infections, reported_cases, generation_time, CrIs, delays, samples, horizon, output["fit"], verbose, id, ...
INFO [2020-11-09 15:48:23] Runtime error in New Mexico : New Mexico: unused arguments (burn_in = 14, future_rt = "latest") - estimate_infections, reported_cases, generation_time, CrIs, delays, samples, horizon, output["fit"], verbose, id, ...
INFO [2020-11-09 15:48:23] Runtime error in New York : New York: unused arguments (burn_in = 14, future_rt = "latest") - estimate_infections, reported_cases, generation_time, CrIs, delays, samples, horizon, output["fit"], verbose, id, ...
INFO [2020-11-09 15:48:23] Runtime error in North Carolina : North Carolina: unused arguments (burn_in = 14, future_rt = "latest") - estimate_infections, reported_cases, generation_time, CrIs, delays, samples, horizon, output["fit"], verbose, id, ...
INFO [2020-11-09 15:48:23] Runtime error in North Dakota : North Dakota: unused arguments (burn_in = 14, future_rt = "latest") - estimate_infections, reported_cases, generation_time, CrIs, delays, samples, horizon, output["fit"], verbose, id, ...
INFO [2020-11-09 15:48:23] Runtime error in Ohio : Ohio: unused arguments (burn_in = 14, future_rt = "latest") - estimate_infections, reported_cases, generation_time, CrIs, delays, samples, horizon, output["fit"], verbose, id, ...
INFO [2020-11-09 15:48:23] Runtime error in Oklahoma : Oklahoma: unused arguments (burn_in = 14, future_rt = "latest") - estimate_infections, reported_cases, generation_time, CrIs, delays, samples, horizon, output["fit"], verbose, id, ...
INFO [2020-11-09 15:48:23] Runtime error in Oregon : Oregon: unused arguments (burn_in = 14, future_rt = "latest") - estimate_infections, reported_cases, generation_time, CrIs, delays, samples, horizon, output["fit"], verbose, id, ...
INFO [2020-11-09 15:48:23] Runtime error in Pennsylvania : Pennsylvania: unused arguments (burn_in = 14, future_rt = "latest") - estimate_infections, reported_cases, generation_time, CrIs, delays, samples, horizon, output["fit"], verbose, id, ...
INFO [2020-11-09 15:48:23] Runtime error in Puerto Rico : Puerto Rico: unused arguments (burn_in = 14, future_rt = "latest") - estimate_infections, reported_cases, generation_time, CrIs, delays, samples, horizon, output["fit"], verbose, id, ...
INFO [2020-11-09 15:48:23] Runtime error in Rhode Island : Rhode Island: unused arguments (burn_in = 14, future_rt = "latest") - estimate_infections, reported_cases, generation_time, CrIs, delays, samples, horizon, output["fit"], verbose, id, ...
INFO [2020-11-09 15:48:23] Runtime error in South Carolina : South Carolina: unused arguments (burn_in = 14, future_rt = "latest") - estimate_infections, reported_cases, generation_time, CrIs, delays, samples, horizon, output["fit"], verbose, id, ...
INFO [2020-11-09 15:48:23] Runtime error in South Dakota : South Dakota: unused arguments (burn_in = 14, future_rt = "latest") - estimate_infections, reported_cases, generation_time, CrIs, delays, samples, horizon, output["fit"], verbose, id, ...
INFO [2020-11-09 15:48:23] Runtime error in Tennessee : Tennessee: unused arguments (burn_in = 14, future_rt = "latest") - estimate_infections, reported_cases, generation_time, CrIs, delays, samples, horizon, output["fit"], verbose, id, ...
INFO [2020-11-09 15:48:23] Runtime error in Texas : Texas: unused arguments (burn_in = 14, future_rt = "latest") - estimate_infections, reported_cases, generation_time, CrIs, delays, samples, horizon, output["fit"], verbose, id, ...
INFO [2020-11-09 15:48:23] Runtime error in Utah : Utah: unused arguments (burn_in = 14, future_rt = "latest") - estimate_infections, reported_cases, generation_time, CrIs, delays, samples, horizon, output["fit"], verbose, id, ...
INFO [2020-11-09 15:48:23] Runtime error in Virginia : Virginia: unused arguments (burn_in = 14, future_rt = "latest") - estimate_infections, reported_cases, generation_time, CrIs, delays, samples, horizon, output["fit"], verbose, id, ...
INFO [2020-11-09 15:48:23] Runtime error in Washington : Washington: unused arguments (burn_in = 14, future_rt = "latest") - estimate_infections, reported_cases, generation_time, CrIs, delays, samples, horizon, output["fit"], verbose, id, ...
INFO [2020-11-09 15:48:23] Runtime error in West Virginia : West Virginia: unused arguments (burn_in = 14, future_rt = "latest") - estimate_infections, reported_cases, generation_time, CrIs, delays, samples, horizon, output["fit"], verbose, id, ...
INFO [2020-11-09 15:48:23] Runtime error in Wisconsin : Wisconsin: unused arguments (burn_in = 14, future_rt = "latest") - estimate_infections, reported_cases, generation_time, CrIs, delays, samples, horizon, output["fit"], verbose, id, ...
INFO [2020-11-09 15:48:23] Runtime error in US : US: unused arguments (burn_in = 14, future_rt = "latest") - estimate_infections, reported_cases, generation_time, CrIs, delays, samples, horizon, output["fit"], verbose, id, ...
INFO [2020-11-09 15:59:20] Initialising estimates for: Alabama
ERROR [2020-11-09 15:59:20] Alabama: unused arguments (burn_in = 14, future_rt = "latest") - estimate_infections, reported_cases, generation_time, CrIs, delays, samples, horizon, output["fit"], verbose, id, ...
INFO [2020-11-09 15:59:20] Initialising estimates for: Alaska
ERROR [2020-11-09 15:59:20] Alaska: unused arguments (burn_in = 14, future_rt = "latest") - estimate_infections, reported_cases, generation_time, CrIs, delays, samples, horizon, output["fit"], verbose, id, ...
INFO [2020-11-09 15:59:20] Initialising estimates for: Arizona
ERROR [2020-11-09 15:59:20] Arizona: unused arguments (burn_in = 14, future_rt = "latest") - estimate_infections, reported_cases, generation_time, CrIs, delays, samples, horizon, output["fit"], verbose, id, ...
INFO [2020-11-09 15:59:20] Initialising estimates for: Arkansas
ERROR [2020-11-09 15:59:20] Arkansas: unused arguments (burn_in = 14, future_rt = "latest") - estimate_infections, reported_cases, generation_time, CrIs, delays, samples, horizon, output["fit"], verbose, id, ...
INFO [2020-11-09 15:59:20] Initialising estimates for: California
ERROR [2020-11-09 15:59:20] California: unused arguments (burn_in = 14, future_rt = "latest") - estimate_infections, reported_cases, generation_time, CrIs, delays, samples, horizon, output["fit"], verbose, id, ...
INFO [2020-11-09 15:59:20] Initialising estimates for: Colorado
ERROR [2020-11-09 15:59:20] Colorado: unused arguments (burn_in = 14, future_rt = "latest") - estimate_infections, reported_cases, generation_time, CrIs, delays, samples, horizon, output["fit"], verbose, id, ...
INFO [2020-11-09 15:59:21] Initialising estimates for: Connecticut
ERROR [2020-11-09 15:59:21] Connecticut: unused arguments (burn_in = 14, future_rt = "latest") - estimate_infections, reported_cases, generation_time, CrIs, delays, samples, horizon, output["fit"], verbose, id, ...
INFO [2020-11-09 15:59:21] Initialising estimates for: Delaware
ERROR [2020-11-09 15:59:21] Delaware: unused arguments (burn_in = 14, future_rt = "latest") - estimate_infections, reported_cases, generation_time, CrIs, delays, samples, horizon, output["fit"], verbose, id, ...
INFO [2020-11-09 15:59:21] Initialising estimates for: District of Columbia
ERROR [2020-11-09 15:59:21] District of Columbia: unused arguments (burn_in = 14, future_rt = "latest") - estimate_infections, reported_cases, generation_time, CrIs, delays, samples, horizon, output["fit"], verbose, id, ...
INFO [2020-11-09 15:59:21] Initialising estimates for: Florida
ERROR [2020-11-09 15:59:21] Florida: unused arguments (burn_in = 14, future_rt = "latest") - estimate_infections, reported_cases, generation_time, CrIs, delays, samples, horizon, output["fit"], verbose, id, ...
INFO [2020-11-09 15:59:21] Initialising estimates for: Georgia
ERROR [2020-11-09 15:59:21] Georgia: unused arguments (burn_in = 14, future_rt = "latest") - estimate_infections, reported_cases, generation_time, CrIs, delays, samples, horizon, output["fit"], verbose, id, ...
INFO [2020-11-09 15:59:21] Initialising estimates for: Guam
ERROR [2020-11-09 15:59:21] Guam: unused arguments (burn_in = 14, future_rt = "latest") - estimate_infections, reported_cases, generation_time, CrIs, delays, samples, horizon, output["fit"], verbose, id, ...
INFO [2020-11-09 15:59:21] Initialising estimates for: Hawaii
ERROR [2020-11-09 15:59:21] Hawaii: unused arguments (burn_in = 14, future_rt = "latest") - estimate_infections, reported_cases, generation_time, CrIs, delays, samples, horizon, output["fit"], verbose, id, ...
INFO [2020-11-09 15:59:21] Initialising estimates for: Idaho
ERROR [2020-11-09 15:59:21] Idaho: unused arguments (burn_in = 14, future_rt = "latest") - estimate_infections, reported_cases, generation_time, CrIs, delays, samples, horizon, output["fit"], verbose, id, ...
INFO [2020-11-09 15:59:21] Initialising estimates for: Illinois
ERROR [2020-11-09 15:59:21] Illinois: unused arguments (burn_in = 14, future_rt = "latest") - estimate_infections, reported_cases, generation_time, CrIs, delays, samples, horizon, output["fit"], verbose, id, ...
INFO [2020-11-09 15:59:21] Initialising estimates for: Indiana
ERROR [2020-11-09 15:59:21] Indiana: unused arguments (burn_in = 14, future_rt = "latest") - estimate_infections, reported_cases, generation_time, CrIs, delays, samples, horizon, output["fit"], verbose, id, ...
INFO [2020-11-09 15:59:21] Initialising estimates for: Iowa
ERROR [2020-11-09 15:59:21] Iowa: unused arguments (burn_in = 14, future_rt = "latest") - estimate_infections, reported_cases, generation_time, CrIs, delays, samples, horizon, output["fit"], verbose, id, ...
INFO [2020-11-09 15:59:22] Initialising estimates for: Kansas
ERROR [2020-11-09 15:59:22] Kansas: unused arguments (burn_in = 14, future_rt = "latest") - estimate_infections, reported_cases, generation_time, CrIs, delays, samples, horizon, output["fit"], verbose, id, ...
INFO [2020-11-09 15:59:22] Initialising estimates for: Kentucky
ERROR [2020-11-09 15:59:22] Kentucky: unused arguments (burn_in = 14, future_rt = "latest") - estimate_infections, reported_cases, generation_time, CrIs, delays, samples, horizon, output["fit"], verbose, id, ...
INFO [2020-11-09 15:59:22] Initialising estimates for: Louisiana
ERROR [2020-11-09 15:59:22] Louisiana: unused arguments (burn_in = 14, future_rt = "latest") - estimate_infections, reported_cases, generation_time, CrIs, delays, samples, horizon, output["fit"], verbose, id, ...
INFO [2020-11-09 15:59:22] Initialising estimates for: Maine
ERROR [2020-11-09 15:59:22] Maine: unused arguments (burn_in = 14, future_rt = "latest") - estimate_infections, reported_cases, generation_time, CrIs, delays, samples, horizon, output["fit"], verbose, id, ...
INFO [2020-11-09 15:59:22] Initialising estimates for: Maryland
ERROR [2020-11-09 15:59:22] Maryland: unused arguments (burn_in = 14, future_rt = "latest") - estimate_infections, reported_cases, generation_time, CrIs, delays, samples, horizon, output["fit"], verbose, id, ...
INFO [2020-11-09 15:59:22] Initialising estimates for: Massachusetts
ERROR [2020-11-09 15:59:22] Massachusetts: unused arguments (burn_in = 14, future_rt = "latest") - estimate_infections, reported_cases, generation_time, CrIs, delays, samples, horizon, output["fit"], verbose, id, ...
INFO [2020-11-09 15:59:22] Initialising estimates for: Michigan
ERROR [2020-11-09 15:59:22] Michigan: unused arguments (burn_in = 14, future_rt = "latest") - estimate_infections, reported_cases, generation_time, CrIs, delays, samples, horizon, output["fit"], verbose, id, ...
INFO [2020-11-09 15:59:23] Initialising estimates for: Minnesota
ERROR [2020-11-09 15:59:23] Minnesota: unused arguments (burn_in = 14, future_rt = "latest") - estimate_infections, reported_cases, generation_time, CrIs, delays, samples, horizon, output["fit"], verbose, id, ...
INFO [2020-11-09 15:59:23] Initialising estimates for: Mississippi
ERROR [2020-11-09 15:59:23] Mississippi: unused arguments (burn_in = 14, future_rt = "latest") - estimate_infections, reported_cases, generation_time, CrIs, delays, samples, horizon, output["fit"], verbose, id, ...
INFO [2020-11-09 15:59:23] Initialising estimates for: Missouri
ERROR [2020-11-09 15:59:23] Missouri: unused arguments (burn_in = 14, future_rt = "latest") - estimate_infections, reported_cases, generation_time, CrIs, delays, samples, horizon, output["fit"], verbose, id, ...
INFO [2020-11-09 15:59:23] Initialising estimates for: Montana
ERROR [2020-11-09 15:59:23] Montana: unused arguments (burn_in = 14, future_rt = "latest") - estimate_infections, reported_cases, generation_time, CrIs, delays, samples, horizon, output["fit"], verbose, id, ...
INFO [2020-11-09 15:59:23] Initialising estimates for: Nebraska
ERROR [2020-11-09 15:59:23] Nebraska: unused arguments (burn_in = 14, future_rt = "latest") - estimate_infections, reported_cases, generation_time, CrIs, delays, samples, horizon, output["fit"], verbose, id, ...
INFO [2020-11-09 15:59:23] Initialising estimates for: Nevada
ERROR [2020-11-09 15:59:23] Nevada: unused arguments (burn_in = 14, future_rt = "latest") - estimate_infections, reported_cases, generation_time, CrIs, delays, samples, horizon, output["fit"], verbose, id, ...
INFO [2020-11-09 15:59:23] Initialising estimates for: New Hampshire
ERROR [2020-11-09 15:59:23] New Hampshire: unused arguments (burn_in = 14, future_rt = "latest") - estimate_infections, reported_cases, generation_time, CrIs, delays, samples, horizon, output["fit"], verbose, id, ...
INFO [2020-11-09 15:59:23] Initialising estimates for: New Jersey
ERROR [2020-11-09 15:59:23] New Jersey: unused arguments (burn_in = 14, future_rt = "latest") - estimate_infections, reported_cases, generation_time, CrIs, delays, samples, horizon, output["fit"], verbose, id, ...
INFO [2020-11-09 15:59:23] Initialising estimates for: New Mexico
ERROR [2020-11-09 15:59:23] New Mexico: unused arguments (burn_in = 14, future_rt = "latest") - estimate_infections, reported_cases, generation_time, CrIs, delays, samples, horizon, output["fit"], verbose, id, ...
INFO [2020-11-09 15:59:24] Initialising estimates for: New York
ERROR [2020-11-09 15:59:24] New York: unused arguments (burn_in = 14, future_rt = "latest") - estimate_infections, reported_cases, generation_time, CrIs, delays, samples, horizon, output["fit"], verbose, id, ...
INFO [2020-11-09 15:59:24] Initialising estimates for: North Carolina
ERROR [2020-11-09 15:59:24] North Carolina: unused arguments (burn_in = 14, future_rt = "latest") - estimate_infections, reported_cases, generation_time, CrIs, delays, samples, horizon, output["fit"], verbose, id, ...
INFO [2020-11-09 15:59:24] Initialising estimates for: North Dakota
ERROR [2020-11-09 15:59:24] North Dakota: unused arguments (burn_in = 14, future_rt = "latest") - estimate_infections, reported_cases, generation_time, CrIs, delays, samples, horizon, output["fit"], verbose, id, ...
INFO [2020-11-09 15:59:24] Initialising estimates for: Ohio
ERROR [2020-11-09 15:59:24] Ohio: unused arguments (burn_in = 14, future_rt = "latest") - estimate_infections, reported_cases, generation_time, CrIs, delays, samples, horizon, output["fit"], verbose, id, ...
INFO [2020-11-09 15:59:24] Initialising estimates for: Oklahoma
ERROR [2020-11-09 15:59:24] Oklahoma: unused arguments (burn_in = 14, future_rt = "latest") - estimate_infections, reported_cases, generation_time, CrIs, delays, samples, horizon, output["fit"], verbose, id, ...
INFO [2020-11-09 15:59:24] Initialising estimates for: Oregon
ERROR [2020-11-09 15:59:24] Oregon: unused arguments (burn_in = 14, future_rt = "latest") - estimate_infections, reported_cases, generation_time, CrIs, delays, samples, horizon, output["fit"], verbose, id, ...
INFO [2020-11-09 15:59:24] Initialising estimates for: Pennsylvania
ERROR [2020-11-09 15:59:24] Pennsylvania: unused arguments (burn_in = 14, future_rt = "latest") - estimate_infections, reported_cases, generation_time, CrIs, delays, samples, horizon, output["fit"], verbose, id, ...
INFO [2020-11-09 15:59:24] Initialising estimates for: Puerto Rico
ERROR [2020-11-09 15:59:24] Puerto Rico: unused arguments (burn_in = 14, future_rt = "latest") - estimate_infections, reported_cases, generation_time, CrIs, delays, samples, horizon, output["fit"], verbose, id, ...
INFO [2020-11-09 15:59:24] Initialising estimates for: Rhode Island
ERROR [2020-11-09 15:59:25] Rhode Island: unused arguments (burn_in = 14, future_rt = "latest") - estimate_infections, reported_cases, generation_time, CrIs, delays, samples, horizon, output["fit"], verbose, id, ...
INFO [2020-11-09 15:59:25] Initialising estimates for: South Carolina
ERROR [2020-11-09 15:59:25] South Carolina: unused arguments (burn_in = 14, future_rt = "latest") - estimate_infections, reported_cases, generation_time, CrIs, delays, samples, horizon, output["fit"], verbose, id, ...
INFO [2020-11-09 15:59:25] Initialising estimates for: South Dakota
ERROR [2020-11-09 15:59:25] South Dakota: unused arguments (burn_in = 14, future_rt = "latest") - estimate_infections, reported_cases, generation_time, CrIs, delays, samples, horizon, output["fit"], verbose, id, ...
INFO [2020-11-09 15:59:25] Initialising estimates for: Tennessee
ERROR [2020-11-09 15:59:25] Tennessee: unused arguments (burn_in = 14, future_rt = "latest") - estimate_infections, reported_cases, generation_time, CrIs, delays, samples, horizon, output["fit"], verbose, id, ...
INFO [2020-11-09 15:59:25] Initialising estimates for: Texas
ERROR [2020-11-09 15:59:25] Texas: unused arguments (burn_in = 14, future_rt = "latest") - estimate_infections, reported_cases, generation_time, CrIs, delays, samples, horizon, output["fit"], verbose, id, ...
INFO [2020-11-09 15:59:26] Initialising estimates for: Utah
ERROR [2020-11-09 15:59:26] Utah: unused arguments (burn_in = 14, future_rt = "latest") - estimate_infections, reported_cases, generation_time, CrIs, delays, samples, horizon, output["fit"], verbose, id, ...
INFO [2020-11-09 15:59:26] Initialising estimates for: Virginia
ERROR [2020-11-09 15:59:26] Virginia: unused arguments (burn_in = 14, future_rt = "latest") - estimate_infections, reported_cases, generation_time, CrIs, delays, samples, horizon, output["fit"], verbose, id, ...
INFO [2020-11-09 15:59:26] Initialising estimates for: Washington
ERROR [2020-11-09 15:59:26] Washington: unused arguments (burn_in = 14, future_rt = "latest") - estimate_infections, reported_cases, generation_time, CrIs, delays, samples, horizon, output["fit"], verbose, id, ...
INFO [2020-11-09 15:59:27] Initialising estimates for: West Virginia
ERROR [2020-11-09 15:59:27] West Virginia: unused arguments (burn_in = 14, future_rt = "latest") - estimate_infections, reported_cases, generation_time, CrIs, delays, samples, horizon, output["fit"], verbose, id, ...
INFO [2020-11-09 15:59:27] Initialising estimates for: Wisconsin
ERROR [2020-11-09 15:59:27] Wisconsin: unused arguments (burn_in = 14, future_rt = "latest") - estimate_infections, reported_cases, generation_time, CrIs, delays, samples, horizon, output["fit"], verbose, id, ...
INFO [2020-11-09 15:59:27] Initialising estimates for: US
ERROR [2020-11-09 15:59:27] US: unused arguments (burn_in = 14, future_rt = "latest") - estimate_infections, reported_cases, generation_time, CrIs, delays, samples, horizon, output["fit"], verbose, id, ...
INFO [2020-11-09 15:59:27] Runtime error in Alabama : Alabama: unused arguments (burn_in = 14, future_rt = "latest") - estimate_infections, reported_cases, generation_time, CrIs, delays, samples, horizon, output["fit"], verbose, id, ...
INFO [2020-11-09 15:59:27] Runtime error in Alaska : Alaska: unused arguments (burn_in = 14, future_rt = "latest") - estimate_infections, reported_cases, generation_time, CrIs, delays, samples, horizon, output["fit"], verbose, id, ...
INFO [2020-11-09 15:59:27] Runtime error in Arizona : Arizona: unused arguments (burn_in = 14, future_rt = "latest") - estimate_infections, reported_cases, generation_time, CrIs, delays, samples, horizon, output["fit"], verbose, id, ...
INFO [2020-11-09 15:59:27] Runtime error in Arkansas : Arkansas: unused arguments (burn_in = 14, future_rt = "latest") - estimate_infections, reported_cases, generation_time, CrIs, delays, samples, horizon, output["fit"], verbose, id, ...
INFO [2020-11-09 15:59:27] Runtime error in California : California: unused arguments (burn_in = 14, future_rt = "latest") - estimate_infections, reported_cases, generation_time, CrIs, delays, samples, horizon, output["fit"], verbose, id, ...
INFO [2020-11-09 15:59:27] Runtime error in Colorado : Colorado: unused arguments (burn_in = 14, future_rt = "latest") - estimate_infections, reported_cases, generation_time, CrIs, delays, samples, horizon, output["fit"], verbose, id, ...
INFO [2020-11-09 15:59:27] Runtime error in Connecticut : Connecticut: unused arguments (burn_in = 14, future_rt = "latest") - estimate_infections, reported_cases, generation_time, CrIs, delays, samples, horizon, output["fit"], verbose, id, ...
INFO [2020-11-09 15:59:27] Runtime error in Delaware : Delaware: unused arguments (burn_in = 14, future_rt = "latest") - estimate_infections, reported_cases, generation_time, CrIs, delays, samples, horizon, output["fit"], verbose, id, ...
INFO [2020-11-09 15:59:27] Runtime error in District of Columbia : District of Columbia: unused arguments (burn_in = 14, future_rt = "latest") - estimate_infections, reported_cases, generation_time, CrIs, delays, samples, horizon, output["fit"], verbose, id, ...
INFO [2020-11-09 15:59:27] Runtime error in Florida : Florida: unused arguments (burn_in = 14, future_rt = "latest") - estimate_infections, reported_cases, generation_time, CrIs, delays, samples, horizon, output["fit"], verbose, id, ...
INFO [2020-11-09 15:59:27] Runtime error in Georgia : Georgia: unused arguments (burn_in = 14, future_rt = "latest") - estimate_infections, reported_cases, generation_time, CrIs, delays, samples, horizon, output["fit"], verbose, id, ...
INFO [2020-11-09 15:59:27] Runtime error in Guam : Guam: unused arguments (burn_in = 14, future_rt = "latest") - estimate_infections, reported_cases, generation_time, CrIs, delays, samples, horizon, output["fit"], verbose, id, ...
INFO [2020-11-09 15:59:27] Runtime error in Hawaii : Hawaii: unused arguments (burn_in = 14, future_rt = "latest") - estimate_infections, reported_cases, generation_time, CrIs, delays, samples, horizon, output["fit"], verbose, id, ...
INFO [2020-11-09 15:59:27] Runtime error in Idaho : Idaho: unused arguments (burn_in = 14, future_rt = "latest") - estimate_infections, reported_cases, generation_time, CrIs, delays, samples, horizon, output["fit"], verbose, id, ...
INFO [2020-11-09 15:59:27] Runtime error in Illinois : Illinois: unused arguments (burn_in = 14, future_rt = "latest") - estimate_infections, reported_cases, generation_time, CrIs, delays, samples, horizon, output["fit"], verbose, id, ...
INFO [2020-11-09 15:59:27] Runtime error in Indiana : Indiana: unused arguments (burn_in = 14, future_rt = "latest") - estimate_infections, reported_cases, generation_time, CrIs, delays, samples, horizon, output["fit"], verbose, id, ...
INFO [2020-11-09 15:59:27] Runtime error in Iowa : Iowa: unused arguments (burn_in = 14, future_rt = "latest") - estimate_infections, reported_cases, generation_time, CrIs, delays, samples, horizon, output["fit"], verbose, id, ...
INFO [2020-11-09 15:59:27] Runtime error in Kansas : Kansas: unused arguments (burn_in = 14, future_rt = "latest") - estimate_infections, reported_cases, generation_time, CrIs, delays, samples, horizon, output["fit"], verbose, id, ...
INFO [2020-11-09 15:59:27] Runtime error in Kentucky : Kentucky: unused arguments (burn_in = 14, future_rt = "latest") - estimate_infections, reported_cases, generation_time, CrIs, delays, samples, horizon, output["fit"], verbose, id, ...
INFO [2020-11-09 15:59:27] Runtime error in Louisiana : Louisiana: unused arguments (burn_in = 14, future_rt = "latest") - estimate_infections, reported_cases, generation_time, CrIs, delays, samples, horizon, output["fit"], verbose, id, ...
INFO [2020-11-09 15:59:27] Runtime error in Maine : Maine: unused arguments (burn_in = 14, future_rt = "latest") - estimate_infections, reported_cases, generation_time, CrIs, delays, samples, horizon, output["fit"], verbose, id, ...
INFO [2020-11-09 15:59:27] Runtime error in Maryland : Maryland: unused arguments (burn_in = 14, future_rt = "latest") - estimate_infections, reported_cases, generation_time, CrIs, delays, samples, horizon, output["fit"], verbose, id, ...
INFO [2020-11-09 15:59:27] Runtime error in Massachusetts : Massachusetts: unused arguments (burn_in = 14, future_rt = "latest") - estimate_infections, reported_cases, generation_time, CrIs, delays, samples, horizon, output["fit"], verbose, id, ...
INFO [2020-11-09 15:59:27] Runtime error in Michigan : Michigan: unused arguments (burn_in = 14, future_rt = "latest") - estimate_infections, reported_cases, generation_time, CrIs, delays, samples, horizon, output["fit"], verbose, id, ...
INFO [2020-11-09 15:59:27] Runtime error in Minnesota : Minnesota: unused arguments (burn_in = 14, future_rt = "latest") - estimate_infections, reported_cases, generation_time, CrIs, delays, samples, horizon, output["fit"], verbose, id, ...
INFO [2020-11-09 15:59:27] Runtime error in Mississippi : Mississippi: unused arguments (burn_in = 14, future_rt = "latest") - estimate_infections, reported_cases, generation_time, CrIs, delays, samples, horizon, output["fit"], verbose, id, ...
INFO [2020-11-09 15:59:27] Runtime error in Missouri : Missouri: unused arguments (burn_in = 14, future_rt = "latest") - estimate_infections, reported_cases, generation_time, CrIs, delays, samples, horizon, output["fit"], verbose, id, ...
INFO [2020-11-09 15:59:27] Runtime error in Montana : Montana: unused arguments (burn_in = 14, future_rt = "latest") - estimate_infections, reported_cases, generation_time, CrIs, delays, samples, horizon, output["fit"], verbose, id, ...
INFO [2020-11-09 15:59:27] Runtime error in Nebraska : Nebraska: unused arguments (burn_in = 14, future_rt = "latest") - estimate_infections, reported_cases, generation_time, CrIs, delays, samples, horizon, output["fit"], verbose, id, ...
INFO [2020-11-09 15:59:27] Runtime error in Nevada : Nevada: unused arguments (burn_in = 14, future_rt = "latest") - estimate_infections, reported_cases, generation_time, CrIs, delays, samples, horizon, output["fit"], verbose, id, ...
INFO [2020-11-09 15:59:27] Runtime error in New Hampshire : New Hampshire: unused arguments (burn_in = 14, future_rt = "latest") - estimate_infections, reported_cases, generation_time, CrIs, delays, samples, horizon, output["fit"], verbose, id, ...
INFO [2020-11-09 15:59:27] Runtime error in New Jersey : New Jersey: unused arguments (burn_in = 14, future_rt = "latest") - estimate_infections, reported_cases, generation_time, CrIs, delays, samples, horizon, output["fit"], verbose, id, ...
INFO [2020-11-09 15:59:27] Runtime error in New Mexico : New Mexico: unused arguments (burn_in = 14, future_rt = "latest") - estimate_infections, reported_cases, generation_time, CrIs, delays, samples, horizon, output["fit"], verbose, id, ...
INFO [2020-11-09 15:59:27] Runtime error in New York : New York: unused arguments (burn_in = 14, future_rt = "latest") - estimate_infections, reported_cases, generation_time, CrIs, delays, samples, horizon, output["fit"], verbose, id, ...
INFO [2020-11-09 15:59:27] Runtime error in North Carolina : North Carolina: unused arguments (burn_in = 14, future_rt = "latest") - estimate_infections, reported_cases, generation_time, CrIs, delays, samples, horizon, output["fit"], verbose, id, ...
INFO [2020-11-09 15:59:27] Runtime error in North Dakota : North Dakota: unused arguments (burn_in = 14, future_rt = "latest") - estimate_infections, reported_cases, generation_time, CrIs, delays, samples, horizon, output["fit"], verbose, id, ...
INFO [2020-11-09 15:59:27] Runtime error in Ohio : Ohio: unused arguments (burn_in = 14, future_rt = "latest") - estimate_infections, reported_cases, generation_time, CrIs, delays, samples, horizon, output["fit"], verbose, id, ...
INFO [2020-11-09 15:59:27] Runtime error in Oklahoma : Oklahoma: unused arguments (burn_in = 14, future_rt = "latest") - estimate_infections, reported_cases, generation_time, CrIs, delays, samples, horizon, output["fit"], verbose, id, ...
INFO [2020-11-09 15:59:27] Runtime error in Oregon : Oregon: unused arguments (burn_in = 14, future_rt = "latest") - estimate_infections, reported_cases, generation_time, CrIs, delays, samples, horizon, output["fit"], verbose, id, ...
INFO [2020-11-09 15:59:27] Runtime error in Pennsylvania : Pennsylvania: unused arguments (burn_in = 14, future_rt = "latest") - estimate_infections, reported_cases, generation_time, CrIs, delays, samples, horizon, output["fit"], verbose, id, ...
INFO [2020-11-09 15:59:27] Runtime error in Puerto Rico : Puerto Rico: unused arguments (burn_in = 14, future_rt = "latest") - estimate_infections, reported_cases, generation_time, CrIs, delays, samples, horizon, output["fit"], verbose, id, ...
INFO [2020-11-09 15:59:27] Runtime error in Rhode Island : Rhode Island: unused arguments (burn_in = 14, future_rt = "latest") - estimate_infections, reported_cases, generation_time, CrIs, delays, samples, horizon, output["fit"], verbose, id, ...
INFO [2020-11-09 15:59:27] Runtime error in South Carolina : South Carolina: unused arguments (burn_in = 14, future_rt = "latest") - estimate_infections, reported_cases, generation_time, CrIs, delays, samples, horizon, output["fit"], verbose, id, ...
INFO [2020-11-09 15:59:27] Runtime error in South Dakota : South Dakota: unused arguments (burn_in = 14, future_rt = "latest") - estimate_infections, reported_cases, generation_time, CrIs, delays, samples, horizon, output["fit"], verbose, id, ...
INFO [2020-11-09 15:59:27] Runtime error in Tennessee : Tennessee: unused arguments (burn_in = 14, future_rt = "latest") - estimate_infections, reported_cases, generation_time, CrIs, delays, samples, horizon, output["fit"], verbose, id, ...
INFO [2020-11-09 15:59:27] Runtime error in Texas : Texas: unused arguments (burn_in = 14, future_rt = "latest") - estimate_infections, reported_cases, generation_time, CrIs, delays, samples, horizon, output["fit"], verbose, id, ...
INFO [2020-11-09 15:59:27] Runtime error in Utah : Utah: unused arguments (burn_in = 14, future_rt = "latest") - estimate_infections, reported_cases, generation_time, CrIs, delays, samples, horizon, output["fit"], verbose, id, ...
INFO [2020-11-09 15:59:27] Runtime error in Virginia : Virginia: unused arguments (burn_in = 14, future_rt = "latest") - estimate_infections, reported_cases, generation_time, CrIs, delays, samples, horizon, output["fit"], verbose, id, ...
INFO [2020-11-09 15:59:27] Runtime error in Washington : Washington: unused arguments (burn_in = 14, future_rt = "latest") - estimate_infections, reported_cases, generation_time, CrIs, delays, samples, horizon, output["fit"], verbose, id, ...
INFO [2020-11-09 15:59:27] Runtime error in West Virginia : West Virginia: unused arguments (burn_in = 14, future_rt = "latest") - estimate_infections, reported_cases, generation_time, CrIs, delays, samples, horizon, output["fit"], verbose, id, ...
INFO [2020-11-09 15:59:27] Runtime error in Wisconsin : Wisconsin: unused arguments (burn_in = 14, future_rt = "latest") - estimate_infections, reported_cases, generation_time, CrIs, delays, samples, horizon, output["fit"], verbose, id, ...
INFO [2020-11-09 15:59:27] Runtime error in US : US: unused arguments (burn_in = 14, future_rt = "latest") - estimate_infections, reported_cases, generation_time, CrIs, delays, samples, horizon, output["fit"], verbose, id, ...
