INFO [2020-11-30 11:09:11] Initialising estimates for: Alabama
INFO [2020-11-30 11:09:12] Initialising estimates for: Alaska
INFO [2020-11-30 11:09:13] Initialising estimates for: Arizona
INFO [2020-11-30 11:09:14] Initialising estimates for: Arkansas
INFO [2020-11-30 11:09:16] Initialising estimates for: California
INFO [2020-11-30 11:09:18] Initialising estimates for: Colorado
INFO [2020-11-30 11:09:20] Initialising estimates for: Connecticut
INFO [2020-11-30 11:09:23] Initialising estimates for: Delaware
INFO [2020-11-30 11:09:27] Initialising estimates for: District of Columbia
INFO [2020-11-30 11:09:30] Initialising estimates for: Florida
INFO [2020-11-30 11:09:35] Initialising estimates for: Georgia
WARN [2020-11-30 11:09:35] Alabama (chain: 1): There were 1 divergent transitions after warmup. See
http://mc-stan.org/misc/warnings.html#divergent-transitions-after-warmup
to find out why this is a problem and how to eliminate them. - 
WARN [2020-11-30 11:09:35] Alabama (chain: 1): Examine the pairs() plot to diagnose sampling problems
 - 
INFO [2020-11-30 11:09:39] Initialising estimates for: Guam
INFO [2020-11-30 11:09:43] Completed estimates for: Alabama
INFO [2020-11-30 11:09:43] Completed estimates for: Alaska
INFO [2020-11-30 11:09:44] Initialising estimates for: Hawaii
WARN [2020-11-30 11:09:47] District of Columbia (chain: 1): There were 1 divergent transitions after warmup. See
http://mc-stan.org/misc/warnings.html#divergent-transitions-after-warmup
to find out why this is a problem and how to eliminate them. - 
WARN [2020-11-30 11:09:47] District of Columbia (chain: 1): Examine the pairs() plot to diagnose sampling problems
 - 
WARN [2020-11-30 11:09:47] Arizona (chain: 1): There were 11 divergent transitions after warmup. See
http://mc-stan.org/misc/warnings.html#divergent-transitions-after-warmup
to find out why this is a problem and how to eliminate them. - 
WARN [2020-11-30 11:09:47] Arizona (chain: 1): Examine the pairs() plot to diagnose sampling problems
 - 
INFO [2020-11-30 11:09:54] Initialising estimates for: Idaho
INFO [2020-11-30 11:09:54] Completed estimates for: District of Columbia
INFO [2020-11-30 11:09:55] Completed estimates for: Arizona
WARN [2020-11-30 11:09:58] Colorado (chain: 1): There were 27 divergent transitions after warmup. See
http://mc-stan.org/misc/warnings.html#divergent-transitions-after-warmup
to find out why this is a problem and how to eliminate them. - 
WARN [2020-11-30 11:09:58] Colorado (chain: 1): Examine the pairs() plot to diagnose sampling problems
 - 
WARN [2020-11-30 11:09:59] Arkansas (chain: 1): There were 1 divergent transitions after warmup. See
http://mc-stan.org/misc/warnings.html#divergent-transitions-after-warmup
to find out why this is a problem and how to eliminate them. - 
WARN [2020-11-30 11:09:59] Arkansas (chain: 1): Examine the pairs() plot to diagnose sampling problems
 - 
INFO [2020-11-30 11:10:00] Completed estimates for: Connecticut
WARN [2020-11-30 11:10:00] California (chain: 1): There were 1 divergent transitions after warmup. See
http://mc-stan.org/misc/warnings.html#divergent-transitions-after-warmup
to find out why this is a problem and how to eliminate them. - 
WARN [2020-11-30 11:10:00] California (chain: 1): Examine the pairs() plot to diagnose sampling problems
 - 
WARN [2020-11-30 11:10:00] Colorado (chain: 1): Bulk Effective Samples Size (ESS) is too low, indicating posterior means and medians may be unreliable.
Running the chains for more iterations may help. See
http://mc-stan.org/misc/warnings.html#bulk-ess - 
INFO [2020-11-30 11:10:03] Completed estimates for: Delaware
INFO [2020-11-30 11:10:05] Initialising estimates for: Illinois
INFO [2020-11-30 11:10:06] Completed estimates for: Colorado
INFO [2020-11-30 11:10:07] Completed estimates for: Guam
INFO [2020-11-30 11:10:07] Completed estimates for: Arkansas
INFO [2020-11-30 11:10:07] Completed estimates for: California
WARN [2020-11-30 11:10:13] Florida (chain: 1): There were 13 divergent transitions after warmup. See
http://mc-stan.org/misc/warnings.html#divergent-transitions-after-warmup
to find out why this is a problem and how to eliminate them. - 
WARN [2020-11-30 11:10:13] Florida (chain: 1): Examine the pairs() plot to diagnose sampling problems
 - 
WARN [2020-11-30 11:10:13] Georgia (chain: 1): There were 17 divergent transitions after warmup. See
http://mc-stan.org/misc/warnings.html#divergent-transitions-after-warmup
to find out why this is a problem and how to eliminate them. - 
WARN [2020-11-30 11:10:13] Georgia (chain: 1): Examine the pairs() plot to diagnose sampling problems
 - 
INFO [2020-11-30 11:10:14] Completed estimates for: Hawaii
WARN [2020-11-30 11:10:15] Georgia (chain: 1): Bulk Effective Samples Size (ESS) is too low, indicating posterior means and medians may be unreliable.
Running the chains for more iterations may help. See
http://mc-stan.org/misc/warnings.html#bulk-ess - 
INFO [2020-11-30 11:10:16] Initialising estimates for: Indiana
INFO [2020-11-30 11:10:18] Initialising estimates for: Iowa
INFO [2020-11-30 11:10:20] Initialising estimates for: Kansas
INFO [2020-11-30 11:10:21] Completed estimates for: Florida
INFO [2020-11-30 11:10:21] Completed estimates for: Georgia
INFO [2020-11-30 11:10:26] Initialising estimates for: Kentucky
INFO [2020-11-30 11:10:28] Initialising estimates for: Louisiana
INFO [2020-11-30 11:10:31] Initialising estimates for: Maine
INFO [2020-11-30 11:10:33] Completed estimates for: Idaho
INFO [2020-11-30 11:10:34] Initialising estimates for: Maryland
INFO [2020-11-30 11:10:40] Initialising estimates for: Massachusetts
INFO [2020-11-30 11:10:43] Initialising estimates for: Michigan
INFO [2020-11-30 11:10:48] Initialising estimates for: Minnesota
INFO [2020-11-30 11:10:52] Initialising estimates for: Mississippi
INFO [2020-11-30 11:10:57] Initialising estimates for: Missouri
WARN [2020-11-30 11:10:59] Kansas (chain: 1): There were 8 divergent transitions after warmup. See
http://mc-stan.org/misc/warnings.html#divergent-transitions-after-warmup
to find out why this is a problem and how to eliminate them. - 
WARN [2020-11-30 11:10:59] Kansas (chain: 1): Examine the pairs() plot to diagnose sampling problems
 - 
WARN [2020-11-30 11:10:59] Illinois (chain: 1): There were 16 divergent transitions after warmup. See
http://mc-stan.org/misc/warnings.html#divergent-transitions-after-warmup
to find out why this is a problem and how to eliminate them. - 
WARN [2020-11-30 11:10:59] Illinois (chain: 1): Examine the pairs() plot to diagnose sampling problems
 - 
WARN [2020-11-30 11:11:01] Illinois (chain: 1): Bulk Effective Samples Size (ESS) is too low, indicating posterior means and medians may be unreliable.
Running the chains for more iterations may help. See
http://mc-stan.org/misc/warnings.html#bulk-ess - 
WARN [2020-11-30 11:11:02] Illinois (chain: 1): Tail Effective Samples Size (ESS) is too low, indicating posterior variances and tail quantiles may be unreliable.
Running the chains for more iterations may help. See
http://mc-stan.org/misc/warnings.html#tail-ess - 
INFO [2020-11-30 11:11:02] Initialising estimates for: Montana
INFO [2020-11-30 11:11:06] Completed estimates for: Kansas
WARN [2020-11-30 11:11:06] Kentucky (chain: 1): There were 2 divergent transitions after warmup. See
http://mc-stan.org/misc/warnings.html#divergent-transitions-after-warmup
to find out why this is a problem and how to eliminate them. - 
WARN [2020-11-30 11:11:06] Kentucky (chain: 1): Examine the pairs() plot to diagnose sampling problems
 - 
INFO [2020-11-30 11:11:07] Completed estimates for: Illinois
WARN [2020-11-30 11:11:08] Indiana (chain: 1): There were 2 divergent transitions after warmup. See
http://mc-stan.org/misc/warnings.html#divergent-transitions-after-warmup
to find out why this is a problem and how to eliminate them. - 
WARN [2020-11-30 11:11:08] Indiana (chain: 1): Examine the pairs() plot to diagnose sampling problems
 - 
INFO [2020-11-30 11:11:08] Initialising estimates for: Nebraska
WARN [2020-11-30 11:11:10] Maine (chain: 1): Bulk Effective Samples Size (ESS) is too low, indicating posterior means and medians may be unreliable.
Running the chains for more iterations may help. See
http://mc-stan.org/misc/warnings.html#bulk-ess - 
INFO [2020-11-30 11:11:14] Completed estimates for: Kentucky
INFO [2020-11-30 11:11:15] Completed estimates for: Indiana
INFO [2020-11-30 11:11:16] Completed estimates for: Maine
WARN [2020-11-30 11:11:19] Michigan (chain: 1): There were 38 divergent transitions after warmup. See
http://mc-stan.org/misc/warnings.html#divergent-transitions-after-warmup
to find out why this is a problem and how to eliminate them. - 
WARN [2020-11-30 11:11:19] Michigan (chain: 1): Examine the pairs() plot to diagnose sampling problems
 - 
WARN [2020-11-30 11:11:21] Michigan (chain: 1): Bulk Effective Samples Size (ESS) is too low, indicating posterior means and medians may be unreliable.
Running the chains for more iterations may help. See
http://mc-stan.org/misc/warnings.html#bulk-ess - 
WARN [2020-11-30 11:11:22] Michigan (chain: 1): Tail Effective Samples Size (ESS) is too low, indicating posterior variances and tail quantiles may be unreliable.
Running the chains for more iterations may help. See
http://mc-stan.org/misc/warnings.html#tail-ess - 
WARN [2020-11-30 11:11:22] Mississippi (chain: 1): There were 4 divergent transitions after warmup. See
http://mc-stan.org/misc/warnings.html#divergent-transitions-after-warmup
to find out why this is a problem and how to eliminate them. - 
WARN [2020-11-30 11:11:22] Mississippi (chain: 1): Examine the pairs() plot to diagnose sampling problems
 - 
WARN [2020-11-30 11:11:23] Iowa (chain: 1): some chains had errors; consider specifying chains = 1 to debug - .local, object, ...
WARN [2020-11-30 11:11:23] Iowa (chain: 1): There were 1 divergent transitions after warmup. See
http://mc-stan.org/misc/warnings.html#divergent-transitions-after-warmup
to find out why this is a problem and how to eliminate them. - 
WARN [2020-11-30 11:11:23] Iowa (chain: 1): Examine the pairs() plot to diagnose sampling problems
 - 
WARN [2020-11-30 11:11:25] Massachusetts (chain: 1): Bulk Effective Samples Size (ESS) is too low, indicating posterior means and medians may be unreliable.
Running the chains for more iterations may help. See
http://mc-stan.org/misc/warnings.html#bulk-ess - 
INFO [2020-11-30 11:11:26] Initialising estimates for: Nevada
INFO [2020-11-30 11:11:27] Completed estimates for: Michigan
WARN [2020-11-30 11:11:27] Montana (chain: 1): There were 1 divergent transitions after warmup. See
http://mc-stan.org/misc/warnings.html#divergent-transitions-after-warmup
to find out why this is a problem and how to eliminate them. - 
WARN [2020-11-30 11:11:27] Montana (chain: 1): Examine the pairs() plot to diagnose sampling problems
 - 
INFO [2020-11-30 11:11:29] Completed estimates for: Mississippi
INFO [2020-11-30 11:11:29] Completed estimates for: Iowa
INFO [2020-11-30 11:11:31] Completed estimates for: Massachusetts
WARN [2020-11-30 11:11:33] Missouri (chain: 1): some chains had errors; consider specifying chains = 1 to debug - .local, object, ...
WARN [2020-11-30 11:11:33] Missouri (chain: 1): There were 2 divergent transitions after warmup. See
http://mc-stan.org/misc/warnings.html#divergent-transitions-after-warmup
to find out why this is a problem and how to eliminate them. - 
WARN [2020-11-30 11:11:33] Missouri (chain: 1): Examine the pairs() plot to diagnose sampling problems
 - 
INFO [2020-11-30 11:11:35] Completed estimates for: Montana
WARN [2020-11-30 11:11:38] Louisiana (chain: 1): There were 7 divergent transitions after warmup. See
http://mc-stan.org/misc/warnings.html#divergent-transitions-after-warmup
to find out why this is a problem and how to eliminate them. - 
WARN [2020-11-30 11:11:38] Louisiana (chain: 1): Examine the pairs() plot to diagnose sampling problems
 - 
INFO [2020-11-30 11:11:39] Initialising estimates for: New Hampshire
INFO [2020-11-30 11:11:39] Completed estimates for: Missouri
WARN [2020-11-30 11:11:41] Nebraska (chain: 1): There were 12 divergent transitions after warmup. See
http://mc-stan.org/misc/warnings.html#divergent-transitions-after-warmup
to find out why this is a problem and how to eliminate them. - 
WARN [2020-11-30 11:11:41] Nebraska (chain: 1): Examine the pairs() plot to diagnose sampling problems
 - 
INFO [2020-11-30 11:11:43] Initialising estimates for: New Jersey
INFO [2020-11-30 11:11:46] Initialising estimates for: New Mexico
INFO [2020-11-30 11:11:46] Completed estimates for: Louisiana
INFO [2020-11-30 11:11:49] Completed estimates for: Nebraska
WARN [2020-11-30 11:11:49] Maryland (chain: 1): There were 3 divergent transitions after warmup. See
http://mc-stan.org/misc/warnings.html#divergent-transitions-after-warmup
to find out why this is a problem and how to eliminate them. - 
WARN [2020-11-30 11:11:49] Maryland (chain: 1): Examine the pairs() plot to diagnose sampling problems
 - 
INFO [2020-11-30 11:11:52] Initialising estimates for: New York
INFO [2020-11-30 11:11:55] Initialising estimates for: North Carolina
WARN [2020-11-30 11:11:55] Minnesota (chain: 1): Bulk Effective Samples Size (ESS) is too low, indicating posterior means and medians may be unreliable.
Running the chains for more iterations may help. See
http://mc-stan.org/misc/warnings.html#bulk-ess - 
INFO [2020-11-30 11:11:57] Completed estimates for: Maryland
INFO [2020-11-30 11:11:58] Initialising estimates for: North Dakota
WARN [2020-11-30 11:12:00] Nevada (chain: 1): There were 6 divergent transitions after warmup. See
http://mc-stan.org/misc/warnings.html#divergent-transitions-after-warmup
to find out why this is a problem and how to eliminate them. - 
WARN [2020-11-30 11:12:00] Nevada (chain: 1): Examine the pairs() plot to diagnose sampling problems
 - 
INFO [2020-11-30 11:12:01] Completed estimates for: Minnesota
WARN [2020-11-30 11:12:02] New Hampshire (chain: 1): Bulk Effective Samples Size (ESS) is too low, indicating posterior means and medians may be unreliable.
Running the chains for more iterations may help. See
http://mc-stan.org/misc/warnings.html#bulk-ess - 
WARN [2020-11-30 11:12:03] New Hampshire (chain: 1): Tail Effective Samples Size (ESS) is too low, indicating posterior variances and tail quantiles may be unreliable.
Running the chains for more iterations may help. See
http://mc-stan.org/misc/warnings.html#tail-ess - 
INFO [2020-11-30 11:12:05] Initialising estimates for: Ohio
INFO [2020-11-30 11:12:07] Completed estimates for: Nevada
INFO [2020-11-30 11:12:08] Completed estimates for: New Hampshire
INFO [2020-11-30 11:12:09] Initialising estimates for: Oklahoma
INFO [2020-11-30 11:12:15] Initialising estimates for: Oregon
INFO [2020-11-30 11:12:18] Initialising estimates for: Pennsylvania
INFO [2020-11-30 11:12:22] Initialising estimates for: Puerto Rico
WARN [2020-11-30 11:12:25] North Carolina (chain: 1): There were 4 divergent transitions after warmup. See
http://mc-stan.org/misc/warnings.html#divergent-transitions-after-warmup
to find out why this is a problem and how to eliminate them. - 
WARN [2020-11-30 11:12:25] North Carolina (chain: 1): Examine the pairs() plot to diagnose sampling problems
 - 
WARN [2020-11-30 11:12:26] New York (chain: 1): There were 15 divergent transitions after warmup. See
http://mc-stan.org/misc/warnings.html#divergent-transitions-after-warmup
to find out why this is a problem and how to eliminate them. - 
WARN [2020-11-30 11:12:26] New York (chain: 1): Examine the pairs() plot to diagnose sampling problems
 - 
INFO [2020-11-30 11:12:27] Initialising estimates for: Rhode Island
INFO [2020-11-30 11:12:31] Initialising estimates for: South Carolina
INFO [2020-11-30 11:12:33] Completed estimates for: North Carolina
INFO [2020-11-30 11:12:35] Completed estimates for: New York
INFO [2020-11-30 11:12:37] Completed estimates for: New Mexico
WARN [2020-11-30 11:12:38] Oregon (chain: 1): There were 2 divergent transitions after warmup. See
http://mc-stan.org/misc/warnings.html#divergent-transitions-after-warmup
to find out why this is a problem and how to eliminate them. - 
WARN [2020-11-30 11:12:38] Oregon (chain: 1): Examine the pairs() plot to diagnose sampling problems
 - 
INFO [2020-11-30 11:12:40] Initialising estimates for: South Dakota
WARN [2020-11-30 11:12:41] Oklahoma (chain: 1): There were 1 divergent transitions after warmup. See
http://mc-stan.org/misc/warnings.html#divergent-transitions-after-warmup
to find out why this is a problem and how to eliminate them. - 
WARN [2020-11-30 11:12:41] Oklahoma (chain: 1): Examine the pairs() plot to diagnose sampling problems
 - 
WARN [2020-11-30 11:12:44] Ohio (chain: 1): There were 5 divergent transitions after warmup. See
http://mc-stan.org/misc/warnings.html#divergent-transitions-after-warmup
to find out why this is a problem and how to eliminate them. - 
WARN [2020-11-30 11:12:44] Ohio (chain: 1): Examine the pairs() plot to diagnose sampling problems
 - 
INFO [2020-11-30 11:12:46] Completed estimates for: Oregon
INFO [2020-11-30 11:12:47] Completed estimates for: North Dakota
INFO [2020-11-30 11:12:47] Initialising estimates for: Tennessee
INFO [2020-11-30 11:12:49] Completed estimates for: Oklahoma
INFO [2020-11-30 11:12:51] Completed estimates for: Ohio
INFO [2020-11-30 11:12:58] Initialising estimates for: Texas
INFO [2020-11-30 11:13:01] Initialising estimates for: Utah
WARN [2020-11-30 11:13:01] Pennsylvania (chain: 1): some chains had errors; consider specifying chains = 1 to debug - .local, object, ...
WARN [2020-11-30 11:13:01] Pennsylvania (chain: 1): There were 9 divergent transitions after warmup. See
http://mc-stan.org/misc/warnings.html#divergent-transitions-after-warmup
to find out why this is a problem and how to eliminate them. - 
WARN [2020-11-30 11:13:01] Pennsylvania (chain: 1): Examine the pairs() plot to diagnose sampling problems
 - 
WARN [2020-11-30 11:13:03] Pennsylvania (chain: 1): Bulk Effective Samples Size (ESS) is too low, indicating posterior means and medians may be unreliable.
Running the chains for more iterations may help. See
http://mc-stan.org/misc/warnings.html#bulk-ess - 
WARN [2020-11-30 11:13:04] South Dakota (chain: 1): There were 6 divergent transitions after warmup. See
http://mc-stan.org/misc/warnings.html#divergent-transitions-after-warmup
to find out why this is a problem and how to eliminate them. - 
WARN [2020-11-30 11:13:04] South Dakota (chain: 1): Examine the pairs() plot to diagnose sampling problems
 - 
INFO [2020-11-30 11:13:05] Initialising estimates for: Virginia
WARN [2020-11-30 11:13:05] South Carolina (chain: 1): There were 11 divergent transitions after warmup. See
http://mc-stan.org/misc/warnings.html#divergent-transitions-after-warmup
to find out why this is a problem and how to eliminate them. - 
WARN [2020-11-30 11:13:05] South Carolina (chain: 1): Examine the pairs() plot to diagnose sampling problems
 - 
INFO [2020-11-30 11:13:08] Completed estimates for: Pennsylvania
INFO [2020-11-30 11:13:09] Initialising estimates for: Washington
INFO [2020-11-30 11:13:11] Completed estimates for: South Dakota
WARN [2020-11-30 11:13:11] New Jersey (chain: 1): There were 3 divergent transitions after warmup. See
http://mc-stan.org/misc/warnings.html#divergent-transitions-after-warmup
to find out why this is a problem and how to eliminate them. - 
WARN [2020-11-30 11:13:11] New Jersey (chain: 1): Examine the pairs() plot to diagnose sampling problems
 - 
WARN [2020-11-30 11:13:12] Puerto Rico (chain: 1): There were 4 divergent transitions after warmup. See
http://mc-stan.org/misc/warnings.html#divergent-transitions-after-warmup
to find out why this is a problem and how to eliminate them. - 
WARN [2020-11-30 11:13:12] Puerto Rico (chain: 1): Examine the pairs() plot to diagnose sampling problems
 - 
WARN [2020-11-30 11:13:12] New Jersey (chain: 1): Bulk Effective Samples Size (ESS) is too low, indicating posterior means and medians may be unreliable.
Running the chains for more iterations may help. See
http://mc-stan.org/misc/warnings.html#bulk-ess - 
INFO [2020-11-30 11:13:13] Completed estimates for: South Carolina
WARN [2020-11-30 11:13:14] Puerto Rico (chain: 1): Bulk Effective Samples Size (ESS) is too low, indicating posterior means and medians may be unreliable.
Running the chains for more iterations may help. See
http://mc-stan.org/misc/warnings.html#bulk-ess - 
WARN [2020-11-30 11:13:15] Puerto Rico (chain: 1): Tail Effective Samples Size (ESS) is too low, indicating posterior variances and tail quantiles may be unreliable.
Running the chains for more iterations may help. See
http://mc-stan.org/misc/warnings.html#tail-ess - 
INFO [2020-11-30 11:13:18] Initialising estimates for: West Virginia
INFO [2020-11-30 11:13:19] Completed estimates for: New Jersey
INFO [2020-11-30 11:13:20] Completed estimates for: Puerto Rico
WARN [2020-11-30 11:13:25] Utah (chain: 1): There were 4 divergent transitions after warmup. See
http://mc-stan.org/misc/warnings.html#divergent-transitions-after-warmup
to find out why this is a problem and how to eliminate them. - 
WARN [2020-11-30 11:13:25] Utah (chain: 1): Examine the pairs() plot to diagnose sampling problems
 - 
INFO [2020-11-30 11:13:25] Initialising estimates for: Wisconsin
WARN [2020-11-30 11:13:25] Tennessee (chain: 1): There were 14 divergent transitions after warmup. See
http://mc-stan.org/misc/warnings.html#divergent-transitions-after-warmup
to find out why this is a problem and how to eliminate them. - 
WARN [2020-11-30 11:13:25] Tennessee (chain: 1): Examine the pairs() plot to diagnose sampling problems
 - 
WARN [2020-11-30 11:13:27] Utah (chain: 1): Tail Effective Samples Size (ESS) is too low, indicating posterior variances and tail quantiles may be unreliable.
Running the chains for more iterations may help. See
http://mc-stan.org/misc/warnings.html#tail-ess - 
INFO [2020-11-30 11:13:29] Initialising estimates for: Wyoming
INFO [2020-11-30 11:13:32] Initialising estimates for: US
INFO [2020-11-30 11:13:32] Completed estimates for: Utah
INFO [2020-11-30 11:13:33] Completed estimates for: Tennessee
WARN [2020-11-30 11:13:34] Washington (chain: 1): There were 7 divergent transitions after warmup. See
http://mc-stan.org/misc/warnings.html#divergent-transitions-after-warmup
to find out why this is a problem and how to eliminate them. - 
WARN [2020-11-30 11:13:34] Washington (chain: 1): Examine the pairs() plot to diagnose sampling problems
 - 
INFO [2020-11-30 11:13:41] Completed estimates for: Washington
INFO [2020-11-30 11:13:42] Completed estimates for: Rhode Island
WARN [2020-11-30 11:13:54] West Virginia (chain: 1): some chains had errors; consider specifying chains = 1 to debug - .local, object, ...
WARN [2020-11-30 11:13:54] West Virginia (chain: 1): There were 3 divergent transitions after warmup. See
http://mc-stan.org/misc/warnings.html#divergent-transitions-after-warmup
to find out why this is a problem and how to eliminate them. - 
WARN [2020-11-30 11:13:54] West Virginia (chain: 1): Examine the pairs() plot to diagnose sampling problems
 - 
WARN [2020-11-30 11:13:54] Virginia (chain: 1): There were 3 divergent transitions after warmup. See
http://mc-stan.org/misc/warnings.html#divergent-transitions-after-warmup
to find out why this is a problem and how to eliminate them. - 
WARN [2020-11-30 11:13:54] Virginia (chain: 1): Examine the pairs() plot to diagnose sampling problems
 - 
WARN [2020-11-30 11:13:55] Texas (chain: 1): There were 30 divergent transitions after warmup. See
http://mc-stan.org/misc/warnings.html#divergent-transitions-after-warmup
to find out why this is a problem and how to eliminate them. - 
WARN [2020-11-30 11:13:55] Texas (chain: 1): Examine the pairs() plot to diagnose sampling problems
 - 
WARN [2020-11-30 11:13:57] Texas (chain: 1): Bulk Effective Samples Size (ESS) is too low, indicating posterior means and medians may be unreliable.
Running the chains for more iterations may help. See
http://mc-stan.org/misc/warnings.html#bulk-ess - 
WARN [2020-11-30 11:13:58] Texas (chain: 1): Tail Effective Samples Size (ESS) is too low, indicating posterior variances and tail quantiles may be unreliable.
Running the chains for more iterations may help. See
http://mc-stan.org/misc/warnings.html#tail-ess - 
INFO [2020-11-30 11:14:00] Completed estimates for: West Virginia
INFO [2020-11-30 11:14:01] Completed estimates for: Virginia
INFO [2020-11-30 11:14:02] Completed estimates for: Texas
INFO [2020-11-30 11:14:06] Completed estimates for: Wyoming
WARN [2020-11-30 11:14:06] Wisconsin (chain: 1): There were 9 divergent transitions after warmup. See
http://mc-stan.org/misc/warnings.html#divergent-transitions-after-warmup
to find out why this is a problem and how to eliminate them. - 
WARN [2020-11-30 11:14:06] Wisconsin (chain: 1): Examine the pairs() plot to diagnose sampling problems
 - 
INFO [2020-11-30 11:14:13] Completed estimates for: Wisconsin
WARN [2020-11-30 11:15:17] US (chain: 1): There were 1 divergent transitions after warmup. See
http://mc-stan.org/misc/warnings.html#divergent-transitions-after-warmup
to find out why this is a problem and how to eliminate them. - 
WARN [2020-11-30 11:15:17] US (chain: 1): Examine the pairs() plot to diagnose sampling problems
 - 
WARN [2020-11-30 11:15:19] US (chain: 1): Bulk Effective Samples Size (ESS) is too low, indicating posterior means and medians may be unreliable.
Running the chains for more iterations may help. See
http://mc-stan.org/misc/warnings.html#bulk-ess - 
INFO [2020-11-30 11:15:24] Completed estimates for: US
