INFO [2020-11-02 19:59:34] Initialising estimates for: Alabama
INFO [2020-11-02 19:59:35] Initialising estimates for: Alaska
ERROR [2020-11-02 19:59:35] Alaska: $ operator is invalid for atomic vectors - 
INFO [2020-11-02 19:59:35] Initialising estimates for: Arizona
INFO [2020-11-02 19:59:36] Initialising estimates for: Arkansas
INFO [2020-11-02 19:59:37] Initialising estimates for: California
INFO [2020-11-02 19:59:39] Initialising estimates for: Colorado
INFO [2020-11-02 19:59:41] Initialising estimates for: Connecticut
INFO [2020-11-02 19:59:44] Initialising estimates for: Delaware
ERROR [2020-11-02 19:59:44] Delaware: $ operator is invalid for atomic vectors - 
INFO [2020-11-02 19:59:47] Initialising estimates for: District of Columbia
ERROR [2020-11-02 19:59:47] District of Columbia: $ operator is invalid for atomic vectors - 
INFO [2020-11-02 19:59:51] Initialising estimates for: Florida
INFO [2020-11-02 19:59:54] Initialising estimates for: Georgia
INFO [2020-11-02 19:59:57] Initialising estimates for: Guam
INFO [2020-11-02 20:00:01] Initialising estimates for: Hawaii
INFO [2020-11-02 20:00:05] Initialising estimates for: Idaho
INFO [2020-11-02 20:00:10] Initialising estimates for: Illinois
INFO [2020-11-02 20:00:14] Initialising estimates for: Indiana
INFO [2020-11-02 20:00:20] Initialising estimates for: Iowa
WARN [2020-11-02 20:00:23] Arkansas (chain: 1): There were 32 divergent transitions after warmup. See
http://mc-stan.org/misc/warnings.html#divergent-transitions-after-warmup
to find out why this is a problem and how to eliminate them. - 
WARN [2020-11-02 20:00:23] Arkansas (chain: 1): Examine the pairs() plot to diagnose sampling problems
 - 
WARN [2020-11-02 20:00:25] Arkansas (chain: 1): Bulk Effective Samples Size (ESS) is too low, indicating posterior means and medians may be unreliable.
Running the chains for more iterations may help. See
http://mc-stan.org/misc/warnings.html#bulk-ess - 
INFO [2020-11-02 20:00:25] Initialising estimates for: Kansas
WARN [2020-11-02 20:00:27] Arkansas (chain: 1): Tail Effective Samples Size (ESS) is too low, indicating posterior variances and tail quantiles may be unreliable.
Running the chains for more iterations may help. See
http://mc-stan.org/misc/warnings.html#tail-ess - 
INFO [2020-11-02 20:00:30] Completed estimates for: Arkansas
INFO [2020-11-02 20:00:31] Initialising estimates for: Kentucky
WARN [2020-11-02 20:00:33] California (chain: 1): There were 56 divergent transitions after warmup. See
http://mc-stan.org/misc/warnings.html#divergent-transitions-after-warmup
to find out why this is a problem and how to eliminate them. - 
WARN [2020-11-02 20:00:33] California (chain: 1): Examine the pairs() plot to diagnose sampling problems
 - 
WARN [2020-11-02 20:00:36] California (chain: 1): Tail Effective Samples Size (ESS) is too low, indicating posterior variances and tail quantiles may be unreliable.
Running the chains for more iterations may help. See
http://mc-stan.org/misc/warnings.html#tail-ess - 
WARN [2020-11-02 20:00:39] Connecticut (chain: 1): Tail Effective Samples Size (ESS) is too low, indicating posterior variances and tail quantiles may be unreliable.
Running the chains for more iterations may help. See
http://mc-stan.org/misc/warnings.html#tail-ess - 
INFO [2020-11-02 20:00:39] Completed estimates for: California
INFO [2020-11-02 20:00:40] Completed estimates for: Guam
INFO [2020-11-02 20:00:41] Completed estimates for: Connecticut
INFO [2020-11-02 20:00:41] Initialising estimates for: Louisiana
WARN [2020-11-02 20:00:42] Georgia (chain: 1): There were 75 divergent transitions after warmup. See
http://mc-stan.org/misc/warnings.html#divergent-transitions-after-warmup
to find out why this is a problem and how to eliminate them. - 
WARN [2020-11-02 20:00:42] Georgia (chain: 1): Examine the pairs() plot to diagnose sampling problems
 - 
WARN [2020-11-02 20:00:43] Georgia (chain: 1): Bulk Effective Samples Size (ESS) is too low, indicating posterior means and medians may be unreliable.
Running the chains for more iterations may help. See
http://mc-stan.org/misc/warnings.html#bulk-ess - 
WARN [2020-11-02 20:00:44] Georgia (chain: 1): Tail Effective Samples Size (ESS) is too low, indicating posterior variances and tail quantiles may be unreliable.
Running the chains for more iterations may help. See
http://mc-stan.org/misc/warnings.html#tail-ess - 
WARN [2020-11-02 20:00:46] Alabama (chain: 1): There were 42 divergent transitions after warmup. See
http://mc-stan.org/misc/warnings.html#divergent-transitions-after-warmup
to find out why this is a problem and how to eliminate them. - 
WARN [2020-11-02 20:00:46] Alabama (chain: 1): Examine the pairs() plot to diagnose sampling problems
 - 
WARN [2020-11-02 20:00:46] Colorado (chain: 1): There were 2 divergent transitions after warmup. See
http://mc-stan.org/misc/warnings.html#divergent-transitions-after-warmup
to find out why this is a problem and how to eliminate them. - 
WARN [2020-11-02 20:00:46] Colorado (chain: 1): Examine the pairs() plot to diagnose sampling problems
 - 
INFO [2020-11-02 20:00:46] Completed estimates for: Georgia
WARN [2020-11-02 20:00:47] Alabama (chain: 1): Bulk Effective Samples Size (ESS) is too low, indicating posterior means and medians may be unreliable.
Running the chains for more iterations may help. See
http://mc-stan.org/misc/warnings.html#bulk-ess - 
WARN [2020-11-02 20:00:50] Illinois (chain: 1): There were 64 divergent transitions after warmup. See
http://mc-stan.org/misc/warnings.html#divergent-transitions-after-warmup
to find out why this is a problem and how to eliminate them. - 
WARN [2020-11-02 20:00:50] Illinois (chain: 1): Examine the pairs() plot to diagnose sampling problems
 - 
INFO [2020-11-02 20:00:50] Completed estimates for: Alabama
INFO [2020-11-02 20:00:50] Completed estimates for: Colorado
WARN [2020-11-02 20:00:50] Arizona (chain: 1): There were 5 divergent transitions after warmup. See
http://mc-stan.org/misc/warnings.html#divergent-transitions-after-warmup
to find out why this is a problem and how to eliminate them. - 
WARN [2020-11-02 20:00:50] Arizona (chain: 1): Examine the pairs() plot to diagnose sampling problems
 - 
INFO [2020-11-02 20:00:51] Completed estimates for: Hawaii
WARN [2020-11-02 20:00:51] Illinois (chain: 1): Bulk Effective Samples Size (ESS) is too low, indicating posterior means and medians may be unreliable.
Running the chains for more iterations may help. See
http://mc-stan.org/misc/warnings.html#bulk-ess - 
WARN [2020-11-02 20:00:52] Illinois (chain: 1): Tail Effective Samples Size (ESS) is too low, indicating posterior variances and tail quantiles may be unreliable.
Running the chains for more iterations may help. See
http://mc-stan.org/misc/warnings.html#tail-ess - 
INFO [2020-11-02 20:00:54] Completed estimates for: Illinois
INFO [2020-11-02 20:00:54] Completed estimates for: Arizona
WARN [2020-11-02 20:00:57] Florida (chain: 1): some chains had errors; consider specifying chains = 1 to debug - .local, object, ...
WARN [2020-11-02 20:00:57] Florida (chain: 1): There were 29 divergent transitions after warmup. See
http://mc-stan.org/misc/warnings.html#divergent-transitions-after-warmup
to find out why this is a problem and how to eliminate them. - 
WARN [2020-11-02 20:00:57] Florida (chain: 1): Examine the pairs() plot to diagnose sampling problems
 - 
WARN [2020-11-02 20:00:58] Florida (chain: 1): Bulk Effective Samples Size (ESS) is too low, indicating posterior means and medians may be unreliable.
Running the chains for more iterations may help. See
http://mc-stan.org/misc/warnings.html#bulk-ess - 
WARN [2020-11-02 20:01:00] Indiana (chain: 1): There were 15 divergent transitions after warmup. See
http://mc-stan.org/misc/warnings.html#divergent-transitions-after-warmup
to find out why this is a problem and how to eliminate them. - 
WARN [2020-11-02 20:01:00] Indiana (chain: 1): Examine the pairs() plot to diagnose sampling problems
 - 
INFO [2020-11-02 20:01:01] Completed estimates for: Florida
WARN [2020-11-02 20:01:02] Iowa (chain: 1): There were 24 divergent transitions after warmup. See
http://mc-stan.org/misc/warnings.html#divergent-transitions-after-warmup
to find out why this is a problem and how to eliminate them. - 
WARN [2020-11-02 20:01:02] Iowa (chain: 1): Examine the pairs() plot to diagnose sampling problems
 - 
INFO [2020-11-02 20:01:04] Completed estimates for: Indiana
INFO [2020-11-02 20:01:07] Initialising estimates for: Maryland
INFO [2020-11-02 20:01:07] Completed estimates for: Iowa
INFO [2020-11-02 20:01:10] Initialising estimates for: Massachusetts
WARN [2020-11-02 20:01:10] Idaho (chain: 1): Bulk Effective Samples Size (ESS) is too low, indicating posterior means and medians may be unreliable.
Running the chains for more iterations may help. See
http://mc-stan.org/misc/warnings.html#bulk-ess - 
INFO [2020-11-02 20:01:12] Initialising estimates for: Michigan
INFO [2020-11-02 20:01:13] Completed estimates for: Idaho
INFO [2020-11-02 20:01:17] Initialising estimates for: Minnesota
INFO [2020-11-02 20:01:19] Initialising estimates for: Mississippi
INFO [2020-11-02 20:01:23] Initialising estimates for: Missouri
INFO [2020-11-02 20:01:26] Initialising estimates for: Montana
INFO [2020-11-02 20:01:30] Initialising estimates for: Nebraska
INFO [2020-11-02 20:01:35] Initialising estimates for: Nevada
WARN [2020-11-02 20:01:35] Louisiana (chain: 1): There were 35 divergent transitions after warmup. See
http://mc-stan.org/misc/warnings.html#divergent-transitions-after-warmup
to find out why this is a problem and how to eliminate them. - 
WARN [2020-11-02 20:01:35] Louisiana (chain: 1): Examine the pairs() plot to diagnose sampling problems
 - 
WARN [2020-11-02 20:01:37] Kentucky (chain: 1): There were 9 divergent transitions after warmup. See
http://mc-stan.org/misc/warnings.html#divergent-transitions-after-warmup
to find out why this is a problem and how to eliminate them. - 
WARN [2020-11-02 20:01:37] Kentucky (chain: 1): Examine the pairs() plot to diagnose sampling problems
 - 
WARN [2020-11-02 20:01:37] Louisiana (chain: 1): Bulk Effective Samples Size (ESS) is too low, indicating posterior means and medians may be unreliable.
Running the chains for more iterations may help. See
http://mc-stan.org/misc/warnings.html#bulk-ess - 
WARN [2020-11-02 20:01:38] Louisiana (chain: 1): Tail Effective Samples Size (ESS) is too low, indicating posterior variances and tail quantiles may be unreliable.
Running the chains for more iterations may help. See
http://mc-stan.org/misc/warnings.html#tail-ess - 
WARN [2020-11-02 20:01:38] Kentucky (chain: 1): Bulk Effective Samples Size (ESS) is too low, indicating posterior means and medians may be unreliable.
Running the chains for more iterations may help. See
http://mc-stan.org/misc/warnings.html#bulk-ess - 
WARN [2020-11-02 20:01:39] Kentucky (chain: 1): Tail Effective Samples Size (ESS) is too low, indicating posterior variances and tail quantiles may be unreliable.
Running the chains for more iterations may help. See
http://mc-stan.org/misc/warnings.html#tail-ess - 
INFO [2020-11-02 20:01:40] Initialising estimates for: New Hampshire
ERROR [2020-11-02 20:01:40] New Hampshire: $ operator is invalid for atomic vectors - 
INFO [2020-11-02 20:01:40] Completed estimates for: Louisiana
INFO [2020-11-02 20:01:41] Completed estimates for: Kentucky
WARN [2020-11-02 20:01:42] Kansas (chain: 1): There were 48 divergent transitions after warmup. See
http://mc-stan.org/misc/warnings.html#divergent-transitions-after-warmup
to find out why this is a problem and how to eliminate them. - 
WARN [2020-11-02 20:01:42] Kansas (chain: 1): Examine the pairs() plot to diagnose sampling problems
 - 
WARN [2020-11-02 20:01:43] Kansas (chain: 1): Bulk Effective Samples Size (ESS) is too low, indicating posterior means and medians may be unreliable.
Running the chains for more iterations may help. See
http://mc-stan.org/misc/warnings.html#bulk-ess - 
WARN [2020-11-02 20:01:44] Kansas (chain: 1): Tail Effective Samples Size (ESS) is too low, indicating posterior variances and tail quantiles may be unreliable.
Running the chains for more iterations may help. See
http://mc-stan.org/misc/warnings.html#tail-ess - 
INFO [2020-11-02 20:01:46] Completed estimates for: Kansas
WARN [2020-11-02 20:01:48] Michigan (chain: 1): There were 16 divergent transitions after warmup. See
http://mc-stan.org/misc/warnings.html#divergent-transitions-after-warmup
to find out why this is a problem and how to eliminate them. - 
WARN [2020-11-02 20:01:48] Michigan (chain: 1): Examine the pairs() plot to diagnose sampling problems
 - 
INFO [2020-11-02 20:01:52] Completed estimates for: Michigan
INFO [2020-11-02 20:01:53] Initialising estimates for: New Jersey
INFO [2020-11-02 20:01:59] Initialising estimates for: New Mexico
WARN [2020-11-02 20:02:00] Nebraska (chain: 1): There were 18 divergent transitions after warmup. See
http://mc-stan.org/misc/warnings.html#divergent-transitions-after-warmup
to find out why this is a problem and how to eliminate them. - 
WARN [2020-11-02 20:02:00] Nebraska (chain: 1): Examine the pairs() plot to diagnose sampling problems
 - 
WARN [2020-11-02 20:02:02] Nebraska (chain: 1): Tail Effective Samples Size (ESS) is too low, indicating posterior variances and tail quantiles may be unreliable.
Running the chains for more iterations may help. See
http://mc-stan.org/misc/warnings.html#tail-ess - 
INFO [2020-11-02 20:02:03] Initialising estimates for: New York
WARN [2020-11-02 20:02:03] Minnesota (chain: 1): There were 10 divergent transitions after warmup. See
http://mc-stan.org/misc/warnings.html#divergent-transitions-after-warmup
to find out why this is a problem and how to eliminate them. - 
WARN [2020-11-02 20:02:03] Minnesota (chain: 1): Examine the pairs() plot to diagnose sampling problems
 - 
INFO [2020-11-02 20:02:04] Completed estimates for: Nebraska
WARN [2020-11-02 20:02:05] Minnesota (chain: 1): Tail Effective Samples Size (ESS) is too low, indicating posterior variances and tail quantiles may be unreliable.
Running the chains for more iterations may help. See
http://mc-stan.org/misc/warnings.html#tail-ess - 
WARN [2020-11-02 20:02:06] Mississippi (chain: 1): There were 79 divergent transitions after warmup. See
http://mc-stan.org/misc/warnings.html#divergent-transitions-after-warmup
to find out why this is a problem and how to eliminate them. - 
WARN [2020-11-02 20:02:06] Mississippi (chain: 1): Examine the pairs() plot to diagnose sampling problems
 - 
INFO [2020-11-02 20:02:07] Completed estimates for: Minnesota
WARN [2020-11-02 20:02:07] Mississippi (chain: 1): Bulk Effective Samples Size (ESS) is too low, indicating posterior means and medians may be unreliable.
Running the chains for more iterations may help. See
http://mc-stan.org/misc/warnings.html#bulk-ess - 
WARN [2020-11-02 20:02:08] Mississippi (chain: 1): Tail Effective Samples Size (ESS) is too low, indicating posterior variances and tail quantiles may be unreliable.
Running the chains for more iterations may help. See
http://mc-stan.org/misc/warnings.html#tail-ess - 
WARN [2020-11-02 20:02:09] Massachusetts (chain: 1): There were 16 divergent transitions after warmup. See
http://mc-stan.org/misc/warnings.html#divergent-transitions-after-warmup
to find out why this is a problem and how to eliminate them. - 
WARN [2020-11-02 20:02:09] Massachusetts (chain: 1): Examine the pairs() plot to diagnose sampling problems
 - 
INFO [2020-11-02 20:02:10] Completed estimates for: Mississippi
WARN [2020-11-02 20:02:10] Massachusetts (chain: 1): Bulk Effective Samples Size (ESS) is too low, indicating posterior means and medians may be unreliable.
Running the chains for more iterations may help. See
http://mc-stan.org/misc/warnings.html#bulk-ess - 
INFO [2020-11-02 20:02:11] Initialising estimates for: North Carolina
INFO [2020-11-02 20:02:11] Completed estimates for: Maryland
INFO [2020-11-02 20:02:13] Completed estimates for: Massachusetts
WARN [2020-11-02 20:02:16] Missouri (chain: 1): There were 62 divergent transitions after warmup. See
http://mc-stan.org/misc/warnings.html#divergent-transitions-after-warmup
to find out why this is a problem and how to eliminate them. - 
WARN [2020-11-02 20:02:16] Missouri (chain: 1): Examine the pairs() plot to diagnose sampling problems
 - 
INFO [2020-11-02 20:02:20] Initialising estimates for: North Dakota
INFO [2020-11-02 20:02:20] Completed estimates for: Missouri
INFO [2020-11-02 20:02:24] Initialising estimates for: Ohio
INFO [2020-11-02 20:02:28] Initialising estimates for: Oklahoma
WARN [2020-11-02 20:02:29] Montana (chain: 1): Bulk Effective Samples Size (ESS) is too low, indicating posterior means and medians may be unreliable.
Running the chains for more iterations may help. See
http://mc-stan.org/misc/warnings.html#bulk-ess - 
INFO [2020-11-02 20:02:31] Initialising estimates for: Oregon
INFO [2020-11-02 20:02:31] Completed estimates for: Montana
INFO [2020-11-02 20:02:37] Initialising estimates for: Pennsylvania
INFO [2020-11-02 20:02:41] Initialising estimates for: Puerto Rico
INFO [2020-11-02 20:02:44] Completed estimates for: Nevada
WARN [2020-11-02 20:02:45] New York (chain: 1): There were 22 divergent transitions after warmup. See
http://mc-stan.org/misc/warnings.html#divergent-transitions-after-warmup
to find out why this is a problem and how to eliminate them. - 
WARN [2020-11-02 20:02:45] New York (chain: 1): Examine the pairs() plot to diagnose sampling problems
 - 
INFO [2020-11-02 20:02:46] Initialising estimates for: Rhode Island
INFO [2020-11-02 20:02:50] Completed estimates for: New York
INFO [2020-11-02 20:02:55] Initialising estimates for: South Carolina
INFO [2020-11-02 20:03:00] Initialising estimates for: South Dakota
WARN [2020-11-02 20:03:00] New Mexico (chain: 1): Tail Effective Samples Size (ESS) is too low, indicating posterior variances and tail quantiles may be unreliable.
Running the chains for more iterations may help. See
http://mc-stan.org/misc/warnings.html#tail-ess - 
WARN [2020-11-02 20:03:01] New Jersey (chain: 1): Tail Effective Samples Size (ESS) is too low, indicating posterior variances and tail quantiles may be unreliable.
Running the chains for more iterations may help. See
http://mc-stan.org/misc/warnings.html#tail-ess - 
INFO [2020-11-02 20:03:02] Completed estimates for: New Mexico
WARN [2020-11-02 20:03:02] Ohio (chain: 1): There were 30 divergent transitions after warmup. See
http://mc-stan.org/misc/warnings.html#divergent-transitions-after-warmup
to find out why this is a problem and how to eliminate them. - 
WARN [2020-11-02 20:03:02] Ohio (chain: 1): Examine the pairs() plot to diagnose sampling problems
 - 
INFO [2020-11-02 20:03:03] Completed estimates for: New Jersey
INFO [2020-11-02 20:03:04] Initialising estimates for: Tennessee
INFO [2020-11-02 20:03:07] Completed estimates for: Ohio
WARN [2020-11-02 20:03:07] Oregon (chain: 1): some chains had errors; consider specifying chains = 1 to debug - .local, object, ...
WARN [2020-11-02 20:03:07] Oregon (chain: 1): There were 1 divergent transitions after warmup. See
http://mc-stan.org/misc/warnings.html#divergent-transitions-after-warmup
to find out why this is a problem and how to eliminate them. - 
WARN [2020-11-02 20:03:07] Oregon (chain: 1): Examine the pairs() plot to diagnose sampling problems
 - 
INFO [2020-11-02 20:03:11] Completed estimates for: Oregon
WARN [2020-11-02 20:03:13] North Carolina (chain: 1): There were 20 divergent transitions after warmup. See
http://mc-stan.org/misc/warnings.html#divergent-transitions-after-warmup
to find out why this is a problem and how to eliminate them. - 
WARN [2020-11-02 20:03:13] North Carolina (chain: 1): Examine the pairs() plot to diagnose sampling problems
 - 
INFO [2020-11-02 20:03:17] Completed estimates for: North Carolina
INFO [2020-11-02 20:03:18] Initialising estimates for: Texas
WARN [2020-11-02 20:03:24] North Dakota (chain: 1): There were 2 divergent transitions after warmup. See
http://mc-stan.org/misc/warnings.html#divergent-transitions-after-warmup
to find out why this is a problem and how to eliminate them. - 
WARN [2020-11-02 20:03:24] North Dakota (chain: 1): Examine the pairs() plot to diagnose sampling problems
 - 
INFO [2020-11-02 20:03:24] Initialising estimates for: Utah
WARN [2020-11-02 20:03:28] Rhode Island (chain: 1): There were 2 divergent transitions after warmup. See
http://mc-stan.org/misc/warnings.html#divergent-transitions-after-warmup
to find out why this is a problem and how to eliminate them. - 
WARN [2020-11-02 20:03:28] Rhode Island (chain: 1): Examine the pairs() plot to diagnose sampling problems
 - 
INFO [2020-11-02 20:03:28] Initialising estimates for: Virginia
INFO [2020-11-02 20:03:29] Completed estimates for: North Dakota
INFO [2020-11-02 20:03:32] Completed estimates for: Rhode Island
WARN [2020-11-02 20:03:34] Pennsylvania (chain: 1): some chains had errors; consider specifying chains = 1 to debug - .local, object, ...
WARN [2020-11-02 20:03:34] Pennsylvania (chain: 1): There were 16 divergent transitions after warmup. See
http://mc-stan.org/misc/warnings.html#divergent-transitions-after-warmup
to find out why this is a problem and how to eliminate them. - 
WARN [2020-11-02 20:03:34] Pennsylvania (chain: 1): Examine the pairs() plot to diagnose sampling problems
 - 
WARN [2020-11-02 20:03:35] South Dakota (chain: 1): There were 18 divergent transitions after warmup. See
http://mc-stan.org/misc/warnings.html#divergent-transitions-after-warmup
to find out why this is a problem and how to eliminate them. - 
WARN [2020-11-02 20:03:35] South Dakota (chain: 1): Examine the pairs() plot to diagnose sampling problems
 - 
INFO [2020-11-02 20:03:37] Initialising estimates for: Washington
WARN [2020-11-02 20:03:37] South Dakota (chain: 1): Bulk Effective Samples Size (ESS) is too low, indicating posterior means and medians may be unreliable.
Running the chains for more iterations may help. See
http://mc-stan.org/misc/warnings.html#bulk-ess - 
INFO [2020-11-02 20:03:38] Completed estimates for: Pennsylvania
WARN [2020-11-02 20:03:38] South Dakota (chain: 1): Tail Effective Samples Size (ESS) is too low, indicating posterior variances and tail quantiles may be unreliable.
Running the chains for more iterations may help. See
http://mc-stan.org/misc/warnings.html#tail-ess - 
INFO [2020-11-02 20:03:40] Completed estimates for: South Dakota
INFO [2020-11-02 20:03:44] Initialising estimates for: West Virginia
INFO [2020-11-02 20:03:46] Completed estimates for: Puerto Rico
WARN [2020-11-02 20:03:47] Oklahoma (chain: 1): There were 5 divergent transitions after warmup. See
http://mc-stan.org/misc/warnings.html#divergent-transitions-after-warmup
to find out why this is a problem and how to eliminate them. - 
WARN [2020-11-02 20:03:47] Oklahoma (chain: 1): Examine the pairs() plot to diagnose sampling problems
 - 
WARN [2020-11-02 20:03:49] South Carolina (chain: 1): There were 25 divergent transitions after warmup. See
http://mc-stan.org/misc/warnings.html#divergent-transitions-after-warmup
to find out why this is a problem and how to eliminate them. - 
WARN [2020-11-02 20:03:49] South Carolina (chain: 1): Examine the pairs() plot to diagnose sampling problems
 - 
INFO [2020-11-02 20:03:49] Initialising estimates for: Wisconsin
WARN [2020-11-02 20:03:51] South Carolina (chain: 1): Bulk Effective Samples Size (ESS) is too low, indicating posterior means and medians may be unreliable.
Running the chains for more iterations may help. See
http://mc-stan.org/misc/warnings.html#bulk-ess - 
INFO [2020-11-02 20:03:52] Completed estimates for: Oklahoma
INFO [2020-11-02 20:03:53] Initialising estimates for: US
INFO [2020-11-02 20:03:54] Completed estimates for: South Carolina
WARN [2020-11-02 20:03:54] Tennessee (chain: 1): There were 38 divergent transitions after warmup. See
http://mc-stan.org/misc/warnings.html#divergent-transitions-after-warmup
to find out why this is a problem and how to eliminate them. - 
WARN [2020-11-02 20:03:54] Tennessee (chain: 1): Examine the pairs() plot to diagnose sampling problems
 - 
WARN [2020-11-02 20:03:57] Tennessee (chain: 1): Tail Effective Samples Size (ESS) is too low, indicating posterior variances and tail quantiles may be unreliable.
Running the chains for more iterations may help. See
http://mc-stan.org/misc/warnings.html#tail-ess - 
INFO [2020-11-02 20:03:59] Completed estimates for: Tennessee
WARN [2020-11-02 20:04:01] Texas (chain: 1): some chains had errors; consider specifying chains = 1 to debug - .local, object, ...
WARN [2020-11-02 20:04:01] Texas (chain: 1): There were 56 divergent transitions after warmup. See
http://mc-stan.org/misc/warnings.html#divergent-transitions-after-warmup
to find out why this is a problem and how to eliminate them. - 
WARN [2020-11-02 20:04:01] Texas (chain: 1): Examine the pairs() plot to diagnose sampling problems
 - 
INFO [2020-11-02 20:04:05] Completed estimates for: Texas
INFO [2020-11-02 20:04:06] Completed estimates for: Utah
WARN [2020-11-02 20:04:14] Washington (chain: 1): There were 6 divergent transitions after warmup. See
http://mc-stan.org/misc/warnings.html#divergent-transitions-after-warmup
to find out why this is a problem and how to eliminate them. - 
WARN [2020-11-02 20:04:14] Washington (chain: 1): Examine the pairs() plot to diagnose sampling problems
 - 
INFO [2020-11-02 20:04:18] Completed estimates for: Washington
INFO [2020-11-02 20:04:49] Completed estimates for: West Virginia
WARN [2020-11-02 20:05:03] US (chain: 1): some chains had errors; consider specifying chains = 1 to debug - .local, object, ...
WARN [2020-11-02 20:05:03] US (chain: 1): There were 15 divergent transitions after warmup. See
http://mc-stan.org/misc/warnings.html#divergent-transitions-after-warmup
to find out why this is a problem and how to eliminate them. - 
WARN [2020-11-02 20:05:03] US (chain: 1): Examine the pairs() plot to diagnose sampling problems
 - 
WARN [2020-11-02 20:05:03] US (chain: 1): Bulk Effective Samples Size (ESS) is too low, indicating posterior means and medians may be unreliable.
Running the chains for more iterations may help. See
http://mc-stan.org/misc/warnings.html#bulk-ess - 
INFO [2020-11-02 20:05:06] Completed estimates for: US
WARN [2020-11-02 20:05:13] Virginia (chain: 1): There were 4 divergent transitions after warmup. See
http://mc-stan.org/misc/warnings.html#divergent-transitions-after-warmup
to find out why this is a problem and how to eliminate them. - 
WARN [2020-11-02 20:05:13] Virginia (chain: 1): Examine the pairs() plot to diagnose sampling problems
 - 
INFO [2020-11-02 20:05:17] Completed estimates for: Virginia
WARN [2020-11-02 21:03:29] Wisconsin (chain: 1): There were 14 divergent transitions after warmup. See
http://mc-stan.org/misc/warnings.html#divergent-transitions-after-warmup
to find out why this is a problem and how to eliminate them. - 
WARN [2020-11-02 21:03:29] Wisconsin (chain: 1): There were 500 transitions after warmup that exceeded the maximum treedepth. Increase max_treedepth above 15. See
http://mc-stan.org/misc/warnings.html#maximum-treedepth-exceeded - 
WARN [2020-11-02 21:03:29] Wisconsin (chain: 1): Examine the pairs() plot to diagnose sampling problems
 - 
WARN [2020-11-02 21:03:30] Wisconsin (chain: 1): The largest R-hat is 1.59, indicating chains have not mixed.
Running the chains for more iterations may help. See
http://mc-stan.org/misc/warnings.html#r-hat - 
WARN [2020-11-02 21:03:31] Wisconsin (chain: 1): Bulk Effective Samples Size (ESS) is too low, indicating posterior means and medians may be unreliable.
Running the chains for more iterations may help. See
http://mc-stan.org/misc/warnings.html#bulk-ess - 
WARN [2020-11-02 21:03:32] Wisconsin (chain: 1): Tail Effective Samples Size (ESS) is too low, indicating posterior variances and tail quantiles may be unreliable.
Running the chains for more iterations may help. See
http://mc-stan.org/misc/warnings.html#tail-ess - 
INFO [2020-11-02 21:03:34] Completed estimates for: Wisconsin
INFO [2020-11-02 21:03:34] Runtime error in Alaska : Alaska: $ operator is invalid for atomic vectors - 
INFO [2020-11-02 21:03:34] Runtime error in Delaware : Delaware: $ operator is invalid for atomic vectors - 
INFO [2020-11-02 21:03:34] Runtime error in District of Columbia : District of Columbia: $ operator is invalid for atomic vectors - 
INFO [2020-11-02 21:03:34] Runtime error in New Hampshire : New Hampshire: $ operator is invalid for atomic vectors - 
